* Elapsed Time:
341.242233128
* Large error indices:
exp:Pi:11,species:[2, 8],phase:1,spind:1,timeind:2
exp:Pi:21,species:[10, 2],phase:2,spind:2,timeind:2
exp:Pi:31,species:[6, 4],phase:3,spind:2,timeind:2
exp:Pi:36,species:[6, 11],phase:1,spind:2,timeind:2
exp:Pi:36,species:[6, 11],phase:1,spind:2,timeind:3
exp:Pi:41,species:[4, 12],phase:3,spind:1,timeind:2
exp:Pi:41,species:[4, 12],phase:3,spind:1,timeind:3
exp:Pi:42,species:[4, 9],phase:3,spind:1,timeind:2
exp:Pi:52,species:[5, 12],phase:1,spind:2,timeind:2
exp:Pi:55,species:[5, 1],phase:1,spind:2,timeind:2
* Large total error indices:
exp:Pi:11,species:[2, 8],spind:1
exp:Pi:21,species:[10, 2],spind:1
exp:Pi:21,species:[10, 2],spind:2
exp:Pi:36,species:[6, 11],spind:2
exp:Pi:41,species:[4, 12],spind:1
exp:Pi:42,species:[4, 9],spind:1
exp:Pi:61,species:[9, 11],spind:1
exp:Pi:65,species:[11, 2],spind:1
exp:Pi:66,species:[1, 2],spind:2
exp:Mi:4,species:[4],spind:1
