
******************************************************************************
This program contains Ipopt, a library for large-scale nonlinear optimization.
 Ipopt is released as open source code under the Eclipse Public License (EPL).
         For more information visit http://projects.coin-or.org/Ipopt
******************************************************************************

This is Ipopt version 3.12.4, running with linear solver ma57.

Number of nonzeros in equality constraint Jacobian...:   539832
Number of nonzeros in inequality constraint Jacobian.:        0
Number of nonzeros in Lagrangian Hessian.............:  1336380

Reallocating memory for MA57: lfact (4900637)
Total number of variables............................:    91644
                     variables with only lower bounds:        0
                variables with lower and upper bounds:      576
                     variables with only upper bounds:        0
Total number of equality constraints.................:    91488
Total number of inequality constraints...............:        0
        inequality constraints with only lower bounds:        0
   inequality constraints with lower and upper bounds:        0
        inequality constraints with only upper bounds:        0

iter    objective    inf_pr   inf_du lg(mu)  ||d||  lg(rg) alpha_du alpha_pr  ls
   0  3.4823121e+05 1.78e-02 1.00e+02  -1.0 0.00e+00    -  0.00e+00 0.00e+00   0
   1  3.3048241e+05 1.08e-19 4.12e+02  -1.0 1.78e-02    -  1.00e+00 1.00e+00f  1
   2  3.3031057e+05 9.28e-08 2.08e+01  -1.0 2.08e-03   4.0 1.00e+00 1.00e+00f  1
   3  3.2978593e+05 8.93e-07 2.11e+01  -1.0 6.28e-03   3.5 1.00e+00 1.00e+00f  1
   4  3.2808700e+05 1.03e-05 2.29e+01  -1.0 1.97e-02   3.0 1.00e+00 1.00e+00f  1
   5  3.2255595e+05 1.11e-04 1.89e+01  -1.0 5.07e-02   2.6 1.00e+00 1.00e+00f  1
   6  3.1087125e+05 1.20e-04 3.94e+01  -1.0 4.39e-02   2.1 1.00e+00 1.00e+00f  1
   7  2.8880085e+05 2.42e-04 6.13e+01  -1.0 1.60e-01   1.6 1.00e+00 1.00e+00f  1
   8  2.5582337e+05 6.45e-04 4.83e+02  -1.0 4.61e-01   1.1 1.00e+00 1.00e+00f  1
   9  2.1796997e+05 2.43e-02 2.89e+03  -1.0 3.68e+00   0.7 1.00e+00 1.00e+00f  1
iter    objective    inf_pr   inf_du lg(mu)  ||d||  lg(rg) alpha_du alpha_pr  ls
  10  2.1210986e+05 8.49e-03 1.69e+03  -1.0 8.28e-01   2.0 1.00e+00 1.00e+00f  1
  11  2.0911003e+05 1.22e-02 2.68e+03  -1.0 5.23e-01   1.5 1.00e+00 1.00e+00f  1
  12  2.0614952e+05 2.08e-03 2.61e+02  -1.0 5.19e-01   1.9 1.00e+00 1.00e+00f  1
  13  1.9996983e+05 1.93e-04 5.50e+01  -1.0 2.29e-01   1.5 1.00e+00 1.00e+00f  1
  14  1.9209891e+05 1.04e-01 2.09e+04  -1.0 6.13e+00   1.0 8.46e-01 7.70e-01f  1
  15  1.8809810e+05 3.17e-02 8.12e+06  -1.0 1.23e+00   3.2 1.00e+00 1.00e+00f  1
  16  1.8696542e+05 9.43e-03 3.60e+06  -1.0 1.43e+00   2.7 4.85e-01 1.00e+00f  1
  17  1.8854954e+05 1.97e-03 3.26e+04  -1.0 2.98e-01   2.3 1.00e+00 1.00e+00h  1
  18  1.8768433e+05 3.28e-05 5.82e+03  -1.0 6.25e-02   2.7 1.00e+00 1.00e+00f  1
  19  1.8652793e+05 7.42e-06 3.65e+02  -1.0 2.51e-02   2.2 1.00e+00 1.00e+00f  1
iter    objective    inf_pr   inf_du lg(mu)  ||d||  lg(rg) alpha_du alpha_pr  ls
  20  1.8332339e+05 4.50e-05 2.72e+01  -1.0 7.54e-02   1.7 1.00e+00 1.00e+00f  1
  21  1.7537802e+05 1.97e-04 3.37e+01  -1.0 2.39e-01   1.3 1.00e+00 1.00e+00f  1
  22  1.7225545e+05 2.98e-05 2.21e+01  -1.0 1.07e-01   1.7 1.00e+00 1.00e+00f  1
  23  1.6437134e+05 8.73e-04 1.19e+02  -1.0 5.76e-01   1.2 1.00e+00 1.00e+00f  1
  24  1.4429385e+05 2.00e-03 2.06e+02  -1.0 7.94e-01   0.7 1.00e+00 1.00e+00f  1
  25  1.3547091e+05 1.18e-04 7.57e+01  -1.0 3.43e-01   1.2 1.00e+00 1.00e+00f  1
  26  1.3202144e+05 4.15e-04 2.60e+01  -1.0 5.17e-01   1.6 1.00e+00 1.00e+00f  1
  27  1.2410635e+05 1.54e-03 1.57e+02  -1.0 5.32e-01   1.1 1.00e+00 1.00e+00f  1
  28  1.0734906e+05 4.24e-03 5.50e+02  -1.0 1.29e+00   0.6 1.00e+00 1.00e+00f  1
  29  1.0203803e+05 1.63e-03 3.52e+01  -1.0 3.58e-01   1.1 1.00e+00 1.00e+00f  1
iter    objective    inf_pr   inf_du lg(mu)  ||d||  lg(rg) alpha_du alpha_pr  ls
  30  9.1699097e+04 1.12e-02 1.23e+02  -1.0 2.77e+00   0.6 1.00e+00 1.00e+00f  1
  31  7.5166573e+04 3.75e-03 8.03e+01  -1.0 1.20e+00   0.1 1.00e+00 1.00e+00f  1
  32  6.9384107e+04 1.57e-01 8.95e+02  -1.0 3.66e+00  -0.4 1.00e+00 5.00e-01f  2
  33  6.6515572e+04 4.29e-02 5.25e+02  -1.0 8.46e-01   1.9 1.00e+00 1.00e+00f  1
  34  6.6132798e+04 7.70e-03 4.10e+02  -1.0 1.80e-01   1.4 1.00e+00 1.00e+00f  1
  35  6.5653375e+04 6.60e-04 3.52e+01  -1.0 9.21e-02   1.8 1.00e+00 1.00e+00f  1
  36  6.4351017e+04 1.64e-04 7.41e+00  -1.0 1.13e-01   1.3 1.00e+00 1.00e+00f  1
  37  5.9035191e+04 2.58e-02 3.20e+02  -1.0 5.88e+00    -  4.87e-01 3.97e-01f  2
  38  5.6352267e+04 1.20e-02 4.33e+03  -1.0 1.24e+00   1.8 1.00e+00 1.00e+00f  1
  39  5.5906380e+04 5.62e-03 2.18e+03  -1.0 2.04e-01   2.2 1.00e+00 1.00e+00f  1
iter    objective    inf_pr   inf_du lg(mu)  ||d||  lg(rg) alpha_du alpha_pr  ls
  40  5.5838332e+04 5.84e-04 8.04e+01  -1.0 6.55e-02   1.7 1.00e+00 1.00e+00f  1
  41  5.5390745e+04 9.55e-05 1.26e+01  -1.0 9.46e-02   1.2 1.00e+00 1.00e+00f  1
  42  5.2712001e+04 2.17e-02 1.77e+02  -1.0 7.53e+00    -  3.46e-01 4.85e-01f  2
  43  5.1740519e+04 5.79e-03 7.98e+01  -1.0 1.24e+00   0.7 1.00e+00 1.00e+00f  1
  44  5.1867767e+04 2.79e-03 9.18e+01  -1.0 1.81e+00   0.3 1.00e+00 1.00e+00h  1
  45  5.1816258e+04 7.09e-03 9.78e+01  -1.0 2.33e+01    -  1.27e-01 3.01e-02f  4
  46  5.1595861e+04 5.20e-03 1.24e+02  -1.0 2.27e+00  -0.2 1.00e+00 2.50e-01f  3
  47  5.1546021e+04 2.76e-03 6.68e+01  -1.0 2.46e+00    -  1.00e+00 5.00e-01f  2
  48  5.1321499e+04 1.55e-02 1.95e+02  -1.0 2.45e+00    -  8.22e-01 1.00e+00f  1
  49  5.1243853e+04 1.36e-02 1.67e+02  -1.0 5.44e+00   0.2 6.07e-01 8.89e-02f  4
iter    objective    inf_pr   inf_du lg(mu)  ||d||  lg(rg) alpha_du alpha_pr  ls
  50  5.2119300e+04 3.72e-03 1.51e+02  -1.0 2.51e+00  -0.3 1.00e+00 1.00e+00h  1
  51  5.1579730e+04 3.59e-03 7.77e+01  -1.0 3.90e+00    -  6.57e-01 5.00e-01f  2
  52  5.1493048e+04 4.03e-03 7.15e+01  -1.0 9.48e+01    -  3.57e-02 6.57e-03f  4
  53  5.2174391e+04 1.37e-02 1.14e+02  -1.0 1.02e+00   1.1 1.00e+00 5.00e-01h  2
  54  5.2330294e+04 3.51e-03 2.09e+02  -1.0 9.26e-01   1.5 1.00e+00 1.00e+00h  1
  55  5.3481198e+04 7.93e-04 1.04e+02  -1.0 1.14e+00    -  1.00e+00 9.59e-01H  1
  56  5.4076967e+04 3.31e-03 3.79e+02  -1.0 2.77e-01   1.0 1.00e+00 1.00e+00h  1
  57  5.4033301e+04 3.27e-03 3.73e+02  -1.0 6.29e+00    -  4.51e-01 1.36e-02f  7
  58  5.3948919e+04 3.07e-03 3.51e+02  -1.0 9.44e-01    -  1.00e+00 6.25e-02f  5
  59  5.3823280e+04 2.70e-03 3.09e+02  -1.0 6.93e-01    -  5.89e-01 1.25e-01f  4
iter    objective    inf_pr   inf_du lg(mu)  ||d||  lg(rg) alpha_du alpha_pr  ls
  60  5.3432058e+04 9.07e-04 6.23e+01  -1.0 7.59e-01    -  1.00e+00 1.00e+00F  1
  61  5.2769417e+04 1.44e-03 5.28e+02  -1.0 1.50e-01   1.4 1.00e+00 1.00e+00f  1
  62  5.2477129e+04 1.60e-03 1.40e+02  -1.0 1.73e-01   1.0 1.00e+00 1.00e+00f  1
  63  5.2324615e+04 7.37e-03 8.04e+02  -1.0 1.81e+00    -  7.07e-01 1.00e+00f  1
  64  5.2114755e+04 7.22e-03 6.08e+02  -1.0 2.24e+01   1.4 1.00e-01 2.14e-02f  5
  65  5.1830516e+04 3.14e-03 3.89e+02  -1.0 2.02e-01   1.8 1.00e+00 1.00e+00f  1
  66  5.1561880e+04 1.70e-03 1.06e+02  -1.0 8.37e-02   1.3 1.00e+00 1.00e+00f  1
  67  5.1226244e+04 1.98e-03 1.39e+02  -1.0 2.19e+00    -  1.00e+00 2.50e-01f  3
  68  5.1148854e+04 3.72e-04 2.39e+01  -1.0 2.51e-01    -  1.00e+00 1.00e+00f  1
  69  5.1093860e+04 2.36e-03 2.48e+00  -1.0 6.07e-01    -  1.00e+00 1.00e+00F  1
iter    objective    inf_pr   inf_du lg(mu)  ||d||  lg(rg) alpha_du alpha_pr  ls
  70  5.1055738e+04 2.10e-03 3.42e-01  -1.0 4.77e-01    -  1.00e+00 1.00e+00H  1
  71  5.1157227e+04 3.17e-04 2.82e+00  -1.7 9.54e-02    -  1.00e+00 1.00e+00h  1
  72  5.1135940e+04 3.29e-06 9.45e-02  -1.7 1.39e-02    -  1.00e+00 1.00e+00f  1
  73  5.1135724e+04 1.34e-07 1.04e-02  -2.5 1.63e-02    -  1.00e+00 1.00e+00h  1
  74  5.1135681e+04 2.23e-09 3.09e-04  -3.8 2.91e-03    -  1.00e+00 1.00e+00h  1
  75  5.1135679e+04 6.79e-12 8.93e-07  -5.7 1.55e-04    -  1.00e+00 1.00e+00h  1
  76  5.1135679e+04 1.05e-15 1.30e-10  -8.6 1.84e-06    -  1.00e+00 1.00e+00h  1

Number of Iterations....: 76

                                   (scaled)                 (unscaled)
Objective...............:   6.4047694634079369e+02    5.1135679395848965e+04
Dual infeasibility......:   1.3018093547589871e-10    1.0393645888395753e-08
Constraint violation....:   1.0547118733938987e-15    1.0547118733938987e-15
Complementarity.........:   2.5080194869382156e-09    2.0024027583714714e-07
Overall NLP error.......:   2.5080194869382156e-09    2.0024027583714714e-07


Number of objective function evaluations             = 148
Number of objective gradient evaluations             = 77
Number of equality constraint evaluations            = 148
Number of inequality constraint evaluations          = 0
Number of equality constraint Jacobian evaluations   = 77
Number of inequality constraint Jacobian evaluations = 0
Number of Lagrangian Hessian evaluations             = 76
Total CPU secs in IPOPT (w/o function evaluations)   =     44.382
Total CPU secs in NLP function evaluations           =    105.640

EXIT: Optimal Solution Found.
