  
  -----------------------------------------------
  NLP Solver 
  Argonne National Laboratory, 2016
  -----------------------------------------------


  Linear system solver ------	 Ma57.

solving ...
1st stage 2352 variables, 0 equality constraints, 0 inequality constraints.
2nd stage (use 1st scenario): 1212 variables, 1212 equality constraints, 0 inequality constraints.
1176 scenarios.
Total 1380912 variables, 1378560 equality constraints, 0 inequality constraints. 

 Iter	  Objective     Inf_pr	  Inf_du     Comp    lg(mu)   ||d||   lg(PrRg)	 alpha_du   alpha_pr    LS   lg(DuRg)	AugSysErr KKTSysErr    dWd0      dWd       thd0       thd      #RegFact   #KryIt
 0	 4.7778940e+06  1.41e-02  8.00e+02  5.00e+02  -1.0
 1	 4.5509267e+06  5.90e-16  2.51e+02  4.90e+00  -1.0  1.41e-01      - 	 9.90e-01  1.00e+00-b   1     - 	7.28e-12  0.00e+00   3.95e+04d  3.95e+04  2.83e-10  2.83e-10      0        0
 2	 4.5433806e+06  3.90e-07  3.48e+01  3.41e-03  -1.0  3.48e-01     2.0	 1.00e+00  1.00e+00-f   1     - 	3.05e-13  0.00e+00   7.56e+03d  7.56e+03  7.90e-12  7.90e-12      4        0
 3	 4.5160188e+06  5.93e-06  4.43e+01  2.59e-04  -2.5  1.29e+00     1.5	 1.00e+00  1.00e+00-o   1     - 	9.09e-13  0.00e+00   2.73e+04d  2.73e+04  2.69e-12  2.69e-12      5        0
 4	 4.3236582e+06  8.79e-04  4.35e+02  4.71e-06  -2.5  1.33e+01     1.0	 1.00e+00  1.00e+00-o   1     - 	7.28e-12  0.00e+00   2.07e+05d  2.07e+05  1.27e-10  1.27e-10      6        0
 5	 3.9799986e+06  1.02e-03  4.96e+02  5.78e-07  -2.5  6.53e+00     1.5	 1.00e+00  1.00e+00-o   1     - 	1.46e-11  0.00e+00   5.09e+05d  5.09e+05  6.37e-11  6.37e-11      8        0
 6	 3.8505894e+06  2.06e-04  2.73e+02  1.07e-07  -2.5  3.03e+00     1.9	 1.00e+00  1.00e+00-b   1     - 	7.28e-12  0.00e+00   2.96e+05d  2.96e+05  9.75e-12  9.75e-12      10        0
 7	 3.4390267e+06  8.99e-04  2.18e+02  4.71e-07  -2.5  6.36e+00     1.4	 1.00e+00  1.00e+00-o   1     - 	7.28e-12  0.00e+00   4.70e+05d  4.70e+05  8.75e-11  8.75e-11      11        0
 8	 3.1787357e+06  2.11e-04  3.92e+02  7.02e-08  -2.5  2.46e+00     1.8	 1.00e+00  1.00e+00-b   1     - 	7.28e-12  0.00e+00   4.60e+05d  4.60e+05  1.65e-11  1.65e-11      13        0
 9	 2.7525505e+06  2.77e-03  4.12e+02  1.20e-06  -2.5  1.01e+01     1.4	 1.00e+00  1.00e+00-o   1     - 	1.46e-11  0.00e+00   5.35e+05d  5.35e+05  9.36e-11  9.36e-11      14        0
 Iter	  Objective     Inf_pr	  Inf_du     Comp    lg(mu)   ||d||   lg(PrRg)	 alpha_du   alpha_pr    LS   lg(DuRg)	AugSysErr KKTSysErr    dWd0      dWd       thd0       thd      #RegFact   #KryIt
 10	 2.6097591e+06  5.30e-04  3.85e+02  2.83e-07  -2.5  4.93e+00     1.8	 1.00e+00  1.00e+00-b   1     - 	7.28e-12  0.00e+00   3.82e+05d  3.82e+05  1.71e-11  1.71e-11      16        0
 11	 2.5720044e+06  4.82e-02  1.14e+04  2.64e-05  -2.5  4.74e+01     1.3	 1.00e+00  1.00e+00-o   1     - 	2.91e-11  0.00e+00   7.10e+05d  7.10e+05  6.21e-10  6.21e-10      17        0
 12	 2.3378131e+06  1.04e-02  4.59e+05  6.62e-06  -2.5  2.37e+01     1.7	 1.00e+00  1.00e+00-b   1     - 	8.87e+03  0.00e+00   3.56e+06d  3.56e+06  1.44e-10  1.44e-10      19        0
 13	 2.1318571e+06  9.54e-03  3.66e+05  2.14e-06  -2.5  1.34e+01     1.3	 1.00e+00  1.00e+00-b   1     - 	3.73e-09  0.00e+00   8.52e+05d  8.52e+05  1.22e-10  1.22e-10      20        0
 14	 2.0620335e+06  2.32e-03  8.05e+04  5.35e-07  -2.5  6.72e+00     1.7	 1.00e+00  1.00e+00-b   1     - 	1.86e-09  0.00e+00   5.32e+05d  5.32e+05  2.26e-11  2.26e-11      22        0
 15	 2.0219214e+06  2.03e-04  2.65e+03  8.80e-08  -2.5  2.73e+00     2.1	 1.00e+00  1.00e+00-b   1     - 	4.66e-10  0.00e+00   1.12e+05d  1.12e+05  2.36e-12  2.36e-12      24        0
 16	 1.9533521e+06  5.18e-04  3.46e+02  9.21e-08  -2.5  2.83e+00     1.6	 1.00e+00  1.00e+00-o   1     - 	2.91e-11  0.00e+00   7.46e+04d  7.46e+04  4.76e-12  4.76e-12      25        0
 17	 1.9237755e+06  5.65e-05  7.16e+01  4.37e-09  -2.5  6.09e-01     2.1	 1.00e+00  1.00e+00-b   1     - 	7.28e-12  0.00e+00   3.06e+04d  3.06e+04  7.03e-13  7.03e-13      27        0
 18	 1.8626224e+06  4.20e-04  1.41e+02  1.22e-07  -2.5  3.22e+00     1.6	 1.00e+00  1.00e+00-o   1     - 	1.91e-12  0.00e+00   6.72e+04d  6.72e+04  5.15e-12  5.15e-12      28        0
 19	 1.8358452e+06  2.19e-05  9.22e+01  5.72e-09  -2.5  6.96e-01     2.0	 1.00e+00  1.00e+00-b   1     - 	3.64e-12  0.00e+00   3.05e+04d  3.05e+04  7.41e-13  7.41e-13      30        0
 Iter	  Objective     Inf_pr	  Inf_du     Comp    lg(mu)   ||d||   lg(PrRg)	 alpha_du   alpha_pr    LS   lg(DuRg)	AugSysErr KKTSysErr    dWd0      dWd       thd0       thd      #RegFact   #KryIt
 20	 1.7807572e+06  8.09e-04  2.02e+02  2.28e-07  -2.5  4.40e+00     1.5	 1.00e+00  1.00e+00-o   1     - 	3.64e-12  0.00e+00   6.06e+04d  6.06e+04  6.08e-12  6.08e-12      31        0
 21	 1.6875551e+06  2.84e-03  1.75e+03  1.05e-06  -2.5  9.52e+00     1.1	 1.00e+00  1.00e+00-o   1     - 	1.46e-11  0.00e+00   1.64e+05d  1.64e+05  3.06e-11  3.06e-11      32        0
 22	 1.6602241e+06  6.58e-04  4.75e+02  2.10e-08  -2.5  1.36e+00     1.5	 1.00e+00  1.00e+00-b   1     - 	2.91e-11  0.00e+00   3.69e+04d  3.69e+04  2.40e-12  2.40e-12      34        0
 23	 1.6066188e+06  1.20e-03  4.20e+01  7.07e-08  -2.5  2.44e+00     1.0	 1.00e+00  1.00e+00-o   1     - 	1.07e-11  0.00e+00   5.88e+04d  5.88e+04  1.42e-11  1.42e-11      35        0
 24	 1.4961943e+06  2.78e-03  9.09e+01  5.00e-07  -2.5  6.60e+00     0.5	 1.00e+00  1.00e+00-o   1     - 	4.43e-12  0.00e+00   1.29e+05d  1.29e+05  9.75e-11  9.75e-11      36        0
 25	 1.4404967e+06  3.27e-04  3.32e+01  7.47e-08  -2.5  2.47e+00     1.0	 1.00e+00  1.00e+00-b   1     - 	1.82e-12  0.00e+00   4.54e+04d  4.54e+04  1.38e-11  1.38e-11      38        0
 26	 1.3187756e+06  4.04e-03  9.84e+01  9.72e-07  -2.5  9.03e+00     0.5	 1.00e+00  1.00e+00-o   1     - 	1.82e-12  0.00e+00   1.39e+05d  1.39e+05  1.44e-10  1.44e-10      39        0
 27	 1.1553734e+06  8.25e-02  2.67e+03  2.80e-04  -2.5  8.75e+01     0.0	 1.00e+00  5.00e-01-o   2     - 	1.86e-09  0.00e+00   8.61e+05d  8.61e+05  5.45e-09  5.45e-09      40        0
 28	 9.2528472e+05  1.89e-02  2.45e+03  1.18e-05  -2.5  1.96e+01     1.3	 1.00e+00  1.00e+00-b   1     - 	5.02e-11  0.00e+00   5.21e+05d  5.21e+05  5.15e-11  5.15e-11      43        0
 29	 8.4871689e+05  3.51e-03  3.95e+02  1.17e-06  -2.5  9.85e+00     0.9	 1.00e+00  1.00e+00-b   1     - 	4.40e-11  0.00e+00   8.97e+04d  8.97e+04  2.69e-11  2.69e-11      44        0
 Iter	  Objective     Inf_pr	  Inf_du     Comp    lg(mu)   ||d||   lg(PrRg)	 alpha_du   alpha_pr    LS   lg(DuRg)	AugSysErr KKTSysErr    dWd0      dWd       thd0       thd      #RegFact   #KryIt
 30	 6.9637215e+05  5.74e-04  1.30e+02  6.31e-07  -2.5  7.13e+00     0.4	 1.00e+00  1.00e+00-o   1     - 	1.23e-11  0.00e+00   1.78e+05d  1.78e+05  2.04e-10  2.04e-10      45        0
 31	 4.2667831e+05  2.58e-03  3.26e+02  3.56e-06  -2.5  1.69e+01     -0.1	 1.00e+00  1.00e+00-o   1     - 	7.28e-12  0.00e+00   3.89e+05d  3.89e+05  1.12e-09  1.12e-09      46        0
 32	 1.8041937e+05  2.03e-03  5.10e+02  1.22e-05  -2.5  3.10e+01     -0.6	 1.00e+00  1.00e+00-b   1     - 	1.46e-11  0.00e+00   3.17e+05d  3.17e+05  1.34e-09  1.34e-09      47        0
 33	 6.8691369e+04  2.06e-03  5.26e+01  6.93e-06  -2.5  2.24e+01     -1.1	 1.00e+00  1.00e+00-b   1     - 	7.28e-12  0.00e+00   1.48e+05d  1.48e+05  1.45e-09  1.45e-09      48        0
 34	 1.9696323e+04  9.80e-03  2.51e+02  1.18e-04  -2.5  9.32e+01      - 	 1.00e+00  1.00e+00-o   1     - 	3.64e-12  0.00e+00   8.76e+04d  8.76e+04  6.99e-09  6.99e-09      48        0
 35	 1.3756891e+04  2.01e-03  5.65e+01  5.80e-05  -2.5  6.92e+01      - 	 1.00e+00  1.00e+00-b   1     - 	3.64e-12  0.00e+00   1.14e+04d  1.14e+04  1.07e-09  1.07e-09      48        0
 36	 1.3681288e+04  1.37e-04  5.84e+00  1.63e-06  -2.5  8.65e+00      - 	 1.00e+00  1.00e+00-b   1     - 	9.09e-13  0.00e+00   1.97e+02d  1.97e+02  2.73e-11  2.73e-11      48        0
 37	 1.3681517e+04  1.60e-06  8.45e-03  1.96e-09  -2.5  3.04e-01      - 	 1.00e+00  1.00e+00-c   1     - 	1.42e-14  0.00e+00   3.99e-01d  3.99e-01  2.15e-14  2.15e-14      48        0
 38	 1.3681518e+04  7.00e-11  2.29e-07  1.00e-08  -3.8  1.70e-03      - 	 1.00e+00  1.00e+00-c   1     - 	1.11e-16  0.00e+00   8.51e-06d  8.51e-06  4.89e-20  4.89e-20      48        0
 39	 1.3681518e+04  1.14e-13  5.34e-12  2.97e-11  -5.7  8.30e-05      - 	 1.00e+00  1.00e+00-c   1     - 	2.29e-13  0.00e+00   2.01e-09d  2.01e-09  9.90e-25  9.90e-25      48        0
 Iter	  Objective     Inf_pr	  Inf_du     Comp    lg(mu)   ||d||   lg(PrRg)	 alpha_du   alpha_pr    LS   lg(DuRg)	AugSysErr KKTSysErr    dWd0      dWd       thd0       thd      #RegFact   #KryIt
 40	 1.3681518e+04  1.14e-13  4.55e-13  4.14e-15  -7.0  9.79e-07      - 	 1.00e+00  1.00e+00-c   1     - 	2.63e-15  0.00e+00   2.80e-13d  2.80e-13  6.80e-30  6.80e-30      48        0


  Find Optimal solution! In Iter: 40
  Optimal solution is: 1.3681518e+04
  Addition Fact due to reg: 48 
  Iter is accecpted due to: 
							SWC and AC: 1 
							SRC __ Obj: 17 
							SRC __ Con: 4 
							SRC (both): 18 
init_x0  0.0
str_init_x0  0.0
eval_f  0.09566203599999995
eval_g0  10.538236909000036
eval_grad_f  0.0871516310000002
eval_jac  5.129929179000013
str_eval_jac  0.0
eval_h  55.920187282999976
str_eval_h 0.02792700599999999
eval_write_solution  0.03491587400000002
PIPS-NLP time:   868.169078085 (s)
