This is Ipopt version 3.12.4, running with linear solver ma57.

Number of nonzeros in equality constraint Jacobian...:   539832
Number of nonzeros in inequality constraint Jacobian.:        0
Number of nonzeros in Lagrangian Hessian.............:  1336224

Reallocating memory for MA57: lfact (4900614)
Total number of variables............................:    91644
                     variables with only lower bounds:        0
                variables with lower and upper bounds:        0
                     variables with only upper bounds:        0
Total number of equality constraints.................:    91488
Total number of inequality constraints...............:        0
        inequality constraints with only lower bounds:        0
   inequality constraints with lower and upper bounds:        0
        inequality constraints with only upper bounds:        0

iter    objective    inf_pr   inf_du lg(mu)  ||d||  lg(rg) alpha_du alpha_pr  ls
   0  3.4823121e+05 1.78e-02 1.00e+02  -1.0 0.00e+00    -  0.00e+00 0.00e+00   0
   1  3.3048241e+05 3.68e-16 4.12e+02  -1.0 1.78e-02  -4.0 1.00e+00 1.00e+00f  1
   2  3.3023456e+05 1.95e-07 2.11e+01  -1.0 3.02e-03   3.8 1.00e+00 1.00e+00f  1
   3  3.2947237e+05 1.93e-06 2.15e+01  -1.0 9.12e-03   3.4 1.00e+00 1.00e+00f  1
   4  3.2694828e+05 2.38e-05 2.39e+01  -1.0 2.86e-02   2.9 1.00e+00 1.00e+00f  1
   5  3.1945357e+05 1.66e-04 3.67e+01  -1.0 5.26e-02   2.4 1.00e+00 1.00e+00f  1
   6  3.0505153e+05 1.86e-04 4.91e+01  -1.0 5.52e-02   1.9 1.00e+00 1.00e+00f  1
   7  2.7901186e+05 3.40e-04 1.07e+02  -1.0 2.41e-01   1.5 1.00e+00 1.00e+00f  1
   8  2.4230530e+05 9.84e-04 4.62e+02  -1.0 7.21e-01   1.0 1.00e+00 1.00e+00f  1
   9  2.3579381e+05 2.57e-04 1.52e+02  -1.0 3.47e-01   1.4 1.00e+00 1.00e+00f  1
iter    objective    inf_pr   inf_du lg(mu)  ||d||  lg(rg) alpha_du alpha_pr  ls
  10  2.2012505e+05 3.84e-04 2.41e+02  -1.0 7.29e-01   0.9 1.00e+00 1.00e+00f  1
  11  2.1229360e+05 1.13e-04 1.29e+02  -1.0 4.23e-01   1.4 1.00e+00 1.00e+00f  1
  12  2.0529568e+05 5.67e-02 2.62e+03  -1.0 1.63e+01   0.9 1.00e+00 5.00e-01f  2
  13  1.9678674e+05 1.62e-02 2.60e+03  -1.0 2.30e+00   1.3 1.00e+00 1.00e+00f  1
  14  1.9695883e+05 6.03e-03 2.94e+03  -1.0 1.23e+00   1.7 1.00e+00 1.00e+00h  1
  15  1.9432506e+05 7.47e-03 6.42e+03  -1.0 9.36e-01   2.2 1.00e+00 1.00e+00f  1
  16  1.9338600e+05 1.41e-03 2.09e+03  -1.0 8.88e-02   2.6 1.00e+00 1.00e+00f  1
  17  1.9205678e+05 1.83e-04 2.41e+02  -1.0 1.05e-01   2.1 1.00e+00 1.00e+00f  1
  18  1.8832761e+05 6.64e-05 8.39e+01  -1.0 1.49e-01   1.6 1.00e+00 1.00e+00f  1
  19  1.7771087e+05 9.01e-04 2.93e+02  -1.0 5.16e-01   1.2 1.00e+00 1.00e+00f  1
iter    objective    inf_pr   inf_du lg(mu)  ||d||  lg(rg) alpha_du alpha_pr  ls
  20  1.4943264e+05 2.18e-02 2.25e+03  -1.0 1.81e+00   0.7 1.00e+00 1.00e+00f  1
  21  1.4382902e+05 6.11e-03 1.27e+05  -1.0 6.11e-01   2.9 1.00e+00 1.00e+00f  1
  22  1.4237855e+05 1.49e-03 1.89e+04  -1.0 3.25e-01   2.4 1.00e+00 1.00e+00f  1
  23  1.4106744e+05 2.21e-04 8.97e+02  -1.0 6.65e-02   2.0 1.00e+00 1.00e+00f  1
  24  1.3701105e+05 5.82e-05 6.23e+01  -1.0 1.44e-01   1.5 1.00e+00 1.00e+00f  1
  25  1.2660629e+05 3.48e-04 5.55e+01  -1.0 3.64e-01   1.0 1.00e+00 1.00e+00f  1
  26  1.0591974e+05 3.50e-02 1.77e+03  -1.0 1.53e+00   0.5 1.00e+00 1.00e+00f  1
  27  9.7478198e+04 9.51e-03 6.47e+03  -1.0 9.84e-01   0.9 1.00e+00 1.00e+00f  1
  28  9.6712604e+04 1.22e-02 5.69e+03  -1.0 2.78e+01   0.5 1.00e+00 1.25e-01f  4
  29  7.2640141e+04 3.33e-02 2.11e+03  -1.0 1.93e+00  -0.0 1.00e+00 1.00e+00f  1
iter    objective    inf_pr   inf_du lg(mu)  ||d||  lg(rg) alpha_du alpha_pr  ls
  30  7.4375306e+04 3.51e-02 3.61e+02  -1.0 1.15e+00   1.3 1.00e+00 1.00e+00h  1
  31  7.2375604e+04 1.07e-02 9.30e+02  -1.0 4.13e+00   0.8 1.00e+00 1.00e+00f  1
  32  7.1296979e+04 4.03e-03 1.92e+03  -1.0 1.24e+00   1.3 1.00e+00 1.00e+00f  1
  33  7.3215014e+04 3.45e-03 1.94e+03  -1.0 3.04e-01   1.7 1.00e+00 1.00e+00h  1
  34  7.2223268e+04 3.89e-04 1.63e+03  -1.0 3.59e-01   1.2 1.00e+00 1.00e+00f  1
  35  6.6810044e+04 1.47e-03 1.28e+02  -1.0 4.14e-01   0.7 1.00e+00 1.00e+00f  1
  36  6.0546988e+04 4.82e-03 8.15e+02  -1.0 1.03e+00   0.3 1.00e+00 1.00e+00f  1
  37  5.7833630e+04 1.56e-03 1.39e+02  -1.0 2.53e-01   0.7 1.00e+00 1.00e+00f  1
  38  5.3549758e+04 6.56e-04 1.59e+01  -1.0 6.14e-01   0.2 1.00e+00 1.00e+00f  1
  39  4.8493358e+04 3.98e-03 4.27e+01  -1.0 7.10e-01  -0.3 1.00e+00 1.00e+00f  1
iter    objective    inf_pr   inf_du lg(mu)  ||d||  lg(rg) alpha_du alpha_pr  ls
  40  4.7098542e+04 1.84e-04 4.47e+00  -1.0 2.88e-01   0.2 1.00e+00 1.00e+00f  1
  41  4.6010910e+04 8.26e-04 1.88e+01  -1.0 7.03e-01  -0.3 1.00e+00 1.00e+00f  1
  42  4.5400629e+04 8.47e-03 4.43e+02  -1.0 3.25e+00  -0.8 1.00e+00 1.00e+00f  1
  43  4.4923006e+04 4.39e-03 3.95e+02  -1.0 1.80e+00   0.5 1.00e+00 1.00e+00f  1
  44  4.4392728e+04 7.35e-04 4.30e+02  -1.0 4.59e-01   0.1 1.00e+00 1.00e+00f  1
  45  4.4111077e+04 3.42e-04 2.58e+01  -1.0 8.20e-01  -0.4 1.00e+00 1.00e+00f  1
  46  4.3703789e+04 4.68e-04 4.11e+01  -1.0 1.82e+00  -0.9 1.00e+00 1.00e+00f  1
  47  4.3242460e+04 3.74e-03 1.97e+02  -1.0 7.54e+00  -1.4 1.00e+00 1.00e+00f  1
  48  4.3202226e+04 9.51e-04 1.52e+02  -1.0 4.76e-01   0.9 1.00e+00 1.00e+00f  1
  49  4.3051413e+04 2.49e-04 1.44e+02  -1.0 1.60e-01   0.4 1.00e+00 1.00e+00f  1
iter    objective    inf_pr   inf_du lg(mu)  ||d||  lg(rg) alpha_du alpha_pr  ls
  50  4.3053219e+04 6.48e-05 1.46e+01  -1.0 5.63e-02   0.8 1.00e+00 1.00e+00h  1
  51  4.3032930e+04 8.08e-06 1.72e+00  -1.0 1.05e-01   0.3 1.00e+00 1.00e+00f  1
  52  4.2991989e+04 3.42e-05 3.38e+00  -1.0 3.04e-01  -0.1 1.00e+00 1.00e+00f  1
  53  4.2917898e+04 1.04e-04 1.43e+01  -1.0 5.89e-01  -0.6 1.00e+00 1.00e+00f  1
  54  4.2802386e+04 1.37e-04 1.64e+01  -1.0 1.42e+00  -1.1 1.00e+00 1.00e+00f  1
  55  4.2642287e+04 3.68e-04 2.27e+01  -1.0 2.54e+00  -1.6 1.00e+00 1.00e+00f  1
  56  4.2508429e+04 1.28e-03 2.01e+01  -1.0 3.52e+00  -2.1 1.00e+00 1.00e+00f  1
  57  4.2433325e+04 1.74e-03 4.62e+00  -1.0 5.78e+00  -2.5 1.00e+00 1.00e+00f  1
  58  4.2382806e+04 2.98e-03 1.76e+00  -1.0 1.28e+01  -3.0 1.00e+00 1.00e+00h  1
  59  4.2351591e+04 6.55e-04 3.11e+00  -1.0 1.73e+01  -3.5 1.00e+00 1.00e+00h  1
iter    objective    inf_pr   inf_du lg(mu)  ||d||  lg(rg) alpha_du alpha_pr  ls
  60  4.2344380e+04 9.94e-04 4.40e+01  -1.0 1.12e+02    -  1.00e+00 5.00e-01h  2
  61  4.2342820e+04 8.65e-05 1.51e+00  -1.0 1.52e-01  -0.3 1.00e+00 1.00e+00h  1
  62  4.2342008e+04 7.18e-07 1.14e-02  -1.0 2.62e-02  -0.8 1.00e+00 1.00e+00h  1
  63  4.2341907e+04 9.28e-08 1.39e-02  -3.8 7.65e-02  -1.3 1.00e+00 1.00e+00h  1
  64  4.2341633e+04 2.15e-07 1.36e-01  -3.8 2.32e-01  -1.8 1.00e+00 1.00e+00h  1
  65  4.2340893e+04 1.33e-06 1.28e+00  -3.8 6.83e-01  -2.3 1.00e+00 1.00e+00h  1
  66  4.2337243e+04 3.88e-04 6.26e+00  -3.8 1.91e+01    -  1.00e+00 1.00e+00f  1
  67  4.2336513e+04 2.52e-03 7.03e+01  -3.8 1.35e+02    -  1.00e+00 1.00e+00h  1
  68  4.2336410e+04 3.04e-04 1.61e+00  -3.8 1.25e-01  -0.9 1.00e+00 1.00e+00h  1
  69  4.2336075e+04 5.87e-06 1.75e-02  -3.8 1.04e-02  -1.4 1.00e+00 1.00e+00h  1
iter    objective    inf_pr   inf_du lg(mu)  ||d||  lg(rg) alpha_du alpha_pr  ls
  70  4.2336062e+04 5.70e-06 1.69e-02  -3.8 4.04e+01    -  1.00e+00 3.12e-02h  6
  71  4.2335998e+04 4.67e-08 1.48e-03  -3.8 3.37e-02  -1.9 1.00e+00 1.00e+00h  1
  72  4.2335986e+04 8.77e-08 8.47e-03  -5.7 1.03e-01  -2.4 1.00e+00 1.00e+00h  1
  73  4.2335968e+04 6.52e-07 2.56e-02  -5.7 3.11e-01  -2.8 1.00e+00 1.00e+00h  1
  74  4.2335966e+04 6.55e-06 2.56e-02  -5.7 9.76e-01  -3.3 1.00e+00 1.00e+00h  1
  75  4.2335403e+04 1.15e-05 3.75e-01  -5.7 4.23e+00  -3.8 1.00e+00 1.00e+00H  1
  76  4.2335375e+04 1.23e-05 3.74e-01  -5.7 1.22e+01  -3.4 1.00e+00 3.12e-02h  6
  77  4.2335356e+04 1.24e-05 3.60e-01  -5.7 3.40e+00  -2.9 1.00e+00 6.25e-02h  5
  78  4.2335377e+04 1.28e-05 3.52e-01  -5.7 1.84e+00  -2.5 1.00e+00 6.25e-02h  5
  79  4.2335527e+04 5.09e-06 5.59e-02  -5.7 3.19e-02  -1.2 1.00e+00 1.00e+00h  1
iter    objective    inf_pr   inf_du lg(mu)  ||d||  lg(rg) alpha_du alpha_pr  ls
  80  4.2334901e+04 3.93e-06 2.49e-02  -5.7 1.60e-02  -0.8 1.00e+00 1.00e+00h  1
  81  4.2334416e+04 9.31e-07 6.47e-03  -5.7 6.76e-03  -0.3 1.00e+00 1.00e+00h  1
  82  4.2333070e+04 2.52e-06 1.50e-01  -5.7 3.12e-02  -0.8 1.00e+00 1.00e+00F  1
  83  4.2332838e+04 8.44e-06 1.75e-01  -5.7 2.10e-01  -1.3 1.00e+00 1.25e-01f  4
  84  4.2325440e+04 1.59e-04 1.69e-01  -5.7 5.07e-01  -1.8 1.00e+00 1.00e+00F  1
  85  4.2329464e+04 4.61e-05 1.92e-01  -5.7 1.22e+00  -2.2 1.00e+00 5.00e-01h  2
  86  4.2326137e+04 6.17e-05 2.15e-01  -5.7 3.58e+00  -2.7 1.00e+00 1.00e+00H  1
  87  4.2300025e+04 2.38e-02 3.04e+01  -5.7 1.85e+02    -  1.00e+00 5.00e-01f  2
  88  4.2283199e+04 2.64e-03 3.86e+00  -5.7 1.37e+01  -3.2 1.00e+00 1.00e+00h  1
  89  4.2260430e+04 1.52e-03 6.10e+00  -5.7 6.24e+01    -  1.00e+00 1.00e+00h  1
iter    objective    inf_pr   inf_du lg(mu)  ||d||  lg(rg) alpha_du alpha_pr  ls
  90  4.2259744e+04 1.36e-04 4.98e+00  -5.7 5.67e+01    -  1.00e+00 1.00e+00h  1
  91  4.2259236e+04 4.55e-04 5.37e+00  -5.7 6.34e+01    -  1.00e+00 1.00e+00h  1
  92  4.2259414e+04 3.73e-04 5.04e+00  -5.7 6.56e+01    -  1.00e+00 1.00e+00h  1
  93  4.2259370e+04 1.42e-04 4.56e+00  -5.7 6.61e+01    -  1.00e+00 1.00e+00h  1
  94  4.2259380e+04 1.05e-04 4.13e+00  -5.7 6.63e+01    -  1.00e+00 1.00e+00h  1
  95  4.2259380e+04 9.52e-05 3.78e+00  -5.7 6.66e+01    -  1.00e+00 1.00e+00h  1
  96  4.2259380e+04 8.73e-05 3.49e+00  -5.7 6.69e+01    -  1.00e+00 1.00e+00h  1
  97  4.2259380e+04 8.10e-05 3.26e+00  -5.7 6.74e+01    -  1.00e+00 1.00e+00h  1
  98  4.2259380e+04 7.56e-05 3.05e+00  -5.7 6.79e+01    -  1.00e+00 1.00e+00h  1
  99  4.2259380e+04 7.10e-05 2.88e+00  -5.7 6.85e+01    -  1.00e+00 1.00e+00h  1
iter    objective    inf_pr   inf_du lg(mu)  ||d||  lg(rg) alpha_du alpha_pr  ls
 100  4.2259380e+04 6.71e-05 2.74e+00  -5.7 6.92e+01    -  1.00e+00 1.00e+00h  1
 101  4.2259380e+04 6.36e-05 2.60e+00  -5.7 6.97e+01    -  1.00e+00 1.00e+00h  1
 102  4.2259380e+04 6.07e-05 2.47e+00  -5.7 7.04e+01    -  1.00e+00 1.00e+00h  1
 103  4.2259380e+04 5.71e-05 2.32e+00  -5.7 7.06e+01    -  1.00e+00 1.00e+00h  1
 104  4.2259380e+04 2.37e-05 1.00e+00  -5.7 4.80e+01    -  1.00e+00 1.00e+00h  1
 105  4.2259380e+04 1.64e-08 2.11e-04  -5.7 1.58e-03  -3.7 1.00e+00 1.00e+00h  1
 106  4.2259380e+04 1.99e-10 2.26e-06  -5.7 9.90e-02    -  1.00e+00 1.00e+00h  1
 107  4.2259380e+04 2.22e-16 5.75e-11  -8.6 8.09e-07  -4.1 1.00e+00 1.00e+00h  1

Number of Iterations....: 107

                                   (scaled)                 (unscaled)
Objective...............:   5.2930085355292613e+02    4.2259380147665623e+04
Dual infeasibility......:   5.7483704568853068e-11    4.5894989727772288e-09
Constraint violation....:   2.2204460492503131e-16    2.2204460492503131e-16
Complementarity.........:   0.0000000000000000e+00    0.0000000000000000e+00
Overall NLP error.......:   5.7483704568853068e-11    4.5894989727772288e-09


Number of objective function evaluations             = 148
Number of objective gradient evaluations             = 108
Number of equality constraint evaluations            = 150
Number of inequality constraint evaluations          = 0
Number of equality constraint Jacobian evaluations   = 108
Number of inequality constraint Jacobian evaluations = 0
Number of Lagrangian Hessian evaluations             = 107
Total CPU secs in IPOPT (w/o function evaluations)   =     46.375
Total CPU secs in NLP function evaluations           =     86.724

EXIT: Optimal Solution Found.
