* Elapsed Time:
168.197379594
* Large error indices:
exp:Pi:11,species:[2, 8],phase:1,spind:1,timeind:2
exp:Pi:16,species:[5, 10],phase:1,spind:2,timeind:2
exp:Pi:59,species:[1, 12],phase:2,spind:1,timeind:3
exp:Pi:59,species:[1, 12],phase:3,spind:1,timeind:2
exp:Pi:59,species:[1, 12],phase:3,spind:1,timeind:3
exp:Pi:59,species:[1, 12],phase:1,spind:2,timeind:3
exp:Pi:59,species:[1, 12],phase:2,spind:2,timeind:2
exp:Pi:59,species:[1, 12],phase:2,spind:2,timeind:3
exp:Pi:59,species:[1, 12],phase:3,spind:2,timeind:2
exp:Pi:59,species:[1, 12],phase:3,spind:2,timeind:3
* Large total error indices:
exp:Pi:11,species:[2, 8],spind:1
exp:Pi:14,species:[4, 10],spind:2
exp:Pi:16,species:[5, 10],spind:2
exp:Pi:41,species:[4, 12],spind:1
exp:Pi:42,species:[4, 9],spind:1
exp:Pi:59,species:[1, 12],spind:1
exp:Pi:59,species:[1, 12],spind:2
exp:Pi:65,species:[11, 2],spind:1
exp:Mi:4,species:[4],spind:1
exp:Mi:8,species:[1],spind:1
