
******************************************************************************
This program contains Ipopt, a library for large-scale nonlinear optimization.
 Ipopt is released as open source code under the Eclipse Public License (EPL).
         For more information visit http://projects.coin-or.org/Ipopt
******************************************************************************

This is Ipopt version 3.12.4, running with linear solver ma27.

Number of nonzeros in equality constraint Jacobian...:    36003
Number of nonzeros in inequality constraint Jacobian.:        0
Number of nonzeros in Lagrangian Hessian.............:    32003

Total number of variables............................:    16003
                     variables with only lower bounds:    10001
                variables with lower and upper bounds:     6002
                     variables with only upper bounds:        0
Total number of equality constraints.................:    16001
Total number of inequality constraints...............:        0
        inequality constraints with only lower bounds:        0
   inequality constraints with lower and upper bounds:        0
        inequality constraints with only upper bounds:        0

iter    objective    inf_pr   inf_du lg(mu)  ||d||  lg(rg) alpha_du alpha_pr  ls
   0  9.9999900e-03 1.02e+09 1.00e+00  -1.0 0.00e+00    -  0.00e+00 0.00e+00   0
   1  1.3316662e-02 1.01e+09 1.71e+02  -1.0 3.26e+03    -  2.95e-02 1.12e-02h  1
   2  1.3918861e-02 1.01e+09 1.72e+02  -1.0 3.27e+03    -  1.48e-02 5.34e-04h  1
   3  2.4394791e+00 9.90e+08 9.74e+02  -1.0 3.26e+03    -  1.45e-04 2.01e-02h  1
   4  1.3259205e+04 7.54e+08 2.61e+04  -1.0 4.48e+04    -  5.71e-05 2.96e-01h  1
   5  1.3413320e+04 7.51e+08 2.60e+04  -1.0 4.16e+04    -  1.45e-02 3.71e-03h  1
   6  1.3558597e+04 7.49e+08 2.59e+04  -1.0 7.79e+04    -  1.66e-04 1.87e-03h  1
   7  1.3774253e+04 7.48e+08 2.59e+04  -1.0 8.84e+04    -  2.94e-04 2.44e-03h  1
   8  3.6561992e+04 5.60e+08 3.27e+05  -1.0 8.83e+04    -  1.44e-01 2.58e-01h  1
   9  3.7073126e+04 5.57e+08 3.25e+05  -1.0 9.76e+04    -  7.05e-02 5.23e-03h  1
iter    objective    inf_pr   inf_du lg(mu)  ||d||  lg(rg) alpha_du alpha_pr  ls
  10  4.5774721e+04 5.30e+08 3.09e+05  -1.0 1.79e+05    -  3.23e-02 4.86e-02h  1
  11  1.1896961e+05 2.36e+08 9.48e+04  -1.0 1.48e+05    -  1.21e-01 4.94e-01h  1
  12  1.5149299e+05 3.09e+07 1.99e+04  -1.0 3.96e+04    -  2.27e-01 8.20e-01h  1
  13  1.5288136e+05 2.25e+07 1.45e+04  -1.0 5.15e+03    -  4.74e-01 2.70e-01h  1
  14  1.5571104e+05 7.39e+06 4.76e+03  -1.0 4.23e+03    -  3.70e-01 6.70e-01h  1
  15  1.5748416e+05 1.13e+06 1.35e+02  -1.0 1.77e+03    -  8.82e-01 1.00e+00h  1
  16  1.5337949e+05 4.03e+06 4.61e+01  -1.0 4.10e+03    -  4.56e-01 1.00e+00f  1
  17  1.4967704e+05 1.87e+06 2.67e+01  -1.0 3.70e+03    -  9.76e-01 1.00e+00f  1
  18  1.4928742e+05 3.40e+04 2.01e+01  -1.0 3.90e+02    -  1.00e+00 1.00e+00h  1
  19  1.4928519e+05 2.40e+00 4.06e+01  -1.0 2.24e+00    -  1.00e+00 1.00e+00h  1
iter    objective    inf_pr   inf_du lg(mu)  ||d||  lg(rg) alpha_du alpha_pr  ls
  20  1.4928499e+05 1.31e-03 1.19e+01  -2.5 1.94e-01    -  1.00e+00 1.00e+00h  1
  21  1.4928499e+05 1.11e-05 4.42e+00  -3.8 5.39e-03    -  1.00e+00 1.00e+00h  1
  22  1.4928499e+05 2.53e-06 2.58e+00  -3.8 8.22e-05    -  1.00e+00 1.00e+00h  1
  23  1.4928499e+05 4.42e-07 1.30e+00  -5.7 2.97e-04    -  1.00e+00 1.00e+00h  1
  24  1.4928499e+05 2.38e-07 6.01e-01  -5.7 9.22e-06    -  1.00e+00 1.00e+00h  1
  25  1.4928499e+05 2.38e-07 1.69e-02  -5.7 7.75e-07    -  1.00e+00 1.00e+00h  1
  26  1.4928499e+05 2.38e-07 6.00e-06  -7.0 3.51e-06    -  1.00e+00 1.00e+00h  1

Number of Iterations....: 26

                                   (scaled)                 (unscaled)
Objective...............:   1.4928498588493207e+05    1.4928498588493207e+05
Dual infeasibility......:   6.0014293994760836e-06    6.0014293994760836e-06
Constraint violation....:   5.9289836545249573e-11    2.3841857910156250e-07
Complementarity.........:   9.1138888855419166e-08    9.1138888855419166e-08
Overall NLP error.......:   9.1138888855419166e-08    6.0014293994760836e-06


Number of objective function evaluations             = 27
Number of objective gradient evaluations             = 27
Number of equality constraint evaluations            = 27
Number of inequality constraint evaluations          = 0
Number of equality constraint Jacobian evaluations   = 27
Number of inequality constraint Jacobian evaluations = 0
Number of Lagrangian Hessian evaluations             = 26
Total CPU secs in IPOPT (w/o function evaluations)   =      0.474
Total CPU secs in NLP function evaluations           =      1.241

EXIT: Optimal Solution Found.
Mean Cost 149284.98588493207
Diameter ft 1.3176949374711098
Height 129.52296247753407
Var from quntile  1045.350969263973
1.0
