WARNING: using JuMP.getdual in module Main conflicts with an existing identifier.

******************************************************************************
This program contains Ipopt, a library for large-scale nonlinear optimization.
 Ipopt is released as open source code under the Eclipse Public License (EPL).
         For more information visit http://projects.coin-or.org/Ipopt
******************************************************************************

WARNING: Solver does not appear to support hot-starts. Model will be built from scratch.
WARNING: Not solved to optimality, status: Infeasible
WARNING: Not solved to optimality, status: Infeasible
WARNING: Not solved to optimality, status: UserLimit
WARNING: Not solved to optimality, status: Suboptimal
WARNING: Not solved to optimality, status: Suboptimal
WARNING: Not solved to optimality, status: Suboptimal
WARNING: Not solved to optimality, status: Suboptimal
WARNING: Not solved to optimality, status: Suboptimal
WARNING: Not solved to optimality, status: Suboptimal
WARNING: Not solved to optimality, status: Suboptimal
WARNING: Not solved to optimality, status: Suboptimal
WARNING: Not solved to optimality, status: Suboptimal
WARNING: Not solved to optimality, status: Suboptimal
WARNING: Not solved to optimality, status: Suboptimal
WARNING: Not solved to optimality, status: Suboptimal
WARNING: Not solved to optimality, status: Suboptimal
WARNING: Not solved to optimality, status: Suboptimal
WARNING: Not solved to optimality, status: Suboptimal
WARNING: Not solved to optimality, status: Suboptimal
WARNING: Not solved to optimality, status: Suboptimal
WARNING: Not solved to optimality, status: Suboptimal
WARNING: Not solved to optimality, status: Suboptimal
WARNING: Not solved to optimality, status: Suboptimal
No. of first stage variables  5
No. of second stage variables 32
No. of second stage constraints 19
No. of scenarios  100
No. of total variables 2705
No. of total constraints 1900
No. of binary variables 0
No. of continuous variables 2705
U:   -354244.74488763727
first:  [1, 2, 3, 4, 5]
first:  [1, 2, 3, 4, 5]
first:  [1, 2, 3, 4, 5]
first:  [1, 2, 3, 4, 5]
first:  [1, 2, 3, 4, 5]
first:  [1, 2, 3, 4, 5]
first:  [1, 2, 3, 4, 5]
first:  [1, 2, 3, 4, 5]
first:  [1, 2, 3, 4, 5]
first:  [1, 2, 3, 4, 5]
first:  [1, 2, 3, 4, 5]
first:  [1, 2, 3, 4, 5]
first:  [1, 2, 3, 4, 5]
first:  [1, 2, 3, 4, 5]
first:  [1, 2, 3, 4, 5]
first:  [1, 2, 3, 4, 5]
first:  [1, 2, 3, 4, 5]
first:  [1, 2, 3, 4, 5]
first:  [1, 2, 3, 4, 5]
first:  [1, 2, 3, 4, 5]
first:  [1, 2, 3, 4, 5]
first:  [1, 2, 3, 4, 5]
first:  [1, 2, 3, 4, 5]
first:  [1, 2, 3, 4, 5]
first:  [1, 2, 3, 4, 5]
first:  [1, 2, 3, 4, 5]
first:  [1, 2, 3, 4, 5]
first:  [1, 2, 3, 4, 5]
first:  [1, 2, 3, 4, 5]
first:  [1, 2, 3, 4, 5]
first:  [1, 2, 3, 4, 5]
first:  [1, 2, 3, 4, 5]
first:  [1, 2, 3, 4, 5]
first:  [1, 2, 3, 4, 5]
first:  [1, 2, 3, 4, 5]
first:  [1, 2, 3, 4, 5]
first:  [1, 2, 3, 4, 5]
first:  [1, 2, 3, 4, 5]
first:  [1, 2, 3, 4, 5]
first:  [1, 2, 3, 4, 5]
first:  [1, 2, 3, 4, 5]
first:  [1, 2, 3, 4, 5]
first:  [1, 2, 3, 4, 5]
first:  [1, 2, 3, 4, 5]
first:  [1, 2, 3, 4, 5]
first:  [1, 2, 3, 4, 5]
first:  [1, 2, 3, 4, 5]
first:  [1, 2, 3, 4, 5]
first:  [1, 2, 3, 4, 5]
first:  [1, 2, 3, 4, 5]
first:  [1, 2, 3, 4, 5]
first:  [1, 2, 3, 4, 5]
first:  [1, 2, 3, 4, 5]
first:  [1, 2, 3, 4, 5]
first:  [1, 2, 3, 4, 5]
first:  [1, 2, 3, 4, 5]
first:  [1, 2, 3, 4, 5]
first:  [1, 2, 3, 4, 5]
first:  [1, 2, 3, 4, 5]
first:  [1, 2, 3, 4, 5]
first:  [1, 2, 3, 4, 5]
first:  [1, 2, 3, 4, 5]
first:  [1, 2, 3, 4, 5]
first:  [1, 2, 3, 4, 5]
first:  [1, 2, 3, 4, 5]
first:  [1, 2, 3, 4, 5]
first:  [1, 2, 3, 4, 5]
first:  [1, 2, 3, 4, 5]
first:  [1, 2, 3, 4, 5]
first:  [1, 2, 3, 4, 5]
first:  [1, 2, 3, 4, 5]
first:  [1, 2, 3, 4, 5]
first:  [1, 2, 3, 4, 5]
first:  [1, 2, 3, 4, 5]
first:  [1, 2, 3, 4, 5]
first:  [1, 2, 3, 4, 5]
first:  [1, 2, 3, 4, 5]
first:  [1, 2, 3, 4, 5]
first:  [1, 2, 3, 4, 5]
first:  [1, 2, 3, 4, 5]
first:  [1, 2, 3, 4, 5]
first:  [1, 2, 3, 4, 5]
first:  [1, 2, 3, 4, 5]
first:  [1, 2, 3, 4, 5]
first:  [1, 2, 3, 4, 5]
first:  [1, 2, 3, 4, 5]
first:  [1, 2, 3, 4, 5]
first:  [1, 2, 3, 4, 5]
first:  [1, 2, 3, 4, 5]
first:  [1, 2, 3, 4, 5]
first:  [1, 2, 3, 4, 5]
first:  [1, 2, 3, 4, 5]
first:  [1, 2, 3, 4, 5]
first:  [1, 2, 3, 4, 5]
first:  [1, 2, 3, 4, 5]
first:  [1, 2, 3, 4, 5]
first:  [1, 2, 3, 4, 5]
first:  [1, 2, 3, 4, 5]
first:  [1, 2, 3, 4, 5]
first:  [1, 2, 3, 4, 5]
preprocess:   3.826724774 (s)
extensive:   0.103113249 (s)
No. of nonlinear variables  2205
No. of nonlinear Terms  6000
preprocessex:   1.177109263 (s)
U:   -354244.74488763727
additional  variables:  6000
relax:   0.403157446 (s)
 iter  left  lev   bVarId       bvlb             bvub             LB              UB            gap   
remaining 1   -1.0e10
1      0      1                                        -10000000000.0000 -3.5424e+05    2822807.0845 % 
before feasibility reduction [0.0, 0.0, 0.0, 0.0, 0.0]   [1.0, 1.0, 1.0, 1.0, 1.0]
after initial feasibility reduction [0.0, 0.0, 1.04223e-5, 0.0, 0.0]   [1.0, 1.0, 1.0, 1.0, 1.0]     time:   11.076024645 (s)
firstId   1   xl   0.0   xu   0.3333333333333333    true
firstId   1   xl   0.6666666666666667   xu   1.0    true
firstId   2   xl   0.0   xu   0.3333333333333333    true
firstId   2   xl   0.6666666666666667   xu   1.0    true
firstId   3   xl   1.0422268457025222e-5   xu   0.3333402815123047    true
firstId   3   xl   0.6666701407561524   xu   1.0    true
firstId   4   xl   0.0   xu   0.3333333333333333    true
firstId   4   xl   0.6666666666666667   xu   1.0    true
firstId   5   xl   0.0   xu   0.3333333333333333    true
firstId   5   xl   0.6666666666666667   xu   1.0    true
after probing [0.0, 0.0, 1.04223e-5, 0.0, 0.0]   [1.0, 1.0, 1.0, 1.0, 1.0]
probing time:   31.087166859 (s)true
iterative relax time:   0.388082488 (s)Optimal    -354244.74488231423
Relax Lower time:   1.096963257   (s)
reduction_relax0
hello  UB   -354244.74488763727  relaxed_LB  -354244.74488231423 relaxed_status   Infeasible
all node solved
Solution time:   389.137168195 (s)
relax_LB_time_total:   1.096963257 (s)
global_LB_time_total:   0 (s)
local_UB_time_total:   333.520367145 (s)
global_UB_time_total:   0 (s)
BT_time_total:   47.245309337 (s)
VS_time_total:   0 (s)
solved nodes:  1
1                                                     -3.5779e+05    -3.5424e+05    1.0000  % 
first stage sol   [1.0404e-8, 0.303286, 0.862946, 0.0, 0.0]
LB_UB_list   Any[[-1.0e10, -3.54245e5, 1.0, 1.0]]
