WARNING: using JuMP.getdual in module Main conflicts with an existing identifier.

******************************************************************************
This program contains Ipopt, a library for large-scale nonlinear optimization.
 Ipopt is released as open source code under the Eclipse Public License (EPL).
         For more information visit http://projects.coin-or.org/Ipopt
******************************************************************************

WARNING: Not solved to optimality, status: UserLimit
WARNING: Not solved to optimality, status: UserLimit
WARNING: Not solved to optimality, status: UserLimit
WARNING: Not solved to optimality, status: UserLimit
WARNING: Ipopt finished with status Restoration_Failed
WARNING: Not solved to optimality, status: Error
WARNING: Not solved to optimality, status: UserLimit
WARNING: Not solved to optimality, status: UserLimit
WARNING: Not solved to optimality, status: UserLimit
WARNING: Not solved to optimality, status: UserLimit
WARNING: Not solved to optimality, status: Infeasible
WARNING: Infeasibility ray (Farkas proof) not available
No. of first stage variables  5
No. of second stage variables 42
No. of second stage constraints 20
No. of scenarios  100
No. of total variables 3705
No. of total constraints 2000
No. of binary variables 0
No. of continuous variables 3705
U:   8.266504359477948e7
first:  [1, 2, 3, 4, 5]
first:  [1, 2, 3, 4, 5]
first:  [1, 2, 3, 4, 5]
first:  [1, 2, 3, 4, 5]
first:  [1, 2, 3, 4, 5]
first:  [1, 2, 3, 4, 5]
first:  [1, 2, 3, 4, 5]
first:  [1, 2, 3, 4, 5]
first:  [1, 2, 3, 4, 5]
first:  [1, 2, 3, 4, 5]
first:  [1, 2, 3, 4, 5]
first:  [1, 2, 3, 4, 5]
first:  [1, 2, 3, 4, 5]
first:  [1, 2, 3, 4, 5]
first:  [1, 2, 3, 4, 5]
first:  [1, 2, 3, 4, 5]
first:  [1, 2, 3, 4, 5]
first:  [1, 2, 3, 4, 5]
first:  [1, 2, 3, 4, 5]
first:  [1, 2, 3, 4, 5]
first:  [1, 2, 3, 4, 5]
first:  [1, 2, 3, 4, 5]
first:  [1, 2, 3, 4, 5]
first:  [1, 2, 3, 4, 5]
first:  [1, 2, 3, 4, 5]
first:  [1, 2, 3, 4, 5]
first:  [1, 2, 3, 4, 5]
first:  [1, 2, 3, 4, 5]
first:  [1, 2, 3, 4, 5]
first:  [1, 2, 3, 4, 5]
first:  [1, 2, 3, 4, 5]
first:  [1, 2, 3, 4, 5]
first:  [1, 2, 3, 4, 5]
first:  [1, 2, 3, 4, 5]
first:  [1, 2, 3, 4, 5]
first:  [1, 2, 3, 4, 5]
first:  [1, 2, 3, 4, 5]
first:  [1, 2, 3, 4, 5]
first:  [1, 2, 3, 4, 5]
first:  [1, 2, 3, 4, 5]
first:  [1, 2, 3, 4, 5]
first:  [1, 2, 3, 4, 5]
first:  [1, 2, 3, 4, 5]
first:  [1, 2, 3, 4, 5]
first:  [1, 2, 3, 4, 5]
first:  [1, 2, 3, 4, 5]
first:  [1, 2, 3, 4, 5]
first:  [1, 2, 3, 4, 5]
first:  [1, 2, 3, 4, 5]
first:  [1, 2, 3, 4, 5]
first:  [1, 2, 3, 4, 5]
first:  [1, 2, 3, 4, 5]
first:  [1, 2, 3, 4, 5]
first:  [1, 2, 3, 4, 5]
first:  [1, 2, 3, 4, 5]
first:  [1, 2, 3, 4, 5]
first:  [1, 2, 3, 4, 5]
first:  [1, 2, 3, 4, 5]
first:  [1, 2, 3, 4, 5]
first:  [1, 2, 3, 4, 5]
first:  [1, 2, 3, 4, 5]
first:  [1, 2, 3, 4, 5]
first:  [1, 2, 3, 4, 5]
first:  [1, 2, 3, 4, 5]
first:  [1, 2, 3, 4, 5]
first:  [1, 2, 3, 4, 5]
first:  [1, 2, 3, 4, 5]
first:  [1, 2, 3, 4, 5]
first:  [1, 2, 3, 4, 5]
first:  [1, 2, 3, 4, 5]
first:  [1, 2, 3, 4, 5]
first:  [1, 2, 3, 4, 5]
first:  [1, 2, 3, 4, 5]
first:  [1, 2, 3, 4, 5]
first:  [1, 2, 3, 4, 5]
first:  [1, 2, 3, 4, 5]
first:  [1, 2, 3, 4, 5]
first:  [1, 2, 3, 4, 5]
first:  [1, 2, 3, 4, 5]
first:  [1, 2, 3, 4, 5]
first:  [1, 2, 3, 4, 5]
first:  [1, 2, 3, 4, 5]
first:  [1, 2, 3, 4, 5]
first:  [1, 2, 3, 4, 5]
first:  [1, 2, 3, 4, 5]
first:  [1, 2, 3, 4, 5]
first:  [1, 2, 3, 4, 5]
first:  [1, 2, 3, 4, 5]
first:  [1, 2, 3, 4, 5]
first:  [1, 2, 3, 4, 5]
first:  [1, 2, 3, 4, 5]
first:  [1, 2, 3, 4, 5]
first:  [1, 2, 3, 4, 5]
first:  [1, 2, 3, 4, 5]
first:  [1, 2, 3, 4, 5]
first:  [1, 2, 3, 4, 5]
first:  [1, 2, 3, 4, 5]
first:  [1, 2, 3, 4, 5]
first:  [1, 2, 3, 4, 5]
first:  [1, 2, 3, 4, 5]
preprocess:   4.579209203 (s)
extensive:   0.637228015 (s)
No. of nonlinear variables  9705
No. of nonlinear Terms  8906
preprocessex:   1.138315543 (s)
U:   8.266504359477948e7
additional  variables:  8906
relax:   0.710399515 (s)
 iter  left  lev   bVarId       bvlb             bvub             LB              UB            gap   
remaining 1   -1.0e10
1      0      1                                        -10000000000.0000 8.2665e+07     12197.0117 % 
before feasibility reduction [0.285, 0.546, 0.999072, 481.55, 0.385]   [0.315, 0.636, 1.00093, 486.05, 0.415]
after initial feasibility reduction [0.285, 0.546, 0.999072, 481.55, 0.385]   [0.315, 0.636, 1.00093, 486.05, 0.415]     time:   13.669523307 (s)
all node solved
Solution time:   1023.7076271 (s)
relax_LB_time_total:   0 (s)
global_LB_time_total:   0 (s)
local_UB_time_total:   994.8516409819999 (s)
global_UB_time_total:   0 (s)
BT_time_total:   19.117251189999998 (s)
VS_time_total:   0 (s)
solved nodes:  1
1                                                     8.1847e+07     8.2665e+07     1.0000  % 
first stage sol   [0.3, 0.591, 1.0, 483.8, 0.415]
LB_UB_list   Any[[-1.0e10, 8.2665e7, 1.0, 1.0]]
