WARNING: using JuMP.getdual in module Main conflicts with an existing identifier.
  [nonlinear] <nonlin>: (((-3.000000) * <_var0_>) + (7.000000 * <_var1_>) + ((-5.000000) * <_var3_>) + (1.000000 * <_var4_>) + (1.000000 * <_var5_>) + (2.000000 * <_var7_>) + ((-1.000000) * <_var8_>) + ((-1.000000) * <_var9_>) + ((-9.000000) * <_var10_>) + (3.000000 * <_var11_>) + (5.000000 * <_var12_>) + (1.000000 * <_var15_>) + (7.000000 * <_var16_>) + ((-7.000000) * <_var17_>) + ((-4.000000) * <_var18_>) + ((-6.000000) * <_var19_>)) <= -5;
violation: right hand side is violated by 5 (scaled: 5)
all 1 solutions given by solution candidate storage are infeasible

presolving:
(round 1, fast)       0 del vars, 0 del conss, 0 add conss, 0 chg bounds, 0 chg sides, 0 chg coeffs, 10001 upgd conss, 0 impls, 0 clqs
(round 2, fast)       0 del vars, 0 del conss, 0 add conss, 15006 chg bounds, 0 chg sides, 0 chg coeffs, 10001 upgd conss, 0 impls, 0 clqs
presolving (3 rounds: 3 fast, 1 medium, 1 exhaustive):
 0 deleted vars, 0 deleted constraints, 0 added constraints, 15006 tightened bounds, 0 added holes, 0 changed sides, 0 changed coefficients
 0 implications, 0 cliques
presolved problem has 15006 variables (0 bin, 0 int, 0 impl, 15006 cont) and 10001 constraints
  10000 constraints of type <linear>
      1 constraints of type <quadratic>
Presolving Time: 203.68

  node  | left  |LP iter|LP it/n| mem |  dualbound   | primalbound  |  gap   
      1 |     0 |  7008 |     - | 110M|-1.328136e+07 |      --      |    Inf 

******************************************************************************
This program contains Ipopt, a library for large-scale nonlinear optimization.
 Ipopt is released as open source code under the Eclipse Public License (EPL).
         For more information visit http://projects.coin-or.org/Ipopt
******************************************************************************

q     1 |     0 |  7008 |     - | 110M|-1.328136e+07 |-3.709882e+06 | 258.00%
y     1 |     0 |  7008 |     - | 110M|-1.328136e+07 |-3.709883e+06 | 258.00%
      1 |     0 |  7008 |     - | 110M|-1.328136e+07 |-3.709883e+06 | 258.00%
      1 |     0 |  7008 |     - | 110M|-1.328136e+07 |-3.709883e+06 | 258.00%
      1 |     0 | 77088 |     - | 110M|-1.328136e+07 |-3.709883e+06 | 258.00%
      1 |     0 | 77115 |     - | 111M|-1.327717e+07 |-3.709883e+06 | 257.89%
      1 |     2 | 77115 |     - | 111M|-1.327717e+07 |-3.709883e+06 | 257.89%
    100 |   101 | 77879 | 715.6 | 179M|-1.327367e+07 |-3.709883e+06 | 257.79%
    200 |   201 | 78606 | 359.7 | 245M|-1.327154e+07 |-3.709883e+06 | 257.73%
    300 |   301 | 79287 | 241.6 | 314M|-1.327030e+07 |-3.709883e+06 | 257.70%
    400 |   401 | 79926 | 182.7 | 394M|-1.326994e+07 |-3.709883e+06 | 257.69%
    500 |   501 | 80583 | 147.4 | 461M|-1.326959e+07 |-3.709883e+06 | 257.68%
    600 |   601 | 81236 | 123.9 | 532M|-1.326924e+07 |-3.709883e+06 | 257.67%
    700 |   701 | 81894 | 107.1 | 610M|-1.326906e+07 |-3.709883e+06 | 257.67%
  node  | left  |LP iter|LP it/n| mem |  dualbound   | primalbound  |  gap   
    800 |   801 | 82547 |  94.5 | 697M|-1.326887e+07 |-3.709883e+06 | 257.66%
    900 |   901 | 83190 |  84.7 | 734M|-1.326871e+07 |-3.709883e+06 | 257.66%
   1000 |  1001 | 83871 |  76.9 | 830M|-1.326852e+07 |-3.709883e+06 | 257.65%
   1100 |  1101 | 84531 |  70.5 | 867M|-1.326835e+07 |-3.709883e+06 | 257.65%
   1200 |  1201 | 85187 |  65.2 | 976M|-1.326817e+07 |-3.709883e+06 | 257.64%
   1300 |  1301 | 85846 |  60.7 |1013M|-1.326815e+07 |-3.709883e+06 | 257.64%
   1400 |  1401 | 86517 |  56.8 |1135M|-1.326786e+07 |-3.709883e+06 | 257.64%
   1500 |  1501 | 87151 |  53.4 |1172M|-1.326780e+07 |-3.709883e+06 | 257.63%
   1600 |  1601 | 87795 |  50.5 |1209M|-1.326780e+07 |-3.709883e+06 | 257.63%
   1700 |  1701 | 88464 |  47.9 |1348M|-1.326751e+07 |-3.709883e+06 | 257.63%
   1800 |  1801 | 89090 |  45.6 |1385M|-1.326745e+07 |-3.709883e+06 | 257.62%
   1900 |  1901 | 89743 |  43.6 |1423M|-1.326744e+07 |-3.709883e+06 | 257.62%
   2000 |  2001 | 90415 |  41.7 |1460M|-1.326715e+07 |-3.709883e+06 | 257.62%
   2100 |  2101 | 91046 |  40.0 |1619M|-1.326715e+07 |-3.709883e+06 | 257.62%
   2200 |  2201 | 91689 |  38.5 |1656M|-1.326709e+07 |-3.709883e+06 | 257.61%
  node  | left  |LP iter|LP it/n| mem |  dualbound   | primalbound  |  gap   
   2300 |  2301 | 92344 |  37.1 |1693M|-1.326708e+07 |-3.709883e+06 | 257.61%
   2400 |  2401 | 93012 |  35.8 |1731M|-1.326679e+07 |-3.709883e+06 | 257.61%
   2500 |  2501 | 93651 |  34.7 |1915M|-1.326679e+07 |-3.709883e+06 | 257.61%
   2600 |  2601 | 94300 |  33.6 |1952M|-1.326673e+07 |-3.709883e+06 | 257.61%
   2700 |  2701 | 94951 |  32.6 |1989M|-1.326673e+07 |-3.709883e+06 | 257.60%
   2800 |  2801 | 95608 |  31.6 |2027M|-1.326644e+07 |-3.709883e+06 | 257.60%
   2900 |  2901 | 96241 |  30.8 |2064M|-1.326644e+07 |-3.709883e+06 | 257.60%
   3000 |  3001 | 96892 |  30.0 |2278M|-1.326643e+07 |-3.709883e+06 | 257.60%
   3100 |  3101 | 97543 |  29.2 |2315M|-1.326637e+07 |-3.709883e+06 | 257.60%
   3200 |  3201 | 98191 |  28.5 |2352M|-1.326637e+07 |-3.709883e+06 | 257.60%
   3300 |  3301 | 98836 |  27.8 |2389M|-1.326609e+07 |-3.709883e+06 | 257.59%
   3400 |  3401 | 99479 |  27.2 |2426M|-1.326608e+07 |-3.709883e+06 | 257.59%
   3500 |  3501 |100132 |  26.6 |2661M|-1.326607e+07 |-3.709883e+06 | 257.59%
   3600 |  3601 |100785 |  26.0 |2712M|-1.326602e+07 |-3.709883e+06 | 257.59%
   3700 |  3701 |101438 |  25.5 |2749M|-1.326601e+07 |-3.709883e+06 | 257.59%
  node  | left  |LP iter|LP it/n| mem |  dualbound   | primalbound  |  gap   
   3800 |  3801 |102086 |  25.0 |2786M|-1.326573e+07 |-3.709883e+06 | 257.58%
   3900 |  3901 |102733 |  24.5 |2823M|-1.326572e+07 |-3.709883e+06 | 257.58%
   4000 |  4001 |103392 |  24.1 |2860M|-1.326572e+07 |-3.709883e+06 | 257.58%
   4100 |  4101 |104030 |  23.7 |2897M|-1.326566e+07 |-3.709883e+06 | 257.58%
   4200 |  4201 |104678 |  23.3 |2934M|-1.326566e+07 |-3.709883e+06 | 257.58%
   4300 |  4301 |105329 |  22.9 |3225M|-1.326552e+07 |-3.709883e+06 | 257.57%
   4400 |  4401 |105958 |  22.5 |3262M|-1.326537e+07 |-3.709883e+06 | 257.57%
   4500 |  4501 |106615 |  22.1 |3299M|-1.326536e+07 |-3.709883e+06 | 257.57%
   4600 |  4601 |107279 |  21.8 |3336M|-1.326536e+07 |-3.709883e+06 | 257.57%
   4700 |  4701 |107913 |  21.5 |3374M|-1.326531e+07 |-3.709883e+06 | 257.57%
   4800 |  4801 |108544 |  21.2 |3411M|-1.326531e+07 |-3.709883e+06 | 257.57%
   4900 |  4901 |109182 |  20.9 |3448M|-1.326516e+07 |-3.709883e+06 | 257.56%
   5000 |  5001 |109809 |  20.6 |3485M|-1.326503e+07 |-3.709883e+06 | 257.56%
   5100 |  5101 |110427 |  20.3 |3827M|-1.326501e+07 |-3.709883e+06 | 257.56%
   5200 |  5201 |111059 |  20.0 |3864M|-1.326501e+07 |-3.709883e+06 | 257.56%
  node  | left  |LP iter|LP it/n| mem |  dualbound   | primalbound  |  gap   
   5300 |  5301 |111693 |  19.8 |3901M|-1.326500e+07 |-3.709883e+06 | 257.56%
   5400 |  5401 |112316 |  19.5 |3938M|-1.326495e+07 |-3.709883e+06 | 257.56%
   5500 |  5501 |112953 |  19.3 |3975M|-1.326494e+07 |-3.709883e+06 | 257.56%
   5600 |  5601 |113590 |  19.0 |4012M|-1.326468e+07 |-3.709883e+06 | 257.55%
   5700 |  5701 |114204 |  18.8 |4049M|-1.326467e+07 |-3.709883e+06 | 257.55%
   5800 |  5801 |114843 |  18.6 |4086M|-1.326465e+07 |-3.709883e+06 | 257.55%
   5900 |  5901 |115482 |  18.4 |4123M|-1.326465e+07 |-3.709883e+06 | 257.55%
   6000 |  6001 |116108 |  18.2 |4160M|-1.326464e+07 |-3.709883e+06 | 257.55%
   6100 |  6101 |116749 |  18.0 |4563M|-1.326460e+07 |-3.709883e+06 | 257.55%
   6200 |  6201 |117391 |  17.8 |4600M|-1.326459e+07 |-3.709883e+06 | 257.55%
   6300 |  6301 |118018 |  17.6 |4637M|-1.326446e+07 |-3.709883e+06 | 257.54%
   6400 |  6401 |118649 |  17.4 |4674M|-1.326432e+07 |-3.709883e+06 | 257.54%
   6500 |  6501 |119278 |  17.3 |4711M|-1.326431e+07 |-3.709883e+06 | 257.54%
   6600 |  6601 |119923 |  17.1 |4748M|-1.326430e+07 |-3.709883e+06 | 257.54%
   6700 |  6701 |120556 |  16.9 |4785M|-1.326429e+07 |-3.709883e+06 | 257.54%
  node  | left  |LP iter|LP it/n| mem |  dualbound   | primalbound  |  gap   
   6800 |  6801 |121203 |  16.8 |4822M|-1.326428e+07 |-3.709883e+06 | 257.54%
   6900 |  6901 |121849 |  16.6 |4860M|-1.326425e+07 |-3.709883e+06 | 257.54%
   7000 |  7001 |122481 |  16.5 |4897M|-1.326424e+07 |-3.709883e+06 | 257.54%
   7100 |  7101 |123117 |  16.4 |4934M|-1.326411e+07 |-3.709883e+06 | 257.53%
   7200 |  7201 |123742 |  16.2 |4972M|-1.326397e+07 |-3.709883e+06 | 257.53%
   7300 |  7301 |124377 |  16.1 |5448M|-1.326395e+07 |-3.709883e+06 | 257.53%
   7400 |  7401 |125011 |  15.9 |5485M|-1.326394e+07 |-3.709883e+06 | 257.53%
   7500 |  7501 |125657 |  15.8 |5522M|-1.326394e+07 |-3.709883e+06 | 257.53%
   7600 |  7601 |126292 |  15.7 |5559M|-1.326394e+07 |-3.709883e+06 | 257.53%
   7700 |  7701 |126937 |  15.6 |5596M|-1.326390e+07 |-3.709883e+06 | 257.53%
   7800 |  7801 |127567 |  15.5 |5633M|-1.326390e+07 |-3.709883e+06 | 257.53%
   7900 |  7901 |128212 |  15.3 |5671M|-1.326388e+07 |-3.709883e+06 | 257.53%
   8000 |  8001 |128833 |  15.2 |5708M|-1.326378e+07 |-3.709883e+06 | 257.53%
   8100 |  8101 |129463 |  15.1 |5745M|-1.326361e+07 |-3.709883e+06 | 257.52%
   8200 |  8201 |130082 |  15.0 |5782M|-1.326361e+07 |-3.709883e+06 | 257.52%
  node  | left  |LP iter|LP it/n| mem |  dualbound   | primalbound  |  gap   
   8300 |  8301 |130725 |  14.9 |5819M|-1.326360e+07 |-3.709883e+06 | 257.52%
   8400 |  8401 |131362 |  14.8 |5856M|-1.326359e+07 |-3.709883e+06 | 257.52%
   8500 |  8501 |132016 |  14.7 |5893M|-1.326359e+07 |-3.709883e+06 | 257.52%
   8600 |  8601 |132648 |  14.6 |5930M|-1.326358e+07 |-3.709883e+06 | 257.52%
   8700 |  8701 |133288 |  14.5 |5967M|-1.326358e+07 |-3.709883e+06 | 257.52%
   8800 |  8801 |133936 |  14.4 |6531M|-1.326355e+07 |-3.709883e+06 | 257.52%
   8900 |  8901 |134568 |  14.3 |6568M|-1.326354e+07 |-3.709883e+06 | 257.52%
   9000 |  9001 |135206 |  14.2 |6605M|-1.326343e+07 |-3.709883e+06 | 257.52%
   9100 |  9101 |135820 |  14.2 |6642M|-1.326342e+07 |-3.709883e+06 | 257.52%
   9200 |  9201 |136447 |  14.1 |6679M|-1.326340e+07 |-3.709883e+06 | 257.52%
   9300 |  9301 |137075 |  14.0 |6716M|-1.326326e+07 |-3.709883e+06 | 257.51%
   9400 |  9401 |137699 |  13.9 |6753M|-1.326325e+07 |-3.709883e+06 | 257.51%
   9500 |  9501 |138356 |  13.8 |6790M|-1.326324e+07 |-3.709883e+06 | 257.51%
   9600 |  9601 |138998 |  13.7 |6827M|-1.326323e+07 |-3.709883e+06 | 257.51%
   9700 |  9701 |139660 |  13.7 |6865M|-1.326323e+07 |-3.709883e+06 | 257.51%
  node  | left  |LP iter|LP it/n| mem |  dualbound   | primalbound  |  gap   
   9800 |  9801 |140300 |  13.6 |6902M|-1.326323e+07 |-3.709883e+06 | 257.51%
   9900 |  9901 |140942 |  13.5 |6939M|-1.326322e+07 |-3.709883e+06 | 257.51%
  10000 | 10001 |141602 |  13.5 |6976M|-1.326319e+07 |-3.709883e+06 | 257.51%
  10100 | 10101 |142242 |  13.4 |7013M|-1.326318e+07 |-3.709883e+06 | 257.51%
  10200 | 10201 |142882 |  13.3 |7050M|-1.326308e+07 |-3.709883e+06 | 257.51%
  10300 | 10301 |143502 |  13.3 |7087M|-1.326307e+07 |-3.709883e+06 | 257.51%
  10400 | 10401 |144116 |  13.2 |7124M|-1.326307e+07 |-3.709883e+06 | 257.51%
  10500 | 10501 |144744 |  13.1 |7751M|-1.326306e+07 |-3.709883e+06 | 257.51%
  10600 | 10601 |145372 |  13.1 |7830M|-1.326304e+07 |-3.709883e+06 | 257.51%
  10700 | 10701 |146001 |  13.0 |7867M|-1.326290e+07 |-3.709883e+06 | 257.50%
  10800 | 10801 |146642 |  12.9 |7904M|-1.326290e+07 |-3.709883e+06 | 257.50%
  10900 | 10901 |147280 |  12.9 |7941M|-1.326289e+07 |-3.709883e+06 | 257.50%
  11000 | 11001 |147924 |  12.8 |7979M|-1.326288e+07 |-3.709883e+06 | 257.50%
  11100 | 11101 |148588 |  12.8 |8016M|-1.326287e+07 |-3.709883e+06 | 257.50%
  11200 | 11201 |149238 |  12.7 |8053M|-1.326287e+07 |-3.709883e+06 | 257.50%
  node  | left  |LP iter|LP it/n| mem |  dualbound   | primalbound  |  gap   
  11300 | 11301 |149880 |  12.6 |8090M|-1.326287e+07 |-3.709883e+06 | 257.50%
  11400 | 11401 |150543 |  12.6 |8127M|-1.326283e+07 |-3.709883e+06 | 257.50%
  11500 | 11501 |151185 |  12.5 |8164M|-1.326283e+07 |-3.709883e+06 | 257.50%
  11600 | 11601 |151827 |  12.5 |8201M|-1.326281e+07 |-3.709883e+06 | 257.50%
  11700 | 11701 |152460 |  12.4 |8238M|-1.326272e+07 |-3.709883e+06 | 257.50%
  11800 | 11801 |153075 |  12.4 |8275M|-1.326272e+07 |-3.709883e+06 | 257.50%
  11900 | 11901 |153691 |  12.3 |8312M|-1.326271e+07 |-3.709883e+06 | 257.50%
  12000 | 12001 |154323 |  12.3 |8349M|-1.326271e+07 |-3.709883e+06 | 257.50%
  12100 | 12101 |154944 |  12.2 |8387M|-1.326271e+07 |-3.709883e+06 | 257.50%
  12200 | 12201 |155565 |  12.2 |8424M|-1.326271e+07 |-3.709883e+06 | 257.50%
  12300 | 12301 |156199 |  12.1 |8461M|-1.326255e+07 |-3.709883e+06 | 257.49%
  12400 | 12401 |156833 |  12.1 |8498M|-1.326254e+07 |-3.709883e+06 | 257.49%
  12500 | 12501 |157462 |  12.0 |8535M|-1.326254e+07 |-3.709883e+06 | 257.49%
  12600 | 12601 |158103 |  12.0 |8572M|-1.326253e+07 |-3.709883e+06 | 257.49%
  12700 | 12701 |158766 |  11.9 |9367M|-1.326252e+07 |-3.709883e+06 | 257.49%
  node  | left  |LP iter|LP it/n| mem |  dualbound   | primalbound  |  gap   
  12800 | 12801 |159408 |  11.9 |9404M|-1.326252e+07 |-3.709883e+06 | 257.49%
  12900 | 12901 |160050 |  11.9 |9441M|-1.326252e+07 |-3.709883e+06 | 257.49%
  13000 | 13001 |160692 |  11.8 |9478M|-1.326251e+07 |-3.709883e+06 | 257.49%
  13100 | 13101 |161355 |  11.8 |9515M|-1.326247e+07 |-3.709883e+06 | 257.49%
  13200 | 13201 |161997 |  11.7 |9553M|-1.326247e+07 |-3.709883e+06 | 257.49%
  13300 | 13301 |162639 |  11.7 |9590M|-1.326247e+07 |-3.709883e+06 | 257.49%
  13400 | 13401 |163282 |  11.7 |9627M|-1.326237e+07 |-3.709883e+06 | 257.49%
  13500 | 13501 |163901 |  11.6 |9664M|-1.326236e+07 |-3.709883e+06 | 257.49%
  13600 | 13601 |164516 |  11.6 |9701M|-1.326236e+07 |-3.709883e+06 | 257.49%
  13700 | 13701 |165137 |  11.5 |9738M|-1.326236e+07 |-3.709883e+06 | 257.49%
  13800 | 13801 |165764 |  11.5 |9775M|-1.326236e+07 |-3.709883e+06 | 257.49%
  13900 | 13901 |166378 |  11.5 |9812M|-1.326235e+07 |-3.709883e+06 | 257.49%
  14000 | 14001 |167007 |  11.4 |9849M|-1.326235e+07 |-3.709883e+06 | 257.49%
  14100 | 14101 |167630 |  11.4 |9887M|-1.326235e+07 |-3.709883e+06 | 257.49%
  14200 | 14201 |168275 |  11.4 |9924M|-1.326235e+07 |-3.709883e+06 | 257.49%
  node  | left  |LP iter|LP it/n| mem |  dualbound   | primalbound  |  gap   
  14300 | 14301 |168906 |  11.3 |9961M|-1.326233e+07 |-3.709883e+06 | 257.49%
  14400 | 14401 |169536 |  11.3 |9998M|-1.326219e+07 |-3.709883e+06 | 257.48%
  14500 | 14501 |170157 |  11.3 |  10G|-1.326219e+07 |-3.709883e+06 | 257.48%
  14600 | 14601 |170815 |  11.2 |  10G|-1.326218e+07 |-3.709883e+06 | 257.48%
  14700 | 14701 |171458 |  11.2 |  10G|-1.326217e+07 |-3.709883e+06 | 257.48%
  14800 | 14801 |172100 |  11.2 |  10G|-1.326217e+07 |-3.709883e+06 | 257.48%
  14900 | 14901 |172744 |  11.1 |  10G|-1.326216e+07 |-3.709883e+06 | 257.48%
  15000 | 15001 |173410 |  11.1 |  10G|-1.326216e+07 |-3.709883e+06 | 257.48%
  15100 | 15101 |174054 |  11.1 |  10G|-1.326216e+07 |-3.709883e+06 | 257.48%
  15200 | 15201 |174698 |  11.0 |  11G|-1.326212e+07 |-3.709883e+06 | 257.48%
  15300 | 15301 |175342 |  11.0 |  11G|-1.326212e+07 |-3.709883e+06 | 257.48%
  15400 | 15401 |175986 |  11.0 |  11G|-1.326211e+07 |-3.709883e+06 | 257.48%
  15500 | 15501 |176636 |  10.9 |  11G|-1.326201e+07 |-3.709883e+06 | 257.48%
  15600 | 15601 |177255 |  10.9 |  11G|-1.326201e+07 |-3.709883e+06 | 257.48%
  15700 | 15701 |177869 |  10.9 |  11G|-1.326201e+07 |-3.709883e+06 | 257.48%
  node  | left  |LP iter|LP it/n| mem |  dualbound   | primalbound  |  gap   
  15800 | 15801 |178485 |  10.9 |  11G|-1.326200e+07 |-3.709883e+06 | 257.48%
  15900 | 15901 |179114 |  10.8 |  11G|-1.326200e+07 |-3.709883e+06 | 257.48%
  16000 | 16001 |179742 |  10.8 |  11G|-1.326200e+07 |-3.709883e+06 | 257.48%
  16100 | 16101 |180363 |  10.8 |  11G|-1.326200e+07 |-3.709883e+06 | 257.48%
  16200 | 16201 |180977 |  10.7 |  11G|-1.326200e+07 |-3.709883e+06 | 257.48%
  16300 | 16301 |181589 |  10.7 |  11G|-1.326200e+07 |-3.709883e+06 | 257.48%
  16400 | 16401 |182233 |  10.7 |  11G|-1.326199e+07 |-3.709883e+06 | 257.48%
  16500 | 16501 |182862 |  10.7 |  11G|-1.326199e+07 |-3.709883e+06 | 257.48%
  16600 | 16601 |183496 |  10.6 |  11G|-1.326199e+07 |-3.709883e+06 | 257.48%
  16700 | 16701 |184127 |  10.6 |  11G|-1.326199e+07 |-3.709883e+06 | 257.48%
  16800 | 16801 |184764 |  10.6 |  11G|-1.326184e+07 |-3.709883e+06 | 257.47%
  16900 | 16901 |185396 |  10.6 |  11G|-1.326183e+07 |-3.709883e+06 | 257.47%
  17000 | 17001 |186029 |  10.5 |  11G|-1.326183e+07 |-3.709883e+06 | 257.47%
  17100 | 17101 |186672 |  10.5 |  11G|-1.326182e+07 |-3.709883e+06 | 257.47%
  17200 | 17201 |187315 |  10.5 |  11G|-1.326181e+07 |-3.709883e+06 | 257.47%
  node  | left  |LP iter|LP it/n| mem |  dualbound   | primalbound  |  gap   
  17300 | 17301 |187959 |  10.5 |  11G|-1.326181e+07 |-3.709883e+06 | 257.47%
  17400 | 17401 |188622 |  10.4 |  12G|-1.326180e+07 |-3.709883e+06 | 257.47%
  17500 | 17501 |189264 |  10.4 |  12G|-1.326180e+07 |-3.709883e+06 | 257.47%
  17600 | 17601 |189906 |  10.4 |  12G|-1.326180e+07 |-3.709883e+06 | 257.47%
  17700 | 17701 |190548 |  10.4 |  12G|-1.326176e+07 |-3.709883e+06 | 257.47%
  17800 | 17801 |191190 |  10.3 |  12G|-1.326176e+07 |-3.709883e+06 | 257.47%
  17900 | 17901 |191832 |  10.3 |  12G|-1.326176e+07 |-3.709883e+06 | 257.47%
  18000 | 18001 |192480 |  10.3 |  12G|-1.326170e+07 |-3.709883e+06 | 257.47%
  18100 | 18101 |193094 |  10.3 |  12G|-1.326165e+07 |-3.709883e+06 | 257.47%
  18200 | 18201 |193715 |  10.3 |  13G|-1.326165e+07 |-3.709883e+06 | 257.47%
  18300 | 18301 |194332 |  10.2 |  13G|-1.326165e+07 |-3.709883e+06 | 257.47%
  18400 | 18401 |194958 |  10.2 |  13G|-1.326165e+07 |-3.709883e+06 | 257.47%
  18500 | 18501 |195577 |  10.2 |  13G|-1.326165e+07 |-3.709883e+06 | 257.47%
  18600 | 18601 |196211 |  10.2 |  13G|-1.326164e+07 |-3.709883e+06 | 257.47%
  18700 | 18701 |196835 |  10.2 |  13G|-1.326164e+07 |-3.709883e+06 | 257.47%
  node  | left  |LP iter|LP it/n| mem |  dualbound   | primalbound  |  gap   
  18800 | 18801 |197464 |  10.1 |  13G|-1.326164e+07 |-3.709883e+06 | 257.47%
  18900 | 18901 |198089 |  10.1 |  13G|-1.326164e+07 |-3.709883e+06 | 257.47%
  19000 | 19001 |198703 |  10.1 |  13G|-1.326164e+07 |-3.709883e+06 | 257.47%
  19100 | 19101 |199322 |  10.1 |  13G|-1.326164e+07 |-3.709883e+06 | 257.47%
  19200 | 19201 |199961 |  10.0 |  13G|-1.326164e+07 |-3.709883e+06 | 257.47%
  19300 | 19301 |200586 |  10.0 |  13G|-1.326164e+07 |-3.709883e+06 | 257.47%
  19400 | 19401 |201218 |  10.0 |  13G|-1.326163e+07 |-3.709883e+06 | 257.47%
  19500 | 19501 |201856 |  10.0 |  13G|-1.326163e+07 |-3.709883e+06 | 257.47%
  19600 | 19601 |202492 |  10.0 |  13G|-1.326163e+07 |-3.709883e+06 | 257.47%
  19700 | 19701 |203136 |  10.0 |  13G|-1.326148e+07 |-3.709883e+06 | 257.46%
  19800 | 19801 |203764 |   9.9 |  14G|-1.326148e+07 |-3.709883e+06 | 257.46%
  19900 | 19901 |204393 |   9.9 |  14G|-1.326147e+07 |-3.709883e+06 | 257.46%
  20000 | 20001 |205035 |   9.9 |  14G|-1.326147e+07 |-3.709883e+06 | 257.46%
  20100 | 20101 |205677 |   9.9 |  14G|-1.326146e+07 |-3.709883e+06 | 257.46%
  20200 | 20201 |206318 |   9.9 |  14G|-1.326146e+07 |-3.709883e+06 | 257.46%
  node  | left  |LP iter|LP it/n| mem |  dualbound   | primalbound  |  gap   
  20300 | 20301 |206956 |   9.8 |  14G|-1.326145e+07 |-3.709883e+06 | 257.46%
  20400 | 20401 |207594 |   9.8 |  14G|-1.326145e+07 |-3.709883e+06 | 257.46%
  20500 | 20501 |208251 |   9.8 |  14G|-1.326145e+07 |-3.709883e+06 | 257.46%
  20600 | 20601 |208889 |   9.8 |  14G|-1.326145e+07 |-3.709883e+06 | 257.46%
  20700 | 20701 |209527 |   9.8 |  14G|-1.326141e+07 |-3.709883e+06 | 257.46%
  20800 | 20801 |210165 |   9.8 |  14G|-1.326141e+07 |-3.709883e+06 | 257.46%
  20900 | 20901 |210803 |   9.8 |  14G|-1.326139e+07 |-3.709883e+06 | 257.46%
  21000 | 21001 |211428 |   9.7 |  14G|-1.326135e+07 |-3.709883e+06 | 257.46%
  21100 | 21101 |212043 |   9.7 |  14G|-1.326134e+07 |-3.709883e+06 | 257.46%
  21200 | 21201 |212662 |   9.7 |  14G|-1.326134e+07 |-3.709883e+06 | 257.46%
  21300 | 21301 |213295 |   9.7 |  14G|-1.326129e+07 |-3.709883e+06 | 257.46%
  21400 | 21401 |213914 |   9.7 |  14G|-1.326129e+07 |-3.709883e+06 | 257.46%
  21500 | 21501 |214533 |   9.7 |  14G|-1.326129e+07 |-3.709883e+06 | 257.46%
  21600 | 21601 |215157 |   9.6 |  14G|-1.326129e+07 |-3.709883e+06 | 257.46%
  21700 | 21701 |215787 |   9.6 |  14G|-1.326129e+07 |-3.709883e+06 | 257.46%
  node  | left  |LP iter|LP it/n| mem |  dualbound   | primalbound  |  gap   
  21800 | 21801 |216411 |   9.6 |  15G|-1.326129e+07 |-3.709883e+06 | 257.46%
  21900 | 21901 |217033 |   9.6 |  16G|-1.326128e+07 |-3.709883e+06 | 257.46%
  22000 | 22001 |217654 |   9.6 |  16G|-1.326128e+07 |-3.709883e+06 | 257.46%
  22100 | 22101 |218291 |   9.6 |  16G|-1.326128e+07 |-3.709883e+06 | 257.46%
  22200 | 22201 |218923 |   9.5 |  16G|-1.326128e+07 |-3.709883e+06 | 257.46%
  22300 | 22301 |219537 |   9.5 |  16G|-1.326128e+07 |-3.709883e+06 | 257.46%
  22400 | 22401 |220158 |   9.5 |  16G|-1.326128e+07 |-3.709883e+06 | 257.46%
  22500 | 22501 |220787 |   9.5 |  16G|-1.326128e+07 |-3.709883e+06 | 257.46%
  22600 | 22601 |221419 |   9.5 |  16G|-1.326128e+07 |-3.709883e+06 | 257.46%
  22700 | 22701 |222043 |   9.5 |  16G|-1.326128e+07 |-3.709883e+06 | 257.46%
  22800 | 22801 |222685 |   9.5 |  16G|-1.326128e+07 |-3.709883e+06 | 257.46%
  22900 | 22901 |223347 |   9.4 |  16G|-1.326128e+07 |-3.709883e+06 | 257.46%
  23000 | 23001 |223988 |   9.4 |  16G|-1.326127e+07 |-3.709883e+06 | 257.46%
  23100 | 23101 |224629 |   9.4 |  16G|-1.326113e+07 |-3.709883e+06 | 257.45%
  23200 | 23201 |225243 |   9.4 |  16G|-1.326112e+07 |-3.709883e+06 | 257.45%
  node  | left  |LP iter|LP it/n| mem |  dualbound   | primalbound  |  gap   
  23300 | 23301 |225877 |   9.4 |  16G|-1.326112e+07 |-3.709883e+06 | 257.45%
  23400 | 23401 |226511 |   9.4 |  16G|-1.326111e+07 |-3.709883e+06 | 257.45%
  23500 | 23501 |227149 |   9.4 |  16G|-1.326111e+07 |-3.709883e+06 | 257.45%
  23600 | 23601 |227788 |   9.4 |  16G|-1.326110e+07 |-3.709883e+06 | 257.45%
  23700 | 23701 |228424 |   9.3 |  16G|-1.326110e+07 |-3.709883e+06 | 257.45%
  23800 | 23801 |229058 |   9.3 |  16G|-1.326109e+07 |-3.709883e+06 | 257.45%
  23900 | 23901 |229709 |   9.3 |  16G|-1.326109e+07 |-3.709883e+06 | 257.45%
  24000 | 24001 |230343 |   9.3 |  16G|-1.326109e+07 |-3.709883e+06 | 257.45%
  24100 | 24101 |230977 |   9.3 |  16G|-1.326109e+07 |-3.709883e+06 | 257.45%
  24200 | 24201 |231611 |   9.3 |  16G|-1.326105e+07 |-3.709883e+06 | 257.45%
  24300 | 24301 |232245 |   9.3 |  16G|-1.326105e+07 |-3.709883e+06 | 257.45%
  24400 | 24401 |232880 |   9.3 |  17G|-1.326103e+07 |-3.709883e+06 | 257.45%
  24500 | 24501 |233503 |   9.2 |  17G|-1.326099e+07 |-3.709883e+06 | 257.45%
  24600 | 24601 |234117 |   9.2 |  17G|-1.326099e+07 |-3.709883e+06 | 257.45%
  24700 | 24701 |234731 |   9.2 |  17G|-1.326099e+07 |-3.709883e+06 | 257.45%
  node  | left  |LP iter|LP it/n| mem |  dualbound   | primalbound  |  gap   
  24800 | 24801 |235352 |   9.2 |  17G|-1.326098e+07 |-3.709883e+06 | 257.45%
  24900 | 24901 |235977 |   9.2 |  17G|-1.326098e+07 |-3.709883e+06 | 257.45%
  25000 | 25001 |236609 |   9.2 |  17G|-1.326094e+07 |-3.709883e+06 | 257.45%
  25100 | 25101 |237240 |   9.2 |  17G|-1.326093e+07 |-3.709883e+06 | 257.45%
  25200 | 25201 |237874 |   9.2 |  17G|-1.326093e+07 |-3.709883e+06 | 257.45%
  25300 | 25301 |238486 |   9.1 |  17G|-1.326093e+07 |-3.709883e+06 | 257.45%
  25400 | 25401 |239120 |   9.1 |  17G|-1.326093e+07 |-3.709883e+06 | 257.45%
  25500 | 25501 |239743 |   9.1 |  17G|-1.326093e+07 |-3.709883e+06 | 257.45%
  25600 | 25601 |240375 |   9.1 |  17G|-1.326093e+07 |-3.709883e+06 | 257.45%
  25700 | 25701 |241000 |   9.1 |  17G|-1.326093e+07 |-3.709883e+06 | 257.45%
  25800 | 25801 |241621 |   9.1 |  17G|-1.326093e+07 |-3.709883e+06 | 257.45%
  25900 | 25901 |242237 |   9.1 |  17G|-1.326093e+07 |-3.709883e+06 | 257.45%
  26000 | 26001 |242860 |   9.1 |  17G|-1.326093e+07 |-3.709883e+06 | 257.45%
  26100 | 26101 |243485 |   9.1 |  17G|-1.326093e+07 |-3.709883e+06 | 257.45%
  26200 | 26201 |244121 |   9.0 |  19G|-1.326093e+07 |-3.709883e+06 | 257.45%
  node  | left  |LP iter|LP it/n| mem |  dualbound   | primalbound  |  gap   
  26300 | 26301 |244772 |   9.0 |  19G|-1.326092e+07 |-3.709883e+06 | 257.45%
  26400 | 26401 |245402 |   9.0 |  19G|-1.326092e+07 |-3.709883e+06 | 257.45%
  26500 | 26501 |246038 |   9.0 |  19G|-1.326092e+07 |-3.709883e+06 | 257.45%
  26600 | 26601 |246672 |   9.0 |  19G|-1.326092e+07 |-3.709883e+06 | 257.45%
  26700 | 26701 |247310 |   9.0 |  19G|-1.326092e+07 |-3.709883e+06 | 257.45%
  26800 | 26801 |247931 |   9.0 |  19G|-1.326092e+07 |-3.709883e+06 | 257.45%
  26900 | 26901 |248569 |   9.0 |  19G|-1.326092e+07 |-3.709883e+06 | 257.45%
  27000 | 27001 |249207 |   9.0 |  19G|-1.326092e+07 |-3.709883e+06 | 257.45%
  27100 | 27101 |249845 |   9.0 |  19G|-1.326091e+07 |-3.709883e+06 | 257.45%
  27200 | 27201 |250476 |   9.0 |  19G|-1.326077e+07 |-3.709883e+06 | 257.44%
  27300 | 27301 |251089 |   8.9 |  19G|-1.326076e+07 |-3.709883e+06 | 257.44%
  27400 | 27401 |251725 |   8.9 |  19G|-1.326076e+07 |-3.709883e+06 | 257.44%
  27500 | 27501 |252358 |   8.9 |  19G|-1.326075e+07 |-3.709883e+06 | 257.44%
  27600 | 27601 |252992 |   8.9 |  19G|-1.326075e+07 |-3.709883e+06 | 257.44%
  27700 | 27701 |253626 |   8.9 |  19G|-1.326074e+07 |-3.709883e+06 | 257.44%
  node  | left  |LP iter|LP it/n| mem |  dualbound   | primalbound  |  gap   
  27800 | 27801 |254266 |   8.9 |  19G|-1.326074e+07 |-3.709883e+06 | 257.44%
  27900 | 27901 |254926 |   8.9 |  19G|-1.326074e+07 |-3.709883e+06 | 257.44%
  28000 | 28001 |255566 |   8.9 |  19G|-1.326074e+07 |-3.709883e+06 | 257.44%
  28100 | 28101 |256207 |   8.9 |  19G|-1.326073e+07 |-3.709883e+06 | 257.44%
  28200 | 28201 |256847 |   8.9 |  20G|-1.326073e+07 |-3.709883e+06 | 257.44%
  28300 | 28301 |257487 |   8.9 |  20G|-1.326070e+07 |-3.709883e+06 | 257.44%
  28400 | 28401 |258127 |   8.8 |  20G|-1.326069e+07 |-3.709883e+06 | 257.44%
  28500 | 28501 |258767 |   8.8 |  20G|-1.326068e+07 |-3.709883e+06 | 257.44%
  28600 | 28601 |259395 |   8.8 |  20G|-1.326064e+07 |-3.709883e+06 | 257.44%
  28700 | 28701 |260009 |   8.8 |  20G|-1.326064e+07 |-3.709883e+06 | 257.44%
  28800 | 28801 |260621 |   8.8 |  20G|-1.326063e+07 |-3.709883e+06 | 257.44%
  28900 | 28901 |261236 |   8.8 |  20G|-1.326063e+07 |-3.709883e+06 | 257.44%
  29000 | 29001 |261851 |   8.8 |  20G|-1.326063e+07 |-3.709883e+06 | 257.44%
  29100 | 29101 |262474 |   8.8 |  20G|-1.326063e+07 |-3.709883e+06 | 257.44%
  29200 | 29201 |263089 |   8.8 |  20G|-1.326062e+07 |-3.709883e+06 | 257.44%
  node  | left  |LP iter|LP it/n| mem |  dualbound   | primalbound  |  gap   
  29300 | 29301 |263725 |   8.8 |  20G|-1.326058e+07 |-3.709883e+06 | 257.44%
  29400 | 29401 |264350 |   8.8 |  20G|-1.326058e+07 |-3.709883e+06 | 257.44%
  29500 | 29501 |264963 |   8.7 |  20G|-1.326058e+07 |-3.709883e+06 | 257.44%
  29600 | 29601 |265586 |   8.7 |  20G|-1.326058e+07 |-3.709883e+06 | 257.44%
  29700 | 29701 |266202 |   8.7 |  20G|-1.326057e+07 |-3.709883e+06 | 257.44%
  29800 | 29801 |266826 |   8.7 |  20G|-1.326057e+07 |-3.709883e+06 | 257.44%
  29900 | 29901 |267451 |   8.7 |  20G|-1.326057e+07 |-3.709883e+06 | 257.44%
  30000 | 30001 |268076 |   8.7 |  20G|-1.326057e+07 |-3.709883e+06 | 257.44%
  30100 | 30101 |268713 |   8.7 |  20G|-1.326057e+07 |-3.709883e+06 | 257.44%
  30200 | 30201 |269349 |   8.7 |  20G|-1.326057e+07 |-3.709883e+06 | 257.44%
  30300 | 30301 |269974 |   8.7 |  20G|-1.326057e+07 |-3.709883e+06 | 257.44%
  30400 | 30401 |270605 |   8.7 |  20G|-1.326057e+07 |-3.709883e+06 | 257.44%
  30500 | 30501 |271232 |   8.7 |  20G|-1.326057e+07 |-3.709883e+06 | 257.44%
  30600 | 30601 |271858 |   8.7 |  20G|-1.326057e+07 |-3.709883e+06 | 257.44%
  30700 | 30701 |272494 |   8.6 |  20G|-1.326057e+07 |-3.709883e+06 | 257.44%
  node  | left  |LP iter|LP it/n| mem |  dualbound   | primalbound  |  gap   
  30800 | 30801 |273120 |   8.6 |  20G|-1.326057e+07 |-3.709883e+06 | 257.44%
  30900 | 30901 |273742 |   8.6 |  21G|-1.326056e+07 |-3.709883e+06 | 257.44%
  31000 | 31001 |274367 |   8.6 |  21G|-1.326056e+07 |-3.709883e+06 | 257.44%
  31100 | 31101 |275005 |   8.6 |  21G|-1.326056e+07 |-3.709883e+06 | 257.44%
  31200 | 31201 |275630 |   8.6 |  21G|-1.326056e+07 |-3.709883e+06 | 257.44%
  31300 | 31301 |276265 |   8.6 |  21G|-1.326056e+07 |-3.709883e+06 | 257.44%
  31400 | 31401 |276899 |   8.6 |  21G|-1.326056e+07 |-3.709883e+06 | 257.44%
  31500 | 31501 |277535 |   8.6 |  23G|-1.326056e+07 |-3.709883e+06 | 257.44%
  31600 | 31601 |278167 |   8.6 |  23G|-1.326056e+07 |-3.709883e+06 | 257.44%
  31700 | 31701 |278803 |   8.6 |  23G|-1.326056e+07 |-3.709883e+06 | 257.44%
  31800 | 31801 |279435 |   8.6 |  23G|-1.326055e+07 |-3.709883e+06 | 257.44%
  31900 | 31901 |280069 |   8.6 |  23G|-1.326042e+07 |-3.709883e+06 | 257.44%
  32000 | 32001 |280684 |   8.6 |  23G|-1.326041e+07 |-3.709883e+06 | 257.43%
  32100 | 32101 |281319 |   8.5 |  23G|-1.326040e+07 |-3.709883e+06 | 257.43%
  32200 | 32201 |281957 |   8.5 |  23G|-1.326040e+07 |-3.709883e+06 | 257.43%
  node  | left  |LP iter|LP it/n| mem |  dualbound   | primalbound  |  gap   
  32300 | 32301 |282595 |   8.5 |  23G|-1.326040e+07 |-3.709883e+06 | 257.43%
  32400 | 32401 |283236 |   8.5 |  23G|-1.326039e+07 |-3.709883e+06 | 257.43%
  32500 | 32501 |283878 |   8.5 |  23G|-1.326039e+07 |-3.709883e+06 | 257.43%
  32600 | 32601 |284530 |   8.5 |  23G|-1.326039e+07 |-3.709883e+06 | 257.43%
  32700 | 32701 |285182 |   8.5 |  23G|-1.326038e+07 |-3.709883e+06 | 257.43%
  32800 | 32801 |285834 |   8.5 |  23G|-1.326038e+07 |-3.709883e+06 | 257.43%
  32900 | 32901 |286487 |   8.5 |  23G|-1.326038e+07 |-3.709883e+06 | 257.43%
  33000 | 33001 |287135 |   8.5 |  23G|-1.326038e+07 |-3.709883e+06 | 257.43%
  33100 | 33101 |287787 |   8.5 |  23G|-1.326034e+07 |-3.709883e+06 | 257.43%
  33200 | 33201 |288439 |   8.5 |  23G|-1.326034e+07 |-3.709883e+06 | 257.43%
  33300 | 33301 |289091 |   8.5 |  23G|-1.326032e+07 |-3.709883e+06 | 257.43%
  33400 | 33401 |289725 |   8.5 |  23G|-1.326028e+07 |-3.709883e+06 | 257.43%
  33500 | 33501 |290338 |   8.5 |  23G|-1.326028e+07 |-3.709883e+06 | 257.43%
  33600 | 33601 |290954 |   8.5 |  23G|-1.326028e+07 |-3.709883e+06 | 257.43%
  33700 | 33701 |291569 |   8.4 |  23G|-1.326028e+07 |-3.709883e+06 | 257.43%
  node  | left  |LP iter|LP it/n| mem |  dualbound   | primalbound  |  gap   
  33800 | 33801 |292182 |   8.4 |  23G|-1.326028e+07 |-3.709883e+06 | 257.43%
  33900 | 33901 |292794 |   8.4 |  24G|-1.326027e+07 |-3.709883e+06 | 257.43%
  34000 | 34001 |293415 |   8.4 |  24G|-1.326027e+07 |-3.709883e+06 | 257.43%
  34100 | 34101 |294035 |   8.4 |  24G|-1.326027e+07 |-3.709883e+06 | 257.43%
  34200 | 34201 |294661 |   8.4 |  24G|-1.326027e+07 |-3.709883e+06 | 257.43%
  34300 | 34301 |295281 |   8.4 |  24G|-1.326026e+07 |-3.709883e+06 | 257.43%
  34400 | 34401 |295923 |   8.4 |  24G|-1.326022e+07 |-3.709883e+06 | 257.43%
  34500 | 34501 |296537 |   8.4 |  24G|-1.326022e+07 |-3.709883e+06 | 257.43%
  34600 | 34601 |297151 |   8.4 |  24G|-1.326022e+07 |-3.709883e+06 | 257.43%
  34700 | 34701 |297778 |   8.4 |  24G|-1.326022e+07 |-3.709883e+06 | 257.43%
  34800 | 34801 |298411 |   8.4 |  24G|-1.326022e+07 |-3.709883e+06 | 257.43%
  34900 | 34901 |299039 |   8.4 |  24G|-1.326022e+07 |-3.709883e+06 | 257.43%
  35000 | 35001 |299666 |   8.4 |  24G|-1.326022e+07 |-3.709883e+06 | 257.43%
  35100 | 35101 |300299 |   8.4 |  24G|-1.326021e+07 |-3.709883e+06 | 257.43%
  35200 | 35201 |300927 |   8.3 |  24G|-1.326021e+07 |-3.709883e+06 | 257.43%
  node  | left  |LP iter|LP it/n| mem |  dualbound   | primalbound  |  gap   
  35300 | 35301 |301541 |   8.3 |  24G|-1.326021e+07 |-3.709883e+06 | 257.43%
  35400 | 35401 |302168 |   8.3 |  24G|-1.326021e+07 |-3.709883e+06 | 257.43%
  35500 | 35501 |302810 |   8.3 |  24G|-1.326021e+07 |-3.709883e+06 | 257.43%
  35600 | 35601 |303450 |   8.3 |  24G|-1.326021e+07 |-3.709883e+06 | 257.43%
  35700 | 35701 |304070 |   8.3 |  24G|-1.326021e+07 |-3.709883e+06 | 257.43%
  35800 | 35801 |304700 |   8.3 |  24G|-1.326021e+07 |-3.709883e+06 | 257.43%
  35900 | 35901 |305341 |   8.3 |  24G|-1.326021e+07 |-3.709883e+06 | 257.43%
  36000 | 36001 |305976 |   8.3 |  24G|-1.326021e+07 |-3.709883e+06 | 257.43%
  36100 | 36101 |306604 |   8.3 |  24G|-1.326021e+07 |-3.709883e+06 | 257.43%
  36200 | 36201 |307225 |   8.3 |  24G|-1.326021e+07 |-3.709883e+06 | 257.43%
  36300 | 36301 |307856 |   8.3 |  24G|-1.326021e+07 |-3.709883e+06 | 257.43%
  36400 | 36401 |308483 |   8.3 |  24G|-1.326021e+07 |-3.709883e+06 | 257.43%
  36500 | 36501 |309111 |   8.3 |  24G|-1.326021e+07 |-3.709883e+06 | 257.43%
  36600 | 36601 |309752 |   8.3 |  25G|-1.326021e+07 |-3.709883e+06 | 257.43%
  36700 | 36701 |310389 |   8.3 |  25G|-1.326021e+07 |-3.709883e+06 | 257.43%
  node  | left  |LP iter|LP it/n| mem |  dualbound   | primalbound  |  gap   
  36800 | 36801 |311015 |   8.3 |  25G|-1.326020e+07 |-3.709883e+06 | 257.43%
  36900 | 36901 |311651 |   8.3 |  25G|-1.326020e+07 |-3.709883e+06 | 257.43%
  37000 | 37001 |312292 |   8.3 |  25G|-1.326020e+07 |-3.709883e+06 | 257.43%
  37100 | 37101 |312933 |   8.2 |  25G|-1.326020e+07 |-3.709883e+06 | 257.43%
  37200 | 37201 |313570 |   8.2 |  25G|-1.326020e+07 |-3.709883e+06 | 257.43%
  37300 | 37301 |314210 |   8.2 |  25G|-1.326007e+07 |-3.709883e+06 | 257.43%
  37400 | 37401 |314825 |   8.2 |  25G|-1.326006e+07 |-3.709883e+06 | 257.43%
  37500 | 37501 |315445 |   8.2 |  25G|-1.326005e+07 |-3.709883e+06 | 257.43%
  37600 | 37601 |316087 |   8.2 |  25G|-1.326005e+07 |-3.709883e+06 | 257.42%
  37700 | 37701 |316726 |   8.2 |  27G|-1.326005e+07 |-3.709883e+06 | 257.42%
  37800 | 37801 |317372 |   8.2 |  27G|-1.326004e+07 |-3.709883e+06 | 257.42%
  37900 | 37901 |318012 |   8.2 |  27G|-1.326004e+07 |-3.709883e+06 | 257.42%
  38000 | 38001 |318653 |   8.2 |  27G|-1.326004e+07 |-3.709883e+06 | 257.42%
  38100 | 38101 |319300 |   8.2 |  27G|-1.326003e+07 |-3.709883e+06 | 257.42%
  38200 | 38201 |319942 |   8.2 |  27G|-1.326003e+07 |-3.709883e+06 | 257.42%
  node  | left  |LP iter|LP it/n| mem |  dualbound   | primalbound  |  gap   
  38300 | 38301 |320585 |   8.2 |  27G|-1.326003e+07 |-3.709883e+06 | 257.42%
  38400 | 38401 |321227 |   8.2 |  27G|-1.326003e+07 |-3.709883e+06 | 257.42%
  38500 | 38501 |321869 |   8.2 |  27G|-1.326003e+07 |-3.709883e+06 | 257.42%
  38600 | 38601 |322493 |   8.2 |  28G|-1.325999e+07 |-3.709883e+06 | 257.42%
  38700 | 38701 |323133 |   8.2 |  28G|-1.325999e+07 |-3.709883e+06 | 257.42%
  38800 | 38801 |323776 |   8.2 |  28G|-1.325998e+07 |-3.709883e+06 | 257.42%
  38900 | 38901 |324418 |   8.2 |  28G|-1.325993e+07 |-3.709883e+06 | 257.42%
  39000 | 39001 |325032 |   8.2 |  28G|-1.325993e+07 |-3.709883e+06 | 257.42%
  39100 | 39101 |325647 |   8.1 |  28G|-1.325992e+07 |-3.709883e+06 | 257.42%
  39200 | 39201 |326259 |   8.1 |  28G|-1.325992e+07 |-3.709883e+06 | 257.42%
  39300 | 39301 |326871 |   8.1 |  28G|-1.325992e+07 |-3.709883e+06 | 257.42%
  39400 | 39401 |327487 |   8.1 |  28G|-1.325992e+07 |-3.709883e+06 | 257.42%
  39500 | 39501 |328101 |   8.1 |  28G|-1.325992e+07 |-3.709883e+06 | 257.42%
  39600 | 39601 |328721 |   8.1 |  28G|-1.325992e+07 |-3.709883e+06 | 257.42%
  39700 | 39701 |329342 |   8.1 |  28G|-1.325991e+07 |-3.709883e+06 | 257.42%
  node  | left  |LP iter|LP it/n| mem |  dualbound   | primalbound  |  gap   
  39800 | 39801 |329956 |   8.1 |  28G|-1.325991e+07 |-3.709883e+06 | 257.42%
  39900 | 39901 |330587 |   8.1 |  28G|-1.325991e+07 |-3.709883e+06 | 257.42%
  40000 | 40001 |331213 |   8.1 |  28G|-1.325991e+07 |-3.709883e+06 | 257.42%
  40100 | 40101 |331832 |   8.1 |  28G|-1.325991e+07 |-3.709883e+06 | 257.42%
  40200 | 40201 |332461 |   8.1 |  28G|-1.325991e+07 |-3.709883e+06 | 257.42%
  40300 | 40301 |333115 |   8.1 |  28G|-1.325987e+07 |-3.709883e+06 | 257.42%
  40400 | 40401 |333731 |   8.1 |  28G|-1.325986e+07 |-3.709883e+06 | 257.42%
  40500 | 40501 |334358 |   8.1 |  28G|-1.325986e+07 |-3.709883e+06 | 257.42%
  40600 | 40601 |334992 |   8.1 |  28G|-1.325986e+07 |-3.709883e+06 | 257.42%
  40700 | 40701 |335606 |   8.1 |  28G|-1.325986e+07 |-3.709883e+06 | 257.42%
  40800 | 40801 |336248 |   8.1 |  28G|-1.325986e+07 |-3.709883e+06 | 257.42%
  40900 | 40901 |336860 |   8.1 |  28G|-1.325986e+07 |-3.709883e+06 | 257.42%
  41000 | 41001 |337502 |   8.1 |  28G|-1.325986e+07 |-3.709883e+06 | 257.42%
  41100 | 41101 |338116 |   8.1 |  28G|-1.325986e+07 |-3.709883e+06 | 257.42%
  41200 | 41201 |338742 |   8.1 |  28G|-1.325986e+07 |-3.709883e+06 | 257.42%
  node  | left  |LP iter|LP it/n| mem |  dualbound   | primalbound  |  gap   
  41300 | 41301 |339380 |   8.0 |  29G|-1.325986e+07 |-3.709883e+06 | 257.42%
  41400 | 41401 |340001 |   8.0 |  29G|-1.325986e+07 |-3.709883e+06 | 257.42%
  41500 | 41501 |340633 |   8.0 |  29G|-1.325985e+07 |-3.709883e+06 | 257.42%
  41600 | 41601 |341285 |   8.0 |  29G|-1.325985e+07 |-3.709883e+06 | 257.42%
  41700 | 41701 |341930 |   8.0 |  29G|-1.325985e+07 |-3.709883e+06 | 257.42%
  41800 | 41801 |342551 |   8.0 |  29G|-1.325985e+07 |-3.709883e+06 | 257.42%
  41900 | 41901 |343180 |   8.0 |  29G|-1.325985e+07 |-3.709883e+06 | 257.42%
  42000 | 42001 |343814 |   8.0 |  29G|-1.325985e+07 |-3.709883e+06 | 257.42%
  42100 | 42101 |344440 |   8.0 |  29G|-1.325985e+07 |-3.709883e+06 | 257.42%
  42200 | 42201 |345093 |   8.0 |  29G|-1.325985e+07 |-3.709883e+06 | 257.42%
  42300 | 42301 |345736 |   8.0 |  29G|-1.325985e+07 |-3.709883e+06 | 257.42%
  42400 | 42401 |346365 |   8.0 |  29G|-1.325985e+07 |-3.709883e+06 | 257.42%
  42500 | 42501 |347003 |   8.0 |  29G|-1.325985e+07 |-3.709883e+06 | 257.42%
  42600 | 42601 |347626 |   8.0 |  29G|-1.325985e+07 |-3.709883e+06 | 257.42%
  42700 | 42701 |348259 |   8.0 |  29G|-1.325985e+07 |-3.709883e+06 | 257.42%
  node  | left  |LP iter|LP it/n| mem |  dualbound   | primalbound  |  gap   
  42800 | 42801 |348900 |   8.0 |  29G|-1.325985e+07 |-3.709883e+06 | 257.42%
  42900 | 42901 |349545 |   8.0 |  29G|-1.325985e+07 |-3.709883e+06 | 257.42%
  43000 | 43001 |350172 |   8.0 |  29G|-1.325985e+07 |-3.709883e+06 | 257.42%
  43100 | 43101 |350810 |   8.0 |  29G|-1.325985e+07 |-3.709883e+06 | 257.42%
  43200 | 43201 |351459 |   8.0 |  29G|-1.325985e+07 |-3.709883e+06 | 257.42%
  43300 | 43301 |352091 |   8.0 |  29G|-1.325984e+07 |-3.709883e+06 | 257.42%
  43400 | 43401 |352731 |   8.0 |  29G|-1.325984e+07 |-3.709883e+06 | 257.42%
  43500 | 43501 |353350 |   8.0 |  29G|-1.325984e+07 |-3.709883e+06 | 257.42%
  43600 | 43601 |353996 |   8.0 |  29G|-1.325972e+07 |-3.709883e+06 | 257.42%
  43700 | 43701 |354610 |   8.0 |  29G|-1.325970e+07 |-3.709883e+06 | 257.42%
  43800 | 43801 |355230 |   7.9 |  29G|-1.325970e+07 |-3.709883e+06 | 257.42%
  43900 | 43901 |355865 |   7.9 |  29G|-1.325969e+07 |-3.709883e+06 | 257.42%
  44000 | 44001 |356512 |   7.9 |  30G|-1.325969e+07 |-3.709883e+06 | 257.42%
  44100 | 44101 |357160 |   7.9 |  30G|-1.325969e+07 |-3.709883e+06 | 257.42%
  44200 | 44201 |357812 |   7.9 |  30G|-1.325968e+07 |-3.709883e+06 | 257.42%
  node  | left  |LP iter|LP it/n| mem |  dualbound   | primalbound  |  gap   
  44300 | 44301 |358454 |   7.9 |  30G|-1.325968e+07 |-3.709883e+06 | 257.42%
  44400 | 44401 |359094 |   7.9 |  30G|-1.325968e+07 |-3.709883e+06 | 257.42%
  44500 | 44501 |359743 |   7.9 |  30G|-1.325968e+07 |-3.709883e+06 | 257.42%
  44600 | 44601 |360383 |   7.9 |  30G|-1.325968e+07 |-3.709883e+06 | 257.41%
  44700 | 44701 |361023 |   7.9 |  30G|-1.325967e+07 |-3.709883e+06 | 257.41%
  44800 | 44801 |361643 |   7.9 |  30G|-1.325967e+07 |-3.709883e+06 | 257.41%
  44900 | 44901 |362283 |   7.9 |  30G|-1.325967e+07 |-3.709883e+06 | 257.41%
  45000 | 45001 |362923 |   7.9 |  30G|-1.325963e+07 |-3.709883e+06 | 257.41%
  45100 | 45101 |363563 |   7.9 |  30G|-1.325963e+07 |-3.709883e+06 | 257.41%
  45200 | 45201 |364203 |   7.9 |  30G|-1.325962e+07 |-3.709883e+06 | 257.41%
  45300 | 45301 |364829 |   7.9 |  33G|-1.325957e+07 |-3.709883e+06 | 257.41%
  45400 | 45401 |365441 |   7.9 |  33G|-1.325957e+07 |-3.709883e+06 | 257.41%
  45500 | 45501 |366056 |   7.9 |  33G|-1.325957e+07 |-3.709883e+06 | 257.41%
  45600 | 45601 |366670 |   7.9 |  33G|-1.325957e+07 |-3.709883e+06 | 257.41%
  45700 | 45701 |367284 |   7.9 |  33G|-1.325957e+07 |-3.709883e+06 | 257.41%
  node  | left  |LP iter|LP it/n| mem |  dualbound   | primalbound  |  gap   
  45800 | 45801 |367899 |   7.9 |  33G|-1.325957e+07 |-3.709883e+06 | 257.41%
  45900 | 45901 |368520 |   7.9 |  33G|-1.325956e+07 |-3.709883e+06 | 257.41%
  46000 | 46001 |369132 |   7.9 |  33G|-1.325956e+07 |-3.709883e+06 | 257.41%
  46100 | 46101 |369748 |   7.9 |  33G|-1.325956e+07 |-3.709883e+06 | 257.41%
  46200 | 46201 |370364 |   7.9 |  33G|-1.325956e+07 |-3.709883e+06 | 257.41%
  46300 | 46301 |370993 |   7.9 |  33G|-1.325956e+07 |-3.709883e+06 | 257.41%
  46400 | 46401 |371619 |   7.9 |  33G|-1.325956e+07 |-3.709883e+06 | 257.41%
  46500 | 46501 |372233 |   7.9 |  33G|-1.325956e+07 |-3.709883e+06 | 257.41%
  46600 | 46601 |372857 |   7.9 |  33G|-1.325956e+07 |-3.709883e+06 | 257.41%
  46700 | 46701 |373497 |   7.8 |  33G|-1.325955e+07 |-3.709883e+06 | 257.41%
  46800 | 46801 |374119 |   7.8 |  33G|-1.325955e+07 |-3.709883e+06 | 257.41%
  46900 | 46901 |374740 |   7.8 |  33G|-1.325955e+07 |-3.709883e+06 | 257.41%
  47000 | 47001 |375370 |   7.8 |  33G|-1.325955e+07 |-3.709883e+06 | 257.41%
  47100 | 47101 |376018 |   7.8 |  33G|-1.325951e+07 |-3.709883e+06 | 257.41%
  47200 | 47201 |376632 |   7.8 |  33G|-1.325951e+07 |-3.709883e+06 | 257.41%
  node  | left  |LP iter|LP it/n| mem |  dualbound   | primalbound  |  gap   
  47300 | 47301 |377245 |   7.8 |  33G|-1.325951e+07 |-3.709883e+06 | 257.41%
  47400 | 47401 |377853 |   7.8 |  33G|-1.325951e+07 |-3.709883e+06 | 257.41%
  47500 | 47501 |378485 |   7.8 |  34G|-1.325950e+07 |-3.709883e+06 | 257.41%
  47600 | 47601 |379120 |   7.8 |  34G|-1.325950e+07 |-3.709883e+06 | 257.41%
  47700 | 47701 |379739 |   7.8 |  34G|-1.325950e+07 |-3.709883e+06 | 257.41%
  47800 | 47801 |380364 |   7.8 |  34G|-1.325950e+07 |-3.709883e+06 | 257.41%
  47900 | 47901 |380999 |   7.8 |  34G|-1.325950e+07 |-3.709883e+06 | 257.41%
  48000 | 48001 |381625 |   7.8 |  34G|-1.325950e+07 |-3.709883e+06 | 257.41%
  48100 | 48101 |382259 |   7.8 |  34G|-1.325950e+07 |-3.709883e+06 | 257.41%
  48200 | 48201 |382899 |   7.8 |  34G|-1.325950e+07 |-3.709883e+06 | 257.41%
  48300 | 48301 |383534 |   7.8 |  34G|-1.325950e+07 |-3.709883e+06 | 257.41%
  48400 | 48401 |384166 |   7.8 |  34G|-1.325950e+07 |-3.709883e+06 | 257.41%
  48500 | 48501 |384813 |   7.8 |  34G|-1.325950e+07 |-3.709883e+06 | 257.41%
  48600 | 48601 |385453 |   7.8 |  34G|-1.325950e+07 |-3.709883e+06 | 257.41%
  48700 | 48701 |386060 |   7.8 |  34G|-1.325950e+07 |-3.709883e+06 | 257.41%
  node  | left  |LP iter|LP it/n| mem |  dualbound   | primalbound  |  gap   
  48800 | 48801 |386707 |   7.8 |  34G|-1.325950e+07 |-3.709883e+06 | 257.41%
  48900 | 48901 |387351 |   7.8 |  34G|-1.325950e+07 |-3.709883e+06 | 257.41%
  49000 | 49001 |387988 |   7.8 |  34G|-1.325950e+07 |-3.709883e+06 | 257.41%
  49100 | 49101 |388616 |   7.8 |  34G|-1.325949e+07 |-3.709883e+06 | 257.41%
  49200 | 49201 |389257 |   7.8 |  34G|-1.325949e+07 |-3.709883e+06 | 257.41%
  49300 | 49301 |389890 |   7.8 |  34G|-1.325949e+07 |-3.709883e+06 | 257.41%
  49400 | 49401 |390530 |   7.8 |  34G|-1.325949e+07 |-3.709883e+06 | 257.41%
  49500 | 49501 |391156 |   7.8 |  34G|-1.325949e+07 |-3.709883e+06 | 257.41%
  49600 | 49601 |391772 |   7.8 |  34G|-1.325949e+07 |-3.709883e+06 | 257.41%
  49700 | 49701 |392399 |   7.8 |  34G|-1.325949e+07 |-3.709883e+06 | 257.41%
  49800 | 49801 |393037 |   7.8 |  34G|-1.325949e+07 |-3.709883e+06 | 257.41%
  49900 | 49901 |393684 |   7.7 |  34G|-1.325949e+07 |-3.709883e+06 | 257.41%
  50000 | 50001 |394324 |   7.7 |  34G|-1.325949e+07 |-3.709883e+06 | 257.41%
  50100 | 50101 |394956 |   7.7 |  34G|-1.325949e+07 |-3.709883e+06 | 257.41%
  50200 | 50201 |395601 |   7.7 |  35G|-1.325949e+07 |-3.709883e+06 | 257.41%
  node  | left  |LP iter|LP it/n| mem |  dualbound   | primalbound  |  gap   
  50300 | 50301 |396235 |   7.7 |  35G|-1.325949e+07 |-3.709883e+06 | 257.41%
  50400 | 50401 |396875 |   7.7 |  35G|-1.325949e+07 |-3.709883e+06 | 257.41%
  50500 | 50501 |397488 |   7.7 |  35G|-1.325949e+07 |-3.709883e+06 | 257.41%
  50600 | 50601 |398123 |   7.7 |  35G|-1.325949e+07 |-3.709883e+06 | 257.41%
  50700 | 50701 |398761 |   7.7 |  35G|-1.325949e+07 |-3.709883e+06 | 257.41%
  50800 | 50801 |399401 |   7.7 |  35G|-1.325936e+07 |-3.709883e+06 | 257.41%
  50900 | 50901 |400016 |   7.7 |  35G|-1.325936e+07 |-3.709883e+06 | 257.41%
  51000 | 51001 |400636 |   7.7 |  35G|-1.325934e+07 |-3.709883e+06 | 257.41%
  51100 | 51101 |401271 |   7.7 |  35G|-1.325934e+07 |-3.709883e+06 | 257.41%
  51200 | 51201 |401916 |   7.7 |  35G|-1.325934e+07 |-3.709883e+06 | 257.41%
  51300 | 51301 |402570 |   7.7 |  35G|-1.325934e+07 |-3.709883e+06 | 257.41%
  51400 | 51401 |403197 |   7.7 |  35G|-1.325934e+07 |-3.709883e+06 | 257.41%
  51500 | 51501 |403844 |   7.7 |  35G|-1.325933e+07 |-3.709883e+06 | 257.41%
  51600 | 51601 |404498 |   7.7 |  35G|-1.325933e+07 |-3.709883e+06 | 257.41%
  51700 | 51701 |405150 |   7.7 |  35G|-1.325933e+07 |-3.709883e+06 | 257.41%
  node  | left  |LP iter|LP it/n| mem |  dualbound   | primalbound  |  gap   
  51800 | 51801 |405803 |   7.7 |  35G|-1.325933e+07 |-3.709883e+06 | 257.41%
  51900 | 51901 |406454 |   7.7 |  35G|-1.325933e+07 |-3.709883e+06 | 257.41%
  52000 | 52001 |407105 |   7.7 |  35G|-1.325932e+07 |-3.709883e+06 | 257.41%
  52100 | 52101 |407756 |   7.7 |  35G|-1.325932e+07 |-3.709883e+06 | 257.41%
  52200 | 52201 |408406 |   7.7 |  35G|-1.325928e+07 |-3.709883e+06 | 257.40%
  52300 | 52301 |409032 |   7.7 |  35G|-1.325928e+07 |-3.709883e+06 | 257.40%
  52400 | 52401 |409682 |   7.7 |  35G|-1.325928e+07 |-3.709883e+06 | 257.40%
  52500 | 52501 |410333 |   7.7 |  35G|-1.325927e+07 |-3.709883e+06 | 257.40%
  52600 | 52601 |410964 |   7.7 |  35G|-1.325922e+07 |-3.709883e+06 | 257.40%
  52700 | 52701 |411578 |   7.7 |  35G|-1.325922e+07 |-3.709883e+06 | 257.40%
  52800 | 52801 |412193 |   7.7 |  35G|-1.325921e+07 |-3.709883e+06 | 257.40%
  52900 | 52901 |412807 |   7.7 |  36G|-1.325921e+07 |-3.709883e+06 | 257.40%
  53000 | 53001 |413421 |   7.7 |  36G|-1.325921e+07 |-3.709883e+06 | 257.40%
  53100 | 53101 |414036 |   7.7 |  36G|-1.325921e+07 |-3.709883e+06 | 257.40%
  53200 | 53201 |414649 |   7.7 |  36G|-1.325921e+07 |-3.709883e+06 | 257.40%
  node  | left  |LP iter|LP it/n| mem |  dualbound   | primalbound  |  gap   
  53300 | 53301 |415264 |   7.7 |  36G|-1.325921e+07 |-3.709883e+06 | 257.40%
  53400 | 53401 |415888 |   7.7 |  36G|-1.325921e+07 |-3.709883e+06 | 257.40%
  53500 | 53501 |416503 |   7.7 |  36G|-1.325921e+07 |-3.709883e+06 | 257.40%
  53600 | 53601 |417124 |   7.7 |  36G|-1.325921e+07 |-3.709883e+06 | 257.40%
  53700 | 53701 |417738 |   7.6 |  36G|-1.325920e+07 |-3.709883e+06 | 257.40%
  53800 | 53801 |418364 |   7.6 |  36G|-1.325920e+07 |-3.709883e+06 | 257.40%
  53900 | 53901 |418986 |   7.6 |  36G|-1.325920e+07 |-3.709883e+06 | 257.40%
  54000 | 54001 |419604 |   7.6 |  36G|-1.325920e+07 |-3.709883e+06 | 257.40%
  54100 | 54101 |420238 |   7.6 |  36G|-1.325920e+07 |-3.709883e+06 | 257.40%
  54200 | 54201 |420859 |   7.6 |  36G|-1.325920e+07 |-3.709883e+06 | 257.40%
