WARNING: using JuMP.getdual in module Main conflicts with an existing identifier.
1/1 feasible solution given by solution candidate storage, new primal bound 0.000000e+00

presolving:
(round 1, fast)       0 del vars, 0 del conss, 0 add conss, 0 chg bounds, 0 chg sides, 0 chg coeffs, 20001 upgd conss, 0 impls, 0 clqs
(round 2, fast)       0 del vars, 0 del conss, 0 add conss, 48946 chg bounds, 0 chg sides, 0 chg coeffs, 20001 upgd conss, 0 impls, 0 clqs
presolving (3 rounds: 3 fast, 1 medium, 1 exhaustive):
 0 deleted vars, 0 deleted constraints, 0 added constraints, 48947 tightened bounds, 0 added holes, 0 changed sides, 0 changed coefficients
 0 implications, 0 cliques
presolved problem has 15006 variables (0 bin, 0 int, 0 impl, 15006 cont) and 20001 constraints
  20000 constraints of type <linear>
      1 constraints of type <quadratic>
Presolving Time: 743.29
transformed 1/1 original solutions to the transformed problem space

  node  | left  |LP iter|LP it/n| mem |  dualbound   | primalbound  |  gap   
      1 |     0 | 36213 |     - | 144M|-3.991605e+04 | 0.000000e+00 |    Inf 

******************************************************************************
This program contains Ipopt, a library for large-scale nonlinear optimization.
 Ipopt is released as open source code under the Eclipse Public License (EPL).
         For more information visit http://projects.coin-or.org/Ipopt
******************************************************************************

q     1 |     0 | 36213 |     - | 144M|-3.991605e+04 |-3.684740e+04 |   8.33%
      1 |     0 | 36213 |     - | 144M|-3.991605e+04 |-3.684740e+04 |   8.33%
      1 |     0 | 36213 |     - | 144M|-3.991605e+04 |-3.684740e+04 |   8.33%
      1 |     0 |398343 |     - | 145M|-3.991605e+04 |-3.684740e+04 |   8.33%
      1 |     0 |398358 |     - | 145M|-3.989822e+04 |-3.684740e+04 |   8.28%
      1 |     2 |398358 |     - | 145M|-3.989822e+04 |-3.684740e+04 |   8.28%
    100 |   101 |398696 |3661.3 | 213M|-3.989328e+04 |-3.684740e+04 |   8.27%
    200 |   201 |399041 |1823.2 | 279M|-3.989202e+04 |-3.684740e+04 |   8.26%
    300 |   301 |399418 |1214.7 | 347M|-3.989152e+04 |-3.684740e+04 |   8.26%
    400 |   401 |399782 | 911.2 | 427M|-3.989101e+04 |-3.684740e+04 |   8.26%
    500 |   501 |400098 | 729.2 | 493M|-3.989064e+04 |-3.684740e+04 |   8.26%
    600 |   601 |400430 | 608.0 | 565M|-3.989015e+04 |-3.684740e+04 |   8.26%
    700 |   701 |400763 | 521.5 | 643M|-3.989013e+04 |-3.684740e+04 |   8.26%
    800 |   801 |401111 | 456.7 | 730M|-3.988977e+04 |-3.684740e+04 |   8.26%
  node  | left  |LP iter|LP it/n| mem |  dualbound   | primalbound  |  gap   
    900 |   901 |401491 | 406.3 | 767M|-3.988964e+04 |-3.684740e+04 |   8.26%
   1000 |  1001 |401801 | 365.9 | 863M|-3.988927e+04 |-3.684740e+04 |   8.26%
   1100 |  1101 |402158 | 333.0 | 900M|-3.988926e+04 |-3.684740e+04 |   8.26%
   1200 |  1201 |402531 | 305.5 |1009M|-3.988923e+04 |-3.684740e+04 |   8.26%
   1300 |  1301 |402893 | 282.3 |1046M|-3.988889e+04 |-3.684740e+04 |   8.25%
   1400 |  1401 |403310 | 262.4 |1168M|-3.988877e+04 |-3.684740e+04 |   8.25%
   1500 |  1501 |403623 | 245.1 |1205M|-3.988875e+04 |-3.684740e+04 |   8.25%
   1600 |  1601 |403932 | 230.0 |1242M|-3.988873e+04 |-3.684740e+04 |   8.25%
   1700 |  1701 |404267 | 216.6 |1382M|-3.988839e+04 |-3.684740e+04 |   8.25%
   1800 |  1801 |404603 | 204.8 |1419M|-3.988839e+04 |-3.684740e+04 |   8.25%
   1900 |  1901 |404947 | 194.2 |1456M|-3.988838e+04 |-3.684740e+04 |   8.25%
   2000 |  2001 |405337 | 184.6 |1493M|-3.988835e+04 |-3.684740e+04 |   8.25%
   2100 |  2101 |405690 | 176.0 |1653M|-3.988823e+04 |-3.684740e+04 |   8.25%
   2200 |  2201 |406039 | 168.2 |1690M|-3.988801e+04 |-3.684740e+04 |   8.25%
   2300 |  2301 |406458 | 161.0 |1728M|-3.988789e+04 |-3.684740e+04 |   8.25%
  node  | left  |LP iter|LP it/n| mem |  dualbound   | primalbound  |  gap   
   2400 |  2401 |406805 | 154.5 |1765M|-3.988789e+04 |-3.684740e+04 |   8.25%
   2500 |  2501 |407125 | 148.4 |1949M|-3.988788e+04 |-3.684740e+04 |   8.25%
   2600 |  2601 |407443 | 142.8 |1987M|-3.988785e+04 |-3.684740e+04 |   8.25%
   2700 |  2701 |407768 | 137.7 |2024M|-3.988785e+04 |-3.684740e+04 |   8.25%
   2800 |  2801 |408162 | 132.9 |2061M|-3.988751e+04 |-3.684740e+04 |   8.25%
   2900 |  2901 |408529 | 128.4 |2098M|-3.988751e+04 |-3.684740e+04 |   8.25%
   3000 |  3001 |408918 | 124.3 |2312M|-3.988751e+04 |-3.684740e+04 |   8.25%
   3100 |  3101 |409265 | 120.4 |2349M|-3.988751e+04 |-3.684740e+04 |   8.25%
   3200 |  3201 |409658 | 116.7 |2387M|-3.988749e+04 |-3.684740e+04 |   8.25%
   3300 |  3301 |410031 | 113.3 |2424M|-3.988747e+04 |-3.684740e+04 |   8.25%
   3400 |  3401 |410368 | 110.1 |2461M|-3.988738e+04 |-3.684740e+04 |   8.25%
   3500 |  3501 |410680 | 107.0 |2513M|-3.988734e+04 |-3.684740e+04 |   8.25%
   3600 |  3601 |411033 | 104.1 |2747M|-3.988714e+04 |-3.684740e+04 |   8.25%
   3700 |  3701 |411477 | 101.4 |2785M|-3.988712e+04 |-3.684740e+04 |   8.25%
   3800 |  3801 |411837 |  98.9 |2822M|-3.988701e+04 |-3.684740e+04 |   8.25%
  node  | left  |LP iter|LP it/n| mem |  dualbound   | primalbound  |  gap   
   3900 |  3901 |412149 |  96.4 |2859M|-3.988701e+04 |-3.684740e+04 |   8.25%
   4000 |  4001 |412468 |  94.1 |2896M|-3.988701e+04 |-3.684740e+04 |   8.25%
   4100 |  4101 |412835 |  91.9 |2934M|-3.988700e+04 |-3.684740e+04 |   8.25%
   4200 |  4201 |413213 |  89.8 |2971M|-3.988700e+04 |-3.684740e+04 |   8.25%
   4300 |  4301 |413577 |  87.8 |3262M|-3.988697e+04 |-3.684740e+04 |   8.25%
   4400 |  4401 |413917 |  85.9 |3299M|-3.988697e+04 |-3.684740e+04 |   8.25%
   4500 |  4501 |414264 |  84.0 |3336M|-3.988696e+04 |-3.684740e+04 |   8.25%
   4600 |  4601 |414621 |  82.3 |3374M|-3.988677e+04 |-3.684740e+04 |   8.25%
   4700 |  4701 |415063 |  80.6 |3412M|-3.988664e+04 |-3.684740e+04 |   8.25%
   4800 |  4801 |415487 |  79.0 |3449M|-3.988664e+04 |-3.684740e+04 |   8.25%
   4900 |  4901 |415922 |  77.5 |3486M|-3.988664e+04 |-3.684740e+04 |   8.25%
   5000 |  5001 |416337 |  76.0 |3523M|-3.988663e+04 |-3.684740e+04 |   8.25%
   5100 |  5101 |416787 |  74.6 |3865M|-3.988662e+04 |-3.684740e+04 |   8.25%
   5200 |  5201 |417254 |  73.3 |3902M|-3.988660e+04 |-3.684740e+04 |   8.25%
   5300 |  5301 |417659 |  72.0 |3940M|-3.988659e+04 |-3.684740e+04 |   8.25%
  node  | left  |LP iter|LP it/n| mem |  dualbound   | primalbound  |  gap   
   5400 |  5401 |418007 |  70.7 |3977M|-3.988651e+04 |-3.684740e+04 |   8.25%
   5500 |  5501 |418375 |  69.5 |4014M|-3.988650e+04 |-3.684740e+04 |   8.25%
   5600 |  5601 |418726 |  68.3 |4051M|-3.988648e+04 |-3.684740e+04 |   8.25%
   5700 |  5701 |419055 |  67.2 |4089M|-3.988647e+04 |-3.684740e+04 |   8.25%
   5800 |  5801 |419393 |  66.1 |4126M|-3.988646e+04 |-3.684740e+04 |   8.25%
   5900 |  5901 |419689 |  65.0 |4163M|-3.988627e+04 |-3.684740e+04 |   8.25%
   6000 |  6001 |420151 |  64.0 |4200M|-3.988626e+04 |-3.684740e+04 |   8.25%
   6100 |  6101 |420653 |  63.0 |4603M|-3.988614e+04 |-3.684740e+04 |   8.25%
   6200 |  6201 |421033 |  62.1 |4640M|-3.988614e+04 |-3.684740e+04 |   8.25%
   6300 |  6301 |421414 |  61.2 |4678M|-3.988613e+04 |-3.684740e+04 |   8.25%
   6400 |  6401 |421792 |  60.3 |4715M|-3.988613e+04 |-3.684740e+04 |   8.25%
   6500 |  6501 |422178 |  59.4 |4752M|-3.988613e+04 |-3.684740e+04 |   8.25%
   6600 |  6601 |422583 |  58.5 |4789M|-3.988613e+04 |-3.684740e+04 |   8.25%
   6700 |  6701 |422965 |  57.7 |4827M|-3.988613e+04 |-3.684740e+04 |   8.25%
   6800 |  6801 |423362 |  56.9 |4864M|-3.988612e+04 |-3.684740e+04 |   8.25%
  node  | left  |LP iter|LP it/n| mem |  dualbound   | primalbound  |  gap   
   6900 |  6901 |423754 |  56.2 |4901M|-3.988612e+04 |-3.684740e+04 |   8.25%
   7000 |  7001 |424165 |  55.4 |4939M|-3.988610e+04 |-3.684740e+04 |   8.25%
   7100 |  7101 |424506 |  54.7 |4976M|-3.988609e+04 |-3.684740e+04 |   8.25%
   7200 |  7201 |424837 |  54.0 |5013M|-3.988609e+04 |-3.684740e+04 |   8.25%
   7300 |  7301 |425165 |  53.3 |5489M|-3.988609e+04 |-3.684740e+04 |   8.25%
   7400 |  7401 |425532 |  52.6 |5527M|-3.988608e+04 |-3.684740e+04 |   8.25%
   7500 |  7501 |425882 |  52.0 |5564M|-3.988597e+04 |-3.684740e+04 |   8.25%
   7600 |  7601 |426220 |  51.3 |5601M|-3.988576e+04 |-3.684740e+04 |   8.25%
   7700 |  7701 |426600 |  50.7 |5638M|-3.988576e+04 |-3.684740e+04 |   8.25%
   7800 |  7801 |426991 |  50.1 |5676M|-3.988576e+04 |-3.684740e+04 |   8.25%
   7900 |  7901 |427403 |  49.5 |5713M|-3.988576e+04 |-3.684740e+04 |   8.25%
   8000 |  8001 |427787 |  49.0 |5750M|-3.988576e+04 |-3.684740e+04 |   8.25%
   8100 |  8101 |428166 |  48.4 |5788M|-3.988575e+04 |-3.684740e+04 |   8.25%
   8200 |  8201 |428575 |  47.9 |5825M|-3.988575e+04 |-3.684740e+04 |   8.25%
   8300 |  8301 |429011 |  47.3 |5862M|-3.988575e+04 |-3.684740e+04 |   8.25%
  node  | left  |LP iter|LP it/n| mem |  dualbound   | primalbound  |  gap   
   8400 |  8401 |429452 |  46.8 |5899M|-3.988572e+04 |-3.684740e+04 |   8.25%
   8500 |  8501 |429894 |  46.3 |5937M|-3.988571e+04 |-3.684740e+04 |   8.25%
   8600 |  8601 |430314 |  45.8 |5974M|-3.988563e+04 |-3.684740e+04 |   8.25%
   8700 |  8701 |430704 |  45.3 |6011M|-3.988563e+04 |-3.684740e+04 |   8.25%
   8800 |  8801 |431090 |  44.9 |6575M|-3.988563e+04 |-3.684740e+04 |   8.25%
   8900 |  8901 |431450 |  44.4 |6612M|-3.988562e+04 |-3.684740e+04 |   8.25%
   9000 |  9001 |431806 |  44.0 |6649M|-3.988562e+04 |-3.684740e+04 |   8.25%
   9100 |  9101 |432174 |  43.5 |6687M|-3.988562e+04 |-3.684740e+04 |   8.25%
   9200 |  9201 |432522 |  43.1 |6724M|-3.988560e+04 |-3.684740e+04 |   8.25%
   9300 |  9301 |432852 |  42.7 |6761M|-3.988559e+04 |-3.684740e+04 |   8.25%
   9400 |  9401 |433185 |  42.2 |6798M|-3.988559e+04 |-3.684740e+04 |   8.25%
   9500 |  9501 |433512 |  41.8 |6836M|-3.988558e+04 |-3.684740e+04 |   8.25%
   9600 |  9601 |433849 |  41.4 |6873M|-3.988558e+04 |-3.684740e+04 |   8.25%
   9700 |  9701 |434211 |  41.0 |6910M|-3.988558e+04 |-3.684740e+04 |   8.25%
   9800 |  9801 |434700 |  40.7 |6947M|-3.988539e+04 |-3.684740e+04 |   8.24%
  node  | left  |LP iter|LP it/n| mem |  dualbound   | primalbound  |  gap   
   9900 |  9901 |435245 |  40.3 |6985M|-3.988538e+04 |-3.684740e+04 |   8.24%
  10000 | 10001 |435694 |  40.0 |7022M|-3.988526e+04 |-3.684740e+04 |   8.24%
  10100 | 10101 |436071 |  39.6 |7059M|-3.988526e+04 |-3.684740e+04 |   8.24%
  10200 | 10201 |436460 |  39.2 |7097M|-3.988526e+04 |-3.684740e+04 |   8.24%
  10300 | 10301 |436828 |  38.9 |7134M|-3.988526e+04 |-3.684740e+04 |   8.24%
  10400 | 10401 |437188 |  38.6 |7171M|-3.988526e+04 |-3.684740e+04 |   8.24%
  10500 | 10501 |437548 |  38.2 |7251M|-3.988526e+04 |-3.684740e+04 |   8.24%
  10600 | 10601 |437939 |  37.9 |7878M|-3.988526e+04 |-3.684740e+04 |   8.24%
  10700 | 10701 |438338 |  37.6 |7915M|-3.988525e+04 |-3.684740e+04 |   8.24%
  10800 | 10801 |438743 |  37.3 |7952M|-3.988525e+04 |-3.684740e+04 |   8.24%
  10900 | 10901 |439126 |  37.0 |7989M|-3.988525e+04 |-3.684740e+04 |   8.24%
  11000 | 11001 |439566 |  36.7 |8027M|-3.988525e+04 |-3.684740e+04 |   8.24%
  11100 | 11101 |439975 |  36.4 |8064M|-3.988525e+04 |-3.684740e+04 |   8.24%
  11200 | 11201 |440416 |  36.1 |8101M|-3.988525e+04 |-3.684740e+04 |   8.24%
  11300 | 11301 |440834 |  35.8 |8138M|-3.988524e+04 |-3.684740e+04 |   8.24%
  node  | left  |LP iter|LP it/n| mem |  dualbound   | primalbound  |  gap   
  11400 | 11401 |441256 |  35.5 |8176M|-3.988522e+04 |-3.684740e+04 |   8.24%
  11500 | 11501 |441683 |  35.3 |8213M|-3.988522e+04 |-3.684740e+04 |   8.24%
  11600 | 11601 |442124 |  35.0 |8250M|-3.988522e+04 |-3.684740e+04 |   8.24%
  11700 | 11701 |442572 |  34.7 |8288M|-3.988522e+04 |-3.684740e+04 |   8.24%
  11800 | 11801 |442989 |  34.5 |8325M|-3.988521e+04 |-3.684740e+04 |   8.24%
  11900 | 11901 |443422 |  34.2 |8362M|-3.988521e+04 |-3.684740e+04 |   8.24%
  12000 | 12001 |443829 |  34.0 |8399M|-3.988512e+04 |-3.684740e+04 |   8.24%
  12100 | 12101 |444176 |  33.7 |8437M|-3.988510e+04 |-3.684740e+04 |   8.24%
  12200 | 12201 |444527 |  33.5 |8474M|-3.988509e+04 |-3.684740e+04 |   8.24%
  12300 | 12301 |444865 |  33.2 |8511M|-3.988508e+04 |-3.684740e+04 |   8.24%
  12400 | 12401 |445242 |  33.0 |8549M|-3.988489e+04 |-3.684740e+04 |   8.24%
  12500 | 12501 |445656 |  32.8 |8586M|-3.988489e+04 |-3.684740e+04 |   8.24%
  12600 | 12601 |446098 |  32.5 |8623M|-3.988489e+04 |-3.684740e+04 |   8.24%
  12700 | 12701 |446572 |  32.3 |9418M|-3.988489e+04 |-3.684740e+04 |   8.24%
  12800 | 12801 |447032 |  32.1 |9456M|-3.988489e+04 |-3.684740e+04 |   8.24%
  node  | left  |LP iter|LP it/n| mem |  dualbound   | primalbound  |  gap   
  12900 | 12901 |447510 |  31.9 |9493M|-3.988489e+04 |-3.684740e+04 |   8.24%
  13000 | 13001 |448001 |  31.7 |9530M|-3.988489e+04 |-3.684740e+04 |   8.24%
  13100 | 13101 |448431 |  31.5 |9568M|-3.988488e+04 |-3.684740e+04 |   8.24%
  13200 | 13201 |448890 |  31.3 |9605M|-3.988488e+04 |-3.684740e+04 |   8.24%
  13300 | 13301 |449353 |  31.1 |9642M|-3.988487e+04 |-3.684740e+04 |   8.24%
  13400 | 13401 |449811 |  30.9 |9679M|-3.988485e+04 |-3.684740e+04 |   8.24%
  13500 | 13501 |450258 |  30.7 |9717M|-3.988485e+04 |-3.684740e+04 |   8.24%
  13600 | 13601 |450714 |  30.5 |9754M|-3.988476e+04 |-3.684740e+04 |   8.24%
  13700 | 13701 |451142 |  30.3 |9791M|-3.988476e+04 |-3.684740e+04 |   8.24%
  13800 | 13801 |451562 |  30.1 |9828M|-3.988476e+04 |-3.684740e+04 |   8.24%
  13900 | 13901 |451998 |  29.9 |9866M|-3.988475e+04 |-3.684740e+04 |   8.24%
  14000 | 14001 |452437 |  29.7 |9903M|-3.988475e+04 |-3.684740e+04 |   8.24%
  14100 | 14101 |452868 |  29.6 |9941M|-3.988475e+04 |-3.684740e+04 |   8.24%
  14200 | 14201 |453301 |  29.4 |9978M|-3.988475e+04 |-3.684740e+04 |   8.24%
  14300 | 14301 |453685 |  29.2 |  10G|-3.988475e+04 |-3.684740e+04 |   8.24%
  node  | left  |LP iter|LP it/n| mem |  dualbound   | primalbound  |  gap   
  14400 | 14401 |454035 |  29.0 |  10G|-3.988475e+04 |-3.684740e+04 |   8.24%
  14500 | 14501 |454417 |  28.8 |  10G|-3.988475e+04 |-3.684740e+04 |   8.24%
  14600 | 14601 |454779 |  28.7 |  10G|-3.988474e+04 |-3.684740e+04 |   8.24%
  14700 | 14701 |455198 |  28.5 |  10G|-3.988474e+04 |-3.684740e+04 |   8.24%
  14800 | 14801 |455609 |  28.3 |  10G|-3.988474e+04 |-3.684740e+04 |   8.24%
  14900 | 14901 |455997 |  28.2 |  10G|-3.988472e+04 |-3.684740e+04 |   8.24%
  15000 | 15001 |456361 |  28.0 |  10G|-3.988472e+04 |-3.684740e+04 |   8.24%
  15100 | 15101 |456716 |  27.8 |  10G|-3.988472e+04 |-3.684740e+04 |   8.24%
  15200 | 15201 |457079 |  27.7 |  11G|-3.988471e+04 |-3.684740e+04 |   8.24%
  15300 | 15301 |457431 |  27.5 |  11G|-3.988471e+04 |-3.684740e+04 |   8.24%
  15400 | 15401 |457836 |  27.4 |  11G|-3.988471e+04 |-3.684740e+04 |   8.24%
  15500 | 15501 |458207 |  27.2 |  11G|-3.988471e+04 |-3.684740e+04 |   8.24%
  15600 | 15601 |458587 |  27.1 |  11G|-3.988471e+04 |-3.684740e+04 |   8.24%
  15700 | 15701 |458949 |  26.9 |  11G|-3.988471e+04 |-3.684740e+04 |   8.24%
  15800 | 15801 |459317 |  26.8 |  11G|-3.988470e+04 |-3.684740e+04 |   8.24%
  node  | left  |LP iter|LP it/n| mem |  dualbound   | primalbound  |  gap   
  15900 | 15901 |459754 |  26.6 |  11G|-3.988453e+04 |-3.684740e+04 |   8.24%
  16000 | 16001 |460239 |  26.5 |  11G|-3.988453e+04 |-3.684740e+04 |   8.24%
  16100 | 16101 |460729 |  26.4 |  11G|-3.988439e+04 |-3.684740e+04 |   8.24%
  16200 | 16201 |461158 |  26.2 |  11G|-3.988439e+04 |-3.684740e+04 |   8.24%
  16300 | 16301 |461595 |  26.1 |  11G|-3.988438e+04 |-3.684740e+04 |   8.24%
  16400 | 16401 |462022 |  26.0 |  11G|-3.988438e+04 |-3.684740e+04 |   8.24%
  16500 | 16501 |462453 |  25.8 |  11G|-3.988438e+04 |-3.684740e+04 |   8.24%
  16600 | 16601 |462865 |  25.7 |  11G|-3.988438e+04 |-3.684740e+04 |   8.24%
  16700 | 16701 |463257 |  25.6 |  11G|-3.988438e+04 |-3.684740e+04 |   8.24%
  16800 | 16801 |463661 |  25.4 |  11G|-3.988438e+04 |-3.684740e+04 |   8.24%
  16900 | 16901 |464094 |  25.3 |  11G|-3.988438e+04 |-3.684740e+04 |   8.24%
  17000 | 17001 |464544 |  25.2 |  11G|-3.988438e+04 |-3.684740e+04 |   8.24%
  17100 | 17101 |464968 |  25.1 |  11G|-3.988438e+04 |-3.684740e+04 |   8.24%
  17200 | 17201 |465388 |  25.0 |  12G|-3.988438e+04 |-3.684740e+04 |   8.24%
  17300 | 17301 |465790 |  24.8 |  12G|-3.988438e+04 |-3.684740e+04 |   8.24%
  node  | left  |LP iter|LP it/n| mem |  dualbound   | primalbound  |  gap   
  17400 | 17401 |466231 |  24.7 |  12G|-3.988438e+04 |-3.684740e+04 |   8.24%
  17500 | 17501 |466628 |  24.6 |  12G|-3.988438e+04 |-3.684740e+04 |   8.24%
  17600 | 17601 |467059 |  24.5 |  12G|-3.988438e+04 |-3.684740e+04 |   8.24%
  17700 | 17701 |467473 |  24.4 |  12G|-3.988437e+04 |-3.684740e+04 |   8.24%
  17800 | 17801 |467904 |  24.3 |  12G|-3.988437e+04 |-3.684740e+04 |   8.24%
  17900 | 17901 |468328 |  24.1 |  12G|-3.988437e+04 |-3.684740e+04 |   8.24%
  18000 | 18001 |468770 |  24.0 |  12G|-3.988437e+04 |-3.684740e+04 |   8.24%
  18100 | 18101 |469200 |  23.9 |  12G|-3.988437e+04 |-3.684740e+04 |   8.24%
  18200 | 18201 |469624 |  23.8 |  13G|-3.988436e+04 |-3.684740e+04 |   8.24%
  18300 | 18301 |470039 |  23.7 |  13G|-3.988435e+04 |-3.684740e+04 |   8.24%
  18400 | 18401 |470405 |  23.6 |  13G|-3.988434e+04 |-3.684740e+04 |   8.24%
  18500 | 18501 |470814 |  23.5 |  13G|-3.988434e+04 |-3.684740e+04 |   8.24%
  18600 | 18601 |471227 |  23.4 |  13G|-3.988434e+04 |-3.684740e+04 |   8.24%
  18700 | 18701 |471617 |  23.3 |  13G|-3.988434e+04 |-3.684740e+04 |   8.24%
  18800 | 18801 |471998 |  23.2 |  13G|-3.988434e+04 |-3.684740e+04 |   8.24%
  node  | left  |LP iter|LP it/n| mem |  dualbound   | primalbound  |  gap   
  18900 | 18901 |472415 |  23.1 |  13G|-3.988434e+04 |-3.684740e+04 |   8.24%
  19000 | 19001 |472859 |  23.0 |  13G|-3.988433e+04 |-3.684740e+04 |   8.24%
  19100 | 19101 |473290 |  22.9 |  13G|-3.988425e+04 |-3.684740e+04 |   8.24%
  19200 | 19201 |473712 |  22.8 |  13G|-3.988425e+04 |-3.684740e+04 |   8.24%
  19300 | 19301 |474137 |  22.7 |  13G|-3.988424e+04 |-3.684740e+04 |   8.24%
  19400 | 19401 |474545 |  22.6 |  13G|-3.988424e+04 |-3.684740e+04 |   8.24%
  19500 | 19501 |474951 |  22.5 |  13G|-3.988422e+04 |-3.684740e+04 |   8.24%
  19600 | 19601 |475351 |  22.4 |  13G|-3.988421e+04 |-3.684740e+04 |   8.24%
  19700 | 19701 |475765 |  22.3 |  14G|-3.988421e+04 |-3.684740e+04 |   8.24%
  19800 | 19801 |476124 |  22.2 |  14G|-3.988421e+04 |-3.684740e+04 |   8.24%
  19900 | 19901 |476469 |  22.1 |  14G|-3.988420e+04 |-3.684740e+04 |   8.24%
  20000 | 20001 |476877 |  22.0 |  14G|-3.988420e+04 |-3.684740e+04 |   8.24%
  20100 | 20101 |477293 |  21.9 |  14G|-3.988420e+04 |-3.684740e+04 |   8.24%
  20200 | 20201 |477719 |  21.9 |  14G|-3.988402e+04 |-3.684740e+04 |   8.24%
  20300 | 20301 |478140 |  21.8 |  14G|-3.988402e+04 |-3.684740e+04 |   8.24%
  node  | left  |LP iter|LP it/n| mem |  dualbound   | primalbound  |  gap   
  20400 | 20401 |478669 |  21.7 |  14G|-3.988402e+04 |-3.684740e+04 |   8.24%
  20500 | 20501 |479181 |  21.6 |  14G|-3.988402e+04 |-3.684740e+04 |   8.24%
  20600 | 20601 |479712 |  21.5 |  14G|-3.988402e+04 |-3.684740e+04 |   8.24%
  20700 | 20701 |480259 |  21.5 |  14G|-3.988402e+04 |-3.684740e+04 |   8.24%
  20800 | 20801 |480785 |  21.4 |  14G|-3.988402e+04 |-3.684740e+04 |   8.24%
  20900 | 20901 |481329 |  21.3 |  14G|-3.988402e+04 |-3.684740e+04 |   8.24%
  21000 | 21001 |481830 |  21.2 |  14G|-3.988401e+04 |-3.684740e+04 |   8.24%
  21100 | 21101 |482377 |  21.1 |  14G|-3.988401e+04 |-3.684740e+04 |   8.24%
  21200 | 21201 |482926 |  21.1 |  14G|-3.988401e+04 |-3.684740e+04 |   8.24%
  21300 | 21301 |483446 |  21.0 |  14G|-3.988401e+04 |-3.684740e+04 |   8.24%
  21400 | 21401 |483950 |  20.9 |  14G|-3.988398e+04 |-3.684740e+04 |   8.24%
  21500 | 21501 |484421 |  20.8 |  14G|-3.988398e+04 |-3.684740e+04 |   8.24%
  21600 | 21601 |484938 |  20.8 |  14G|-3.988389e+04 |-3.684740e+04 |   8.24%
  21700 | 21701 |485324 |  20.7 |  14G|-3.988388e+04 |-3.684740e+04 |   8.24%
  21800 | 21801 |485694 |  20.6 |  14G|-3.988388e+04 |-3.684740e+04 |   8.24%
  node  | left  |LP iter|LP it/n| mem |  dualbound   | primalbound  |  gap   
  21900 | 21901 |486059 |  20.5 |  16G|-3.988388e+04 |-3.684740e+04 |   8.24%
  22000 | 22001 |486428 |  20.5 |  16G|-3.988388e+04 |-3.684740e+04 |   8.24%
  22100 | 22101 |486791 |  20.4 |  16G|-3.988388e+04 |-3.684740e+04 |   8.24%
  22200 | 22201 |487163 |  20.3 |  16G|-3.988388e+04 |-3.684740e+04 |   8.24%
  22300 | 22301 |487537 |  20.2 |  16G|-3.988388e+04 |-3.684740e+04 |   8.24%
  22400 | 22401 |487918 |  20.2 |  16G|-3.988388e+04 |-3.684740e+04 |   8.24%
  22500 | 22501 |488316 |  20.1 |  16G|-3.988388e+04 |-3.684740e+04 |   8.24%
  22600 | 22601 |488713 |  20.0 |  16G|-3.988388e+04 |-3.684740e+04 |   8.24%
  22700 | 22701 |489081 |  20.0 |  16G|-3.988388e+04 |-3.684740e+04 |   8.24%
  22800 | 22801 |489463 |  19.9 |  16G|-3.988388e+04 |-3.684740e+04 |   8.24%
  22900 | 22901 |489840 |  19.8 |  16G|-3.988388e+04 |-3.684740e+04 |   8.24%
  23000 | 23001 |490258 |  19.7 |  16G|-3.988387e+04 |-3.684740e+04 |   8.24%
  23100 | 23101 |490686 |  19.7 |  16G|-3.988387e+04 |-3.684740e+04 |   8.24%
  23200 | 23201 |491121 |  19.6 |  16G|-3.988387e+04 |-3.684740e+04 |   8.24%
  23300 | 23301 |491554 |  19.5 |  16G|-3.988387e+04 |-3.684740e+04 |   8.24%
  node  | left  |LP iter|LP it/n| mem |  dualbound   | primalbound  |  gap   
  23400 | 23401 |491993 |  19.5 |  16G|-3.988387e+04 |-3.684740e+04 |   8.24%
  23500 | 23501 |492420 |  19.4 |  16G|-3.988387e+04 |-3.684740e+04 |   8.24%
  23600 | 23601 |492854 |  19.3 |  16G|-3.988387e+04 |-3.684740e+04 |   8.24%
  23700 | 23701 |493270 |  19.3 |  16G|-3.988386e+04 |-3.684740e+04 |   8.24%
  23800 | 23801 |493687 |  19.2 |  16G|-3.988386e+04 |-3.684740e+04 |   8.24%
  23900 | 23901 |494092 |  19.2 |  16G|-3.988386e+04 |-3.684740e+04 |   8.24%
  24000 | 24001 |494503 |  19.1 |  16G|-3.988385e+04 |-3.684740e+04 |   8.24%
  24100 | 24101 |494920 |  19.0 |  16G|-3.988384e+04 |-3.684740e+04 |   8.24%
  24200 | 24201 |495338 |  19.0 |  17G|-3.988384e+04 |-3.684740e+04 |   8.24%
  24300 | 24301 |495759 |  18.9 |  17G|-3.988384e+04 |-3.684740e+04 |   8.24%
  24400 | 24401 |496178 |  18.9 |  17G|-3.988384e+04 |-3.684740e+04 |   8.24%
  24500 | 24501 |496595 |  18.8 |  17G|-3.988384e+04 |-3.684740e+04 |   8.24%
  24600 | 24601 |497005 |  18.7 |  17G|-3.988384e+04 |-3.684740e+04 |   8.24%
  24700 | 24701 |497429 |  18.7 |  17G|-3.988384e+04 |-3.684740e+04 |   8.24%
  24800 | 24801 |497889 |  18.6 |  17G|-3.988384e+04 |-3.684740e+04 |   8.24%
  node  | left  |LP iter|LP it/n| mem |  dualbound   | primalbound  |  gap   
  24900 | 24901 |498341 |  18.6 |  17G|-3.988384e+04 |-3.684740e+04 |   8.24%
  25000 | 25001 |498779 |  18.5 |  17G|-3.988384e+04 |-3.684740e+04 |   8.24%
  25100 | 25101 |499214 |  18.4 |  17G|-3.988383e+04 |-3.684740e+04 |   8.24%
  25200 | 25201 |499635 |  18.4 |  17G|-3.988383e+04 |-3.684740e+04 |   8.24%
  25300 | 25301 |500042 |  18.3 |  17G|-3.988383e+04 |-3.684740e+04 |   8.24%
  25400 | 25401 |500458 |  18.3 |  17G|-3.988383e+04 |-3.684740e+04 |   8.24%
  25500 | 25501 |500878 |  18.2 |  17G|-3.988382e+04 |-3.684740e+04 |   8.24%
  25600 | 25601 |501290 |  18.2 |  17G|-3.988374e+04 |-3.684740e+04 |   8.24%
  25700 | 25701 |501643 |  18.1 |  17G|-3.988370e+04 |-3.684740e+04 |   8.24%
  25800 | 25801 |502191 |  18.1 |  17G|-3.988367e+04 |-3.684740e+04 |   8.24%
  25900 | 25901 |502710 |  18.0 |  17G|-3.988366e+04 |-3.684740e+04 |   8.24%
  26000 | 26001 |503238 |  18.0 |  17G|-3.988351e+04 |-3.684740e+04 |   8.24%
  26100 | 26101 |503688 |  17.9 |  17G|-3.988351e+04 |-3.684740e+04 |   8.24%
  26200 | 26201 |504117 |  17.9 |  19G|-3.988351e+04 |-3.684740e+04 |   8.24%
  26300 | 26301 |504559 |  17.8 |  19G|-3.988351e+04 |-3.684740e+04 |   8.24%
  node  | left  |LP iter|LP it/n| mem |  dualbound   | primalbound  |  gap   
  26400 | 26401 |504978 |  17.8 |  19G|-3.988351e+04 |-3.684740e+04 |   8.24%
  26500 | 26501 |505404 |  17.7 |  19G|-3.988351e+04 |-3.684740e+04 |   8.24%
  26600 | 26601 |505846 |  17.7 |  19G|-3.988351e+04 |-3.684740e+04 |   8.24%
  26700 | 26701 |506306 |  17.6 |  19G|-3.988351e+04 |-3.684740e+04 |   8.24%
  26800 | 26801 |506738 |  17.6 |  19G|-3.988351e+04 |-3.684740e+04 |   8.24%
  26900 | 26901 |507150 |  17.5 |  19G|-3.988351e+04 |-3.684740e+04 |   8.24%
  27000 | 27001 |507554 |  17.5 |  19G|-3.988351e+04 |-3.684740e+04 |   8.24%
  27100 | 27101 |507958 |  17.4 |  19G|-3.988351e+04 |-3.684740e+04 |   8.24%
  27200 | 27201 |508361 |  17.4 |  19G|-3.988351e+04 |-3.684740e+04 |   8.24%
  27300 | 27301 |508769 |  17.3 |  19G|-3.988351e+04 |-3.684740e+04 |   8.24%
  27400 | 27401 |509173 |  17.3 |  19G|-3.988351e+04 |-3.684740e+04 |   8.24%
  27500 | 27501 |509596 |  17.2 |  19G|-3.988351e+04 |-3.684740e+04 |   8.24%
  27600 | 27601 |510016 |  17.2 |  19G|-3.988350e+04 |-3.684740e+04 |   8.24%
  27700 | 27701 |510438 |  17.1 |  19G|-3.988350e+04 |-3.684740e+04 |   8.24%
  27800 | 27801 |510849 |  17.1 |  19G|-3.988350e+04 |-3.684740e+04 |   8.24%
  node  | left  |LP iter|LP it/n| mem |  dualbound   | primalbound  |  gap   
  27900 | 27901 |511316 |  17.0 |  19G|-3.988350e+04 |-3.684740e+04 |   8.24%
  28000 | 28001 |511775 |  17.0 |  20G|-3.988350e+04 |-3.684740e+04 |   8.24%
  28100 | 28101 |512245 |  16.9 |  20G|-3.988350e+04 |-3.684740e+04 |   8.24%
  28200 | 28201 |512697 |  16.9 |  20G|-3.988350e+04 |-3.684740e+04 |   8.24%
  28300 | 28301 |513162 |  16.9 |  20G|-3.988350e+04 |-3.684740e+04 |   8.24%
  28400 | 28401 |513631 |  16.8 |  20G|-3.988350e+04 |-3.684740e+04 |   8.24%
  28500 | 28501 |514146 |  16.8 |  20G|-3.988350e+04 |-3.684740e+04 |   8.24%
  28600 | 28601 |514647 |  16.7 |  20G|-3.988350e+04 |-3.684740e+04 |   8.24%
  28700 | 28701 |515160 |  16.7 |  20G|-3.988350e+04 |-3.684740e+04 |   8.24%
  28800 | 28801 |515665 |  16.6 |  20G|-3.988350e+04 |-3.684740e+04 |   8.24%
  28900 | 28901 |516164 |  16.6 |  20G|-3.988350e+04 |-3.684740e+04 |   8.24%
  29000 | 29001 |516665 |  16.6 |  20G|-3.988349e+04 |-3.684740e+04 |   8.24%
  29100 | 29101 |517159 |  16.5 |  20G|-3.988349e+04 |-3.684740e+04 |   8.24%
  29200 | 29201 |517658 |  16.5 |  20G|-3.988347e+04 |-3.684740e+04 |   8.24%
  29300 | 29301 |518168 |  16.4 |  20G|-3.988347e+04 |-3.684740e+04 |   8.24%
  node  | left  |LP iter|LP it/n| mem |  dualbound   | primalbound  |  gap   
  29400 | 29401 |518682 |  16.4 |  20G|-3.988347e+04 |-3.684740e+04 |   8.24%
  29500 | 29501 |519187 |  16.4 |  20G|-3.988347e+04 |-3.684740e+04 |   8.24%
  29600 | 29601 |519689 |  16.3 |  20G|-3.988347e+04 |-3.684740e+04 |   8.24%
  29700 | 29701 |520185 |  16.3 |  20G|-3.988347e+04 |-3.684740e+04 |   8.24%
  29800 | 29801 |520695 |  16.3 |  20G|-3.988346e+04 |-3.684740e+04 |   8.24%
  29900 | 29901 |521187 |  16.2 |  20G|-3.988346e+04 |-3.684740e+04 |   8.24%
  30000 | 30001 |521660 |  16.2 |  20G|-3.988346e+04 |-3.684740e+04 |   8.24%
  30100 | 30101 |522145 |  16.1 |  20G|-3.988346e+04 |-3.684740e+04 |   8.24%
  30200 | 30201 |522617 |  16.1 |  20G|-3.988339e+04 |-3.684740e+04 |   8.24%
  30300 | 30301 |522974 |  16.1 |  20G|-3.988338e+04 |-3.684740e+04 |   8.24%
  30400 | 30401 |523346 |  16.0 |  20G|-3.988338e+04 |-3.684740e+04 |   8.24%
  30500 | 30501 |523718 |  16.0 |  20G|-3.988338e+04 |-3.684740e+04 |   8.24%
  30600 | 30601 |524096 |  15.9 |  20G|-3.988337e+04 |-3.684740e+04 |   8.24%
  30700 | 30701 |524506 |  15.9 |  21G|-3.988337e+04 |-3.684740e+04 |   8.24%
  30800 | 30801 |524907 |  15.9 |  21G|-3.988337e+04 |-3.684740e+04 |   8.24%
  node  | left  |LP iter|LP it/n| mem |  dualbound   | primalbound  |  gap   
  30900 | 30901 |525297 |  15.8 |  21G|-3.988337e+04 |-3.684740e+04 |   8.24%
  31000 | 31001 |525685 |  15.8 |  21G|-3.988336e+04 |-3.684740e+04 |   8.24%
  31100 | 31101 |526078 |  15.8 |  21G|-3.988336e+04 |-3.684740e+04 |   8.24%
  31200 | 31201 |526469 |  15.7 |  21G|-3.988336e+04 |-3.684740e+04 |   8.24%
  31300 | 31301 |526862 |  15.7 |  21G|-3.988334e+04 |-3.684740e+04 |   8.24%
  31400 | 31401 |527303 |  15.6 |  21G|-3.988334e+04 |-3.684740e+04 |   8.24%
  31500 | 31501 |527701 |  15.6 |  23G|-3.988334e+04 |-3.684740e+04 |   8.24%
  31600 | 31601 |528082 |  15.6 |  23G|-3.988334e+04 |-3.684740e+04 |   8.24%
  31700 | 31701 |528491 |  15.5 |  23G|-3.988334e+04 |-3.684740e+04 |   8.24%
  31800 | 31801 |528925 |  15.5 |  23G|-3.988334e+04 |-3.684740e+04 |   8.24%
  31900 | 31901 |529347 |  15.5 |  23G|-3.988334e+04 |-3.684740e+04 |   8.24%
  32000 | 32001 |529734 |  15.4 |  23G|-3.988333e+04 |-3.684740e+04 |   8.24%
  32100 | 32101 |530112 |  15.4 |  23G|-3.988333e+04 |-3.684740e+04 |   8.24%
  32200 | 32201 |530489 |  15.4 |  23G|-3.988333e+04 |-3.684740e+04 |   8.24%
  32300 | 32301 |530858 |  15.3 |  23G|-3.988333e+04 |-3.684740e+04 |   8.24%
  node  | left  |LP iter|LP it/n| mem |  dualbound   | primalbound  |  gap   
  32400 | 32401 |531239 |  15.3 |  23G|-3.988332e+04 |-3.684740e+04 |   8.24%
  32500 | 32501 |531619 |  15.2 |  23G|-3.988332e+04 |-3.684740e+04 |   8.24%
  32600 | 32601 |531995 |  15.2 |  23G|-3.988332e+04 |-3.684740e+04 |   8.24%
  32700 | 32701 |532402 |  15.2 |  23G|-3.988318e+04 |-3.684740e+04 |   8.24%
  32800 | 32801 |532924 |  15.1 |  23G|-3.988318e+04 |-3.684740e+04 |   8.24%
  32900 | 32901 |533425 |  15.1 |  23G|-3.988316e+04 |-3.684740e+04 |   8.24%
  33000 | 33001 |533912 |  15.1 |  23G|-3.988316e+04 |-3.684740e+04 |   8.24%
  33100 | 33101 |534406 |  15.1 |  23G|-3.988316e+04 |-3.684740e+04 |   8.24%
  33200 | 33201 |534823 |  15.0 |  23G|-3.988316e+04 |-3.684740e+04 |   8.24%
  33300 | 33301 |535274 |  15.0 |  23G|-3.988316e+04 |-3.684740e+04 |   8.24%
  33400 | 33401 |535775 |  15.0 |  23G|-3.988316e+04 |-3.684740e+04 |   8.24%
  33500 | 33501 |536285 |  14.9 |  23G|-3.988316e+04 |-3.684740e+04 |   8.24%
  33600 | 33601 |536786 |  14.9 |  23G|-3.988316e+04 |-3.684740e+04 |   8.24%
  33700 | 33701 |537305 |  14.9 |  24G|-3.988316e+04 |-3.684740e+04 |   8.24%
  33800 | 33801 |537796 |  14.8 |  24G|-3.988315e+04 |-3.684740e+04 |   8.24%
  node  | left  |LP iter|LP it/n| mem |  dualbound   | primalbound  |  gap   
  33900 | 33901 |538314 |  14.8 |  24G|-3.988315e+04 |-3.684740e+04 |   8.24%
  34000 | 34001 |538850 |  14.8 |  24G|-3.988315e+04 |-3.684740e+04 |   8.24%
  34100 | 34101 |539376 |  14.8 |  24G|-3.988314e+04 |-3.684740e+04 |   8.24%
  34200 | 34201 |539908 |  14.7 |  24G|-3.988314e+04 |-3.684740e+04 |   8.24%
  34300 | 34301 |540451 |  14.7 |  24G|-3.988312e+04 |-3.684740e+04 |   8.24%
  34400 | 34401 |540984 |  14.7 |  24G|-3.988312e+04 |-3.684740e+04 |   8.24%
  34500 | 34501 |541532 |  14.6 |  24G|-3.988301e+04 |-3.684740e+04 |   8.24%
  34600 | 34601 |541982 |  14.6 |  24G|-3.988301e+04 |-3.684740e+04 |   8.24%
  34700 | 34701 |542428 |  14.6 |  24G|-3.988301e+04 |-3.684740e+04 |   8.24%
  34800 | 34801 |542869 |  14.6 |  24G|-3.988301e+04 |-3.684740e+04 |   8.24%
  34900 | 34901 |543305 |  14.5 |  24G|-3.988301e+04 |-3.684740e+04 |   8.24%
  35000 | 35001 |543753 |  14.5 |  24G|-3.988301e+04 |-3.684740e+04 |   8.24%
  35100 | 35101 |544205 |  14.5 |  24G|-3.988301e+04 |-3.684740e+04 |   8.24%
  35200 | 35201 |544641 |  14.4 |  24G|-3.988301e+04 |-3.684740e+04 |   8.24%
  35300 | 35301 |545089 |  14.4 |  24G|-3.988301e+04 |-3.684740e+04 |   8.24%
  node  | left  |LP iter|LP it/n| mem |  dualbound   | primalbound  |  gap   
  35400 | 35401 |545541 |  14.4 |  24G|-3.988301e+04 |-3.684740e+04 |   8.24%
  35500 | 35501 |545986 |  14.4 |  24G|-3.988301e+04 |-3.684740e+04 |   8.24%
  35600 | 35601 |546420 |  14.3 |  24G|-3.988301e+04 |-3.684740e+04 |   8.24%
  35700 | 35701 |546830 |  14.3 |  24G|-3.988301e+04 |-3.684740e+04 |   8.24%
  35800 | 35801 |547240 |  14.3 |  24G|-3.988301e+04 |-3.684740e+04 |   8.24%
  35900 | 35901 |547651 |  14.2 |  24G|-3.988300e+04 |-3.684740e+04 |   8.24%
  36000 | 36001 |548101 |  14.2 |  24G|-3.988300e+04 |-3.684740e+04 |   8.24%
  36100 | 36101 |548538 |  14.2 |  24G|-3.988300e+04 |-3.684740e+04 |   8.24%
  36200 | 36201 |549020 |  14.2 |  24G|-3.988300e+04 |-3.684740e+04 |   8.24%
  36300 | 36301 |549464 |  14.1 |  24G|-3.988300e+04 |-3.684740e+04 |   8.24%
  36400 | 36401 |549904 |  14.1 |  25G|-3.988300e+04 |-3.684740e+04 |   8.24%
  36500 | 36501 |550353 |  14.1 |  25G|-3.988300e+04 |-3.684740e+04 |   8.24%
  36600 | 36601 |550797 |  14.1 |  25G|-3.988300e+04 |-3.684740e+04 |   8.24%
  36700 | 36701 |551239 |  14.0 |  25G|-3.988300e+04 |-3.684740e+04 |   8.24%
  36800 | 36801 |551685 |  14.0 |  25G|-3.988300e+04 |-3.684740e+04 |   8.24%
  node  | left  |LP iter|LP it/n| mem |  dualbound   | primalbound  |  gap   
  36900 | 36901 |552120 |  14.0 |  25G|-3.988300e+04 |-3.684740e+04 |   8.24%
  37000 | 37001 |552530 |  14.0 |  25G|-3.988300e+04 |-3.684740e+04 |   8.24%
  37100 | 37101 |552921 |  13.9 |  25G|-3.988300e+04 |-3.684740e+04 |   8.24%
  37200 | 37201 |553349 |  13.9 |  25G|-3.988299e+04 |-3.684740e+04 |   8.24%
  37300 | 37301 |553745 |  13.9 |  25G|-3.988299e+04 |-3.684740e+04 |   8.24%
  37400 | 37401 |554137 |  13.8 |  25G|-3.988299e+04 |-3.684740e+04 |   8.24%
  37500 | 37501 |554552 |  13.8 |  25G|-3.988299e+04 |-3.684740e+04 |   8.24%
  37600 | 37601 |554951 |  13.8 |  25G|-3.988299e+04 |-3.684740e+04 |   8.24%
  37700 | 37701 |555363 |  13.8 |  27G|-3.988299e+04 |-3.684740e+04 |   8.24%
  37800 | 37801 |555750 |  13.7 |  27G|-3.988299e+04 |-3.684740e+04 |   8.24%
  37900 | 37901 |556153 |  13.7 |  27G|-3.988299e+04 |-3.684740e+04 |   8.24%
  38000 | 38001 |556538 |  13.7 |  27G|-3.988299e+04 |-3.684740e+04 |   8.24%
  38100 | 38101 |556980 |  13.7 |  27G|-3.988299e+04 |-3.684740e+04 |   8.24%
  38200 | 38201 |557375 |  13.6 |  27G|-3.988299e+04 |-3.684740e+04 |   8.24%
  38300 | 38301 |557821 |  13.6 |  27G|-3.988299e+04 |-3.684740e+04 |   8.24%
  node  | left  |LP iter|LP it/n| mem |  dualbound   | primalbound  |  gap   
  38400 | 38401 |558268 |  13.6 |  28G|-3.988299e+04 |-3.684740e+04 |   8.24%
  38500 | 38501 |558675 |  13.6 |  28G|-3.988299e+04 |-3.684740e+04 |   8.24%
  38600 | 38601 |559126 |  13.5 |  28G|-3.988299e+04 |-3.684740e+04 |   8.24%
  38700 | 38701 |559605 |  13.5 |  28G|-3.988297e+04 |-3.684740e+04 |   8.24%
  38800 | 38801 |560033 |  13.5 |  28G|-3.988297e+04 |-3.684740e+04 |   8.24%
  38900 | 38901 |560441 |  13.5 |  28G|-3.988297e+04 |-3.684740e+04 |   8.24%
  39000 | 39001 |560896 |  13.5 |  28G|-3.988297e+04 |-3.684740e+04 |   8.24%
  39100 | 39101 |561330 |  13.4 |  28G|-3.988297e+04 |-3.684740e+04 |   8.24%
  39200 | 39201 |561740 |  13.4 |  28G|-3.988297e+04 |-3.684740e+04 |   8.24%
  39300 | 39301 |562139 |  13.4 |  28G|-3.988297e+04 |-3.684740e+04 |   8.24%
  39400 | 39401 |562566 |  13.4 |  28G|-3.988297e+04 |-3.684740e+04 |   8.24%
  39500 | 39501 |563001 |  13.3 |  28G|-3.988297e+04 |-3.684740e+04 |   8.24%
  39600 | 39601 |563458 |  13.3 |  28G|-3.988297e+04 |-3.684740e+04 |   8.24%
  39700 | 39701 |563894 |  13.3 |  28G|-3.988297e+04 |-3.684740e+04 |   8.24%
  39800 | 39801 |564345 |  13.3 |  28G|-3.988296e+04 |-3.684740e+04 |   8.24%
  node  | left  |LP iter|LP it/n| mem |  dualbound   | primalbound  |  gap   
  39900 | 39901 |564750 |  13.2 |  28G|-3.988296e+04 |-3.684740e+04 |   8.24%
  40000 | 40001 |565206 |  13.2 |  28G|-3.988296e+04 |-3.684740e+04 |   8.24%
  40100 | 40101 |565663 |  13.2 |  28G|-3.988296e+04 |-3.684740e+04 |   8.24%
  40200 | 40201 |566077 |  13.2 |  28G|-3.988296e+04 |-3.684740e+04 |   8.24%
  40300 | 40301 |566526 |  13.2 |  28G|-3.988296e+04 |-3.684740e+04 |   8.24%
  40400 | 40401 |566966 |  13.1 |  28G|-3.988295e+04 |-3.684740e+04 |   8.24%
  40500 | 40501 |567415 |  13.1 |  28G|-3.988295e+04 |-3.684740e+04 |   8.24%
  40600 | 40601 |567894 |  13.1 |  28G|-3.988295e+04 |-3.684740e+04 |   8.24%
  40700 | 40701 |568373 |  13.1 |  28G|-3.988295e+04 |-3.684740e+04 |   8.24%
  40800 | 40801 |568834 |  13.1 |  28G|-3.988295e+04 |-3.684740e+04 |   8.24%
  40900 | 40901 |569265 |  13.0 |  28G|-3.988295e+04 |-3.684740e+04 |   8.24%
  41000 | 41001 |569747 |  13.0 |  29G|-3.988295e+04 |-3.684740e+04 |   8.24%
  41100 | 41101 |570270 |  13.0 |  29G|-3.988287e+04 |-3.684740e+04 |   8.24%
  41200 | 41201 |570651 |  13.0 |  29G|-3.988287e+04 |-3.684740e+04 |   8.24%
  41300 | 41301 |571067 |  13.0 |  29G|-3.988284e+04 |-3.684740e+04 |   8.24%
  node  | left  |LP iter|LP it/n| mem |  dualbound   | primalbound  |  gap   
  41400 | 41401 |571440 |  12.9 |  29G|-3.988283e+04 |-3.684740e+04 |   8.24%
  41500 | 41501 |571881 |  12.9 |  29G|-3.988283e+04 |-3.684740e+04 |   8.24%
  41600 | 41601 |572262 |  12.9 |  29G|-3.988283e+04 |-3.684740e+04 |   8.24%
  41700 | 41701 |572617 |  12.9 |  29G|-3.988283e+04 |-3.684740e+04 |   8.24%
  41800 | 41801 |572961 |  12.8 |  29G|-3.988280e+04 |-3.684740e+04 |   8.24%
  41900 | 41901 |573476 |  12.8 |  29G|-3.988280e+04 |-3.684740e+04 |   8.24%
  42000 | 42001 |574014 |  12.8 |  29G|-3.988279e+04 |-3.684740e+04 |   8.24%
  42100 | 42101 |574516 |  12.8 |  29G|-3.988264e+04 |-3.684740e+04 |   8.24%
  42200 | 42201 |574948 |  12.8 |  29G|-3.988264e+04 |-3.684740e+04 |   8.24%
  42300 | 42301 |575417 |  12.7 |  29G|-3.988264e+04 |-3.684740e+04 |   8.24%
  42400 | 42401 |575902 |  12.7 |  29G|-3.988264e+04 |-3.684740e+04 |   8.24%
  42500 | 42501 |576378 |  12.7 |  29G|-3.988264e+04 |-3.684740e+04 |   8.24%
  42600 | 42601 |576859 |  12.7 |  29G|-3.988264e+04 |-3.684740e+04 |   8.24%
  42700 | 42701 |577318 |  12.7 |  29G|-3.988264e+04 |-3.684740e+04 |   8.24%
  42800 | 42801 |577791 |  12.7 |  29G|-3.988264e+04 |-3.684740e+04 |   8.24%
  node  | left  |LP iter|LP it/n| mem |  dualbound   | primalbound  |  gap   
  42900 | 42901 |578289 |  12.6 |  29G|-3.988264e+04 |-3.684740e+04 |   8.24%
  43000 | 43001 |578786 |  12.6 |  29G|-3.988264e+04 |-3.684740e+04 |   8.24%
  43100 | 43101 |579263 |  12.6 |  29G|-3.988264e+04 |-3.684740e+04 |   8.24%
  43200 | 43201 |579734 |  12.6 |  29G|-3.988264e+04 |-3.684740e+04 |   8.24%
  43300 | 43301 |580208 |  12.6 |  29G|-3.988264e+04 |-3.684740e+04 |   8.24%
  43400 | 43401 |580622 |  12.5 |  29G|-3.988264e+04 |-3.684740e+04 |   8.24%
  43500 | 43501 |581064 |  12.5 |  29G|-3.988264e+04 |-3.684740e+04 |   8.24%
  43600 | 43601 |581504 |  12.5 |  29G|-3.988264e+04 |-3.684740e+04 |   8.24%
  43700 | 43701 |581926 |  12.5 |  30G|-3.988264e+04 |-3.684740e+04 |   8.24%
  43800 | 43801 |582378 |  12.5 |  30G|-3.988264e+04 |-3.684740e+04 |   8.24%
  43900 | 43901 |582827 |  12.5 |  30G|-3.988264e+04 |-3.684740e+04 |   8.24%
  44000 | 44001 |583280 |  12.4 |  30G|-3.988264e+04 |-3.684740e+04 |   8.24%
  44100 | 44101 |583753 |  12.4 |  30G|-3.988264e+04 |-3.684740e+04 |   8.24%
  44200 | 44201 |584237 |  12.4 |  30G|-3.988264e+04 |-3.684740e+04 |   8.24%
  44300 | 44301 |584742 |  12.4 |  30G|-3.988264e+04 |-3.684740e+04 |   8.24%
  node  | left  |LP iter|LP it/n| mem |  dualbound   | primalbound  |  gap   
  44400 | 44401 |585234 |  12.4 |  30G|-3.988264e+04 |-3.684740e+04 |   8.24%
  44500 | 44501 |585731 |  12.3 |  30G|-3.988264e+04 |-3.684740e+04 |   8.24%
  44600 | 44601 |586205 |  12.3 |  30G|-3.988264e+04 |-3.684740e+04 |   8.24%
  44700 | 44701 |586685 |  12.3 |  30G|-3.988264e+04 |-3.684740e+04 |   8.24%
  44800 | 44801 |587164 |  12.3 |  30G|-3.988264e+04 |-3.684740e+04 |   8.24%
  44900 | 44901 |587644 |  12.3 |  30G|-3.988264e+04 |-3.684740e+04 |   8.24%
  45000 | 45001 |588087 |  12.3 |  30G|-3.988264e+04 |-3.684740e+04 |   8.24%
  45100 | 45101 |588588 |  12.2 |  30G|-3.988264e+04 |-3.684740e+04 |   8.24%
  45200 | 45201 |589008 |  12.2 |  30G|-3.988264e+04 |-3.684740e+04 |   8.24%
  45300 | 45301 |589469 |  12.2 |  33G|-3.988264e+04 |-3.684740e+04 |   8.24%
  45400 | 45401 |589993 |  12.2 |  33G|-3.988263e+04 |-3.684740e+04 |   8.24%
  45500 | 45501 |590461 |  12.2 |  33G|-3.988263e+04 |-3.684740e+04 |   8.24%
  45600 | 45601 |590972 |  12.2 |  33G|-3.988263e+04 |-3.684740e+04 |   8.24%
  45700 | 45701 |591448 |  12.1 |  33G|-3.988263e+04 |-3.684740e+04 |   8.24%
  45800 | 45801 |591971 |  12.1 |  33G|-3.988263e+04 |-3.684740e+04 |   8.24%
  node  | left  |LP iter|LP it/n| mem |  dualbound   | primalbound  |  gap   
  45900 | 45901 |592468 |  12.1 |  33G|-3.988263e+04 |-3.684740e+04 |   8.24%
  46000 | 46001 |592985 |  12.1 |  33G|-3.988263e+04 |-3.684740e+04 |   8.24%
  46100 | 46101 |593495 |  12.1 |  33G|-3.988263e+04 |-3.684740e+04 |   8.24%
  46200 | 46201 |594003 |  12.1 |  33G|-3.988263e+04 |-3.684740e+04 |   8.24%
  46300 | 46301 |594511 |  12.1 |  33G|-3.988262e+04 |-3.684740e+04 |   8.24%
  46400 | 46401 |595053 |  12.0 |  33G|-3.988262e+04 |-3.684740e+04 |   8.24%
  46500 | 46501 |595569 |  12.0 |  33G|-3.988260e+04 |-3.684740e+04 |   8.24%
  46600 | 46601 |596063 |  12.0 |  33G|-3.988260e+04 |-3.684740e+04 |   8.24%
  46700 | 46701 |596574 |  12.0 |  33G|-3.988260e+04 |-3.684740e+04 |   8.24%
  46800 | 46801 |597098 |  12.0 |  33G|-3.988260e+04 |-3.684740e+04 |   8.24%
  46900 | 46901 |597629 |  12.0 |  33G|-3.988260e+04 |-3.684740e+04 |   8.24%
  47000 | 47001 |598170 |  12.0 |  33G|-3.988260e+04 |-3.684740e+04 |   8.24%
  47100 | 47101 |598694 |  11.9 |  33G|-3.988260e+04 |-3.684740e+04 |   8.24%
  47200 | 47201 |599219 |  11.9 |  34G|-3.988260e+04 |-3.684740e+04 |   8.24%
  47300 | 47301 |599735 |  11.9 |  34G|-3.988260e+04 |-3.684740e+04 |   8.24%
  node  | left  |LP iter|LP it/n| mem |  dualbound   | primalbound  |  gap   
  47400 | 47401 |600235 |  11.9 |  34G|-3.988260e+04 |-3.684740e+04 |   8.24%
  47500 | 47501 |600754 |  11.9 |  34G|-3.988260e+04 |-3.684740e+04 |   8.24%
  47600 | 47601 |601266 |  11.9 |  34G|-3.988259e+04 |-3.684740e+04 |   8.24%
  47700 | 47701 |601793 |  11.9 |  34G|-3.988259e+04 |-3.684740e+04 |   8.24%
  47800 | 47801 |602334 |  11.8 |  34G|-3.988251e+04 |-3.684740e+04 |   8.24%
  47900 | 47901 |602749 |  11.8 |  34G|-3.988251e+04 |-3.684740e+04 |   8.24%
  48000 | 48001 |603151 |  11.8 |  34G|-3.988250e+04 |-3.684740e+04 |   8.24%
  48100 | 48101 |603535 |  11.8 |  34G|-3.988250e+04 |-3.684740e+04 |   8.24%
  48200 | 48201 |603941 |  11.8 |  34G|-3.988250e+04 |-3.684740e+04 |   8.24%
  48300 | 48301 |604344 |  11.8 |  34G|-3.988250e+04 |-3.684740e+04 |   8.24%
  48400 | 48401 |604735 |  11.7 |  34G|-3.988250e+04 |-3.684740e+04 |   8.24%
  48500 | 48501 |605142 |  11.7 |  34G|-3.988250e+04 |-3.684740e+04 |   8.24%
  48600 | 48601 |605540 |  11.7 |  34G|-3.988250e+04 |-3.684740e+04 |   8.24%
  48700 | 48701 |605926 |  11.7 |  34G|-3.988250e+04 |-3.684740e+04 |   8.24%
  48800 | 48801 |606340 |  11.7 |  34G|-3.988250e+04 |-3.684740e+04 |   8.24%
  node  | left  |LP iter|LP it/n| mem |  dualbound   | primalbound  |  gap   
  48900 | 48901 |606733 |  11.7 |  34G|-3.988250e+04 |-3.684740e+04 |   8.24%
  49000 | 49001 |607132 |  11.7 |  34G|-3.988249e+04 |-3.684740e+04 |   8.24%
  49100 | 49101 |607519 |  11.6 |  34G|-3.988249e+04 |-3.684740e+04 |   8.24%
  49200 | 49201 |607915 |  11.6 |  34G|-3.988249e+04 |-3.684740e+04 |   8.24%
  49300 | 49301 |608298 |  11.6 |  34G|-3.988249e+04 |-3.684740e+04 |   8.24%
  49400 | 49401 |608688 |  11.6 |  34G|-3.988249e+04 |-3.684740e+04 |   8.24%
  49500 | 49501 |609094 |  11.6 |  34G|-3.988249e+04 |-3.684740e+04 |   8.24%
  49600 | 49601 |609490 |  11.6 |  34G|-3.988249e+04 |-3.684740e+04 |   8.24%
  49700 | 49701 |609886 |  11.5 |  34G|-3.988249e+04 |-3.684740e+04 |   8.24%
  49800 | 49801 |610282 |  11.5 |  34G|-3.988249e+04 |-3.684740e+04 |   8.24%
  49900 | 49901 |610688 |  11.5 |  35G|-3.988249e+04 |-3.684740e+04 |   8.24%
  50000 | 50001 |611103 |  11.5 |  35G|-3.988249e+04 |-3.684740e+04 |   8.24%
  50100 | 50101 |611508 |  11.5 |  35G|-3.988249e+04 |-3.684740e+04 |   8.24%
  50200 | 50201 |611922 |  11.5 |  35G|-3.988249e+04 |-3.684740e+04 |   8.24%
  50300 | 50301 |612329 |  11.5 |  35G|-3.988249e+04 |-3.684740e+04 |   8.24%
  node  | left  |LP iter|LP it/n| mem |  dualbound   | primalbound  |  gap   
  50400 | 50401 |612770 |  11.4 |  35G|-3.988246e+04 |-3.684740e+04 |   8.24%
  50500 | 50501 |613199 |  11.4 |  35G|-3.988246e+04 |-3.684740e+04 |   8.24%
  50600 | 50601 |613603 |  11.4 |  35G|-3.988246e+04 |-3.684740e+04 |   8.24%
  50700 | 50701 |614011 |  11.4 |  35G|-3.988246e+04 |-3.684740e+04 |   8.24%
  50800 | 50801 |614410 |  11.4 |  35G|-3.988246e+04 |-3.684740e+04 |   8.24%
  50900 | 50901 |614809 |  11.4 |  35G|-3.988246e+04 |-3.684740e+04 |   8.24%
  51000 | 51001 |615232 |  11.4 |  35G|-3.988246e+04 |-3.684740e+04 |   8.24%
  51100 | 51101 |615649 |  11.3 |  35G|-3.988246e+04 |-3.684740e+04 |   8.24%
  51200 | 51201 |616076 |  11.3 |  35G|-3.988246e+04 |-3.684740e+04 |   8.24%
  51300 | 51301 |616524 |  11.3 |  35G|-3.988246e+04 |-3.684740e+04 |   8.24%
  51400 | 51401 |616961 |  11.3 |  35G|-3.988246e+04 |-3.684740e+04 |   8.24%
  51500 | 51501 |617404 |  11.3 |  35G|-3.988246e+04 |-3.684740e+04 |   8.24%
  51600 | 51601 |617816 |  11.3 |  35G|-3.988246e+04 |-3.684740e+04 |   8.24%
  51700 | 51701 |618267 |  11.3 |  35G|-3.988246e+04 |-3.684740e+04 |   8.24%
  51800 | 51801 |618719 |  11.2 |  35G|-3.988246e+04 |-3.684740e+04 |   8.24%
  node  | left  |LP iter|LP it/n| mem |  dualbound   | primalbound  |  gap   
  51900 | 51901 |619137 |  11.2 |  35G|-3.988245e+04 |-3.684740e+04 |   8.24%
  52000 | 52001 |619533 |  11.2 |  35G|-3.988245e+04 |-3.684740e+04 |   8.24%
  52100 | 52101 |619935 |  11.2 |  35G|-3.988245e+04 |-3.684740e+04 |   8.24%
  52200 | 52201 |620340 |  11.2 |  35G|-3.988245e+04 |-3.684740e+04 |   8.24%
  52300 | 52301 |620759 |  11.2 |  35G|-3.988245e+04 |-3.684740e+04 |   8.24%
  52400 | 52401 |621148 |  11.2 |  35G|-3.988245e+04 |-3.684740e+04 |   8.24%
  52500 | 52501 |621528 |  11.1 |  36G|-3.988245e+04 |-3.684740e+04 |   8.24%
  52600 | 52601 |621987 |  11.1 |  36G|-3.988245e+04 |-3.684740e+04 |   8.24%
  52700 | 52701 |622435 |  11.1 |  36G|-3.988245e+04 |-3.684740e+04 |   8.24%
  52800 | 52801 |622892 |  11.1 |  36G|-3.988245e+04 |-3.684740e+04 |   8.24%
  52900 | 52901 |623326 |  11.1 |  36G|-3.988245e+04 |-3.684740e+04 |   8.24%
  53000 | 53001 |623729 |  11.1 |  36G|-3.988232e+04 |-3.684740e+04 |   8.24%
  53100 | 53101 |624241 |  11.1 |  36G|-3.988232e+04 |-3.684740e+04 |   8.24%
  53200 | 53201 |624771 |  11.1 |  36G|-3.988231e+04 |-3.684740e+04 |   8.24%
  53300 | 53301 |625279 |  11.1 |  36G|-3.988230e+04 |-3.684740e+04 |   8.24%
  node  | left  |LP iter|LP it/n| mem |  dualbound   | primalbound  |  gap   
  53400 | 53401 |625781 |  11.0 |  36G|-3.988230e+04 |-3.684740e+04 |   8.24%
  53500 | 53501 |626285 |  11.0 |  36G|-3.988230e+04 |-3.684740e+04 |   8.24%
  53600 | 53601 |626808 |  11.0 |  36G|-3.988230e+04 |-3.684740e+04 |   8.24%
  53700 | 53701 |627311 |  11.0 |  36G|-3.988230e+04 |-3.684740e+04 |   8.24%
  53800 | 53801 |627825 |  11.0 |  36G|-3.988230e+04 |-3.684740e+04 |   8.24%
  53900 | 53901 |628360 |  11.0 |  36G|-3.988230e+04 |-3.684740e+04 |   8.24%
  54000 | 54001 |628895 |  11.0 |  36G|-3.988229e+04 |-3.684740e+04 |   8.24%
  54100 | 54101 |629408 |  11.0 |  36G|-3.988229e+04 |-3.684740e+04 |   8.24%
  54200 | 54201 |629912 |  11.0 |  36G|-3.988229e+04 |-3.684740e+04 |   8.24%
  54300 | 54301 |630416 |  10.9 |  39G|-3.988229e+04 |-3.684740e+04 |   8.24%
  54400 | 54401 |630946 |  10.9 |  39G|-3.988229e+04 |-3.684740e+04 |   8.24%
  54500 | 54501 |631469 |  10.9 |  40G|-3.988229e+04 |-3.684740e+04 |   8.24%
  54600 | 54601 |631999 |  10.9 |  40G|-3.988229e+04 |-3.684740e+04 |   8.24%
  54700 | 54701 |632551 |  10.9 |  40G|-3.988229e+04 |-3.684740e+04 |   8.24%
  54800 | 54801 |633066 |  10.9 |  40G|-3.988228e+04 |-3.684740e+04 |   8.24%
  node  | left  |LP iter|LP it/n| mem |  dualbound   | primalbound  |  gap   
  54900 | 54901 |633604 |  10.9 |  40G|-3.988226e+04 |-3.684740e+04 |   8.24%
  55000 | 55001 |634135 |  10.9 |  40G|-3.988226e+04 |-3.684740e+04 |   8.24%
  55100 | 55101 |634689 |  10.9 |  40G|-3.988225e+04 |-3.684740e+04 |   8.24%
  55200 | 55201 |635234 |  10.9 |  40G|-3.988214e+04 |-3.684740e+04 |   8.24%
  55300 | 55301 |635666 |  10.8 |  40G|-3.988214e+04 |-3.684740e+04 |   8.24%
  55400 | 55401 |636090 |  10.8 |  40G|-3.988213e+04 |-3.684740e+04 |   8.24%
  55500 | 55501 |636539 |  10.8 |  40G|-3.988213e+04 |-3.684740e+04 |   8.24%
  55600 | 55601 |636977 |  10.8 |  40G|-3.988213e+04 |-3.684740e+04 |   8.24%
  55700 | 55701 |637433 |  10.8 |  40G|-3.988213e+04 |-3.684740e+04 |   8.24%
  55800 | 55801 |637876 |  10.8 |  40G|-3.988213e+04 |-3.684740e+04 |   8.24%
  55900 | 55901 |638320 |  10.8 |  40G|-3.988213e+04 |-3.684740e+04 |   8.24%
  56000 | 56001 |638765 |  10.8 |  40G|-3.988213e+04 |-3.684740e+04 |   8.24%
  56100 | 56101 |639206 |  10.7 |  40G|-3.988213e+04 |-3.684740e+04 |   8.24%
  56200 | 56201 |639647 |  10.7 |  40G|-3.988213e+04 |-3.684740e+04 |   8.24%
  56300 | 56301 |640086 |  10.7 |  40G|-3.988213e+04 |-3.684740e+04 |   8.24%
  node  | left  |LP iter|LP it/n| mem |  dualbound   | primalbound  |  gap   
  56400 | 56401 |640517 |  10.7 |  40G|-3.988213e+04 |-3.684740e+04 |   8.24%
  56500 | 56501 |640970 |  10.7 |  40G|-3.988213e+04 |-3.684740e+04 |   8.24%
  56600 | 56601 |641416 |  10.7 |  40G|-3.988213e+04 |-3.684740e+04 |   8.24%
  56700 | 56701 |641855 |  10.7 |  40G|-3.988213e+04 |-3.684740e+04 |   8.24%
  56800 | 56801 |642295 |  10.7 |  40G|-3.988213e+04 |-3.684740e+04 |   8.24%
  56900 | 56901 |642733 |  10.7 |  40G|-3.988213e+04 |-3.684740e+04 |   8.24%
  57000 | 57001 |643166 |  10.6 |  40G|-3.988213e+04 |-3.684740e+04 |   8.24%
  57100 | 57101 |643591 |  10.6 |  40G|-3.988213e+04 |-3.684740e+04 |   8.24%
  57200 | 57201 |644019 |  10.6 |  41G|-3.988213e+04 |-3.684740e+04 |   8.24%
  57300 | 57301 |644448 |  10.6 |  41G|-3.988213e+04 |-3.684740e+04 |   8.24%
  57400 | 57401 |644862 |  10.6 |  41G|-3.988213e+04 |-3.684740e+04 |   8.24%
  57500 | 57501 |645303 |  10.6 |  41G|-3.988213e+04 |-3.684740e+04 |   8.24%
  57600 | 57601 |645745 |  10.6 |  41G|-3.988213e+04 |-3.684740e+04 |   8.24%
  57700 | 57701 |646179 |  10.6 |  41G|-3.988213e+04 |-3.684740e+04 |   8.24%
  57800 | 57801 |646616 |  10.6 |  41G|-3.988213e+04 |-3.684740e+04 |   8.24%
  node  | left  |LP iter|LP it/n| mem |  dualbound   | primalbound  |  gap   
  57900 | 57901 |647025 |  10.5 |  41G|-3.988213e+04 |-3.684740e+04 |   8.24%
  58000 | 58001 |647440 |  10.5 |  41G|-3.988213e+04 |-3.684740e+04 |   8.24%
  58100 | 58101 |647869 |  10.5 |  41G|-3.988213e+04 |-3.684740e+04 |   8.24%
  58200 | 58201 |648289 |  10.5 |  41G|-3.988213e+04 |-3.684740e+04 |   8.24%
  58300 | 58301 |648760 |  10.5 |  41G|-3.988213e+04 |-3.684740e+04 |   8.24%
  58400 | 58401 |649176 |  10.5 |  41G|-3.988213e+04 |-3.684740e+04 |   8.24%
  58500 | 58501 |649595 |  10.5 |  41G|-3.988213e+04 |-3.684740e+04 |   8.24%
  58600 | 58601 |650019 |  10.5 |  41G|-3.988213e+04 |-3.684740e+04 |   8.24%
  58700 | 58701 |650448 |  10.5 |  41G|-3.988213e+04 |-3.684740e+04 |   8.24%
  58800 | 58801 |650879 |  10.5 |  41G|-3.988213e+04 |-3.684740e+04 |   8.24%
  58900 | 58901 |651289 |  10.4 |  41G|-3.988213e+04 |-3.684740e+04 |   8.24%
  59000 | 59001 |651709 |  10.4 |  41G|-3.988213e+04 |-3.684740e+04 |   8.24%
  59100 | 59101 |652124 |  10.4 |  41G|-3.988213e+04 |-3.684740e+04 |   8.24%
  59200 | 59201 |652528 |  10.4 |  41G|-3.988213e+04 |-3.684740e+04 |   8.24%
  59300 | 59301 |652972 |  10.4 |  41G|-3.988213e+04 |-3.684740e+04 |   8.24%
  node  | left  |LP iter|LP it/n| mem |  dualbound   | primalbound  |  gap   
  59400 | 59401 |653375 |  10.4 |  41G|-3.988213e+04 |-3.684740e+04 |   8.24%
  59500 | 59501 |653776 |  10.4 |  41G|-3.988213e+04 |-3.684740e+04 |   8.24%
  59600 | 59601 |654196 |  10.4 |  41G|-3.988213e+04 |-3.684740e+04 |   8.24%
  59700 | 59701 |654675 |  10.4 |  41G|-3.988212e+04 |-3.684740e+04 |   8.24%
  59800 | 59801 |655116 |  10.3 |  41G|-3.988212e+04 |-3.684740e+04 |   8.24%
  59900 | 59901 |655544 |  10.3 |  42G|-3.988212e+04 |-3.684740e+04 |   8.24%
  60000 | 60001 |655971 |  10.3 |  42G|-3.988212e+04 |-3.684740e+04 |   8.24%
  60100 | 60101 |656452 |  10.3 |  42G|-3.988212e+04 |-3.684740e+04 |   8.24%
  60200 | 60201 |656934 |  10.3 |  42G|-3.988212e+04 |-3.684740e+04 |   8.24%
  60300 | 60301 |657363 |  10.3 |  42G|-3.988212e+04 |-3.684740e+04 |   8.24%
  60400 | 60401 |657780 |  10.3 |  42G|-3.988212e+04 |-3.684740e+04 |   8.24%
  60500 | 60501 |658237 |  10.3 |  42G|-3.988212e+04 |-3.684740e+04 |   8.24%
  60600 | 60601 |658663 |  10.3 |  42G|-3.988212e+04 |-3.684740e+04 |   8.24%
  60700 | 60701 |659150 |  10.3 |  42G|-3.988212e+04 |-3.684740e+04 |   8.24%
  60800 | 60801 |659629 |  10.3 |  42G|-3.988212e+04 |-3.684740e+04 |   8.24%
  node  | left  |LP iter|LP it/n| mem |  dualbound   | primalbound  |  gap   
  60900 | 60901 |660041 |  10.2 |  42G|-3.988212e+04 |-3.684740e+04 |   8.24%
  61000 | 61001 |660498 |  10.2 |  42G|-3.988212e+04 |-3.684740e+04 |   8.24%
  61100 | 61101 |660987 |  10.2 |  42G|-3.988212e+04 |-3.684740e+04 |   8.24%
  61200 | 61201 |661470 |  10.2 |  42G|-3.988212e+04 |-3.684740e+04 |   8.24%
  61300 | 61301 |661932 |  10.2 |  42G|-3.988212e+04 |-3.684740e+04 |   8.24%
  61400 | 61401 |662412 |  10.2 |  42G|-3.988212e+04 |-3.684740e+04 |   8.24%
  61500 | 61501 |662859 |  10.2 |  42G|-3.988212e+04 |-3.684740e+04 |   8.24%
  61600 | 61601 |663335 |  10.2 |  42G|-3.988212e+04 |-3.684740e+04 |   8.24%
  61700 | 61701 |663795 |  10.2 |  42G|-3.988212e+04 |-3.684740e+04 |   8.24%
  61800 | 61801 |664230 |  10.2 |  42G|-3.988212e+04 |-3.684740e+04 |   8.24%
  61900 | 61901 |664707 |  10.2 |  42G|-3.988212e+04 |-3.684740e+04 |   8.24%
  62000 | 62001 |665162 |  10.1 |  42G|-3.988212e+04 |-3.684740e+04 |   8.24%
  62100 | 62101 |665576 |  10.1 |  42G|-3.988210e+04 |-3.684740e+04 |   8.24%
  62200 | 62201 |666041 |  10.1 |  42G|-3.988210e+04 |-3.684740e+04 |   8.24%
  62300 | 62301 |666463 |  10.1 |  42G|-3.988209e+04 |-3.684740e+04 |   8.24%
  node  | left  |LP iter|LP it/n| mem |  dualbound   | primalbound  |  gap   
  62400 | 62401 |666884 |  10.1 |  42G|-3.988209e+04 |-3.684740e+04 |   8.24%
  62500 | 62501 |667328 |  10.1 |  42G|-3.988209e+04 |-3.684740e+04 |   8.24%
  62600 | 62601 |667797 |  10.1 |  43G|-3.988209e+04 |-3.684740e+04 |   8.24%
  62700 | 62701 |668258 |  10.1 |  43G|-3.988209e+04 |-3.684740e+04 |   8.24%
  62800 | 62801 |668704 |  10.1 |  43G|-3.988209e+04 |-3.684740e+04 |   8.24%
  62900 | 62901 |669147 |  10.1 |  43G|-3.988209e+04 |-3.684740e+04 |   8.24%
  63000 | 63001 |669580 |  10.1 |  43G|-3.988209e+04 |-3.684740e+04 |   8.24%
  63100 | 63101 |670024 |  10.0 |  43G|-3.988209e+04 |-3.684740e+04 |   8.24%
  63200 | 63201 |670516 |  10.0 |  43G|-3.988209e+04 |-3.684740e+04 |   8.24%
  63300 | 63301 |670953 |  10.0 |  43G|-3.988209e+04 |-3.684740e+04 |   8.24%
  63400 | 63401 |671374 |  10.0 |  43G|-3.988209e+04 |-3.684740e+04 |   8.24%
  63500 | 63501 |671829 |  10.0 |  43G|-3.988209e+04 |-3.684740e+04 |   8.24%
  63600 | 63601 |672283 |  10.0 |  43G|-3.988209e+04 |-3.684740e+04 |   8.24%
  63700 | 63701 |672729 |  10.0 |  43G|-3.988209e+04 |-3.684740e+04 |   8.24%
  63800 | 63801 |673173 |  10.0 |  43G|-3.988209e+04 |-3.684740e+04 |   8.24%
  node  | left  |LP iter|LP it/n| mem |  dualbound   | primalbound  |  gap   
  63900 | 63901 |673622 |  10.0 |  43G|-3.988209e+04 |-3.684740e+04 |   8.24%
  64000 | 64001 |674074 |  10.0 |  43G|-3.988209e+04 |-3.684740e+04 |   8.24%
  64100 | 64101 |674539 |  10.0 |  43G|-3.988209e+04 |-3.684740e+04 |   8.24%
  64200 | 64201 |674992 |   9.9 |  43G|-3.988209e+04 |-3.684740e+04 |   8.24%
  64300 | 64301 |675407 |   9.9 |  43G|-3.988209e+04 |-3.684740e+04 |   8.24%
  64400 | 64401 |675891 |   9.9 |  43G|-3.988209e+04 |-3.684740e+04 |   8.24%
  64500 | 64501 |676323 |   9.9 |  43G|-3.988209e+04 |-3.684740e+04 |   8.24%
  64600 | 64601 |676750 |   9.9 |  43G|-3.988209e+04 |-3.684740e+04 |   8.24%
  64700 | 64701 |677183 |   9.9 |  43G|-3.988208e+04 |-3.684740e+04 |   8.24%
  64800 | 64801 |677694 |   9.9 |  43G|-3.988208e+04 |-3.684740e+04 |   8.24%
  64900 | 64901 |678207 |   9.9 |  43G|-3.988208e+04 |-3.684740e+04 |   8.24%
  65000 | 65001 |678704 |   9.9 |  43G|-3.988208e+04 |-3.684740e+04 |   8.24%
  65100 | 65101 |679192 |   9.9 |  43G|-3.988208e+04 |-3.684740e+04 |   8.24%
  65200 | 65201 |679650 |   9.9 |  47G|-3.988208e+04 |-3.684740e+04 |   8.24%
  65300 | 65301 |680140 |   9.9 |  47G|-3.988208e+04 |-3.684740e+04 |   8.24%
  node  | left  |LP iter|LP it/n| mem |  dualbound   | primalbound  |  gap   
  65400 | 65401 |680637 |   9.9 |  47G|-3.988208e+04 |-3.684740e+04 |   8.24%
  65500 | 65501 |681114 |   9.8 |  48G|-3.988208e+04 |-3.684740e+04 |   8.24%
  65600 | 65601 |681582 |   9.8 |  48G|-3.988200e+04 |-3.684740e+04 |   8.24%
  65700 | 65701 |681970 |   9.8 |  48G|-3.988200e+04 |-3.684740e+04 |   8.24%
  65800 | 65801 |682379 |   9.8 |  48G|-3.988199e+04 |-3.684740e+04 |   8.24%
  65900 | 65901 |682806 |   9.8 |  48G|-3.988199e+04 |-3.684740e+04 |   8.24%
  66000 | 66001 |683222 |   9.8 |  48G|-3.988199e+04 |-3.684740e+04 |   8.24%
  66100 | 66101 |683636 |   9.8 |  48G|-3.988199e+04 |-3.684740e+04 |   8.24%
  66200 | 66201 |684098 |   9.8 |  48G|-3.988197e+04 |-3.684740e+04 |   8.24%
  66300 | 66301 |684553 |   9.8 |  48G|-3.988196e+04 |-3.684740e+04 |   8.24%
  66400 | 66401 |684940 |   9.8 |  48G|-3.988196e+04 |-3.684740e+04 |   8.24%
  66500 | 66501 |685327 |   9.8 |  48G|-3.988196e+04 |-3.684740e+04 |   8.24%
  66600 | 66601 |685700 |   9.8 |  48G|-3.988196e+04 |-3.684740e+04 |   8.24%
  66700 | 66701 |686089 |   9.7 |  48G|-3.988195e+04 |-3.684740e+04 |   8.24%
  66800 | 66801 |686457 |   9.7 |  48G|-3.988195e+04 |-3.684740e+04 |   8.24%
  node  | left  |LP iter|LP it/n| mem |  dualbound   | primalbound  |  gap   
  66900 | 66901 |686836 |   9.7 |  48G|-3.988195e+04 |-3.684740e+04 |   8.24%
  67000 | 67001 |687211 |   9.7 |  48G|-3.988195e+04 |-3.684740e+04 |   8.24%
  67100 | 67101 |687585 |   9.7 |  48G|-3.988195e+04 |-3.684740e+04 |   8.24%
  67200 | 67201 |688002 |   9.7 |  48G|-3.988195e+04 |-3.684740e+04 |   8.24%
  67300 | 67301 |688400 |   9.7 |  48G|-3.988195e+04 |-3.684740e+04 |   8.24%
  67400 | 67401 |688789 |   9.7 |  48G|-3.988195e+04 |-3.684740e+04 |   8.24%
  67500 | 67501 |689248 |   9.7 |  48G|-3.988195e+04 |-3.684740e+04 |   8.24%
  67600 | 67601 |689788 |   9.7 |  48G|-3.988195e+04 |-3.684740e+04 |   8.24%
  67700 | 67701 |690338 |   9.7 |  48G|-3.988193e+04 |-3.684740e+04 |   8.24%
  67800 | 67801 |690805 |   9.7 |  48G|-3.988180e+04 |-3.684740e+04 |   8.24%
  67900 | 67901 |691216 |   9.6 |  48G|-3.988180e+04 |-3.684740e+04 |   8.24%
  68000 | 68001 |691668 |   9.6 |  48G|-3.988178e+04 |-3.684740e+04 |   8.24%
  68100 | 68101 |692143 |   9.6 |  48G|-3.988178e+04 |-3.684740e+04 |   8.24%
  68200 | 68201 |692638 |   9.6 |  49G|-3.988178e+04 |-3.684740e+04 |   8.24%
  68300 | 68301 |693148 |   9.6 |  49G|-3.988178e+04 |-3.684740e+04 |   8.24%
  node  | left  |LP iter|LP it/n| mem |  dualbound   | primalbound  |  gap   
  68400 | 68401 |693639 |   9.6 |  49G|-3.988178e+04 |-3.684740e+04 |   8.24%
  68500 | 68501 |694117 |   9.6 |  49G|-3.988178e+04 |-3.684740e+04 |   8.24%
  68600 | 68601 |694638 |   9.6 |  49G|-3.988178e+04 |-3.684740e+04 |   8.24%
  68700 | 68701 |695134 |   9.6 |  49G|-3.988178e+04 |-3.684740e+04 |   8.24%
  68800 | 68801 |695628 |   9.6 |  49G|-3.988178e+04 |-3.684740e+04 |   8.24%
  68900 | 68901 |696089 |   9.6 |  49G|-3.988178e+04 |-3.684740e+04 |   8.24%
  69000 | 69001 |696571 |   9.6 |  49G|-3.988178e+04 |-3.684740e+04 |   8.24%
  69100 | 69101 |697037 |   9.6 |  49G|-3.988178e+04 |-3.684740e+04 |   8.24%
  69200 | 69201 |697496 |   9.6 |  49G|-3.988178e+04 |-3.684740e+04 |   8.24%
  69300 | 69301 |697957 |   9.5 |  49G|-3.988178e+04 |-3.684740e+04 |   8.24%
  69400 | 69401 |698434 |   9.5 |  49G|-3.988178e+04 |-3.684740e+04 |   8.24%
  69500 | 69501 |698927 |   9.5 |  49G|-3.988178e+04 |-3.684740e+04 |   8.24%
  69600 | 69601 |699396 |   9.5 |  49G|-3.988178e+04 |-3.684740e+04 |   8.24%
  69700 | 69701 |699839 |   9.5 |  49G|-3.988178e+04 |-3.684740e+04 |   8.24%
  69800 | 69801 |700298 |   9.5 |  49G|-3.988178e+04 |-3.684740e+04 |   8.24%
  node  | left  |LP iter|LP it/n| mem |  dualbound   | primalbound  |  gap   
  69900 | 69901 |700752 |   9.5 |  49G|-3.988178e+04 |-3.684740e+04 |   8.24%
  70000 | 70001 |701197 |   9.5 |  49G|-3.988178e+04 |-3.684740e+04 |   8.24%
  70100 | 70101 |701645 |   9.5 |  49G|-3.988178e+04 |-3.684740e+04 |   8.24%
  70200 | 70201 |702098 |   9.5 |  49G|-3.988178e+04 |-3.684740e+04 |   8.24%
  70300 | 70301 |702548 |   9.5 |  49G|-3.988178e+04 |-3.684740e+04 |   8.24%
  70400 | 70401 |703014 |   9.5 |  49G|-3.988178e+04 |-3.684740e+04 |   8.24%
  70500 | 70501 |703481 |   9.5 |  49G|-3.988178e+04 |-3.684740e+04 |   8.24%
  70600 | 70601 |703973 |   9.5 |  49G|-3.988178e+04 |-3.684740e+04 |   8.24%
  70700 | 70701 |704480 |   9.5 |  49G|-3.988178e+04 |-3.684740e+04 |   8.23%
  70800 | 70801 |704952 |   9.4 |  50G|-3.988178e+04 |-3.684740e+04 |   8.23%
  70900 | 70901 |705422 |   9.4 |  50G|-3.988178e+04 |-3.684740e+04 |   8.23%
  71000 | 71001 |705895 |   9.4 |  50G|-3.988178e+04 |-3.684740e+04 |   8.23%
  71100 | 71101 |706371 |   9.4 |  50G|-3.988178e+04 |-3.684740e+04 |   8.23%
  71200 | 71201 |706845 |   9.4 |  50G|-3.988178e+04 |-3.684740e+04 |   8.23%
  71300 | 71301 |707291 |   9.4 |  50G|-3.988178e+04 |-3.684740e+04 |   8.23%
  node  | left  |LP iter|LP it/n| mem |  dualbound   | primalbound  |  gap   
  71400 | 71401 |707751 |   9.4 |  50G|-3.988178e+04 |-3.684740e+04 |   8.23%
  71500 | 71501 |708212 |   9.4 |  50G|-3.988178e+04 |-3.684740e+04 |   8.23%
  71600 | 71601 |708700 |   9.4 |  50G|-3.988178e+04 |-3.684740e+04 |   8.23%
  71700 | 71701 |709157 |   9.4 |  50G|-3.988178e+04 |-3.684740e+04 |   8.23%
  71800 | 71801 |709629 |   9.4 |  50G|-3.988178e+04 |-3.684740e+04 |   8.23%
  71900 | 71901 |710090 |   9.4 |  50G|-3.988178e+04 |-3.684740e+04 |   8.23%
  72000 | 72001 |710542 |   9.4 |  50G|-3.988177e+04 |-3.684740e+04 |   8.23%
  72100 | 72101 |710961 |   9.4 |  50G|-3.988177e+04 |-3.684740e+04 |   8.23%
  72200 | 72201 |711398 |   9.4 |  50G|-3.988177e+04 |-3.684740e+04 |   8.23%
  72300 | 72301 |711879 |   9.3 |  50G|-3.988177e+04 |-3.684740e+04 |   8.23%
  72400 | 72401 |712371 |   9.3 |  50G|-3.988177e+04 |-3.684740e+04 |   8.23%
  72500 | 72501 |712843 |   9.3 |  50G|-3.988177e+04 |-3.684740e+04 |   8.23%
  72600 | 72601 |713330 |   9.3 |  50G|-3.988177e+04 |-3.684740e+04 |   8.23%
  72700 | 72701 |713798 |   9.3 |  50G|-3.988177e+04 |-3.684740e+04 |   8.23%
  72800 | 72801 |714264 |   9.3 |  50G|-3.988177e+04 |-3.684740e+04 |   8.23%
  node  | left  |LP iter|LP it/n| mem |  dualbound   | primalbound  |  gap   
  72900 | 72901 |714742 |   9.3 |  50G|-3.988177e+04 |-3.684740e+04 |   8.23%
  73000 | 73001 |715201 |   9.3 |  50G|-3.988177e+04 |-3.684740e+04 |   8.23%
  73100 | 73101 |715667 |   9.3 |  50G|-3.988177e+04 |-3.684740e+04 |   8.23%
  73200 | 73201 |716181 |   9.3 |  50G|-3.988177e+04 |-3.684740e+04 |   8.23%
  73300 | 73301 |716642 |   9.3 |  50G|-3.988177e+04 |-3.684740e+04 |   8.23%
  73400 | 73401 |717103 |   9.3 |  50G|-3.988177e+04 |-3.684740e+04 |   8.23%
  73500 | 73501 |717575 |   9.3 |  51G|-3.988177e+04 |-3.684740e+04 |   8.23%
  73600 | 73601 |718061 |   9.3 |  51G|-3.988177e+04 |-3.684740e+04 |   8.23%
  73700 | 73701 |718551 |   9.3 |  51G|-3.988176e+04 |-3.684740e+04 |   8.23%
  73800 | 73801 |719046 |   9.3 |  51G|-3.988175e+04 |-3.684740e+04 |   8.23%
  73900 | 73901 |719525 |   9.2 |  51G|-3.988175e+04 |-3.684740e+04 |   8.23%
  74000 | 74001 |720007 |   9.2 |  51G|-3.988174e+04 |-3.684740e+04 |   8.23%
  74100 | 74101 |720461 |   9.2 |  51G|-3.988174e+04 |-3.684740e+04 |   8.23%
  74200 | 74201 |720946 |   9.2 |  51G|-3.988174e+04 |-3.684740e+04 |   8.23%
  74300 | 74301 |721432 |   9.2 |  51G|-3.988174e+04 |-3.684740e+04 |   8.23%
  node  | left  |LP iter|LP it/n| mem |  dualbound   | primalbound  |  gap   
  74400 | 74401 |721907 |   9.2 |  51G|-3.988174e+04 |-3.684740e+04 |   8.23%
  74500 | 74501 |722371 |   9.2 |  51G|-3.988174e+04 |-3.684740e+04 |   8.23%
  74600 | 74601 |722845 |   9.2 |  51G|-3.988174e+04 |-3.684740e+04 |   8.23%
  74700 | 74701 |723317 |   9.2 |  51G|-3.988174e+04 |-3.684740e+04 |   8.23%
  74800 | 74801 |723787 |   9.2 |  51G|-3.988174e+04 |-3.684740e+04 |   8.23%
  74900 | 74901 |724262 |   9.2 |  51G|-3.988174e+04 |-3.684740e+04 |   8.23%
  75000 | 75001 |724775 |   9.2 |  51G|-3.988174e+04 |-3.684740e+04 |   8.23%
  75100 | 75101 |725286 |   9.2 |  51G|-3.988173e+04 |-3.684740e+04 |   8.23%
  75200 | 75201 |725777 |   9.2 |  51G|-3.988173e+04 |-3.684740e+04 |   8.23%
  75300 | 75301 |726309 |   9.2 |  51G|-3.988173e+04 |-3.684740e+04 |   8.23%
  75400 | 75401 |726804 |   9.2 |  51G|-3.988163e+04 |-3.684740e+04 |   8.23%
  75500 | 75501 |727222 |   9.2 |  51G|-3.988163e+04 |-3.684740e+04 |   8.23%
  75600 | 75601 |727650 |   9.1 |  51G|-3.988163e+04 |-3.684740e+04 |   8.23%
  75700 | 75701 |728077 |   9.1 |  51G|-3.988163e+04 |-3.684740e+04 |   8.23%
  75800 | 75801 |728516 |   9.1 |  51G|-3.988163e+04 |-3.684740e+04 |   8.23%
  node  | left  |LP iter|LP it/n| mem |  dualbound   | primalbound  |  gap   
  75900 | 75901 |728953 |   9.1 |  51G|-3.988163e+04 |-3.684740e+04 |   8.23%
  76000 | 76001 |729392 |   9.1 |  51G|-3.988163e+04 |-3.684740e+04 |   8.23%
  76100 | 76101 |729798 |   9.1 |  51G|-3.988163e+04 |-3.684740e+04 |   8.23%
  76200 | 76201 |730215 |   9.1 |  52G|-3.988163e+04 |-3.684740e+04 |   8.23%
  76300 | 76301 |730630 |   9.1 |  52G|-3.988163e+04 |-3.684740e+04 |   8.23%
  76400 | 76401 |731053 |   9.1 |  52G|-3.988163e+04 |-3.684740e+04 |   8.23%
  76500 | 76501 |731475 |   9.1 |  52G|-3.988163e+04 |-3.684740e+04 |   8.23%
  76600 | 76601 |731915 |   9.1 |  52G|-3.988163e+04 |-3.684740e+04 |   8.23%
  76700 | 76701 |732337 |   9.1 |  52G|-3.988163e+04 |-3.684740e+04 |   8.23%
  76800 | 76801 |732791 |   9.1 |  52G|-3.988162e+04 |-3.684740e+04 |   8.23%
  76900 | 76901 |733192 |   9.1 |  52G|-3.988162e+04 |-3.684740e+04 |   8.23%
  77000 | 77001 |733592 |   9.1 |  52G|-3.988162e+04 |-3.684740e+04 |   8.23%
  77100 | 77101 |734004 |   9.1 |  52G|-3.988162e+04 |-3.684740e+04 |   8.23%
  77200 | 77201 |734408 |   9.0 |  52G|-3.988162e+04 |-3.684740e+04 |   8.23%
  77300 | 77301 |734821 |   9.0 |  52G|-3.988162e+04 |-3.684740e+04 |   8.23%
  node  | left  |LP iter|LP it/n| mem |  dualbound   | primalbound  |  gap   
  77400 | 77401 |735225 |   9.0 |  52G|-3.988162e+04 |-3.684740e+04 |   8.23%
  77500 | 77501 |735636 |   9.0 |  52G|-3.988162e+04 |-3.684740e+04 |   8.23%
  77600 | 77601 |736044 |   9.0 |  52G|-3.988162e+04 |-3.684740e+04 |   8.23%
  77700 | 77701 |736452 |   9.0 |  52G|-3.988162e+04 |-3.684740e+04 |   8.23%
  77800 | 77801 |736844 |   9.0 |  52G|-3.988162e+04 |-3.684740e+04 |   8.23%
  77900 | 77901 |737246 |   9.0 |  52G|-3.988162e+04 |-3.684740e+04 |   8.23%
  78000 | 78001 |737652 |   9.0 |  52G|-3.988162e+04 |-3.684740e+04 |   8.23%
  78100 | 78101 |738052 |   9.0 |  52G|-3.988162e+04 |-3.684740e+04 |   8.23%
  78200 | 78201 |738440 |   9.0 |  57G|-3.988162e+04 |-3.684740e+04 |   8.23%
  78300 | 78301 |738850 |   9.0 |  57G|-3.988162e+04 |-3.684740e+04 |   8.23%
  78400 | 78401 |739254 |   9.0 |  57G|-3.988162e+04 |-3.684740e+04 |   8.23%
  78500 | 78501 |739661 |   9.0 |  57G|-3.988162e+04 |-3.684740e+04 |   8.23%
  78600 | 78601 |740069 |   9.0 |  57G|-3.988162e+04 |-3.684740e+04 |   8.23%
  78700 | 78701 |740487 |   8.9 |  57G|-3.988162e+04 |-3.684740e+04 |   8.23%
  78800 | 78801 |740905 |   8.9 |  57G|-3.988162e+04 |-3.684740e+04 |   8.23%
  node  | left  |LP iter|LP it/n| mem |  dualbound   | primalbound  |  gap   
  78900 | 78901 |741314 |   8.9 |  57G|-3.988162e+04 |-3.684740e+04 |   8.23%
  79000 | 79001 |741736 |   8.9 |  57G|-3.988162e+04 |-3.684740e+04 |   8.23%
  79100 | 79101 |742161 |   8.9 |  57G|-3.988162e+04 |-3.684740e+04 |   8.23%
  79200 | 79201 |742590 |   8.9 |  57G|-3.988162e+04 |-3.684740e+04 |   8.23%
  79300 | 79301 |742999 |   8.9 |  57G|-3.988162e+04 |-3.684740e+04 |   8.23%
  79400 | 79401 |743428 |   8.9 |  57G|-3.988162e+04 |-3.684740e+04 |   8.23%
  79500 | 79501 |743845 |   8.9 |  57G|-3.988162e+04 |-3.684740e+04 |   8.23%
  79600 | 79601 |744263 |   8.9 |  57G|-3.988162e+04 |-3.684740e+04 |   8.23%
  79700 | 79701 |744655 |   8.9 |  58G|-3.988161e+04 |-3.684740e+04 |   8.23%
  79800 | 79801 |745042 |   8.9 |  58G|-3.988161e+04 |-3.684740e+04 |   8.23%
  79900 | 79901 |745442 |   8.9 |  58G|-3.988161e+04 |-3.684740e+04 |   8.23%
  80000 | 80001 |745848 |   8.9 |  58G|-3.988161e+04 |-3.684740e+04 |   8.23%
  80100 | 80101 |746268 |   8.9 |  58G|-3.988161e+04 |-3.684740e+04 |   8.23%
  80200 | 80201 |746729 |   8.9 |  58G|-3.988161e+04 |-3.684740e+04 |   8.23%
  80300 | 80301 |747117 |   8.9 |  58G|-3.988161e+04 |-3.684740e+04 |   8.23%
  node  | left  |LP iter|LP it/n| mem |  dualbound   | primalbound  |  gap   
  80400 | 80401 |747510 |   8.8 |  58G|-3.988161e+04 |-3.684740e+04 |   8.23%
  80500 | 80501 |747945 |   8.8 |  58G|-3.988161e+04 |-3.684740e+04 |   8.23%
  80600 | 80601 |748373 |   8.8 |  58G|-3.988161e+04 |-3.684740e+04 |   8.23%
  80700 | 80701 |748808 |   8.8 |  58G|-3.988161e+04 |-3.684740e+04 |   8.23%
  80800 | 80801 |749238 |   8.8 |  58G|-3.988161e+04 |-3.684740e+04 |   8.23%
  80900 | 80901 |749661 |   8.8 |  58G|-3.988159e+04 |-3.684740e+04 |   8.23%
  81000 | 81001 |750056 |   8.8 |  58G|-3.988159e+04 |-3.684740e+04 |   8.23%
  81100 | 81101 |750432 |   8.8 |  58G|-3.988159e+04 |-3.684740e+04 |   8.23%
  81200 | 81201 |750840 |   8.8 |  58G|-3.988159e+04 |-3.684740e+04 |   8.23%
  81300 | 81301 |751260 |   8.8 |  58G|-3.988159e+04 |-3.684740e+04 |   8.23%
  81400 | 81401 |751657 |   8.8 |  58G|-3.988159e+04 |-3.684740e+04 |   8.23%
  81500 | 81501 |752057 |   8.8 |  58G|-3.988159e+04 |-3.684740e+04 |   8.23%
  81600 | 81601 |752451 |   8.8 |  58G|-3.988159e+04 |-3.684740e+04 |   8.23%
  81700 | 81701 |752832 |   8.8 |  58G|-3.988159e+04 |-3.684740e+04 |   8.23%
  81800 | 81801 |753225 |   8.8 |  58G|-3.988159e+04 |-3.684740e+04 |   8.23%
  node  | left  |LP iter|LP it/n| mem |  dualbound   | primalbound  |  gap   
  81900 | 81901 |753654 |   8.8 |  58G|-3.988159e+04 |-3.684740e+04 |   8.23%
  82000 | 82001 |754060 |   8.8 |  58G|-3.988159e+04 |-3.684740e+04 |   8.23%
  82100 | 82101 |754465 |   8.7 |  58G|-3.988159e+04 |-3.684740e+04 |   8.23%
  82200 | 82201 |754863 |   8.7 |  58G|-3.988159e+04 |-3.684740e+04 |   8.23%
  82300 | 82301 |755261 |   8.7 |  58G|-3.988159e+04 |-3.684740e+04 |   8.23%
  82400 | 82401 |755671 |   8.7 |  59G|-3.988159e+04 |-3.684740e+04 |   8.23%
  82500 | 82501 |756060 |   8.7 |  59G|-3.988158e+04 |-3.684740e+04 |   8.23%
  82600 | 82601 |756472 |   8.7 |  59G|-3.988158e+04 |-3.684740e+04 |   8.23%
  82700 | 82701 |756868 |   8.7 |  59G|-3.988158e+04 |-3.684740e+04 |   8.23%
  82800 | 82801 |757285 |   8.7 |  59G|-3.988158e+04 |-3.684740e+04 |   8.23%
  82900 | 82901 |757720 |   8.7 |  59G|-3.988158e+04 |-3.684740e+04 |   8.23%
  83000 | 83001 |758148 |   8.7 |  59G|-3.988158e+04 |-3.684740e+04 |   8.23%
  83100 | 83101 |758538 |   8.7 |  59G|-3.988158e+04 |-3.684740e+04 |   8.23%
  83200 | 83201 |758936 |   8.7 |  59G|-3.988158e+04 |-3.684740e+04 |   8.23%
  83300 | 83301 |759371 |   8.7 |  59G|-3.988158e+04 |-3.684740e+04 |   8.23%
  node  | left  |LP iter|LP it/n| mem |  dualbound   | primalbound  |  gap   
  83400 | 83401 |759785 |   8.7 |  59G|-3.988158e+04 |-3.684740e+04 |   8.23%
  83500 | 83501 |760203 |   8.7 |  59G|-3.988158e+04 |-3.684740e+04 |   8.23%
  83600 | 83601 |760636 |   8.7 |  59G|-3.988158e+04 |-3.684740e+04 |   8.23%
  83700 | 83701 |761062 |   8.7 |  59G|-3.988158e+04 |-3.684740e+04 |   8.23%
  83800 | 83801 |761480 |   8.7 |  59G|-3.988158e+04 |-3.684740e+04 |   8.23%
  83900 | 83901 |761902 |   8.6 |  59G|-3.988158e+04 |-3.684740e+04 |   8.23%
  84000 | 84001 |762323 |   8.6 |  59G|-3.988158e+04 |-3.684740e+04 |   8.23%
  84100 | 84101 |762746 |   8.6 |  59G|-3.988158e+04 |-3.684740e+04 |   8.23%
  84200 | 84201 |763192 |   8.6 |  59G|-3.988158e+04 |-3.684740e+04 |   8.23%
  84300 | 84301 |763623 |   8.6 |  59G|-3.988158e+04 |-3.684740e+04 |   8.23%
  84400 | 84401 |764041 |   8.6 |  59G|-3.988158e+04 |-3.684740e+04 |   8.23%
  84500 | 84501 |764461 |   8.6 |  59G|-3.988158e+04 |-3.684740e+04 |   8.23%
  84600 | 84601 |764883 |   8.6 |  59G|-3.988158e+04 |-3.684740e+04 |   8.23%
  84700 | 84701 |765305 |   8.6 |  59G|-3.988158e+04 |-3.684740e+04 |   8.23%
  84800 | 84801 |765718 |   8.6 |  59G|-3.988158e+04 |-3.684740e+04 |   8.23%
  node  | left  |LP iter|LP it/n| mem |  dualbound   | primalbound  |  gap   
  84900 | 84901 |766135 |   8.6 |  59G|-3.988157e+04 |-3.684740e+04 |   8.23%
  85000 | 85001 |766546 |   8.6 |  59G|-3.988157e+04 |-3.684740e+04 |   8.23%
  85100 | 85101 |766962 |   8.6 |  60G|-3.988157e+04 |-3.684740e+04 |   8.23%
  85200 | 85201 |767372 |   8.6 |  60G|-3.988157e+04 |-3.684740e+04 |   8.23%
  85300 | 85301 |767805 |   8.6 |  60G|-3.988157e+04 |-3.684740e+04 |   8.23%
  85400 | 85401 |768205 |   8.6 |  60G|-3.988157e+04 |-3.684740e+04 |   8.23%
  85500 | 85501 |768597 |   8.6 |  60G|-3.988149e+04 |-3.684740e+04 |   8.23%
  85600 | 85601 |769034 |   8.6 |  60G|-3.988146e+04 |-3.684740e+04 |   8.23%
  85700 | 85701 |769504 |   8.6 |  60G|-3.988146e+04 |-3.684740e+04 |   8.23%
  85800 | 85801 |770000 |   8.6 |  60G|-3.988146e+04 |-3.684740e+04 |   8.23%
  85900 | 85901 |770463 |   8.5 |  60G|-3.988145e+04 |-3.684740e+04 |   8.23%
  86000 | 86001 |770872 |   8.5 |  60G|-3.988144e+04 |-3.684740e+04 |   8.23%
  86100 | 86101 |771286 |   8.5 |  60G|-3.988144e+04 |-3.684740e+04 |   8.23%
  86200 | 86201 |771749 |   8.5 |  60G|-3.988144e+04 |-3.684740e+04 |   8.23%
  86300 | 86301 |772220 |   8.5 |  60G|-3.988144e+04 |-3.684740e+04 |   8.23%
  node  | left  |LP iter|LP it/n| mem |  dualbound   | primalbound  |  gap   
  86400 | 86401 |772693 |   8.5 |  60G|-3.988144e+04 |-3.684740e+04 |   8.23%
  86500 | 86501 |773171 |   8.5 |  60G|-3.988144e+04 |-3.684740e+04 |   8.23%
  86600 | 86601 |773670 |   8.5 |  60G|-3.988144e+04 |-3.684740e+04 |   8.23%
  86700 | 86701 |774131 |   8.5 |  60G|-3.988144e+04 |-3.684740e+04 |   8.23%
  86800 | 86801 |774621 |   8.5 |  60G|-3.988143e+04 |-3.684740e+04 |   8.23%
  86900 | 86901 |775076 |   8.5 |  60G|-3.988143e+04 |-3.684740e+04 |   8.23%
  87000 | 87001 |775550 |   8.5 |  60G|-3.988143e+04 |-3.684740e+04 |   8.23%
  87100 | 87101 |776033 |   8.5 |  60G|-3.988143e+04 |-3.684740e+04 |   8.23%
  87200 | 87201 |776538 |   8.5 |  60G|-3.988143e+04 |-3.684740e+04 |   8.23%
  87300 | 87301 |777073 |   8.5 |  60G|-3.988143e+04 |-3.684740e+04 |   8.23%
  87400 | 87401 |777612 |   8.5 |  60G|-3.988143e+04 |-3.684740e+04 |   8.23%
  87500 | 87501 |778149 |   8.5 |  60G|-3.988143e+04 |-3.684740e+04 |   8.23%
  87600 | 87601 |778636 |   8.5 |  60G|-3.988143e+04 |-3.684740e+04 |   8.23%
  87700 | 87701 |779123 |   8.5 |  60G|-3.988143e+04 |-3.684740e+04 |   8.23%
  87800 | 87801 |779614 |   8.5 |  61G|-3.988142e+04 |-3.684740e+04 |   8.23%
  node  | left  |LP iter|LP it/n| mem |  dualbound   | primalbound  |  gap   
  87900 | 87901 |780108 |   8.5 |  61G|-3.988142e+04 |-3.684740e+04 |   8.23%
  88000 | 88001 |780640 |   8.5 |  61G|-3.988140e+04 |-3.684740e+04 |   8.23%
  88100 | 88101 |781137 |   8.5 |  61G|-3.988140e+04 |-3.684740e+04 |   8.23%
  88200 | 88201 |781660 |   8.5 |  61G|-3.988139e+04 |-3.684740e+04 |   8.23%
  88300 | 88301 |782148 |   8.4 |  61G|-3.988126e+04 |-3.684740e+04 |   8.23%
  88400 | 88401 |782596 |   8.4 |  61G|-3.988126e+04 |-3.684740e+04 |   8.23%
  88500 | 88501 |783033 |   8.4 |  61G|-3.988126e+04 |-3.684740e+04 |   8.23%
  88600 | 88601 |783466 |   8.4 |  61G|-3.988126e+04 |-3.684740e+04 |   8.23%
  88700 | 88701 |783871 |   8.4 |  61G|-3.988126e+04 |-3.684740e+04 |   8.23%
  88800 | 88801 |784261 |   8.4 |  61G|-3.988126e+04 |-3.684740e+04 |   8.23%
  88900 | 88901 |784703 |   8.4 |  61G|-3.988126e+04 |-3.684740e+04 |   8.23%
  89000 | 89001 |785168 |   8.4 |  61G|-3.988126e+04 |-3.684740e+04 |   8.23%
  89100 | 89101 |785621 |   8.4 |  61G|-3.988126e+04 |-3.684740e+04 |   8.23%
  89200 | 89201 |786056 |   8.4 |  61G|-3.988126e+04 |-3.684740e+04 |   8.23%
  89300 | 89301 |786464 |   8.4 |  61G|-3.988126e+04 |-3.684740e+04 |   8.23%
  node  | left  |LP iter|LP it/n| mem |  dualbound   | primalbound  |  gap   
  89400 | 89401 |786863 |   8.4 |  61G|-3.988126e+04 |-3.684740e+04 |   8.23%
  89500 | 89501 |787265 |   8.4 |  61G|-3.988126e+04 |-3.684740e+04 |   8.23%
  89600 | 89601 |787665 |   8.4 |  61G|-3.988126e+04 |-3.684740e+04 |   8.23%
  89700 | 89701 |788075 |   8.4 |  61G|-3.988126e+04 |-3.684740e+04 |   8.23%
  89800 | 89801 |788484 |   8.4 |  61G|-3.988126e+04 |-3.684740e+04 |   8.23%
  89900 | 89901 |788912 |   8.4 |  61G|-3.988126e+04 |-3.684740e+04 |   8.23%
  90000 | 90001 |789331 |   8.4 |  61G|-3.988126e+04 |-3.684740e+04 |   8.23%
  90100 | 90101 |789783 |   8.4 |  61G|-3.988126e+04 |-3.684740e+04 |   8.23%
  90200 | 90201 |790223 |   8.4 |  61G|-3.988126e+04 |-3.684740e+04 |   8.23%
  90300 | 90301 |790679 |   8.4 |  61G|-3.988126e+04 |-3.684740e+04 |   8.23%
  90400 | 90401 |791119 |   8.4 |  62G|-3.988126e+04 |-3.684740e+04 |   8.23%
  90500 | 90501 |791575 |   8.3 |  62G|-3.988126e+04 |-3.684740e+04 |   8.23%
  90600 | 90601 |792002 |   8.3 |  62G|-3.988126e+04 |-3.684740e+04 |   8.23%
  90700 | 90701 |792436 |   8.3 |  62G|-3.988126e+04 |-3.684740e+04 |   8.23%
  90800 | 90801 |792851 |   8.3 |  62G|-3.988126e+04 |-3.684740e+04 |   8.23%
  node  | left  |LP iter|LP it/n| mem |  dualbound   | primalbound  |  gap   
  90900 | 90901 |793268 |   8.3 |  62G|-3.988126e+04 |-3.684740e+04 |   8.23%
  91000 | 91001 |793682 |   8.3 |  62G|-3.988126e+04 |-3.684740e+04 |   8.23%
  91100 | 91101 |794107 |   8.3 |  62G|-3.988126e+04 |-3.684740e+04 |   8.23%
  91200 | 91201 |794515 |   8.3 |  62G|-3.988126e+04 |-3.684740e+04 |   8.23%
  91300 | 91301 |794927 |   8.3 |  62G|-3.988126e+04 |-3.684740e+04 |   8.23%
  91400 | 91401 |795332 |   8.3 |  62G|-3.988126e+04 |-3.684740e+04 |   8.23%
  91500 | 91501 |795753 |   8.3 |  62G|-3.988126e+04 |-3.684740e+04 |   8.23%
  91600 | 91601 |796162 |   8.3 |  62G|-3.988126e+04 |-3.684740e+04 |   8.23%
