
******************************************************************************
This program contains Ipopt, a library for large-scale nonlinear optimization.
 Ipopt is released as open source code under the Eclipse Public License (EPL).
         For more information visit http://projects.coin-or.org/Ipopt
******************************************************************************

This is Ipopt version 3.12.4, running with linear solver mumps.
NOTE: Other linear solvers might be more efficient (see Ipopt documentation).

Number of nonzeros in equality constraint Jacobian...:   539988
Number of nonzeros in inequality constraint Jacobian.:    10082
Number of nonzeros in Lagrangian Hessian.............:  1336380

Total number of variables............................:    93427
                     variables with only lower bounds:     1704
                variables with lower and upper bounds:      576
                     variables with only upper bounds:        0
Total number of equality constraints.................:    91566
Total number of inequality constraints...............:     1704
        inequality constraints with only lower bounds:     1704
   inequality constraints with lower and upper bounds:        0
        inequality constraints with only upper bounds:        0

iter    objective    inf_pr   inf_du lg(mu)  ||d||  lg(rg) alpha_du alpha_pr  ls
   0  1.7039983e+02 4.00e+02 1.00e+02  -1.0 0.00e+00    -  0.00e+00 0.00e+00   0
   1  1.7417092e+02 4.00e+02 1.00e+02  -1.0 1.12e+02    -  2.58e-04 8.83e-05h  1
   2  1.9938238e+02 4.00e+02 1.00e+02  -1.0 5.81e+02    -  4.57e-05 9.00e-05h  1
   3  2.1222940e+02 4.00e+02 1.03e+02  -1.0 2.67e+02   2.0 8.25e-05 2.83e-05h  1
   4  2.8843305e+02 4.00e+02 2.41e+02  -1.0 2.26e+02   1.5 8.33e-05 9.66e-05h  1
   5  3.3002909e+02 4.00e+02 3.94e+02  -1.0 2.54e+02   1.9 9.90e-05 5.03e-05h  1
   6  3.6039733e+02 4.00e+02 5.95e+02  -1.0 2.27e+02   2.4 5.19e-05 3.79e-05h  1
   7  3.5968164e+02 4.00e+02 6.13e+02  -1.0 7.62e+03   1.9 9.12e-07 7.74e-07f  3
   8  3.9573748e+02 4.00e+02 9.68e+02  -1.0 2.85e+02   2.3 2.27e-05 4.43e-05h  1
   9  4.0850226e+02 4.00e+02 1.02e+03  -1.0 2.41e+02   2.7 1.66e-05 1.62e-05h  1
iter    objective    inf_pr   inf_du lg(mu)  ||d||  lg(rg) alpha_du alpha_pr  ls
  10  4.1691100e+02 4.00e+02 2.14e+03  -1.0 1.70e+03   2.3 6.73e-06 1.68e-05h  1
  11  4.3185304e+02 4.00e+02 2.25e+03  -1.0 2.97e+02   2.7 1.46e-05 1.97e-05h  1
  12r 4.3185304e+02 4.00e+02 9.99e+02   2.1 0.00e+00   3.1 0.00e+00 4.97e-07R  5
  13r 4.7782710e+03 7.87e+02 2.63e+04   2.1 1.04e+05    -  1.68e-04 1.67e-03f  1
  14r 1.8987886e+04 6.81e+02 2.88e+04   2.1 1.42e+01   2.0 1.00e+00 1.39e-01f  1
  15r 1.9005765e+04 5.90e+02 1.78e+05   2.1 3.67e+00   4.2 1.03e-01 1.38e-01f  1
  16r 1.9008798e+04 5.87e+02 1.77e+05   2.1 4.93e+01   3.8 4.88e-02 5.34e-03f  1
  17r 1.9016910e+04 5.63e+02 3.37e+05   2.1 7.95e+00   4.2 1.12e-01 4.18e-02f  1
  18r 1.9153640e+04 4.24e+02 4.07e+06   2.1 1.84e+01   3.7 2.25e-01 2.62e-01f  1
  19r 1.9195408e+04 4.12e+02 3.95e+06   2.1 3.69e+01   3.2 7.08e-02 2.88e-02f  1
iter    objective    inf_pr   inf_du lg(mu)  ||d||  lg(rg) alpha_du alpha_pr  ls
  20r 2.0058358e+04 3.07e+02 2.89e+06   2.1 5.82e+01   2.7 1.31e-01 2.71e-01f  1
  21r 2.0089408e+04 2.82e+02 2.48e+06   2.1 1.14e+01   4.1 4.41e-01 8.22e-02f  1
  22r 2.1086492e+04 2.38e+02 1.64e+07   2.1 4.68e+01   3.6 7.93e-01 9.58e-01f  1
  23r 2.1152803e+04 2.03e+02 1.64e+07   2.1 5.34e+04    -  4.52e-02 1.88e-03f  1
  24  2.1840367e+04 2.03e+02 9.98e+01  -1.0 5.51e+02    -  4.46e-03 1.67e-03h  1
  25  2.3483467e+04 2.01e+02 9.95e+01  -1.0 2.42e+02    -  4.97e-03 3.27e-03h  1
  26  2.8159486e+04 1.98e+02 9.87e+01  -1.0 2.67e+02    -  3.88e-03 8.54e-03h  1
  27  2.8688049e+04 1.98e+02 9.86e+01  -1.0 2.66e+02    -  1.34e-02 9.25e-04h  1
  28  3.9729281e+04 1.94e+02 9.67e+01  -1.0 2.79e+02    -  1.04e-02 1.86e-02h  1
  29  3.9742266e+04 1.94e+02 9.52e+01  -1.0 6.84e+01   2.6 1.83e-03 4.82e-04h  1
iter    objective    inf_pr   inf_du lg(mu)  ||d||  lg(rg) alpha_du alpha_pr  ls
  30  3.9810078e+04 1.94e+02 1.18e+02  -1.0 6.51e+01   2.2 6.24e-03 1.85e-03h  1
  31  3.9868538e+04 1.94e+02 2.44e+02  -1.0 1.04e+02   1.7 6.41e-03 8.33e-04h  1
  32  4.0184472e+04 1.94e+02 2.65e+02  -1.0 2.15e+02   1.2 3.31e-03 2.30e-03h  1
  33  4.0491072e+04 1.94e+02 3.12e+02  -1.0 2.79e+02   0.7 6.72e-03 1.42e-03h  1
  34  4.0614500e+04 1.94e+02 3.80e+02  -1.0 2.06e+03   0.3 2.02e-03 5.46e-04h  1
  35  4.1546568e+04 1.94e+02 7.22e+02  -1.0 2.65e+02   0.7 5.00e-03 4.08e-03h  1
  36  4.1585325e+04 1.94e+02 1.18e+03  -1.0 1.20e+02   2.0 1.32e-02 4.08e-04h  1
  37  4.2058669e+04 1.93e+02 5.60e+03  -1.0 2.25e+02   1.5 7.09e-03 2.75e-03h  1
  38  4.2639777e+04 1.94e+02 5.48e+03  -1.0 1.95e+02   2.0 9.27e-03 3.92e-03h  1
  39  4.2903815e+04 2.07e+02 1.69e+04  -1.0 2.28e+03   1.5 1.53e-03 1.17e-03h  1
iter    objective    inf_pr   inf_du lg(mu)  ||d||  lg(rg) alpha_du alpha_pr  ls
  40  4.3449715e+04 2.08e+02 1.68e+04  -1.0 2.41e+02   1.9 6.22e-03 2.88e-03h  1
  41  4.3632447e+04 2.08e+02 1.68e+04  -1.0 2.09e+02   2.3 1.76e-02 1.10e-03h  1
  42  4.4616819e+04 2.10e+02 1.68e+04  -1.0 2.87e+02   1.9 8.18e-03 4.01e-03h  1
  43  4.4847457e+04 2.11e+02 1.67e+04  -1.0 2.54e+02   2.3 8.92e-03 1.01e-03h  1
  44  4.5179295e+04 2.11e+02 1.67e+04  -1.0 9.04e+02   1.8 3.30e-03 1.14e-03h  1
  45  4.5620158e+04 2.12e+02 4.66e+04  -1.0 1.77e+02   3.1 3.70e-02 2.62e-03h  1
  46  4.7428019e+04 2.15e+02 4.91e+04  -1.0 2.68e+02   2.7 1.11e-02 6.37e-03h  1
  47  4.8196788e+04 2.17e+02 7.60e+04  -1.0 2.45e+02   3.1 1.98e-02 2.66e-03h  1
  48  4.8810232e+04 2.18e+02 7.84e+04  -1.0 6.54e+02   2.6 6.56e-03 1.79e-03h  1
  49  4.9100797e+04 2.18e+02 7.72e+04  -1.0 2.49e+02   3.0 6.34e-05 8.98e-04h  1
iter    objective    inf_pr   inf_du lg(mu)  ||d||  lg(rg) alpha_du alpha_pr  ls
  50  4.9756151e+04 2.20e+02 1.11e+05  -1.0 1.53e+03   2.6 8.01e-03 1.75e-03h  1
  51  5.0222881e+04 2.19e+02 1.11e+05  -1.0 2.51e+02   3.0 1.41e-03 1.34e-03h  1
  52  5.0675688e+04 2.19e+02 1.11e+05  -1.0 1.36e+03   2.5 1.68e-03 9.67e-04h  1
  53  5.0880712e+04 2.19e+02 1.11e+05  -1.0 2.80e+02   2.9 7.60e-04 5.54e-04h  1
  54  5.1116480e+04 2.19e+02 1.11e+05  -1.0 2.28e+02   3.4 1.18e-02 6.85e-04h  1
  55  5.1638924e+04 2.18e+02 2.48e+05  -1.0 2.30e+03   2.9 6.93e-04 1.16e-03h  2
  56  5.2722621e+04 2.18e+02 2.47e+05  -1.0 2.28e+02   3.3 1.25e-02 2.86e-03h  1
  57  5.3260780e+04 2.18e+02 2.47e+05  -1.0 1.57e+03   2.8 1.68e-03 1.24e-03h  1
  58  5.3678356e+04 2.17e+02 2.47e+05  -1.0 2.18e+02   3.3 2.63e-03 1.02e-03h  1
  59  5.3703457e+04 2.17e+02 2.47e+05  -1.0 2.08e+02   3.7 7.82e-03 6.55e-05h  1
iter    objective    inf_pr   inf_du lg(mu)  ||d||  lg(rg) alpha_du alpha_pr  ls
  60  5.5118115e+04 2.17e+02 2.46e+05  -1.0 2.16e+02   3.2 1.00e-02 3.31e-03h  1
  61  5.5565264e+04 2.16e+02 2.45e+05  -1.0 3.05e+02   2.7 1.37e-03 8.79e-04h  1
  62  5.6077339e+04 2.16e+02 2.45e+05  -1.0 2.25e+02   3.2 1.19e-02 1.20e-03h  1
  63  5.8367868e+04 2.15e+02 2.43e+05  -1.0 5.89e+02   2.7 2.06e-03 3.68e-03h  1
  64  5.8783695e+04 2.15e+02 2.43e+05  -1.0 2.88e+02   3.1 1.51e-02 9.06e-04h  1
  65  5.8918914e+04 2.15e+02 2.43e+05  -1.0 4.15e+03   2.6 9.92e-04 1.90e-04h  1
  66  5.9382480e+04 2.15e+02 2.47e+05  -1.0 3.06e+02   3.1 4.59e-03 9.93e-04h  1
  67  6.0153906e+04 2.15e+02 2.76e+05  -1.0 2.69e+02   3.5 8.78e-03 1.79e-03h  1
  68  6.2453801e+04 2.14e+02 3.43e+05  -1.0 3.20e+02   3.0 7.94e-04 4.71e-03h  1
  69  6.2526021e+04 2.14e+02 3.44e+05  -1.0 2.78e+02   3.4 2.04e-06 2.12e-04h  1
iter    objective    inf_pr   inf_du lg(mu)  ||d||  lg(rg) alpha_du alpha_pr  ls
  70  6.2605983e+04 2.13e+02 3.44e+05  -1.0 1.25e+03   3.0 1.14e-04 2.16e-04h  1
  71  6.2651135e+04 2.13e+02 3.45e+05  -1.0 2.80e+02   3.4 4.20e-03 1.45e-04h  1
  72  6.3035655e+04 2.13e+02 3.99e+05  -1.0 2.51e+02   3.8 5.51e-04 1.36e-03h  1
  73  6.3197923e+04 2.13e+02 4.02e+05  -1.0 2.99e+02   3.3 3.43e-03 5.16e-04h  1
  74  6.3669731e+04 2.13e+02 4.80e+05  -1.0 2.63e+02   3.8 4.10e-03 1.65e-03h  1
  75  6.3689879e+04 2.13e+02 4.80e+05  -1.0 3.27e+02   3.3 9.50e-03 6.08e-05h  1
  76  6.3748472e+04 2.13e+02 4.81e+05  -1.0 3.04e+02   3.7 2.12e-03 1.98e-04h  1
  77  6.4925089e+04 2.12e+02 5.76e+05  -1.0 3.70e+02   3.2 1.20e-03 3.41e-03h  1
  78  6.5475395e+04 2.12e+02 6.35e+05  -1.0 3.45e+02   3.7 5.48e-03 1.78e-03h  1
  79  6.6858358e+04 2.11e+02 7.33e+05  -1.0 6.30e+02   3.2 1.88e-03 3.75e-03h  1
iter    objective    inf_pr   inf_du lg(mu)  ||d||  lg(rg) alpha_du alpha_pr  ls
  80  6.7545623e+04 2.10e+02 8.59e+05  -1.0 3.48e+02   3.6 1.36e-02 2.28e-03h  1
  81  6.8377552e+04 2.10e+02 8.58e+05  -1.0 1.89e+03   3.1 3.00e-03 1.81e-03h  1
  82  6.8528407e+04 2.10e+02 1.12e+06  -1.0 3.56e+02   3.5 1.44e-02 4.97e-04h  1
  83  6.9034237e+04 2.09e+02 1.11e+06  -1.0 6.08e+02   3.1 2.25e-03 1.57e-03h  1
  84  6.9275236e+04 2.09e+02 1.25e+06  -1.0 3.58e+02   3.5 1.09e-02 7.78e-04h  1
  85  6.9703025e+04 2.09e+02 1.29e+06  -1.0 3.41e+02   3.9 2.49e-03 1.44e-03h  1
  86  7.0363848e+04 2.09e+02 1.27e+06  -1.0 3.63e+02   3.4 5.47e-05 2.00e-03h  1
  87  7.0378640e+04 2.09e+02 1.27e+06  -1.0 3.41e+02   3.9 1.90e-04 4.85e-05h  1
  88  7.0478441e+04 2.08e+02 1.30e+06  -1.0 3.76e+02   3.4 3.17e-03 3.00e-04h  1
  89  7.1441671e+04 2.08e+02 1.21e+06  -1.0 3.45e+02   3.8 6.40e-04 3.08e-03h  1
iter    objective    inf_pr   inf_du lg(mu)  ||d||  lg(rg) alpha_du alpha_pr  ls
  90  7.1595695e+04 2.08e+02 1.23e+06  -1.0 4.70e+02   3.3 3.35e-03 4.28e-04h  1
  91  7.2025620e+04 2.08e+02 1.32e+06  -1.0 3.43e+02   3.8 3.92e-03 1.29e-03h  1
  92  7.3169380e+04 2.08e+02 1.32e+06  -1.0 5.82e+02   3.3 9.05e-05 2.97e-03h  1
  93  7.3214115e+04 2.08e+02 1.32e+06  -1.0 3.43e+02   3.7 1.01e-06 1.27e-04h  1
  94  7.3226824e+04 2.08e+02 1.32e+06  -1.0 3.23e+02   4.1 1.42e-04 3.98e-05h  1
  95  7.3957559e+04 2.09e+02 1.39e+06  -1.0 3.46e+02   3.7 3.59e-03 2.04e-03h  1
  96  7.4026205e+04 2.09e+02 1.39e+06  -1.0 3.23e+02   4.1 3.99e-04 2.08e-04h  1
  97  7.4542543e+04 2.09e+02 1.42e+06  -1.0 3.57e+02   3.6 2.31e-05 1.40e-03h  1
  98  7.4574578e+04 2.09e+02 1.47e+06  -1.0 3.24e+02   4.0 2.68e-03 9.47e-05h  1
  99  7.4723490e+04 2.09e+02 1.48e+06  -1.0 4.28e+02   3.6 5.10e-04 4.21e-04h  1
iter    objective    inf_pr   inf_du lg(mu)  ||d||  lg(rg) alpha_du alpha_pr  ls
 100  7.4888287e+04 2.09e+02 1.50e+06  -1.0 3.27e+02   4.0 8.91e-04 4.91e-04h  1
 101  7.5572161e+04 2.09e+02 1.49e+06  -1.0 4.81e+02   3.5 1.30e-03 1.87e-03h  1
 102  7.5678027e+04 2.09e+02 1.90e+06  -1.0 3.32e+02   3.9 8.07e-03 3.05e-04h  1
 103  7.6412272e+04 2.10e+02 1.91e+06  -1.0 5.93e+02   3.5 2.94e-03 1.92e-03h  1
 104  7.6424249e+04 2.11e+02 2.15e+06  -1.0 3.53e+02   3.9 5.01e-03 3.30e-05h  1
 105  7.6620341e+04 2.12e+02 2.42e+06  -1.0 3.24e+02   4.3 2.74e-03 5.76e-04h  1
 106  7.6935214e+04 2.13e+02 2.39e+06  -1.0 3.67e+02   3.8 1.15e-04 8.41e-04h  1
 107  7.6940392e+04 2.13e+02 2.77e+06  -1.0 3.35e+02   4.3 3.35e-03 1.48e-05h  1
 108  7.7357693e+04 2.15e+02 2.73e+06  -1.0 3.94e+02   3.8 1.18e-04 1.11e-03h  1
 109  7.7365294e+04 2.15e+02 2.76e+06  -1.0 3.46e+02   4.2 3.75e-04 2.16e-05h  1
iter    objective    inf_pr   inf_du lg(mu)  ||d||  lg(rg) alpha_du alpha_pr  ls
 110  7.7440614e+04 2.16e+02 2.81e+06  -1.0 4.16e+02   3.7 1.69e-03 1.99e-04h  1
 111  7.8059017e+04 2.19e+02 2.72e+06  -1.0 3.56e+02   4.2 7.72e-04 1.72e-03h  1
 112  7.8363136e+04 2.21e+02 3.23e+06  -1.0 3.29e+02   4.6 3.13e-03 9.12e-04h  1
 113  7.8427573e+04 2.21e+02 3.24e+06  -1.0 6.34e+02   4.1 3.98e-04 1.77e-04h  1
 114  7.8470230e+04 2.22e+02 3.46e+06  -1.0 3.38e+02   4.5 1.20e-03 1.24e-04h  1
 115r 7.8470230e+04 2.22e+02 1.00e+03   1.8 0.00e+00   5.0 0.00e+00 3.99e-07R  4
 116r 7.8595601e+04 2.07e+02 9.95e+02   1.8 6.83e+04    -  7.08e-03 5.28e-04f  1
 117  7.8763720e+04 2.07e+02 9.99e+01  -1.0 3.72e+02    -  2.15e-03 6.79e-04h  1
 118  7.9330033e+04 2.07e+02 9.97e+01  -1.0 3.91e+02    -  6.78e-04 2.21e-03h  1
 119  8.0144521e+04 2.07e+02 9.94e+01  -1.0 4.28e+02    -  4.76e-04 3.13e-03h  1
iter    objective    inf_pr   inf_du lg(mu)  ||d||  lg(rg) alpha_du alpha_pr  ls
 120  8.1306456e+04 2.07e+02 9.89e+01  -1.0 4.44e+02    -  6.24e-04 4.54e-03h  1
 121  8.1577939e+04 2.06e+02 9.88e+01  -1.0 4.81e+02    -  8.74e-03 1.05e-03h  1
 122  8.4031976e+04 2.06e+02 9.79e+01  -1.0 4.74e+02    -  6.84e-03 9.37e-03h  1
 123  8.4738008e+04 2.06e+02 9.77e+01  -1.0 6.56e+02    -  7.60e-03 2.62e-03h  1
 124  8.6926098e+04 2.05e+02 9.69e+01  -1.0 8.04e+02    -  6.68e-03 7.95e-03h  1
 125  8.8489612e+04 2.04e+02 9.63e+01  -1.0 8.70e+02    -  8.69e-03 5.78e-03h  1
 126  9.0680388e+04 2.03e+02 1.00e+02  -1.0 9.33e+02    -  7.55e-04 8.18e-03h  1
 127  9.2513943e+04 2.02e+02 1.05e+02  -1.0 1.01e+03    -  3.95e-03 6.94e-03h  1
 128r 9.2513943e+04 2.02e+02 9.99e+02   1.5 0.00e+00   4.5 0.00e+00 3.55e-07R  5
 129r 9.2551289e+04 1.91e+02 9.98e+02   1.5 3.45e+04    -  1.40e-03 2.79e-04f  1
iter    objective    inf_pr   inf_du lg(mu)  ||d||  lg(rg) alpha_du alpha_pr  ls
 130  9.2755863e+04 1.91e+02 9.99e+01  -1.0 7.46e+02    -  1.69e-02 8.45e-04h  1
 131  9.4802214e+04 1.90e+02 9.91e+01  -1.0 8.45e+02    -  2.36e-03 8.32e-03h  1
 132  9.5848607e+04 1.90e+02 9.87e+01  -1.0 9.33e+02    -  1.40e-02 4.31e-03h  1
 133  9.7604009e+04 1.89e+02 9.79e+01  -1.0 1.06e+03    -  6.68e-03 7.22e-03h  1
 134  9.8972593e+04 1.88e+02 9.74e+01  -1.0 1.10e+03    -  8.41e-03 5.64e-03h  1
 135  1.0112925e+05 1.86e+02 9.65e+01  -1.0 1.08e+03    -  1.05e-02 9.20e-03h  1
 136  1.0177517e+05 1.86e+02 9.62e+01  -1.0 1.25e+03    -  7.34e-03 2.75e-03h  1
 137  1.0199267e+05 1.86e+02 9.61e+01  -1.0 1.10e+03    -  5.84e-03 9.43e-04h  1
 138  1.0663314e+05 2.18e+02 1.46e+02  -1.0 1.10e+03    -  5.55e-03 2.02e-02h  1
 139  1.0663429e+05 2.18e+02 4.18e+03  -1.0 4.89e+01   4.0 6.34e-04 1.37e-05h  1
iter    objective    inf_pr   inf_du lg(mu)  ||d||  lg(rg) alpha_du alpha_pr  ls
 140  1.0663800e+05 2.18e+02 1.51e+04  -1.0 2.44e+02   3.5 4.25e-04 4.05e-05h  1
 141  1.0665011e+05 2.18e+02 1.73e+04  -1.0 2.54e+02   3.1 2.22e-04 1.09e-04h  1
 142  1.0667348e+05 2.18e+02 2.86e+04  -1.0 2.26e+02   2.6 1.12e-03 1.71e-04h  1
 143  1.0672369e+05 2.18e+02 2.88e+04  -1.0 2.91e+02   2.1 3.66e-04 3.20e-04h  1
 144  1.0681467e+05 2.18e+02 3.23e+04  -1.0 2.93e+02   1.6 2.34e-03 5.29e-04h  1
 145  1.0689690e+05 2.18e+02 3.29e+04  -1.0 2.96e+02   1.1 1.44e-03 4.45e-04h  1
 146  1.0708540e+05 2.18e+02 3.58e+04  -1.0 2.91e+02   1.6 2.74e-03 1.07e-03h  1
 147  1.0728112e+05 2.19e+02 3.64e+04  -1.0 2.91e+02   1.1 2.21e-03 1.03e-03h  1
 148  1.0735676e+05 2.19e+02 4.04e+04  -1.0 2.85e+02   1.5 2.95e-03 4.14e-04h  1
 149  1.0780326e+05 2.21e+02 4.14e+04  -1.0 2.90e+02   1.0 4.32e-03 2.25e-03h  1
iter    objective    inf_pr   inf_du lg(mu)  ||d||  lg(rg) alpha_du alpha_pr  ls
 150  1.0820089e+05 2.22e+02 4.45e+04  -1.0 2.82e+02   1.5 4.39e-03 2.07e-03h  1
 151  1.0833002e+05 2.22e+02 4.42e+04  -1.0 3.21e+02   1.0 7.43e-05 6.60e-04h  1
 152  1.0932169e+05 2.25e+02 3.93e+04  -1.0 2.90e+02   1.4 1.35e-03 5.06e-03h  1
 153  1.0942516e+05 2.26e+02 3.97e+04  -1.0 5.61e+02   0.9 1.51e-03 5.85e-04h  1
 154  1.0959779e+05 2.26e+02 4.49e+04  -1.0 3.15e+02   1.4 5.33e-03 8.94e-04h  1
 155  1.0983952e+05 2.27e+02 4.40e+04  -1.0 1.66e+03   0.9 3.09e-05 1.75e-03h  1
 156  1.0986630e+05 2.27e+02 5.12e+04  -1.0 3.17e+02   1.3 6.74e-03 1.38e-04h  1
 157  1.1025598e+05 2.28e+02 6.93e+04  -1.0 2.99e+02   1.7 8.39e-03 2.00e-03h  1
 158  1.1113824e+05 2.30e+02 7.29e+04  -1.0 3.13e+02   1.3 8.37e-03 4.41e-03h  1
 159  1.1128625e+05 2.31e+02 9.48e+04  -1.0 2.93e+02   1.7 9.32e-03 7.17e-04h  1
iter    objective    inf_pr   inf_du lg(mu)  ||d||  lg(rg) alpha_du alpha_pr  ls
 160  1.1250441e+05 2.33e+02 9.14e+04  -1.0 3.33e+02   1.2 2.04e-03 5.52e-03h  1
 161  1.1267377e+05 2.33e+02 9.26e+04  -1.0 3.17e+02   1.6 1.33e-03 7.58e-04h  1
 162  1.1287918e+05 2.34e+02 1.01e+05  -1.0 3.15e+02   2.1 2.41e-03 9.46e-04h  1
 163  1.1330304e+05 2.35e+02 1.07e+05  -1.0 3.16e+02   1.6 4.93e-03 1.89e-03h  1
 164  1.1367584e+05 2.36e+02 1.36e+05  -1.0 3.14e+02   2.0 7.67e-03 1.69e-03h  1
 165  1.1409412e+05 2.36e+02 1.35e+05  -1.0 3.30e+02   1.5 1.11e-03 1.86e-03h  1
 166  1.1434571e+05 2.36e+02 1.37e+05  -1.0 5.02e+02   1.1 3.78e-03 1.16e-03h  1
 167  1.1446591e+05 2.36e+02 1.51e+05  -1.0 3.44e+02   1.5 9.61e-03 5.37e-04h  1
 168  1.1540089e+05 2.36e+02 1.49e+05  -1.0 6.16e+02   1.0 2.90e-03 4.36e-03h  1
 169  1.1546935e+05 2.36e+02 1.52e+05  -1.0 3.68e+02   1.4 2.30e-03 3.07e-04h  1
iter    objective    inf_pr   inf_du lg(mu)  ||d||  lg(rg) alpha_du alpha_pr  ls
 170  1.1556645e+05 2.36e+02 1.53e+05  -1.0 1.37e+03   1.0 2.79e-03 4.78e-04h  1
 171  1.1596247e+05 2.36e+02 1.60e+05  -1.0 3.82e+02   1.4 7.15e-03 1.77e-03h  1
 172  1.1723083e+05 2.37e+02 1.58e+05  -1.0 3.32e+02   1.8 5.35e-03 5.70e-03h  1
 173  1.1814798e+05 2.36e+02 1.61e+05  -1.0 4.61e+02   1.3 7.73e-03 4.08e-03h  1
 174  1.1862649e+05 2.36e+02 1.88e+05  -1.0 3.58e+02   1.8 1.13e-02 2.14e-03h  1
 175  1.1898240e+05 2.35e+02 1.91e+05  -1.0 5.67e+02   1.3 4.94e-03 1.59e-03h  1
 176  1.1990816e+05 2.35e+02 2.10e+05  -1.0 3.75e+02   1.7 1.16e-02 4.10e-03h  1
 177  1.2024429e+05 2.34e+02 2.12e+05  -1.0 9.77e+02   1.2 3.22e-03 1.56e-03h  1
 178  1.2253709e+05 2.33e+02 1.87e+05  -1.0 4.12e+02   1.7 3.17e-04 1.01e-02h  1
 179  1.2258177e+05 2.32e+02 2.14e+05  -1.0 3.64e+02   2.1 4.66e-03 2.02e-04h  1
iter    objective    inf_pr   inf_du lg(mu)  ||d||  lg(rg) alpha_du alpha_pr  ls
 180  1.2295658e+05 2.32e+02 2.11e+05  -1.0 4.83e+02   1.6 3.90e-04 1.67e-03h  1
 181  1.2322460e+05 2.32e+02 2.35e+05  -1.0 3.75e+02   2.0 5.78e-03 1.21e-03h  1
 182  1.2418972e+05 2.31e+02 2.26e+05  -1.0 5.50e+02   1.6 3.88e-05 4.30e-03h  1
 183  1.2445763e+05 2.31e+02 2.64e+05  -1.0 3.92e+02   2.0 9.39e-03 1.21e-03h  1
 184  1.2468839e+05 2.31e+02 2.63e+05  -1.0 6.70e+02   1.5 6.63e-04 1.07e-03h  1
 185  1.2474728e+05 2.30e+02 2.83e+05  -1.0 4.03e+02   1.9 4.96e-03 2.67e-04h  1
 186  1.2539266e+05 2.30e+02 2.54e+05  -1.0 3.58e+02   2.4 4.20e-04 2.94e-03h  1
 187  1.2621459e+05 2.29e+02 2.61e+05  -1.0 4.38e+02   1.9 5.98e-03 3.75e-03h  1
 188  1.2621895e+05 2.29e+02 3.19e+05  -1.0 3.74e+02   2.3 6.12e-03 2.02e-05h  1
 189  1.2645189e+05 2.29e+02 3.17e+05  -1.0 4.59e+02   1.8 4.31e-04 1.11e-03h  1
iter    objective    inf_pr   inf_du lg(mu)  ||d||  lg(rg) alpha_du alpha_pr  ls
 190  1.2681114e+05 2.29e+02 3.17e+05  -1.0 3.71e+02   2.3 1.79e-03 1.69e-03h  1
 191  1.2705442e+05 2.28e+02 3.15e+05  -1.0 4.95e+02   1.8 5.82e-04 1.20e-03h  1
 192  1.2762458e+05 2.28e+02 3.21e+05  -1.0 3.77e+02   2.2 3.58e-03 2.72e-03h  1
 193  1.2814896e+05 2.27e+02 3.15e+05  -1.0 5.48e+02   1.7 4.99e-04 2.77e-03h  1
 194  1.2816865e+05 2.27e+02 3.47e+05  -1.0 3.78e+02   2.2 5.24e-03 9.72e-05h  1
 195  1.2837078e+05 2.27e+02 3.53e+05  -1.0 5.70e+02   1.7 4.46e-03 1.15e-03h  1
 196  1.2838783e+05 2.27e+02 3.60e+05  -1.0 3.53e+02   2.1 1.29e-03 8.42e-05h  1
 197  1.2870460e+05 2.27e+02 3.56e+05  -1.0 5.09e+02   1.6 2.95e-05 1.79e-03h  1
 198  1.2907432e+05 2.26e+02 3.49e+05  -1.0 3.47e+02   2.0 5.39e-04 1.83e-03h  1
 199  1.2919980e+05 2.26e+02 3.52e+05  -1.0 5.74e+02   1.6 2.84e-03 8.03e-04h  1
iter    objective    inf_pr   inf_du lg(mu)  ||d||  lg(rg) alpha_du alpha_pr  ls
 200  1.2946880e+05 2.26e+02 3.52e+05  -1.0 3.54e+02   2.0 1.64e-03 1.35e-03h  1
 201  1.2959003e+05 2.26e+02 3.51e+05  -1.0 9.62e+02   1.5 1.06e-05 1.01e-03h  1
 202  1.3036907e+05 2.25e+02 3.36e+05  -1.0 3.76e+02   1.9 4.18e-04 4.02e-03h  1
 203  1.3032193e+05 2.24e+02 3.36e+05  -1.0 2.45e+03   1.5 8.04e-04 1.01e-03f  1
 204  1.3038095e+05 2.24e+02 3.38e+05  -1.0 3.79e+02   1.9 9.78e-04 3.14e-04h  1
 205  1.3038098e+05 2.24e+02 3.38e+05  -1.0 1.67e+03   1.4 2.21e-06 3.87e-07h  4
 206  1.3038426e+05 2.24e+02 3.38e+05  -1.0 4.50e+02   1.8 5.09e-07 1.76e-05h  1
 207  1.3094347e+05 2.24e+02 3.82e+05  -1.0 3.29e+02   2.3 8.77e-03 2.85e-03h  1
 208  1.3116977e+05 2.24e+02 3.80e+05  -1.0 5.92e+02   1.8 2.76e-04 1.25e-03h  1
 209  1.3154324e+05 2.23e+02 3.88e+05  -1.0 3.37e+02   2.2 3.36e-03 1.92e-03h  1
iter    objective    inf_pr   inf_du lg(mu)  ||d||  lg(rg) alpha_du alpha_pr  ls
 210  1.3188511e+05 2.23e+02 3.86e+05  -1.0 8.28e+02   1.7 5.36e-04 2.05e-03h  1
 211  1.3205090e+05 2.23e+02 4.42e+05  -1.0 3.45e+02   2.2 1.15e-02 8.69e-04h  1
 212  1.3235522e+05 2.22e+02 4.42e+05  -1.0 1.30e+03   1.7 6.82e-04 2.20e-03h  1
 213  1.3243599e+05 2.22e+02 4.68e+05  -1.0 3.78e+02   2.1 6.82e-03 4.34e-04h  1
 214  1.3244284e+05 2.22e+02 4.69e+05  -1.0 2.98e+03   1.6 8.29e-05 4.97e-04h  1
 215  1.3247810e+05 2.22e+02 4.80e+05  -1.0 4.01e+02   2.1 3.44e-03 1.94e-04h  1
 216  1.3236990e+05 2.22e+02 4.81e+05  -1.0 3.14e+04   1.6 3.56e-05 5.15e-05f  1
 217  1.3355023e+05 2.20e+02 4.62e+05  -1.0 4.30e+02   2.0 5.30e-04 6.64e-03h  1
 218  1.3375957e+05 2.20e+02 4.59e+05  -1.0 3.01e+02   2.4 8.93e-04 1.16e-03h  1
 219  1.3387967e+05 2.20e+02 4.58e+05  -1.0 5.03e+02   2.0 2.82e-05 7.30e-04h  1
iter    objective    inf_pr   inf_du lg(mu)  ||d||  lg(rg) alpha_du alpha_pr  ls
 220  1.3391152e+05 2.20e+02 4.77e+05  -1.0 3.13e+02   2.4 2.83e-03 1.77e-04h  1
 221  1.3434931e+05 2.19e+02 4.74e+05  -1.0 5.74e+02   1.9 1.40e-04 2.77e-03h  1
 222  1.3438052e+05 2.19e+02 5.20e+05  -1.0 3.21e+02   2.3 8.07e-03 1.77e-04h  1
 223  1.3483597e+05 2.18e+02 5.19e+05  -1.0 6.49e+02   1.9 4.20e-04 3.13e-03h  1
 224  1.3544360e+05 2.18e+02 5.09e+05  -1.0 3.27e+02   2.3 1.96e-03 3.54e-03h  1
 225  1.3587061e+05 2.17e+02 5.10e+05  -1.0 8.18e+02   1.8 1.93e-03 3.82e-03h  1
 226  1.3651252e+05 2.16e+02 4.99e+05  -1.0 3.33e+02   2.2 7.71e-04 3.99e-03h  1
 227r 1.3651252e+05 2.16e+02 1.00e+03   1.4 0.00e+00   1.8 0.00e+00 2.98e-07R  5
 228r 1.3653986e+05 1.84e+02 9.98e+02   1.4 2.20e+04    -  2.88e-03 2.89e-04f  1
 229  1.3792698e+05 1.82e+02 9.90e+01  -1.0 4.58e+02    -  2.18e-03 1.04e-02h  1
iter    objective    inf_pr   inf_du lg(mu)  ||d||  lg(rg) alpha_du alpha_pr  ls
 230  1.3833642e+05 1.81e+02 9.86e+01  -1.0 4.50e+02    -  2.38e-03 3.21e-03h  1
 231  1.3934129e+05 1.80e+02 9.79e+01  -1.0 4.51e+02    -  2.12e-03 7.97e-03h  1
 232  1.4075639e+05 1.78e+02 9.67e+01  -1.0 4.45e+02    -  9.90e-03 1.15e-02h  1
 233  1.4123545e+05 1.77e+02 9.63e+01  -1.0 4.38e+02    -  8.74e-03 4.00e-03h  1
 234  1.4272215e+05 1.74e+02 9.51e+01  -1.0 4.33e+02    -  2.19e-03 1.29e-02h  1
 235  1.4361449e+05 1.73e+02 9.43e+01  -1.0 4.11e+02    -  1.07e-02 8.05e-03h  1
 236  1.4583930e+05 1.69e+02 9.24e+01  -1.0 3.77e+02    -  6.40e-03 2.06e-02h  1
 237  1.4618470e+05 1.68e+02 9.21e+01  -1.0 3.25e+02    -  4.90e-03 3.46e-03h  1
 238  1.4763294e+05 1.66e+02 9.06e+01  -1.0 3.65e+02    -  9.80e-04 1.55e-02h  1
 239  1.4826083e+05 1.64e+02 8.99e+01  -1.0 6.22e+02    -  6.79e-03 8.10e-03h  1
iter    objective    inf_pr   inf_du lg(mu)  ||d||  lg(rg) alpha_du alpha_pr  ls
 240  1.4835306e+05 1.63e+02 8.98e+01  -1.0 4.93e+02    -  8.15e-03 1.15e-03h  1
 241  1.5005786e+05 1.57e+02 8.78e+01  -1.0 4.28e+02    -  4.38e-03 2.22e-02h  1
 242  1.5050184e+05 1.53e+02 8.72e+01  -1.0 7.82e+02    -  1.42e-03 7.32e-03h  1
 243  1.5194168e+05 1.42e+02 1.05e+02  -1.0 5.95e+02    -  1.34e-02 2.12e-02h  1
 244  1.5211947e+05 1.42e+02 1.04e+02  -1.0 5.65e+02    -  5.40e-03 5.17e-03h  1
 245  1.5243346e+05 1.41e+02 1.04e+02  -1.0 4.67e+02    -  5.07e-03 7.36e-03h  1
 246  1.5253599e+05 1.40e+02 1.03e+02  -1.0 3.94e+02    -  1.88e-03 2.52e-03h  1
 247  1.5362270e+05 1.37e+02 1.03e+02  -1.0 3.42e+02    -  6.52e-03 2.51e-02h  1
 248  1.5363453e+05 1.37e+02 1.03e+02  -1.0 1.54e+02   1.3 1.17e-03 2.33e-04h  1
 249  1.5374114e+05 1.36e+02 1.08e+02  -1.0 2.19e+02   0.8 7.91e-04 1.43e-03h  1
iter    objective    inf_pr   inf_du lg(mu)  ||d||  lg(rg) alpha_du alpha_pr  ls
 250  1.5421436e+05 1.36e+02 1.56e+02  -1.0 2.21e+02   0.3 1.52e-03 6.14e-03h  1
 251  1.5439980e+05 1.35e+02 1.60e+02  -1.0 2.31e+02  -0.2 5.94e-03 2.65e-03h  1
 252  1.5455500e+05 1.35e+02 1.66e+02  -1.0 2.27e+02   0.3 3.76e-03 2.05e-03h  1
 253  1.5541133e+05 1.33e+02 2.50e+02  -1.0 2.35e+02  -0.2 6.59e-03 1.27e-02h  1
 254  1.5571037e+05 1.33e+02 2.69e+02  -1.0 2.27e+02   0.2 3.54e-03 3.81e-03h  1
 255  1.5594019e+05 1.32e+02 2.97e+02  -1.0 2.22e+02   0.7 9.19e-03 2.74e-03h  1
 256  1.5623110e+05 1.32e+02 3.09e+02  -1.0 2.24e+02   0.2 3.55e-03 3.42e-03h  1
 257  1.5705168e+05 1.30e+02 3.53e+02  -1.0 2.69e+02  -0.3 8.98e-03 1.11e-02h  1
 258  1.5754657e+05 1.30e+02 3.80e+02  -1.0 2.32e+02   0.1 9.43e-03 5.32e-03h  1
 259  1.5791326e+05 1.29e+02 4.17e+02  -1.0 2.15e+02   0.5 3.26e-04 3.78e-03h  1
iter    objective    inf_pr   inf_du lg(mu)  ||d||  lg(rg) alpha_du alpha_pr  ls
 260  1.5875120e+05 1.28e+02 4.92e+02  -1.0 2.49e+02   0.1 1.47e-02 9.49e-03h  1
 261  1.5934726e+05 1.27e+02 5.71e+02  -1.0 2.27e+02   0.5 1.42e-02 5.97e-03h  1
 262  1.6051784e+05 1.25e+02 2.19e+03  -1.0 4.34e+02   0.0 8.47e-03 1.51e-02h  1
 263  1.6081238e+05 1.25e+02 2.30e+03  -1.0 2.56e+02   0.4 1.11e-02 3.24e-03h  1
 264  1.6118953e+05 1.25e+02 2.43e+03  -1.0 2.24e+02   0.9 1.57e-04 3.75e-03h  1
 265  1.6120616e+05 1.25e+02 2.44e+03  -1.0 7.45e+02   0.4 1.94e-03 3.88e-04h  1
 266  1.6126891e+05 1.24e+02 2.45e+03  -1.0 2.26e+02   0.8 5.10e-03 6.29e-04h  1
 267  1.6180953e+05 1.24e+02 2.98e+03  -1.0 2.17e+02   1.2 6.33e-03 5.28e-03h  1
 268  1.6212546e+05 1.23e+02 3.20e+03  -1.0 2.35e+02   0.8 1.21e-03 3.35e-03h  1
 269  1.6251101e+05 1.23e+02 3.46e+03  -1.0 2.24e+02   1.2 5.72e-03 3.85e-03h  1
iter    objective    inf_pr   inf_du lg(mu)  ||d||  lg(rg) alpha_du alpha_pr  ls
 270  1.6273734e+05 1.23e+02 3.71e+03  -1.0 3.25e+02   0.7 8.26e-04 2.75e-03h  1
 271  1.6347131e+05 1.22e+02 5.20e+03  -1.0 2.28e+02   1.1 6.92e-05 7.67e-03h  1
 272  1.6358272e+05 1.21e+02 5.23e+03  -1.0 2.22e+02   1.6 8.45e-03 1.14e-03h  1
 273  1.6445004e+05 1.20e+02 6.62e+03  -1.0 2.31e+02   1.1 1.09e-03 9.44e-03h  1
 274  1.6444819e+05 1.20e+02 6.62e+03  -1.0 1.69e+03   0.6 1.13e-03 1.34e-04h  1
 275  1.6445523e+05 1.20e+02 6.62e+03  -1.0 2.27e+02   1.0 4.43e-03 7.18e-05h  1
 276  1.6480443e+05 1.20e+02 6.62e+03  -1.0 2.20e+02   1.5 1.70e-04 3.41e-03h  1
 277  1.6540199e+05 1.19e+02 6.59e+03  -1.0 2.29e+02   1.0 3.23e-03 6.23e-03h  1
 278  1.6546917e+05 1.19e+02 6.58e+03  -1.0 2.18e+02   1.4 1.26e-02 6.70e-04h  1
 279  1.6611687e+05 1.18e+02 6.52e+03  -1.0 2.25e+02   0.9 8.95e-04 6.86e-03h  1
iter    objective    inf_pr   inf_du lg(mu)  ||d||  lg(rg) alpha_du alpha_pr  ls
 280  1.6615060e+05 1.18e+02 6.52e+03  -1.0 1.92e+02   1.4 8.26e-03 3.26e-04h  1
 281  1.6669030e+05 1.18e+02 6.48e+03  -1.0 1.92e+02   0.9 2.26e-03 5.39e-03h  1
 282  1.6678028e+05 1.17e+02 6.47e+03  -1.0 1.78e+02   1.3 1.17e-02 8.43e-04h  1
 283  1.6792492e+05 1.16e+02 6.38e+03  -1.0 1.93e+02   0.8 1.02e-02 1.12e-02h  1
 284  1.6827642e+05 1.16e+02 6.35e+03  -1.0 1.79e+02   1.3 1.87e-02 3.24e-03h  1
 285  1.6918000e+05 1.15e+02 6.29e+03  -1.0 2.03e+02   0.8 5.32e-03 8.83e-03h  1
 286  1.6955441e+05 1.14e+02 6.27e+03  -1.0 1.86e+02   1.2 1.39e-02 3.43e-03h  1
 287  1.6992409e+05 1.14e+02 6.24e+03  -1.0 2.12e+02   0.7 4.58e-03 3.73e-03h  1
 288  1.6998870e+05 1.14e+02 6.27e+03  -1.0 1.88e+02   1.2 7.58e-03 5.94e-04h  1
 289  1.7113655e+05 1.13e+02 6.16e+03  -1.0 2.21e+02   0.7 7.82e-03 1.19e-02h  1
iter    objective    inf_pr   inf_du lg(mu)  ||d||  lg(rg) alpha_du alpha_pr  ls
 290  1.7141927e+05 1.12e+02 6.14e+03  -1.0 1.92e+02   1.1 7.36e-04 2.60e-03h  1
 291  1.7154490e+05 1.12e+02 6.23e+03  -1.0 2.49e+02   0.6 2.57e-02 1.33e-03h  1
 292  1.7261221e+05 1.11e+02 6.07e+03  -1.0 1.95e+02   1.1 5.17e-04 9.77e-03h  1
 293  1.7263568e+05 1.11e+02 6.07e+03  -1.0 3.88e+02   0.6 9.76e-03 2.80e-04h  1
 294  1.7339017e+05 1.10e+02 6.03e+03  -1.0 1.98e+02   1.0 9.50e-04 6.88e-03h  1
 295  1.7339350e+05 1.10e+02 6.03e+03  -1.0 1.02e+03   0.5 3.45e-03 9.08e-05h  1
 296  1.7411434e+05 1.09e+02 5.99e+03  -1.0 2.00e+02   1.0 2.62e-03 6.57e-03h  1
 297  1.7438836e+05 1.09e+02 5.97e+03  -1.0 1.88e+02   1.4 6.50e-03 2.44e-03h  1
 298  1.7536597e+05 1.08e+02 5.91e+03  -1.0 2.99e+02   0.9 2.81e-05 9.45e-03h  1
 299  1.7584690e+05 1.08e+02 5.89e+03  -1.0 2.42e+02   1.3 2.58e-04 4.48e-03h  1
iter    objective    inf_pr   inf_du lg(mu)  ||d||  lg(rg) alpha_du alpha_pr  ls
 300  1.7594823e+05 1.08e+02 8.94e+03  -1.0 1.82e+02   1.8 1.52e-02 9.15e-04h  1
 301  1.7743871e+05 1.06e+02 1.10e+04  -1.0 3.93e+02   1.3 5.00e-03 1.45e-02h  1
 302  1.7745454e+05 1.06e+02 1.39e+04  -1.0 1.89e+02   1.7 2.50e-02 1.47e-04h  1
 303  1.7998470e+05 1.03e+02 7.77e+04  -1.0 5.50e+02   1.2 2.15e-04 2.77e-02h  1
 304  1.7998930e+05 1.03e+02 7.77e+04  -1.0 2.37e+02   0.8 1.09e-02 4.69e-05h  1
 305  1.8001137e+05 1.03e+02 7.77e+04  -1.0 1.88e+02   1.2 1.26e-02 2.08e-04h  1
 306  1.8037097e+05 1.03e+02 7.74e+04  -1.0 3.90e+02   0.7 4.38e-05 3.82e-03h  1
 307  1.8087280e+05 1.02e+02 7.71e+04  -1.0 1.85e+02   1.1 8.73e-04 4.71e-03h  1
 308  1.8090765e+05 1.02e+02 7.71e+04  -1.0 4.40e+02   0.6 3.31e-03 3.42e-04h  1
 309  1.8138742e+05 1.02e+02 7.67e+04  -1.0 1.84e+02   1.1 1.49e-02 4.46e-03h  1
iter    objective    inf_pr   inf_du lg(mu)  ||d||  lg(rg) alpha_du alpha_pr  ls
 310  1.8140403e+05 1.02e+02 7.67e+04  -1.0 9.92e+02   0.6 1.29e-04 1.67e-04h  1
 311  1.8259263e+05 1.01e+02 7.59e+04  -1.0 1.80e+02   1.0 8.55e-04 1.08e-02h  1
 312  1.8301593e+05 1.00e+02 7.56e+04  -1.0 1.71e+02   1.5 2.21e-02 3.80e-03h  1
 313  1.8448991e+05 9.89e+01 7.46e+04  -1.0 1.99e+02   1.0 2.04e-04 1.34e-02h  1
 314  1.8475169e+05 9.86e+01 7.44e+04  -1.0 1.76e+02   1.4 9.28e-03 2.35e-03h  1
 315  1.8593287e+05 9.76e+01 7.36e+04  -1.0 2.12e+02   0.9 1.38e-02 1.08e-02h  1
 316  1.8643181e+05 9.71e+01 7.33e+04  -1.0 1.78e+02   1.3 1.23e-02 4.49e-03h  1
 317  1.8698251e+05 9.66e+01 7.29e+04  -1.0 2.23e+02   0.9 1.08e-04 5.05e-03h  1
 318  1.8700100e+05 9.66e+01 7.29e+04  -1.0 1.80e+02   1.3 1.45e-02 1.66e-04h  1
 319  1.8706046e+05 9.66e+01 7.29e+04  -1.0 3.23e+02   0.8 6.35e-04 5.28e-04h  1
iter    objective    inf_pr   inf_du lg(mu)  ||d||  lg(rg) alpha_du alpha_pr  ls
 320  1.8982829e+05 9.42e+01 7.11e+04  -1.0 1.82e+02   1.2 2.84e-04 2.46e-02h  1
 321  1.8985605e+05 9.42e+01 7.10e+04  -1.0 1.70e+02   1.7 6.29e-03 2.49e-04h  1
 322  1.8986906e+05 9.42e+01 7.10e+04  -1.0 1.84e+02   1.2 7.40e-03 1.15e-04h  1
 323  1.9135804e+05 9.53e+01 7.01e+04  -1.0 1.69e+02   1.6 3.53e-03 1.30e-02h  1
 324  1.9155008e+05 9.67e+01 7.00e+04  -1.0 1.99e+02   1.1 1.23e-02 1.68e-03h  1
 325  1.9198507e+05 9.86e+01 6.97e+04  -1.0 1.81e+02   1.6 1.20e-02 3.76e-03h  1
 326  1.9260240e+05 1.04e+02 6.93e+04  -1.0 2.10e+02   1.1 2.53e-03 5.31e-03h  1
 327  1.9272396e+05 1.04e+02 6.93e+04  -1.0 1.85e+02   1.5 8.06e-03 1.03e-03h  1
 328  1.9335628e+05 1.11e+02 6.89e+04  -1.0 2.13e+02   1.0 1.56e-03 5.34e-03h  1
 329  1.9345752e+05 1.11e+02 6.88e+04  -1.0 1.79e+02   1.5 4.26e-03 8.44e-04h  1
iter    objective    inf_pr   inf_du lg(mu)  ||d||  lg(rg) alpha_du alpha_pr  ls
 330  1.9377504e+05 1.17e+02 6.86e+04  -1.0 2.81e+02   1.0 4.10e-04 2.65e-03h  1
 331  1.9384296e+05 1.17e+02 6.86e+04  -1.0 1.84e+02   1.4 4.38e-04 5.65e-04h  1
 332r 1.9384296e+05 1.17e+02 1.00e+03   1.0 0.00e+00   0.9 0.00e+00 2.70e-07R  4
 333r 1.9376060e+05 7.67e+01 9.98e+02   1.0 1.95e+04    -  2.41e-03 6.30e-04f  1
 334  1.9472122e+05 7.58e+01 9.89e+01  -1.0 2.72e+02    -  2.56e-03 1.09e-02f  1
 335  1.9528700e+05 7.53e+01 9.83e+01  -1.0 2.61e+02    -  1.13e-03 6.58e-03h  1
 336  1.9627736e+05 7.44e+01 9.71e+01  -1.0 2.55e+02    -  1.55e-02 1.15e-02h  1
 337  1.9720067e+05 7.36e+01 9.61e+01  -1.0 2.48e+02    -  9.69e-03 1.07e-02h  1
 338  1.9783449e+05 7.31e+01 9.54e+01  -1.0 3.34e+02    -  1.41e-02 7.30e-03h  1
 339  2.0015005e+05 7.12e+01 9.28e+01  -1.0 3.10e+02    -  1.21e-02 2.72e-02h  1
iter    objective    inf_pr   inf_du lg(mu)  ||d||  lg(rg) alpha_du alpha_pr  ls
 340  2.0254210e+05 6.92e+01 9.01e+01  -1.0 2.98e+02    -  2.77e-02 2.91e-02h  1
 341  2.0381917e+05 6.81e+01 9.15e+01  -1.0 3.09e+02    -  2.19e-02 1.62e-02h  1
 342  2.0776618e+05 6.47e+01 1.25e+02  -1.0 3.04e+02    -  1.75e-02 5.06e-02h  1
 343  2.1146434e+05 6.15e+01 1.39e+02  -1.0 3.28e+02    -  3.91e-02 4.99e-02h  1
 344  2.1408732e+05 5.92e+01 1.38e+02  -1.0 3.63e+02    -  4.67e-02 3.69e-02h  1
 345  2.1678223e+05 5.69e+01 1.32e+02  -1.0 3.86e+02    -  4.38e-02 3.96e-02h  1
 346  2.2126021e+05 5.30e+01 1.21e+02  -1.0 4.04e+02    -  6.57e-02 6.85e-02h  1
 347  2.2358747e+05 5.10e+01 1.17e+02  -1.0 4.13e+02    -  9.49e-03 3.87e-02h  1
 348  2.2744889e+05 4.74e+01 1.08e+02  -1.0 4.27e+02    -  3.62e-02 7.05e-02h  1
 349  2.2758705e+05 4.73e+01 1.12e+02  -1.0 1.45e+02   0.5 6.99e-03 2.06e-03h  1
iter    objective    inf_pr   inf_du lg(mu)  ||d||  lg(rg) alpha_du alpha_pr  ls
 350  2.2864006e+05 4.67e+01 1.83e+02  -1.0 1.96e+02  -0.0 3.46e-03 1.23e-02h  1
 351  2.2960925e+05 4.62e+01 2.06e+02  -1.0 2.16e+02  -0.5 2.81e-02 1.16e-02h  1
 352  2.3015545e+05 4.59e+01 2.08e+02  -1.0 2.54e+02  -1.0 3.92e-02 7.22e-03h  1
 353  2.3081263e+05 4.54e+01 2.08e+02  -1.0 3.05e+02  -1.4 2.66e-02 1.02e-02h  1
 354  2.3391001e+05 4.35e+01 2.92e+02  -1.0 2.35e+02  -1.0 4.50e-02 4.14e-02h  1
 355  2.3457094e+05 4.29e+01 2.92e+02  -1.0 7.24e+02  -1.5 1.20e-02 1.28e-02h  1
 356  2.3570162e+05 4.22e+01 3.01e+02  -1.0 2.57e+02  -1.1 9.99e-03 1.67e-02h  1
 357  2.3581700e+05 4.21e+01 3.01e+02  -1.0 4.90e+02  -1.5 1.77e-02 2.47e-03h  1
 358  2.3867955e+05 8.57e+01 3.52e+02  -1.0 2.34e+02  -1.1 4.81e-03 4.31e-02h  1
 359  2.3880245e+05 8.62e+01 3.52e+02  -1.0 2.11e+02  -0.7 6.47e-02 1.70e-03h  1
iter    objective    inf_pr   inf_du lg(mu)  ||d||  lg(rg) alpha_du alpha_pr  ls
 360  2.4187895e+05 8.21e+01 3.94e+02  -1.0 2.32e+02  -1.2 2.30e-02 4.73e-02h  1
 361  2.4404891e+05 7.96e+01 4.53e+02  -1.0 2.08e+02  -0.7 5.26e-02 3.09e-02h  1
 362  2.4697663e+05 7.57e+01 4.71e+02  -1.0 2.30e+02  -1.2 7.10e-02 4.97e-02h  1
 363  2.4858799e+05 7.38e+01 4.97e+02  -1.0 2.09e+02  -0.8 4.60e-02 2.50e-02h  1
 364  2.5376986e+05 6.66e+01 5.41e+02  -1.0 2.32e+02  -1.3 2.64e-02 9.78e-02h  1
 365  2.5617253e+05 6.37e+01 5.89e+02  -1.0 1.93e+02  -0.9 5.24e-02 4.30e-02h  1
 366  2.5727315e+05 6.26e+01 6.18e+02  -1.0 1.83e+02  -0.4 8.28e-02 1.86e-02h  1
 367  2.6578240e+05 5.24e+01 1.28e+03  -1.0 1.91e+02  -0.9 1.66e-02 1.64e-01h  1
 368  2.7048174e+05 4.73e+01 1.89e+03  -1.0 1.64e+02  -0.5 1.12e-01 9.68e-02h  1
 369  2.7323975e+05 4.37e+01 1.78e+03  -1.0 1.51e+02  -1.0 2.22e-03 7.69e-02h  1
iter    objective    inf_pr   inf_du lg(mu)  ||d||  lg(rg) alpha_du alpha_pr  ls
 370  2.7339374e+05 4.35e+01 1.78e+03  -1.0 1.43e+02  -0.5 3.00e-02 3.89e-03h  1
 371  2.7514891e+05 4.09e+01 1.67e+03  -1.0 1.45e+02  -1.0 4.93e-02 5.86e-02h  1
 372  2.7629447e+05 3.96e+01 1.64e+03  -1.0 1.18e+02  -0.6 2.50e-03 3.21e-02h  1
 373  2.7679554e+05 3.91e+01 1.64e+03  -1.0 1.24e+02  -0.2 3.64e-02 1.30e-02h  1
 374  2.7707408e+05 3.88e+01 1.63e+03  -1.0 9.67e+01  -0.6 1.40e-02 8.48e-03h  1
 375  2.7787122e+05 3.80e+01 1.63e+03  -1.0 1.21e+02  -0.2 2.52e-02 2.09e-02h  1
 376  2.7924552e+05 3.67e+01 1.87e+03  -1.0 1.19e+02   0.2 5.19e-02 3.49e-02h  1
 377  2.8400941e+05 3.18e+01 3.82e+03  -1.0 1.00e+02  -0.3 1.94e-02 1.32e-01h  1
 378  2.8567931e+05 3.02e+01 4.69e+03  -1.0 7.90e+01   0.2 2.25e-02 5.06e-02h  1
 379  2.8702475e+05 2.90e+01 6.45e+03  -1.0 7.26e+01   0.6 2.22e-02 4.14e-02h  1
iter    objective    inf_pr   inf_du lg(mu)  ||d||  lg(rg) alpha_du alpha_pr  ls
 380  2.8739825e+05 2.86e+01 6.49e+03  -1.0 1.09e+02   0.1 2.92e-02 1.24e-02h  1
 381  2.8797125e+05 2.81e+01 6.74e+03  -1.0 5.35e+01   0.5 1.07e-02 1.82e-02h  1
 382  2.8799826e+05 2.80e+01 6.73e+03  -1.0 7.89e+01   0.1 8.15e-03 9.18e-04h  1
 383  2.9068690e+05 2.56e+01 1.37e+04  -1.0 6.60e+01   0.5 2.08e-02 8.68e-02h  1
 384  2.9069099e+05 2.56e+01 1.37e+04  -1.0 6.09e+03   0.0 1.91e-04 7.63e-05h  3
 385  2.9096300e+05 2.54e+01 1.36e+04  -1.0 4.96e+01   0.4 5.74e-02 9.62e-03h  1
 386  2.9144726e+05 2.49e+01 1.36e+04  -1.0 5.96e+01  -0.0 2.70e-02 1.91e-02h  1
 387  2.9204030e+05 2.43e+01 1.34e+04  -1.0 8.70e+01   0.4 2.52e-02 2.21e-02h  1
 388  2.9285275e+05 2.35e+01 1.31e+04  -1.0 8.01e+01  -0.1 9.75e-03 3.37e-02h  1
 389  2.9299797e+05 2.34e+01 1.30e+04  -1.0 8.52e+01   0.3 3.41e-02 5.66e-03h  1
iter    objective    inf_pr   inf_du lg(mu)  ||d||  lg(rg) alpha_du alpha_pr  ls
 390  2.9557050e+05 2.08e+01 1.18e+04  -1.0 8.12e+01  -0.1 8.40e-02 1.12e-01h  1
 391  2.9563547e+05 2.07e+01 1.17e+04  -1.0 7.33e+01   0.3 4.19e-02 2.87e-03h  1
 392  2.9808263e+05 1.81e+01 1.03e+04  -1.0 6.86e+01  -0.2 2.13e-01 1.23e-01h  1
 393  2.9836316e+05 1.79e+01 1.01e+04  -1.0 6.20e+01   0.2 3.20e-02 1.42e-02h  1
 394  2.9918088e+05 1.72e+01 1.02e+04  -1.0 6.22e+01   0.7 5.09e-02 3.97e-02h  1
 395  3.0074315e+05 1.57e+01 9.61e+03  -1.0 5.73e+01   0.2 6.36e-02 8.43e-02h  1
 396  3.0078881e+05 1.57e+01 9.59e+03  -1.0 5.35e+01   0.6 5.17e-02 2.48e-03h  1
 397  3.0213357e+05 1.44e+01 8.90e+03  -1.0 5.08e+01   0.1 4.83e-02 7.94e-02h  1
 398  3.0271239e+05 1.39e+01 8.72e+03  -1.0 4.81e+01   0.6 3.74e-02 3.46e-02h  1
 399  3.0535559e+05 1.15e+01 6.90e+03  -1.0 4.32e+01   0.1 8.41e-03 1.78e-01h  1
iter    objective    inf_pr   inf_du lg(mu)  ||d||  lg(rg) alpha_du alpha_pr  ls
 400  3.0653792e+05 9.71e+00 6.28e+03  -1.0 2.63e+01  -0.4 1.56e-01 1.52e-01h  1
 401  3.0866779e+05 7.57e+00 4.33e+03  -1.0 2.75e+01   0.0 2.85e-01 2.21e-01h  1
 402  3.1002265e+05 4.23e+00 3.66e+03  -1.0 1.64e+01  -0.4 3.91e-01 4.41e-01h  1
 403  3.1128619e+05 2.43e+00 2.63e+03  -1.0 1.10e+01  -0.0 2.02e-01 4.25e-01h  1
 404  3.1082022e+05 2.10e+00 2.24e+03  -1.0 6.84e+00  -0.5 1.10e-01 1.68e-01f  1
 405  3.0923133e+05 1.73e+00 1.96e+03  -1.0 1.35e+01  -1.0 1.49e-01 1.41e-01f  1
 406  3.0852843e+05 1.45e+00 1.60e+03  -1.0 6.34e+00  -0.5 5.88e-01 2.04e-01f  1
 407  3.0749988e+05 1.29e+00 1.46e+03  -1.0 9.30e+00  -1.0 4.77e-01 9.16e-02f  1
 408  3.0666832e+05 1.11e+00 1.14e+03  -1.0 5.79e+00  -0.6 3.11e-01 2.40e-01f  1
 409  3.0445019e+05 3.73e+00 9.54e+02  -1.0 2.99e+01  -1.1 8.99e-02 1.82e-01f  1
iter    objective    inf_pr   inf_du lg(mu)  ||d||  lg(rg) alpha_du alpha_pr  ls
 410  3.0364171e+05 7.49e-01 7.69e+02  -1.0 4.97e+00  -0.6 3.08e-01 2.06e-01f  1
 411  3.0352989e+05 1.41e+02 7.53e+02  -1.0 2.72e+02  -0.2 2.74e-02 2.09e-02f  2
 412  3.0039724e+05 1.12e-01 6.71e+02  -1.0 1.14e+01  -0.7 2.74e-01 7.34e-01f  1
 413  2.9969194e+05 3.02e+01 4.27e+02  -1.0 1.13e+01  -0.3 3.55e-01 7.02e-01f  1
 414  2.9948541e+05 2.25e+01 4.48e+02  -1.0 1.09e+01   0.2 9.35e-01 4.18e-01f  1
 415  2.9932792e+05 1.74e+01 2.20e+03  -1.0 1.82e+02   0.6 3.74e-03 2.94e-02f  1
 416  2.9939615e+05 1.67e+01 2.09e+03  -1.0 6.07e+00   1.0 2.72e-01 2.51e-01h  1
 417  2.9939733e+05 1.67e+01 2.08e+03  -1.0 1.92e+01   1.4 3.65e-02 1.20e-03h  1
 418  2.9949654e+05 1.45e+01 1.11e+04  -1.0 2.10e+01   1.9 4.36e-02 1.32e-01h  1
 419  2.9938860e+05 2.96e-01 3.59e+04  -1.0 1.76e+01   1.4 5.68e-02 1.00e+00f  1
iter    objective    inf_pr   inf_du lg(mu)  ||d||  lg(rg) alpha_du alpha_pr  ls
 420  2.9935107e+05 4.39e-04 1.73e+04  -1.0 8.94e+00   0.9 7.29e-01 5.61e-01h  1
 421  2.9908215e+05 8.43e-06 7.66e+02  -1.0 4.42e+00   0.4 1.00e+00 1.00e+00f  1
 422  2.9818881e+05 2.12e-05 1.42e+01  -1.0 1.10e+00  -0.1 8.99e-01 1.00e+00f  1
 423  2.9580249e+05 2.57e-05 3.16e+01  -1.7 2.68e+00  -0.5 4.41e-01 5.18e-01f  1
 424  2.9398320e+05 2.57e-05 3.80e+01  -1.7 8.00e+00  -1.0 4.42e-01 2.29e-01f  1
 425  2.9137596e+05 6.88e-05 5.20e+01  -1.7 2.19e+01  -1.5 2.87e-01 1.41e-01f  1
 426  2.9011371e+05 1.04e-04 5.33e+01  -1.7 8.53e+00  -1.1 9.23e-01 1.79e-01f  1
 427  2.8887585e+05 9.30e-05 5.03e+01  -1.7 3.28e+00  -0.6 8.28e-01 4.34e-01f  1
 428  2.8737263e+05 9.65e-05 5.13e+01  -1.7 9.33e+00  -1.1 6.54e-01 2.32e-01f  1
 429  2.8578054e+05 9.05e-05 5.45e+01  -1.7 2.63e+01  -1.6 1.37e-01 9.58e-02f  1
iter    objective    inf_pr   inf_du lg(mu)  ||d||  lg(rg) alpha_du alpha_pr  ls
 430  2.8484723e+05 7.75e-05 5.20e+01  -1.7 1.02e+01  -1.2 7.74e-01 1.46e-01f  1
 431  2.8380488e+05 3.28e+01 5.26e+01  -1.7 3.60e+01  -1.6 5.37e-02 6.36e-02f  1
 432  2.8372779e+05 3.26e+01 5.25e+01  -1.7 1.18e+03  -2.1 1.56e-03 1.57e-03f  1
 433  2.8182740e+05 2.23e+01 5.90e+01  -1.7 3.20e+01  -1.7 1.33e-01 1.07e-01f  1
 434  2.8079239e+05 6.97e-03 5.95e+01  -1.7 2.60e+02  -2.2 2.69e-03 2.24e-02f  1
 435  2.8028290e+05 1.50e-03 5.08e+01  -1.7 8.81e+00  -0.8 3.88e-01 1.92e-01f  1
 436  2.7968270e+05 1.40e-03 4.82e+01  -1.7 1.41e+01  -1.3 2.94e-01 8.75e-02f  1
 437  2.7919550e+05 1.16e-03 4.12e+01  -1.7 5.40e+00  -0.9 8.88e-01 1.85e-01f  1
 438  2.7834755e+05 1.02e-03 3.96e+01  -1.7 1.56e+01  -1.4 1.14e-01 1.23e-01f  1
 439  2.7743764e+05 9.66e-04 4.03e+01  -1.7 4.35e+01  -1.8 3.44e-02 5.17e-02f  1
iter    objective    inf_pr   inf_du lg(mu)  ||d||  lg(rg) alpha_du alpha_pr  ls
 440  2.7621469e+05 9.39e-04 4.30e+01  -1.7 1.21e+02  -2.3 2.06e-02 2.77e-02f  1
 441  2.7553140e+05 9.02e-04 4.32e+01  -1.7 4.87e+01  -1.9 5.47e-02 3.91e-02f  1
 442  2.7485322e+05 2.03e-03 4.39e+01  -1.7 1.37e+02  -2.4 1.34e-02 1.56e-02f  1
 443  2.7423923e+05 3.02e-03 4.43e+01  -1.7 5.19e+01  -1.9 7.12e-02 3.62e-02f  1
 444  2.7372348e+05 3.88e-03 4.53e+01  -1.7 1.53e+02  -2.4 5.17e-03 1.28e-02f  1
 445  2.7346089e+05 2.04e-03 4.11e+01  -1.7 7.59e+00  -1.1 7.13e-02 1.04e-01f  1
 446  2.7316757e+05 1.69e-03 4.02e+01  -1.7 2.28e+01  -1.6 1.60e-01 4.29e-02f  1
 447  2.7286122e+05 6.37e-04 3.67e+01  -1.7 8.86e+00  -1.1 1.12e-01 1.20e-01f  1
 448  2.7235144e+05 5.92e-04 3.85e+01  -1.7 2.65e+01  -1.6 3.31e-02 7.09e-02f  1
 449  2.7217467e+05 5.53e-04 3.66e+01  -1.7 1.02e+01  -1.2 4.70e-01 6.57e-02f  1
iter    objective    inf_pr   inf_du lg(mu)  ||d||  lg(rg) alpha_du alpha_pr  ls
 450  2.7205842e+05 4.22e-01 3.61e+01  -1.7 1.03e+02  -1.7 2.75e-02 1.53e-02f  1
 451  2.7201554e+05 4.80e-01 3.61e+01  -1.7 1.12e+03  -2.1 1.33e-03 1.58e-03f  1
 452  2.7150077e+05 3.92e-01 3.66e+01  -1.7 3.26e+01  -1.7 1.15e-01 7.22e-02f  1
 453  2.7101086e+05 2.66e-01 3.63e+01  -1.7 1.30e+01  -1.3 1.09e-01 1.77e-01f  1
 454  2.7072521e+05 2.52e-01 3.56e+01  -1.7 3.46e+01  -1.8 1.68e-01 4.27e-02f  1
 455  2.7056812e+05 2.69e-01 3.54e+01  -1.7 2.52e+02  -2.2 1.58e-02 9.12e-03f  1
 456  2.7027251e+05 2.49e-01 3.46e+01  -1.7 3.89e+01  -1.8 4.17e-02 4.86e-02f  1
 457  2.6967772e+05 2.36e-01 3.52e+01  -1.7 1.16e+02  -2.3 3.15e-02 4.15e-02f  1
 458  2.6938999e+05 2.20e-01 3.45e+01  -1.7 4.38e+01  -1.9 2.52e-02 4.63e-02f  1
 459  2.6923714e+05 2.00e-01 3.31e+01  -1.7 1.72e+01  -1.4 8.84e-02 6.06e-02f  1
iter    objective    inf_pr   inf_du lg(mu)  ||d||  lg(rg) alpha_du alpha_pr  ls
 460  2.6892956e+05 1.85e-01 3.28e+01  -1.7 4.92e+01  -1.9 8.68e-02 4.70e-02f  1
 461  2.6856572e+05 1.43e-01 3.28e+01  -1.7 1.90e+01  -1.5 1.45e-01 1.38e-01f  1
 462  2.6793447e+05 1.16e-01 3.88e+01  -1.7 5.53e+01  -2.0 4.54e-02 1.01e-01f  1
 463  2.6776813e+05 1.00e-01 3.72e+01  -1.7 2.08e+01  -1.6 1.18e-01 6.69e-02f  1
 464  2.6738281e+05 8.86e-02 3.70e+01  -1.7 6.21e+01  -2.0 2.83e-02 5.50e-02f  1
 465  2.6687643e+05 4.83e-02 3.60e+01  -1.7 2.33e+01  -1.6 2.84e-01 1.92e-01f  1
 466  2.6629679e+05 3.65e-02 3.68e+01  -1.7 6.93e+01  -2.1 1.66e-02 8.00e-02f  1
 467  2.6627270e+05 3.50e-02 3.65e+01  -1.7 2.61e+01  -1.7 1.59e-01 9.71e-03f  1
 468  2.6581259e+05 2.67e-02 3.68e+01  -1.7 7.78e+01  -2.1 6.95e-03 6.36e-02f  1
 469  2.6560442e+05 2.45e-02 3.50e+01  -1.7 2.92e+01  -1.7 1.20e-01 7.92e-02f  1
iter    objective    inf_pr   inf_du lg(mu)  ||d||  lg(rg) alpha_du alpha_pr  ls
 470  2.6533939e+05 2.53e-02 3.44e+01  -1.7 8.75e+01  -2.2 2.14e-02 3.34e-02f  1
 471  2.6509800e+05 2.40e-02 3.28e+01  -1.7 3.29e+01  -1.8 2.24e-01 8.67e-02f  1
 472  2.6502268e+05 2.06e-02 3.03e+01  -1.7 1.23e+01  -1.3 1.91e-01 8.22e-02f  1
 473  2.6467340e+05 2.22e-02 2.74e+01  -1.7 3.69e+01  -1.8 4.58e-02 1.32e-01f  1
 474  2.6426053e+05 1.60e-02 1.62e+01  -1.7 1.39e+01  -1.4 1.62e-01 3.86e-01f  1
 475  2.6410124e+05 1.54e-02 1.54e+01  -1.7 4.15e+01  -1.9 1.89e-01 5.13e-02f  1
 476  2.6383021e+05 9.44e-03 1.32e+01  -1.7 1.56e+01  -1.4 2.43e-01 2.57e-01f  1
 477  2.6346139e+05 1.04e-05 2.15e+01  -1.7 5.84e+00  -1.0 3.69e-01 9.34e-01f  1
 478  2.6318036e+05 1.17e-05 1.68e+01  -1.7 1.75e+01  -1.5 3.44e-01 2.30e-01f  1
 479  2.6305946e+05 9.39e-06 1.46e+01  -1.7 6.56e+00  -1.1 1.00e+00 2.56e-01f  1
iter    objective    inf_pr   inf_du lg(mu)  ||d||  lg(rg) alpha_du alpha_pr  ls
 480  2.6280433e+05 1.07e-05 1.31e+01  -1.7 1.96e+01  -1.5 1.29e-01 2.36e-01f  1
 481  2.6271936e+05 8.89e-06 1.09e+01  -1.7 7.34e+00  -1.1 1.83e-01 1.88e-01f  1
 482  2.6251002e+05 2.43e+00 1.51e+01  -1.7 2.17e+01  -1.6 7.24e-02 1.54e-01f  1
 483  2.6237919e+05 7.48e+01 3.09e+03  -1.7 4.56e+03  -2.1 5.74e-03 2.11e-02f  1
 484  2.6228233e+05 5.28e+01 2.89e+03  -1.7 5.18e+01  -1.6 1.72e-01 6.72e-02f  1
 485  2.6201767e+05 1.75e+00 2.47e+03  -1.7 2.47e+01  -1.2 4.54e-01 5.41e-01f  1
 486  2.6225606e+05 1.52e+00 2.40e+03  -1.7 4.28e+01  -0.8 1.56e-01 1.29e-01h  1
 487  2.6251125e+05 1.43e+00 2.35e+03  -1.7 3.35e+01  -0.4 4.21e-03 5.54e-02h  1
 488  2.6373984e+05 1.11e+00 2.18e+03  -1.7 4.02e+01  -0.8 3.12e-01 2.20e-01h  1
 489  2.6273499e+05 7.42e-01 1.48e+03  -1.7 6.18e+01  -1.3 5.63e-03 3.26e-01f  1
iter    objective    inf_pr   inf_du lg(mu)  ||d||  lg(rg) alpha_du alpha_pr  ls
 490  2.6234253e+05 6.51e-01 1.30e+03  -1.7 4.63e+01  -1.8 2.35e-01 1.18e-01f  1
 491  2.6157281e+05 5.60e-01 1.13e+03  -1.7 6.67e+01  -2.3 2.15e-01 1.34e-01f  1
 492  2.6127924e+05 5.45e-01 1.10e+03  -1.7 1.28e+02  -2.7 4.53e-02 2.72e-02f  1
 493  2.6115218e+05 5.29e-01 1.07e+03  -1.7 5.03e+01  -2.3 1.94e-01 2.80e-02f  1
 494  2.6074777e+05 5.02e-01 1.02e+03  -1.7 1.68e+02  -2.8 7.02e-03 4.73e-02f  1
 495  2.6065666e+05 4.90e-01 9.92e+02  -1.7 5.26e+01  -2.4 6.36e-02 2.33e-02f  1
 496  2.6026975e+05 4.68e-01 9.50e+02  -1.7 2.97e+02  -2.8 1.19e-02 4.14e-02f  1
 497  2.6010886e+05 4.49e-01 9.13e+02  -1.7 6.17e+01  -2.4 1.39e-01 3.85e-02f  1
 498  2.5978198e+05 4.31e-01 8.78e+02  -1.7 1.65e+02  -2.9 3.20e-02 3.73e-02f  1
 499  2.5946856e+05 3.96e-01 8.08e+02  -1.7 6.80e+01  -2.5 2.02e-01 7.61e-02f  1
iter    objective    inf_pr   inf_du lg(mu)  ||d||  lg(rg) alpha_du alpha_pr  ls
 500  2.5942811e+05 3.92e-01 8.00e+02  -1.7 1.18e+02  -2.9 5.63e-02 1.05e-02f  1
 501  2.5936985e+05 3.92e-01 7.94e+02  -1.7 8.67e+02  -3.4 1.06e-02 6.40e-03f  1
 502  2.5914751e+05 3.69e-01 7.41e+02  -1.7 6.74e+01  -3.0 2.95e-02 6.37e-02f  1
 503  2.5903539e+05 3.87e-01 7.36e+02  -1.7 2.07e+03  -3.5 4.98e-03 6.75e-03f  1
 504  2.5876198e+05 6.59e-01 6.71e+02  -1.7 1.86e+02  -3.1 1.23e-01 8.12e-02f  1
 505  2.5859066e+05 6.20e-01 5.89e+02  -1.7 4.76e+01  -2.6 3.53e-02 1.12e-01f  1
 506  2.5839045e+05 5.08e-01 4.69e+02  -1.7 3.32e+01  -2.2 3.61e-01 1.81e-01f  1
 507  2.5831613e+05 5.02e-01 4.55e+02  -1.7 1.16e+02  -2.7 5.15e-02 3.04e-02f  1
 508  2.5827150e+05 4.78e-01 4.33e+02  -1.7 4.12e+01  -2.3 1.81e-01 4.65e-02f  1
 509  2.5814871e+05 6.43e-01 4.15e+02  -1.7 3.07e+02  -2.7 8.08e-02 4.08e-02f  1
iter    objective    inf_pr   inf_du lg(mu)  ||d||  lg(rg) alpha_du alpha_pr  ls
 510  2.5800260e+05 5.83e-01 3.57e+02  -1.7 5.96e+01  -2.3 9.57e-02 1.31e-01f  1
 511  2.5798826e+05 5.49e-01 3.36e+02  -1.7 1.60e+01  -1.9 2.18e-01 5.65e-02h  1
 512  2.5788545e+05 5.89e-01 3.11e+02  -1.7 1.32e+02  -2.4 1.37e-01 7.13e-02f  1
 513  2.5773932e+05 4.13e-01 1.88e+02  -1.7 2.79e+01  -1.9 1.27e-01 3.48e-01f  1
 514  2.5764288e+05 2.03e-01 8.80e+01  -1.7 9.28e+00  -1.5 1.60e-01 4.89e-01f  1
 515  2.5757572e+05 1.92e-01 8.20e+01  -1.7 5.18e+01  -2.0 1.72e-01 6.58e-02f  1
 516  2.5753774e+05 1.87e-01 7.99e+01  -1.7 8.41e+01  -2.5 4.34e-02 2.60e-02f  1
 517  2.5752497e+05 1.87e-01 7.97e+01  -1.7 4.68e+02  -2.9 4.18e-02 1.93e-03f  1
 518  2.5735162e+05 3.58e-01 7.82e+01  -1.7 7.91e+02  -3.4 8.04e-03 1.93e-02f  1
 519  2.5734368e+05 3.56e-01 7.77e+01  -1.7 1.11e+02    -  1.19e-02 6.05e-03f  1
iter    objective    inf_pr   inf_du lg(mu)  ||d||  lg(rg) alpha_du alpha_pr  ls
 520  2.5729802e+05 8.89e-01 7.62e+01  -1.7 1.77e+02  -2.1 4.83e-03 1.95e-02f  1
 521  2.5729008e+05 9.23e-01 7.46e+01  -1.7 4.16e+01  -2.6 1.13e-01 2.03e-02f  1
 522  2.5723871e+05 7.10e-01 6.03e+01  -1.7 3.24e+01  -2.1 2.25e-01 1.80e-01f  1
 523  2.5713744e+05 7.97e-02 9.37e+00  -1.7 7.40e+00  -1.7 2.46e-01 9.37e-01f  1
 524  2.5710964e+05 8.74e-02 9.17e+00  -1.7 9.96e+01  -2.2 1.08e-01 2.19e-02f  1
 525  2.5702793e+05 1.01e-01 1.11e+01  -1.7 1.38e+01  -1.8 3.25e-01 3.94e-01f  1
 526  2.5701955e+05 9.79e-02 1.11e+01  -1.7 9.62e+01    -  5.52e-02 1.09e-02f  1
 527  2.5697199e+05 1.11e-01 1.69e+01  -1.7 1.20e+02    -  1.76e-01 8.33e-02f  1
 528  2.5688082e+05 3.60e-01 4.63e+01  -1.7 1.11e+02    -  8.49e-03 1.52e-01f  1
 529  2.5684298e+05 4.48e-01 5.29e+01  -1.7 2.04e+02    -  2.27e-01 5.61e-02f  1
iter    objective    inf_pr   inf_du lg(mu)  ||d||  lg(rg) alpha_du alpha_pr  ls
 530  2.5680534e+05 5.51e-01 6.46e+01  -1.7 2.58e+02    -  6.87e-02 4.78e-02f  1
 531  2.5678344e+05 1.94e+00 6.98e+01  -1.7 4.44e+02    -  6.53e-02 2.75e-02f  1
 532  2.5670421e+05 1.27e+00 5.70e+01  -1.7 9.93e+01    -  1.14e-01 2.43e-01f  1
 533  2.5666174e+05 2.18e-01 1.57e+01  -1.7 1.15e+01  -2.2 8.61e-02 7.38e-01f  1
 534  2.5658841e+05 6.17e-01 1.57e+01  -1.7 1.85e+02  -2.7 5.40e-02 1.36e-01f  1
 535  2.5652847e+05 6.56e-06 9.35e+00  -1.7 5.28e+00  -1.4 7.53e-01 1.00e+00f  1
 536  2.5651013e+05 6.97e-06 8.75e+00  -1.7 2.16e+01  -1.9 1.81e-01 9.14e-02f  1
 537  2.5647746e+05 1.70e-01 8.00e+01  -1.7 3.00e+01  -2.3 7.05e-02 1.97e-01f  1
 538  2.5646883e+05 2.56e-01 7.90e+01  -1.7 5.35e+02    -  3.97e-02 1.52e-02f  1
 539  2.5644412e+05 1.20e+00 7.12e+01  -1.7 4.87e+02    -  6.50e-02 9.88e-02f  1
iter    objective    inf_pr   inf_du lg(mu)  ||d||  lg(rg) alpha_du alpha_pr  ls
 540  2.5643780e+05 1.29e-01 4.26e+01  -1.7 2.67e+01    -  2.21e-01 2.62e-01h  1
 541  2.5639323e+05 3.71e-02 4.33e+01  -1.7 1.62e+01  -1.9 1.69e-01 4.78e-01f  1
 542  2.5638951e+05 3.68e-02 4.29e+01  -1.7 6.66e+01  -2.4 7.19e-02 7.70e-03h  1
 543  2.5629970e+05 2.42e-01 2.21e+01  -1.7 3.17e+01  -2.0 1.17e-01 4.55e-01f  1
 544  2.5625350e+05 1.39e-01 1.54e+01  -1.7 1.06e+01  -1.5 8.04e-01 4.22e-01f  1
 545  2.5591592e+05 1.99e+00 3.25e+01  -1.7 5.28e+01  -2.0 1.80e-01 7.34e-01f  1
 546  2.5590489e+05 1.99e+00 3.24e+01  -1.7 3.02e+02  -2.5 8.42e-02 2.71e-03f  1
 547  2.5541893e+05 2.63e+00 1.94e+01  -1.7 5.10e+01  -2.1 4.76e-01 6.49e-01f  1
 548  2.5507127e+05 3.68e+00 2.13e+01  -1.7 4.78e+02  -2.5 1.80e-03 4.86e-02f  1
 549  2.5506693e+05 3.66e+00 2.13e+01  -1.7 6.29e+01  -2.1 3.34e-01 3.70e-03f  1
iter    objective    inf_pr   inf_du lg(mu)  ||d||  lg(rg) alpha_du alpha_pr  ls
 550  2.5495593e+05 2.83e+00 1.74e+01  -1.7 6.88e+01  -2.6 4.69e-02 1.70e-01f  1
 551  2.5487277e+05 8.26e-01 7.12e+00  -1.7 5.29e+00  -1.3 4.63e-01 6.13e-01f  1
 552  2.5475930e+05 1.29e-01 8.72e+00  -1.7 1.67e+01  -1.7 1.62e-01 4.10e-01f  1
 553  2.5463934e+05 1.57e-05 6.82e+00  -1.7 6.01e+00  -1.3 6.64e-01 1.00e+00f  1
 554  2.5444208e+05 7.33e-02 1.46e+01  -1.7 2.67e+01  -1.8 1.31e-01 3.72e-01f  1
 555  2.5437220e+05 4.67e-02 1.03e+01  -1.7 9.02e+00  -1.4 1.00e+00 2.96e-01f  1
 556  2.5396987e+05 7.81e-01 1.19e+01  -1.7 3.22e+01  -1.8 2.79e-01 5.76e-01f  1
 557  2.5396443e+05 9.39e-01 1.19e+01  -1.7 3.50e+02    -  6.79e-03 5.59e-04f  1
 558  2.5389092e+05 6.51e-01 1.07e+01  -1.7 2.90e+01  -2.3 1.08e-01 1.81e-01f  1
 559  2.5371681e+05 5.20e-01 1.67e+01  -1.7 7.01e+01  -2.8 4.37e-02 2.14e-01f  1
iter    objective    inf_pr   inf_du lg(mu)  ||d||  lg(rg) alpha_du alpha_pr  ls
 560  2.5348479e+05 5.09e-01 1.91e+01  -1.7 1.86e+02  -2.4 1.43e-02 6.59e-02f  1
 561  2.5333440e+05 1.14e+00 1.78e+01  -1.7 3.67e+01  -1.9 2.98e-01 1.96e-01f  1
 562  2.5333059e+05 1.28e+00 1.77e+01  -1.7 3.52e+01  -2.4 1.61e-01 5.46e-03f  1
 563  2.5321020e+05 1.24e+00 1.74e+01  -1.7 2.78e+02  -2.9 4.40e-04 2.58e-02f  1
 564  2.5313273e+05 8.09e-01 1.23e+01  -1.7 1.35e+01  -1.6 3.09e-01 3.00e-01f  1
 565  2.5299792e+05 6.82e-01 1.11e+01  -1.7 5.48e+01  -2.0 1.45e-01 1.38e-01f  1
 566  2.5297922e+05 6.82e-01 1.11e+01  -1.7 3.36e+03  -2.5 3.46e-03 2.81e-04f  1
 567  2.5295668e+05 6.68e-01 1.09e+01  -1.7 8.99e+01  -3.0 2.05e-03 1.61e-02f  1
 568  2.5295713e+05 6.68e-01 1.09e+01  -1.7 3.45e+03  -3.5 8.98e-06 2.62e-05f  6
 569  2.5289229e+05 7.24e-01 8.05e+00  -1.7 2.01e+01  -2.1 8.05e-02 1.85e-01f  1
iter    objective    inf_pr   inf_du lg(mu)  ||d||  lg(rg) alpha_du alpha_pr  ls
 570  2.5269932e+05 2.70e-01 1.15e+01  -1.7 2.11e+01  -1.7 1.08e-01 5.02e-01f  1
 571  2.5252621e+05 8.70e-03 1.66e+01  -1.7 7.11e+00  -1.3 1.00e+00 1.00e+00f  1
 572  2.5245489e+05 1.16e-02 1.60e+01  -1.7 3.36e+01  -1.8 1.99e-01 1.02e-01f  1
 573  2.5243887e+05 2.17e-02 1.38e+01  -1.7 4.76e+00  -1.3 3.21e-01 1.26e-01f  1
 574  2.5220010e+05 1.54e-01 1.43e+01  -1.7 2.34e+01  -1.8 2.91e-02 4.68e-01f  1
 575  2.5218314e+05 1.39e-01 1.35e+01  -1.7 1.26e+01  -1.4 2.65e-01 5.59e-02f  1
 576  2.5204288e+05 1.98e-01 1.28e+01  -1.7 5.72e+01  -1.9 5.99e-02 1.39e-01f  1
 577  2.5171532e+05 2.21e-01 2.23e+01  -1.7 1.41e+01  -1.5 2.79e-01 1.00e+00f  1
 578  2.5165776e+05 5.61e-01 2.14e+01  -1.7 7.68e+01  -1.9 2.11e-01 4.01e-02f  1
 579  2.5153242e+05 5.81e-01 2.38e+01  -1.7 6.47e+02  -2.4 7.36e-03 1.31e-02f  1
iter    objective    inf_pr   inf_du lg(mu)  ||d||  lg(rg) alpha_du alpha_pr  ls
 580  2.5139026e+05 2.03e+00 2.44e+01  -1.7 6.94e+01  -2.0 2.12e-01 1.17e-01f  1
 581  2.5136004e+05 2.08e+00 2.48e+01  -1.7 1.10e+03  -2.5 2.07e-04 2.23e-03f  1
 582  2.5124931e+05 1.53e+00 2.26e+01  -1.7 6.18e+01  -2.0 2.52e-01 1.00e-01f  1
 583  2.5114919e+05 1.60e+00 2.38e+01  -1.7 6.63e+02  -2.5 5.86e-03 1.66e-02f  1
 584  2.5107470e+05 1.59e+00 2.35e+01  -1.7 3.73e+02  -3.0 1.11e-01 1.36e-02f  1
 585  2.5097079e+05 1.54e+00 2.27e+01  -1.7 2.12e+02  -3.5 1.31e-01 4.72e-02f  1
 586  2.5088306e+05 1.40e+00 2.15e+01  -1.7 1.46e+02    -  1.86e-01 9.64e-02f  1
 587  2.5081329e+05 1.24e+00 2.10e+01  -1.7 3.01e+02    -  5.20e-02 1.15e-01f  1
 588  2.5071096e+05 3.19e+01 2.25e+01  -1.7 8.95e+01    -  1.80e-01 2.38e-01f  1
 589  2.5069137e+05 1.74e+01 1.37e+01  -1.7 8.74e+01    -  3.67e-01 3.91e-01h  1
iter    objective    inf_pr   inf_du lg(mu)  ||d||  lg(rg) alpha_du alpha_pr  ls
 590  2.5068725e+05 1.30e+01 8.84e+00  -1.7 4.90e+01    -  2.20e-01 3.63e-01h  1
 591  2.5068261e+05 4.49e+00 5.36e+00  -1.7 1.83e+01    -  9.02e-01 6.12e-01h  1
 592  2.5069379e+05 1.07e-05 1.33e+00  -1.7 8.96e+00    -  9.06e-01 1.00e+00h  1
 593  2.5069564e+05 7.02e-07 5.73e-02  -1.7 1.38e+00    -  1.00e+00 1.00e+00h  1
 594  2.5028132e+05 3.68e-06 2.62e-01  -2.5 2.35e+01    -  8.89e-01 7.76e-01f  1
 595  2.5016299e+05 1.65e-06 8.30e-02  -2.5 1.18e+01    -  1.00e+00 1.00e+00f  1
 596  2.5016306e+05 3.65e-08 6.26e-03  -2.5 2.76e+00    -  1.00e+00 1.00e+00h  1
 597  2.5016306e+05 2.22e-10 3.29e-05  -2.5 2.67e-01    -  1.00e+00 1.00e+00h  1
 598  2.5008697e+05 3.26e-02 3.23e-02  -3.8 3.51e+00    -  9.27e-01 9.21e-01f  1
 599  2.5008050e+05 1.94e-07 9.12e-03  -3.8 1.04e+00    -  1.00e+00 1.00e+00h  1
iter    objective    inf_pr   inf_du lg(mu)  ||d||  lg(rg) alpha_du alpha_pr  ls
 600  2.5008050e+05 1.36e-08 2.53e-04  -3.8 4.52e-01    -  1.00e+00 1.00e+00h  1
 601  2.5008050e+05 6.95e-11 2.56e-06  -3.8 1.07e-02    -  1.00e+00 1.00e+00h  1
 602  2.5007613e+05 1.44e-07 3.19e-03  -5.7 2.69e-01    -  9.77e-01 9.55e-01f  1
 603  2.5007592e+05 1.50e-09 2.63e-05  -5.7 4.93e-02    -  1.00e+00 1.00e+00h  1
 604  2.5007592e+05 2.07e-12 5.10e-08  -5.7 1.36e-03    -  1.00e+00 1.00e+00h  1
 605  2.5007587e+05 8.59e-12 1.62e-07  -8.6 4.17e-03    -  1.00e+00 1.00e+00f  1
 606  2.5007587e+05 2.22e-16 2.33e-10  -8.6 1.02e-05    -  1.00e+00 1.00e+00h  1

Number of Iterations....: 606

                                   (scaled)                 (unscaled)
Objective...............:   1.4675813859109705e+04    2.5007586815922937e+05
Dual infeasibility......:   2.3283064365386963e-10    3.9674341678619383e-09
Constraint violation....:   2.2204460492503131e-16    2.2204460492503131e-16
Complementarity.........:   2.5060225029205228e-09    4.2702623449765711e-08
Overall NLP error.......:   2.5060225029205228e-09    4.2702623449765711e-08


Number of objective function evaluations             = 648
Number of objective gradient evaluations             = 597
Number of equality constraint evaluations            = 648
Number of inequality constraint evaluations          = 648
Number of equality constraint Jacobian evaluations   = 612
Number of inequality constraint Jacobian evaluations = 612
Number of Lagrangian Hessian evaluations             = 606
Total CPU secs in IPOPT (w/o function evaluations)   =    345.081
Total CPU secs in NLP function evaluations           =    428.330

EXIT: Optimal Solution Found.
