This is Ipopt version 3.12.4, running with linear solver ma57.

Number of nonzeros in equality constraint Jacobian...:   539832
Number of nonzeros in inequality constraint Jacobian.:      624
Number of nonzeros in Lagrangian Hessian.............:  1336224

Reallocating memory for MA57: lfact (4888395)
Total number of variables............................:    91800
                     variables with only lower bounds:        0
                variables with lower and upper bounds:      576
                     variables with only upper bounds:        0
Total number of equality constraints.................:    91488
Total number of inequality constraints...............:      312
        inequality constraints with only lower bounds:      312
   inequality constraints with lower and upper bounds:        0
        inequality constraints with only upper bounds:        0

iter    objective    inf_pr   inf_du lg(mu)  ||d||  lg(rg) alpha_du alpha_pr  ls
   0  3.4823121e+05 1.78e-02 1.00e+02  -1.0 0.00e+00    -  0.00e+00 0.00e+00   0
   1  3.3131599e+05 1.08e-19 4.12e+02  -1.0 1.07e-01    -  1.00e+00 1.00e+00f  1
   2  3.3115342e+05 7.85e-08 1.96e+01  -1.0 1.96e-03   4.0 1.00e+00 1.00e+00f  1
   3  3.3065627e+05 7.61e-07 1.98e+01  -1.0 5.93e-03   3.5 1.00e+00 1.00e+00f  1
   4  3.2904016e+05 8.99e-06 2.16e+01  -1.0 1.89e-02   3.0 1.00e+00 1.00e+00f  1
   5  3.2357934e+05 1.12e-04 1.99e+01  -1.0 5.38e-02   2.6 1.00e+00 1.00e+00f  1
   6  3.1187943e+05 1.23e-04 4.58e+01  -1.0 4.92e-02   2.1 1.00e+00 1.00e+00f  1
   7  2.9010072e+05 2.61e-04 6.02e+01  -1.0 9.00e-02   1.6 1.00e+00 1.00e+00f  1
   8  2.7155442e+05 2.17e-04 1.22e+02  -1.0 2.79e-01   1.1 6.14e-01 5.19e-01f  1
   9  2.5603888e+05 3.09e-04 1.10e+02  -1.0 1.20e+00   0.7 1.81e-01 2.02e-01f  1
iter    objective    inf_pr   inf_du lg(mu)  ||d||  lg(rg) alpha_du alpha_pr  ls
  10  2.5244326e+05 5.38e-04 1.10e+02  -1.0 7.73e+01   0.2 3.04e-03 5.17e-03f  1
  11  2.3441006e+05 2.41e-04 8.61e+01  -1.0 1.09e+00   0.6 3.15e-01 3.94e-01f  1
  12  2.2163776e+05 3.62e-04 1.88e+02  -1.0 2.26e-01   1.0 6.42e-01 1.00e+00f  1
  13  2.1301293e+05 3.87e-04 9.77e+01  -1.0 1.22e+00   0.6 3.02e-01 2.94e-01f  1
  14  2.0161630e+05 2.56e-04 8.82e+01  -1.0 5.06e-01   1.0 6.49e-01 1.00e+00f  1
  15  1.9556498e+05 9.15e-04 7.07e+01  -1.0 3.44e+00   0.5 1.31e-01 1.28e-01f  1
  16  1.9052562e+05 6.78e-04 7.51e+01  -1.0 7.54e-01   0.9 7.04e-01 3.27e-01f  1
  17  1.8441599e+05 2.98e-04 1.42e+02  -1.0 1.73e-01   1.4 1.00e+00 1.00e+00f  1
  18  1.7668961e+05 3.37e-04 5.85e+01  -1.0 5.01e-01   0.9 8.27e-01 4.93e-01f  1
  19  1.6962106e+05 3.41e-03 3.78e+02  -1.0 9.02e+00   0.4 1.01e-01 1.13e-01f  1
iter    objective    inf_pr   inf_du lg(mu)  ||d||  lg(rg) alpha_du alpha_pr  ls
  20  1.6626753e+05 6.41e-04 1.59e+02  -1.0 8.27e-02   1.7 6.08e-01 1.00e+00f  1
  21  1.6000154e+05 7.47e-05 5.06e+02  -1.0 2.35e-01   1.3 1.00e+00 1.00e+00f  1
  22  1.5343304e+05 1.62e-04 3.16e+02  -1.0 2.17e+00   0.8 5.90e-01 3.53e-01f  1
  23  1.4627276e+05 1.86e-04 2.70e+02  -1.0 2.51e-01   1.2 1.00e+00 1.00e+00f  1
  24  1.3080783e+05 4.46e-04 6.07e+01  -1.0 5.79e-01   0.7 7.54e-01 1.00e+00f  1
  25  1.0357087e+05 9.42e-03 1.66e+03  -1.0 1.90e+00   0.3 7.23e-01 1.00e+00f  1
  26  9.4113523e+04 2.44e-03 2.97e+03  -1.0 4.46e-01   0.7 4.41e-01 1.00e+00f  1
  27  8.0034126e+04 8.08e-04 8.76e+02  -1.0 1.04e+00   0.2 7.41e-01 1.00e+00f  1
  28  7.5246014e+04 2.21e-04 9.40e+01  -1.0 3.36e-01   0.6 1.00e+00 1.00e+00f  1
  29  7.3703624e+04 2.25e-05 1.09e+01  -1.0 2.92e-01   1.1 1.00e+00 1.00e+00f  1
iter    objective    inf_pr   inf_du lg(mu)  ||d||  lg(rg) alpha_du alpha_pr  ls
  30  7.2993468e+04 1.27e-05 6.81e+00  -1.0 1.79e-01   1.5 1.00e+00 1.00e+00f  1
  31  7.2259706e+04 1.29e-04 4.13e+01  -1.0 3.01e+00   1.0 5.78e-01 1.47e-01f  1
  32  6.7845627e+04 2.54e-02 3.27e+03  -1.0 4.60e+00   0.5 7.09e-01 1.00e+00f  1
  33  6.6423300e+04 7.36e-03 1.01e+03  -1.0 3.55e-01   1.9 3.51e-01 1.00e+00f  1
  34  6.4883565e+04 4.84e-03 5.43e+02  -1.0 7.84e-01   1.4 2.38e-01 1.00e+00f  1
  35  6.2819061e+04 1.27e-03 4.57e+01  -1.0 2.01e-01   0.9 1.00e+00 1.00e+00f  1
  36  5.9632063e+04 1.99e-04 5.33e+00  -1.0 3.45e-01   0.4 1.00e+00 1.00e+00f  1
  37  5.4619974e+04 1.45e-03 2.28e+01  -1.0 7.71e-01  -0.1 1.00e+00 1.00e+00f  1
  38  5.0778569e+04 3.31e-03 3.15e+01  -1.0 1.39e+00  -0.5 1.00e+00 1.00e+00f  1
  39  5.0155826e+04 3.54e-04 3.88e+00  -1.0 5.14e-01  -0.1 1.00e+00 1.00e+00f  1
iter    objective    inf_pr   inf_du lg(mu)  ||d||  lg(rg) alpha_du alpha_pr  ls
  40  4.9750386e+04 5.15e-04 1.85e+01  -1.0 1.14e+00  -0.6 1.00e+00 1.00e+00f  1
  41  4.9531439e+04 5.99e-05 5.55e+00  -1.0 4.00e-01  -0.2 1.00e+00 1.00e+00f  1
  42  4.8899444e+04 4.86e-03 6.62e+01  -1.0 2.60e+00  -0.6 1.00e+00 1.00e+00F  1
  43  4.9317924e+04 3.64e-03 9.76e+01  -1.0 3.46e+00    -  4.79e-01 9.81e-01h  1
  44  4.9352462e+04 1.02e-03 4.99e+00  -1.0 4.28e-01  -0.2 1.00e+00 1.00e+00f  1
  45  4.9241835e+04 1.42e-04 1.87e+00  -1.0 2.90e-01  -0.7 1.00e+00 1.00e+00f  1
  46  4.9225414e+04 8.43e-05 7.83e+00  -1.0 4.86e-01  -1.2 1.00e+00 1.00e+00f  1
  47  4.9218048e+04 1.57e-05 1.19e+00  -1.0 2.54e-01  -0.7 1.00e+00 1.00e+00h  1
  48  4.9213691e+04 3.69e-06 1.42e-01  -1.0 1.16e-01  -0.3 1.00e+00 1.00e+00h  1
  49  4.8080488e+04 5.04e-05 1.32e+00  -2.5 6.92e-01  -0.8 9.82e-01 7.92e-01f  1
iter    objective    inf_pr   inf_du lg(mu)  ||d||  lg(rg) alpha_du alpha_pr  ls
  50  4.7679348e+04 1.54e-05 2.55e-01  -2.5 2.64e-01  -0.4 9.24e-01 8.76e-01f  1
  51  4.7675060e+04 5.13e-05 8.12e-01  -2.5 7.59e+01  -0.8 2.13e-02 4.53e-03f  5
  52  4.7616830e+04 6.12e-05 8.14e-01  -2.5 6.03e-01  -0.4 1.00e+00 6.04e-01f  1
  53  4.7573775e+04 2.37e-05 2.16e-01  -2.5 2.10e-01   0.0 1.00e+00 1.00e+00f  1
  54  4.7534464e+04 5.25e-04 5.22e+00  -2.5 1.26e+00  -0.5 9.47e-01 7.05e-01f  1
  55  4.7543310e+04 5.21e-04 5.24e+00  -2.5 6.42e+00  -0.9 3.25e-02 4.73e-04H  1
  56  4.7410844e+04 2.63e-03 1.92e+01  -2.5 1.04e+00  -0.5 1.00e+00 1.00e+00f  1
  57  4.7283569e+04 2.23e-03 6.52e+01  -2.5 4.28e+00    -  5.99e-01 4.06e-01f  1
  58  4.7104418e+04 3.06e-03 7.41e+00  -2.5 1.66e+00    -  1.00e+00 1.00e+00f  1
  59  4.7073792e+04 9.55e-03 8.31e+00  -2.5 2.53e+00    -  1.00e+00 1.00e+00f  1
iter    objective    inf_pr   inf_du lg(mu)  ||d||  lg(rg) alpha_du alpha_pr  ls
  60  4.7070130e+04 2.50e-03 9.15e-01  -2.5 1.01e+00    -  1.00e+00 1.00e+00h  1
  61  4.7075415e+04 3.01e-04 2.50e-01  -2.5 3.62e-01    -  1.00e+00 1.00e+00h  1
  62  4.7076042e+04 3.97e-06 2.56e-03  -2.5 1.52e-02    -  1.00e+00 1.00e+00h  1
  63  4.7037753e+04 3.84e-07 1.41e-03  -3.8 9.42e-02    -  1.00e+00 9.70e-01f  1
  64  4.7034538e+04 1.05e-07 2.26e-04  -5.7 5.09e-02    -  1.00e+00 1.00e+00f  1
  65  4.7034526e+04 1.75e-08 3.65e-05  -5.7 2.03e-02    -  1.00e+00 1.00e+00f  1
  66  4.7034523e+04 1.12e-09 2.39e-06  -5.7 5.17e-03    -  1.00e+00 1.00e+00h  1
  67  4.7034496e+04 2.32e-11 5.06e-08  -8.6 7.55e-04    -  1.00e+00 1.00e+00h  1
  68  4.7034496e+04 3.00e-15 7.28e-12  -8.6 8.42e-06    -  1.00e+00 1.00e+00h  1

Number of Iterations....: 68

                                   (scaled)                 (unscaled)
Objective...............:   5.8910942316066314e+02    4.7034496345147345e+04
Dual infeasibility......:   7.2759576141834259e-12    5.8091245591640475e-10
Constraint violation....:   2.9976021664879227e-15    2.9976021664879227e-15
Complementarity.........:   2.5110838165406943e-09    2.0048493191260902e-07
Overall NLP error.......:   2.5110838165406943e-09    2.0048493191260902e-07


Number of objective function evaluations             = 77
Number of objective gradient evaluations             = 69
Number of equality constraint evaluations            = 77
Number of inequality constraint evaluations          = 77
Number of equality constraint Jacobian evaluations   = 69
Number of inequality constraint Jacobian evaluations = 69
Number of Lagrangian Hessian evaluations             = 68
Total CPU secs in IPOPT (w/o function evaluations)   =     29.480
Total CPU secs in NLP function evaluations           =     54.973

EXIT: Optimal Solution Found.
