  
  -----------------------------------------------
  NLP Solver 
  Argonne National Laboratory, 2016
  -----------------------------------------------


  Linear system solver ------	 Ma57.

solving ...
1st stage 1332 variables, 0 equality constraints, 0 inequality constraints.
2nd stage (use 1st scenario): 1212 variables, 1212 equality constraints, 0 inequality constraints.
666 scenarios.
Total 773460 variables, 772128 equality constraints, 0 inequality constraints. 

 Iter	  Objective     Inf_pr	  Inf_du     Comp    lg(mu)   ||d||   lg(PrRg)	 alpha_du   alpha_pr    LS   lg(DuRg)	AugSysErr KKTSysErr    dWd0      dWd       thd0       thd      #RegFact   #KryIt
 0	 2.7378225e+06  1.41e-02  8.00e+02  5.00e+03  -1.0
 1	 2.5877639e+06  3.47e-18  2.52e+01  4.99e+01  -1.0  1.16e+00      - 	 9.90e-01  1.00e+00-b   1     - 	3.64e-12  0.00e+00   2.47e+04d  2.47e+04  1.54e-08  1.54e-08      0        0
 2	 2.5818306e+06  5.04e-07  3.97e+00  4.78e-01  -1.0  3.95e+00     0.0	 9.91e-01  1.00e+00-f   1     - 	2.95e-13  0.00e+00   5.95e+03d  5.95e+03  6.27e-10  6.27e-10      3        0
 3	 2.5591904e+06  9.01e-06  5.52e+00  1.76e-03  -1.7  1.58e+01     -0.5	 1.00e+00  1.00e+00-o   1     - 	3.41e-13  0.00e+00   2.27e+04d  2.27e+04  1.64e-09  1.64e-09      4        0
 4	 2.5448501e+06  3.61e-06  6.36e+00  3.07e-05  -3.8  7.08e+00     -0.1	 1.00e+00  1.00e+00-b   1     - 	2.08e-13  0.00e+00   1.16e+04d  1.16e+04  2.18e-12  2.18e-12      6        0
 5	 2.4901087e+06  1.05e-04  1.37e+01  2.34e-07  -3.8  3.98e+01     -0.5	 1.00e+00  1.00e+00-o   1     - 	4.55e-13  0.00e+00   5.59e+04d  5.59e+04  4.22e-11  4.22e-11      7        0
 6	 2.4295673e+06  1.51e-04  1.98e+01  4.53e-09  -3.8  2.47e+01     -0.1	 1.00e+00  1.00e+00-b   1     - 	9.91e-13  0.00e+00   4.95e+04d  4.95e+04  1.23e-11  1.23e-11      9        0
 7	 2.3895285e+06  5.97e-03  1.63e+02  3.80e-05  -3.8  1.41e+03     -0.6	 1.00e+00  1.25e-01-o   4     - 	4.66e-10  0.00e+00   1.02e+06d  1.02e+06  1.29e-08  1.29e-08      10        0
 8	 2.2994597e+06  1.52e-03  4.12e+02  7.36e-07  -3.8  8.86e+01     -0.2	 1.00e+00  1.00e+00-b   1     - 	6.28e-12  0.00e+00   2.11e+05d  2.11e+05  6.80e-11  6.80e-11      12        0
 9	 2.2647932e+06  2.34e-04  2.73e+02  1.45e-08  -3.8  4.04e+01     0.3	 1.00e+00  1.00e+00-b   1     - 	1.12e-11  0.00e+00   1.74e+05d  1.74e+05  1.22e-11  1.22e-11      14        0
 Iter	  Objective     Inf_pr	  Inf_du     Comp    lg(mu)   ||d||   lg(PrRg)	 alpha_du   alpha_pr    LS   lg(DuRg)	AugSysErr KKTSysErr    dWd0      dWd       thd0       thd      #RegFact   #KryIt
 10	 2.1894103e+06  2.34e-04  2.13e+01  6.47e-09  -3.8  3.23e+01     -0.2	 1.00e+00  1.00e+00-o   1     - 	6.32e-12  0.00e+00   8.64e+04d  8.64e+04  2.60e-11  2.60e-11      15        0
 11	 2.1456170e+06  3.78e-05  1.59e+01  5.69e-10  -3.8  9.51e+00     0.2	 1.00e+00  1.00e+00-b   1     - 	9.09e-13  0.00e+00   4.57e+04d  4.57e+04  3.51e-12  3.51e-12      17        0
 12	 2.0662836e+06  4.89e-04  2.14e+01  7.86e-09  -3.8  3.55e+01     -0.3	 1.00e+00  1.00e+00-o   1     - 	4.55e-13  0.00e+00   9.38e+04d  9.38e+04  3.08e-11  3.08e-11      18        0
 13	 2.0222013e+06  6.88e-05  1.65e+01  6.75e-10  -3.8  1.04e+01     0.2	 1.00e+00  1.00e+00-b   1     - 	9.09e-13  0.00e+00   4.60e+04d  4.60e+04  4.65e-12  4.65e-12      20        0
 14	 1.8927225e+06  1.41e-03  3.49e+01  2.32e-08  -3.8  6.09e+01     -0.3	 1.00e+00  1.00e+00-o   1     - 	1.82e-12  0.00e+00   1.67e+05d  1.67e+05  8.68e-11  8.68e-11      21        0
 15	 1.8281538e+06  2.53e-04  3.46e+01  4.25e-09  -3.8  2.61e+01     0.1	 1.00e+00  1.00e+00-b   1     - 	1.82e-12  0.00e+00   1.38e+05d  1.38e+05  1.41e-11  1.41e-11      23        0
 16	 1.6815332e+06  2.02e-03  4.11e+01  3.40e-08  -3.8  7.38e+01     -0.4	 1.00e+00  1.00e+00-o   1     - 	1.82e-12  0.00e+00   1.99e+05d  1.99e+05  1.24e-10  1.24e-10      24        0
 17	 1.5691232e+06  2.99e-04  3.98e+01  7.22e-09  -3.8  3.40e+01     0.1	 1.00e+00  1.00e+00-b   1     - 	1.82e-12  0.00e+00   2.14e+05d  2.14e+05  2.58e-11  2.58e-11      26        0
 18	 1.4296176e+06  8.37e-03  1.21e+02  1.06e-07  -3.8  1.30e+02     -0.4	 1.00e+00  1.00e+00-o   1     - 	1.82e-12  0.00e+00   3.15e+05d  3.15e+05  3.04e-10  3.04e-10      27        0
 19	 1.3632309e+06  2.22e-03  2.22e+02  2.62e-08  -3.8  6.47e+01     0.0	 1.00e+00  1.00e+00-b   1     - 	6.42e-12  0.00e+00   4.57e+05d  4.57e+05  6.77e-11  6.77e-11      29        0
 Iter	  Objective     Inf_pr	  Inf_du     Comp    lg(mu)   ||d||   lg(PrRg)	 alpha_du   alpha_pr    LS   lg(DuRg)	AugSysErr KKTSysErr    dWd0      dWd       thd0       thd      #RegFact   #KryIt
 20	 1.3600608e+06  1.34e-02  2.53e+02  1.63e-07  -3.8  1.61e+02     -0.5	 1.00e+00  1.00e+00-o   1     - 	7.17e-12  0.00e+00   2.51e+05d  2.51e+05  3.11e-10  3.11e-10      30        0
 21	 1.1886785e+06  2.58e-02  2.18e+03  1.76e-06  -3.8  5.34e+02     -0.9	 1.00e+00  1.00e+00-o   1     - 	7.28e-12  0.00e+00   3.11e+05d  3.11e+05  2.04e-09  2.04e-09      31        0
 22	 1.1607505e+06  8.07e-03  4.77e+05  4.40e-07  -3.8  2.67e+02     0.4	 1.00e+00  1.00e+00-b   1     - 	1.19e+02  0.00e+00   6.05e+06d  6.05e+06  4.79e-10  4.79e-10      34        0
 23	 1.1483018e+06  1.83e-03  3.59e+05  1.10e-07  -3.8  1.34e+02     -0.1	 1.00e+00  1.00e+00-b   1     - 	3.73e-09  0.00e+00   1.22e+06d  1.22e+06  1.12e-10  1.12e-10      35        0
 24	 1.1132857e+06  3.43e-03  6.37e+04  2.35e-08  -3.8  6.19e+01     0.3	 1.00e+00  1.00e+00-b   1     - 	1.86e-09  0.00e+00   5.50e+05d  5.50e+05  2.49e-11  2.49e-11      37        0
 25	 1.0772203e+06  6.28e-04  7.10e+01  4.88e-09  -3.8  2.78e+01     -0.1	 1.00e+00  1.00e+00-b   1     - 	1.16e-10  0.00e+00   5.68e+04d  5.68e+04  9.77e-12  9.77e-12      38        0
 26	 1.0262256e+06  3.13e-03  2.02e+02  6.37e-08  -3.8  1.01e+02     -0.6	 1.00e+00  1.00e+00-o   1     - 	3.64e-12  0.00e+00   1.27e+05d  1.27e+05  1.04e-10  1.04e-10      39        0
 27	 1.0047391e+06  9.88e-04  1.40e+02  1.45e-08  -3.8  4.83e+01     -0.2	 1.00e+00  1.00e+00-b   1     - 	7.28e-12  0.00e+00   9.00e+04d  9.00e+04  2.00e-11  2.00e-11      41        0
 28	 9.9135464e+05  6.18e-05  1.08e+01  2.41e-10  -3.8  6.19e+00     0.2	 1.00e+00  1.00e+00-b   1     - 	3.64e-12  0.00e+00   1.66e+04d  1.66e+04  1.17e-12  1.17e-12      43        0
 29	 9.6474419e+05  9.83e-04  3.95e+01  8.31e-09  -3.8  3.64e+01     -0.2	 1.00e+00  1.00e+00-o   1     - 	1.82e-12  0.00e+00   3.10e+04d  3.10e+04  1.14e-11  1.14e-11      44        0
 Iter	  Objective     Inf_pr	  Inf_du     Comp    lg(mu)   ||d||   lg(PrRg)	 alpha_du   alpha_pr    LS   lg(DuRg)	AugSysErr KKTSysErr    dWd0      dWd       thd0       thd      #RegFact   #KryIt
 30	 9.3814124e+05  2.15e-03  1.29e+02  4.28e-09  -3.8  2.67e+01     -0.7	 1.00e+00  1.00e+00-o   1     - 	3.64e-12  0.00e+00   6.57e+04d  6.57e+04  2.43e-11  2.43e-11      45        0
 31	 8.8675195e+05  1.23e-03  4.43e+01  3.88e-08  -3.8  8.01e+01     -1.2	 1.00e+00  1.00e+00-b   1     - 	3.64e-12  0.00e+00   6.52e+04d  6.52e+04  1.16e-10  1.16e-10      46        0
 32	 7.9327328e+05  3.75e-03  3.50e+01  6.24e-08  -3.8  1.01e+02     -1.7	 1.00e+00  1.00e+00-o   1     - 	3.64e-12  0.00e+00   1.16e+05d  1.16e+05  7.96e-10  7.96e-10      47        0
 33	 7.3142721e+05  6.79e-04  1.06e+01  1.31e-08  -3.8  4.44e+01     -1.2	 1.00e+00  1.00e+00-b   1     - 	1.82e-12  0.00e+00   4.77e+04d  4.77e+04  1.22e-10  1.22e-10      49        0
 34	 6.1737898e+05  7.31e-03  8.14e+01  1.69e-07  -3.8  1.64e+02     -1.7	 1.00e+00  1.00e+00-o   1     - 	7.28e-12  0.00e+00   1.51e+05d  1.51e+05  1.47e-09  1.47e-09      50        0
 35	 5.6791072e+05  8.61e-02  9.92e+02  1.50e-04  -3.8  5.25e+03     -2.2	 9.83e-01  1.15e-01-o   4     - 	1.19e-07  0.00e+00   1.16e+06d  1.16e+06  2.31e-07  2.31e-07      51        0
 36	 3.5682737e+05  1.70e-02  1.46e+03  3.05e-06  -3.8  1.13e+02     -1.8	 1.00e+00  1.00e+00-b   1     - 	1.46e-11  0.00e+00   2.02e+05d  2.02e+05  1.33e-09  1.33e-09      53        0
 37	 1.9782607e+05  3.45e-03  1.69e+02  2.82e-07  -3.8  2.05e+02     -2.2	 1.00e+00  1.00e+00-b   1     - 	7.28e-12  0.00e+00   2.17e+05d  2.17e+05  3.51e-09  3.51e-09      54        0
 38	 8.4159807e+04  1.31e-03  2.35e+01  3.80e-07  -3.8  2.37e+02     -2.7	 1.00e+00  1.00e+00-b   1     - 	1.82e-12  0.00e+00   1.45e+05d  1.45e+05  4.27e-09  4.27e-09      55        0
 39	 3.2288716e+04  2.15e-02  8.26e+01  1.92e-05  -3.8  1.71e+03      - 	 1.00e+00  1.00e+00-o   1     - 	1.82e-12  0.00e+00   1.23e+05d  1.23e+05  6.26e-08  6.26e-08      55        0
 Iter	  Objective     Inf_pr	  Inf_du     Comp    lg(mu)   ||d||   lg(PrRg)	 alpha_du   alpha_pr    LS   lg(DuRg)	AugSysErr KKTSysErr    dWd0      dWd       thd0       thd      #RegFact   #KryIt
 40	 1.3217828e+04  5.37e-03  2.06e+01  3.70e-07  -3.8  2.06e+02     -3.2	 1.00e+00  1.00e+00-b   1     - 	9.09e-13  0.00e+00   4.35e+04d  4.35e+04  1.51e-09  1.51e-09      56        0
 41	 9.9083953e+03  4.49e-03  3.43e+01  3.90e-05  -3.8  1.66e+03      - 	 1.00e+00  1.00e+00-b   1     - 	4.55e-13  0.00e+00   1.07e+04d  1.07e+04  3.40e-08  3.40e-08      56        0
 42	 8.3802385e+03  2.22e-03  7.78e+00  5.98e-06  -3.8  5.54e+02      - 	 1.00e+00  1.00e+00-b   1     - 	2.27e-13  0.00e+00   3.04e+03d  3.04e+03  3.79e-09  3.79e-09      56        0
 43	 8.2890392e+03  4.02e-04  1.24e+00  9.68e-07  -3.8  2.80e+02      - 	 1.00e+00  1.00e+00-b   1     - 	6.07e-14  0.00e+00   2.72e+02d  2.72e+02  6.41e-10  6.41e-10      56        0
 44	 8.2861530e+03  9.07e-06  6.53e-02  2.36e-09  -3.8  1.98e+01      - 	 1.00e+00  1.00e+00-b   1     - 	3.53e-14  0.00e+00   4.68e+00d  4.68e+00  8.05e-13  8.05e-13      56        0
 45	 8.2861476e+03  3.04e-08  1.88e-04  2.13e-11  -3.8  1.55e+00      - 	 1.00e+00  1.00e+00-b   1     - 	1.04e-15  0.00e+00   1.94e-02d  1.94e-02  1.44e-14  1.44e-14      56        0
 46	 8.2861476e+03  9.09e-13  1.22e-09  1.28e-10  -5.7  4.27e-03      - 	 1.00e+00  1.00e+00-b   1     - 	1.73e-14  0.00e+00   1.19e-07d  1.19e-07  2.68e-22  2.68e-22      56        0
 47	 8.2861476e+03  9.09e-13  2.13e-13  9.05e-16  -7.0  2.17e-06      - 	 1.00e+00  1.00e+00-b   1     - 	7.51e-17  0.00e+00   1.35e-13d  1.35e-13  1.01e-28  1.01e-28      56        0


  Find Optimal solution! In Iter: 47
  Optimal solution is: 8.2861476e+03
  Addition Fact due to reg: 56 
  Iter is accecpted due to: 
							SWC and AC: 1 
							SRC __ Obj: 17 
							SRC __ Con: 0 
							SRC (both): 29 
init_x0  0.0
str_init_x0  0.0
eval_f  0.1586485850000001
eval_g0  9.162021927000017
eval_grad_f  0.055439118000000044
eval_jac  4.150327713000003
str_eval_jac  0.0
eval_h  36.811274335999975
str_eval_h 0.019640228000000017
eval_write_solution  0.03950060600000001
PIPS-NLP time:   447.63088772 (s)
