  
  -----------------------------------------------
  NLP Solver 
  Argonne National Laboratory, 2016
  -----------------------------------------------


  Linear system solver ------	 Ma57.

solving ...
1st stage 600 variables, 0 equality constraints, 0 inequality constraints.
2nd stage (use 1st scenario): 1212 variables, 1212 equality constraints, 0 inequality constraints.
300 scenarios.
Total 340824 variables, 340224 equality constraints, 0 inequality constraints. 

 Iter	  Objective     Inf_pr	  Inf_du     Comp    lg(mu)   ||d||   lg(PrRg)	 alpha_du   alpha_pr    LS   lg(DuRg)	AugSysErr KKTSysErr    dWd0      dWd       thd0       thd      #RegFact   #KryIt
 0	 1.3003071e+06  1.41e-02  8.00e+02  5.00e+03  -1.0
 1	 1.2262752e+06  3.47e-18  2.50e+01  4.99e+01  -1.0  1.19e+00      - 	 9.90e-01  1.00e+00-b   1     - 	3.64e-12  0.00e+00   1.17e+04d  1.17e+04  4.60e-09  4.60e-09      0        0
 2	 1.2235976e+06  3.87e-07  3.47e+00  4.68e-01  -1.0  3.46e+00     0.0	 9.91e-01  1.00e+00-f   1     - 	1.42e-13  0.00e+00   2.68e+03d  2.68e+03  2.81e-10  2.81e-10      3        0
 3	 1.2136862e+06  6.21e-06  4.57e+00  1.44e-03  -1.7  1.32e+01     -0.5	 1.00e+00  1.00e+00-o   1     - 	2.84e-13  0.00e+00   9.90e+03d  9.90e+03  6.98e-10  6.98e-10      4        0
 4	 1.1288402e+06  3.27e-03  3.37e+02  1.84e-03  -3.8  2.57e+02     -1.0	 9.58e-01  1.00e+00-o   1     - 	3.64e-12  0.00e+00   9.66e+04d  9.66e+04  4.69e-10  4.69e-10      5        0
 5	 1.0544346e+06  8.21e-04  2.89e+03  5.14e-05  -3.8  1.29e+02     0.4	 1.00e+00  1.00e+00-b   1     - 	3.49e-11  0.00e+00   1.11e+06d  1.11e+06  7.16e-11  7.16e-11      8        0
 6	 1.0096303e+06  1.19e-03  1.32e+03  4.66e-07  -3.8  4.48e+01     -0.1	 1.00e+00  1.00e+00-b   1     - 	5.00e-11  0.00e+00   2.06e+05d  2.06e+05  1.95e-11  1.95e-11      9        0
 7	 9.8253578e+05  1.08e-04  5.08e+01  3.59e-10  -3.8  7.54e+00     0.3	 1.00e+00  1.00e+00-b   1     - 	1.07e-11  0.00e+00   4.10e+04d  4.10e+04  2.17e-12  2.17e-12      11        0
 8	 9.1981830e+05  4.25e-04  2.42e+01  6.85e-09  -3.8  3.31e+01     -0.2	 1.00e+00  1.00e+00-o   1     - 	9.09e-13  0.00e+00   7.27e+04d  7.27e+04  2.15e-11  2.15e-11      12        0
 9	 8.8138216e+05  7.08e-05  1.72e+01  5.30e-10  -3.8  9.16e+00     0.3	 1.00e+00  1.00e+00-b   1     - 	9.09e-13  0.00e+00   4.31e+04d  4.31e+04  3.06e-12  3.06e-12      14        0
 Iter	  Objective     Inf_pr	  Inf_du     Comp    lg(mu)   ||d||   lg(PrRg)	 alpha_du   alpha_pr    LS   lg(DuRg)	AugSysErr KKTSysErr    dWd0      dWd       thd0       thd      #RegFact   #KryIt
 10	 8.1496707e+05  6.26e-04  2.60e+01  9.19e-09  -3.8  3.83e+01     -0.2	 1.00e+00  1.00e+00-o   1     - 	9.09e-13  0.00e+00   8.64e+04d  8.64e+04  2.47e-11  2.47e-11      15        0
 11	 7.9372525e+05  1.20e-04  2.02e+01  5.57e-10  -3.8  9.52e+00     0.2	 1.00e+00  1.00e+00-b   1     - 	9.09e-13  0.00e+00   3.59e+04d  3.59e+04  2.50e-12  2.50e-12      17        0
 12	 7.4918927e+05  4.58e-04  2.35e+01  9.48e-09  -3.8  3.90e+01     -0.3	 1.00e+00  1.00e+00-o   1     - 	9.09e-13  0.00e+00   4.96e+04d  4.96e+04  2.01e-11  2.01e-11      18        0
 13	 7.1192874e+05  1.79e-04  2.17e+01  8.54e-10  -3.8  1.16e+01     0.2	 1.00e+00  1.00e+00-b   1     - 	1.82e-12  0.00e+00   4.34e+04d  4.34e+04  3.62e-12  3.62e-12      20        0
 14	 6.5734196e+05  1.06e-03  3.19e+01  1.94e-08  -3.8  5.57e+01     -0.3	 1.00e+00  1.00e+00-o   1     - 	1.82e-12  0.00e+00   6.69e+04d  6.69e+04  3.12e-11  3.12e-11      21        0
 15	 6.2258002e+05  4.30e-04  6.48e+01  1.21e-09  -3.8  1.41e+01     0.1	 1.00e+00  1.00e+00-b   1     - 	3.64e-12  0.00e+00   6.00e+04d  6.00e+04  4.78e-12  4.78e-12      23        0
 16	 5.7069013e+05  1.91e-02  4.50e+02  1.57e-07  -3.8  1.58e+02     -0.4	 1.00e+00  1.00e+00-o   1     - 	3.64e-12  0.00e+00   1.57e+05d  1.57e+05  1.74e-10  1.74e-10      24        0
 17	 5.2719392e+05  3.93e-03  1.16e+03  3.93e-08  -3.8  7.91e+01     0.1	 1.00e+00  1.00e+00-b   1     - 	1.46e-11  0.00e+00   3.14e+05d  3.14e+05  3.86e-11  3.86e-11      26        0
 18	 5.1479475e+05  1.32e-02  8.21e+02  1.86e-05  -3.8  7.99e+02     -0.4	 1.00e+00  2.50e-01-o   3     - 	2.33e-10  0.00e+00   4.10e+05d  4.10e+05  2.82e-09  2.82e-09      27        0
 19	 4.9221075e+05  3.32e-03  5.63e+02  4.48e-07  -3.8  1.00e+02     0.0	 1.00e+00  1.00e+00-b   1     - 	1.46e-11  0.00e+00   2.02e+05d  2.02e+05  4.83e-11  4.83e-11      29        0
 Iter	  Objective     Inf_pr	  Inf_du     Comp    lg(mu)   ||d||   lg(PrRg)	 alpha_du   alpha_pr    LS   lg(DuRg)	AugSysErr KKTSysErr    dWd0      dWd       thd0       thd      #RegFact   #KryIt
 20	 4.7663961e+05  6.65e-03  2.02e+02  2.76e-06  -3.8  1.81e+02     -0.5	 1.00e+00  5.00e-01-o   2     - 	2.91e-11  0.00e+00   1.37e+05d  1.37e+05  1.75e-10  1.75e-10      30        0
 21	 4.6082375e+05  1.34e-03  7.79e+01  3.91e-08  -3.8  4.54e+01     -0.9	 1.00e+00  1.00e+00-b   1     - 	4.29e-12  0.00e+00   3.72e+04d  3.72e+04  3.47e-11  3.47e-11      31        0
 22	 4.2600330e+05  5.57e-04  7.54e+00  1.61e-08  -3.8  5.12e+01     -1.4	 1.00e+00  1.00e+00-b   1     - 	9.77e-13  0.00e+00   4.29e+04d  4.29e+04  1.51e-10  1.51e-10      32        0
 23	 3.5203810e+05  9.22e-03  4.61e+01  2.57e-07  -3.8  2.05e+02     -1.9	 1.00e+00  1.00e+00-o   1     - 	1.82e-12  0.00e+00   1.07e+05d  1.07e+05  1.58e-09  1.58e-09      33        0
 24	 2.6686180e+05  3.62e-03  7.21e+01  6.90e-08  -3.8  1.04e+02     -1.5	 1.00e+00  1.00e+00-b   1     - 	3.64e-12  0.00e+00   7.47e+04d  7.47e+04  3.27e-10  3.27e-10      35        0
 25	 1.7411739e+05  2.76e-03  4.44e+01  1.97e-07  -3.8  1.74e+02     -1.9	 1.00e+00  1.00e+00-o   1     - 	3.64e-12  0.00e+00   1.31e+05d  1.31e+05  1.59e-09  1.59e-09      36        0
 26	 7.4567415e+04  1.81e-03  5.91e+01  3.31e-07  -3.8  2.18e+02     -2.4	 1.00e+00  1.00e+00-b   1     - 	1.82e-12  0.00e+00   1.31e+05d  1.31e+05  1.83e-09  1.83e-09      37        0
 27	 2.8475675e+04  8.83e-04  2.77e+01  2.84e-07  -3.8  2.06e+02     -2.9	 1.00e+00  1.00e+00-b   1     - 	9.09e-13  0.00e+00   6.04e+04d  6.04e+04  2.09e-09  2.09e-09      38        0
 28	 8.3459796e+03  3.21e-03  3.11e+01  1.12e-05  -3.8  1.27e+03      - 	 1.00e+00  1.00e+00-o   1     - 	9.09e-13  0.00e+00   3.92e+04d  3.92e+04  1.87e-08  1.87e-08      38        0
 29	 4.5042392e+03  6.70e-04  4.38e+00  9.04e-06  -3.8  1.16e+03      - 	 1.00e+00  1.00e+00-b   1     - 	4.55e-13  0.00e+00   7.24e+03d  7.24e+03  2.21e-09  2.21e-09      38        0
 Iter	  Objective     Inf_pr	  Inf_du     Comp    lg(mu)   ||d||   lg(PrRg)	 alpha_du   alpha_pr    LS   lg(DuRg)	AugSysErr KKTSysErr    dWd0      dWd       thd0       thd      #RegFact   #KryIt
 30	 4.4575264e+03  6.50e-05  4.67e-01  4.97e-07  -3.8  1.85e+02      - 	 1.00e+00  1.00e+00-b   1     - 	5.68e-14  0.00e+00   1.08e+02d  1.08e+02  1.77e-10  1.77e-10      38        0
 31	 4.4572797e+03  2.66e-07  4.87e-03  8.43e-09  -3.8  3.04e+01      - 	 1.00e+00  1.00e+00-b   1     - 	3.55e-15  0.00e+00   6.41e-01d  6.41e-01  4.03e-13  4.03e-13      38        0
 32	 4.4572810e+03  9.65e-11  4.96e-07  1.00e-08  -5.7  3.37e-01      - 	 1.00e+00  1.00e+00-c   1     - 	6.12e-17  0.00e+00   1.14e-04d  1.14e-04  6.10e-19  6.10e-19      38        0
 33	 4.4572810e+03  9.09e-13  2.00e-13  1.54e-14  -7.0  4.38e-05      - 	 1.00e+00  1.00e+00-c   1     - 	5.66e-16  0.00e+00   8.92e-13d  8.92e-13  6.33e-28  6.33e-28      38        0


  Find Optimal solution! In Iter: 33
  Optimal solution is: 4.4572810e+03
  Addition Fact due to reg: 38 
  Iter is accecpted due to: 
							SWC and AC: 1 
							SRC __ Obj: 12 
							SRC __ Con: 2 
							SRC (both): 18 
init_x0  0.0
str_init_x0  0.0
eval_f  0.019814599000000037
eval_g0  2.504955367000001
eval_grad_f  0.01711143000000001
eval_jac  1.2858159990000009
str_eval_jac  0.0
eval_h  12.678187028000004
str_eval_h 0.007062508999999991
eval_write_solution  0.03599736700000001
PIPS-NLP time:   128.802693354 (s)
