  
  -----------------------------------------------
  NLP Solver 
  Argonne National Laboratory, 2016
  -----------------------------------------------


  Linear system solver ------	 Ma57.

solving ...
1st stage 156 variables, 0 equality constraints, 0 inequality constraints.
2nd stage (use 1st scenario): 1212 variables, 1212 equality constraints, 0 inequality constraints.
78 scenarios.
Total 83004 variables, 82848 equality constraints, 0 inequality constraints. 

 Iter	  Objective     Inf_pr	  Inf_du     Comp    lg(mu)   ||d||   lg(PrRg)	 alpha_du   alpha_pr    LS   lg(DuRg)	AugSysErr KKTSysErr    dWd0      dWd       thd0       thd      #RegFact   #KryIt
 0	 3.7819354e+05  1.41e-02  8.00e+02  5.00e+03  -1.0
 1	 3.4895196e+05  3.47e-18  2.49e+01  4.99e+01  -1.0  1.41e-01      - 	 9.90e-01  1.00e+00-b   1     - 	3.64e-12  0.00e+00   4.43e+03d  4.43e+03  2.73e-11  2.73e-11      0        0
 2	 3.4741532e+05  8.03e-07  5.01e+00  4.98e-01  -1.0  4.99e+00     0.0	 9.91e-01  1.00e+00-f   1     - 	4.55e-13  0.00e+00   1.54e+03d  1.54e+03  1.65e-10  1.65e-10      3        0
 3	 3.4108065e+05  1.68e-05  1.18e+01  2.45e-03  -1.7  2.12e+01     -0.5	 1.00e+00  1.00e+00-o   1     - 	1.82e-12  0.00e+00   6.36e+03d  6.36e+03  4.92e-10  4.92e-10      4        0
 4	 3.3626403e+05  9.25e-06  9.28e+00  4.60e-05  -3.8  1.03e+01     -0.1	 1.00e+00  1.00e+00-b   1     - 	9.09e-13  0.00e+00   3.71e+03d  3.71e+03  7.34e-13  7.34e-13      6        0
 5	 3.1311447e+05  6.28e-04  2.86e+02  7.39e-07  -3.8  8.61e+01     -0.5	 1.00e+00  1.00e+00-o   1     - 	7.28e-12  0.00e+00   2.56e+04d  2.56e+04  2.76e-11  2.76e-11      7        0
 6	 2.8836094e+05  5.49e-04  1.27e+02  1.14e-08  -3.8  3.95e+01     -0.1	 1.00e+00  1.00e+00-b   1     - 	7.28e-12  0.00e+00   5.15e+04d  5.15e+04  6.13e-12  6.13e-12      9        0
 7	 2.4918164e+05  1.56e-03  5.38e+02  7.30e-08  -3.8  1.09e+02     -0.6	 1.00e+00  1.00e+00-o   1     - 	7.28e-12  0.00e+00   4.91e+04d  4.91e+04  6.48e-11  6.48e-11      10        0
 8	 2.2418143e+05  7.49e-03  9.26e+02  8.74e-08  -3.8  1.18e+02     -0.2	 1.00e+00  1.00e+00-o   1     - 	3.27e-11  0.00e+00   1.81e+05d  1.81e+05  6.35e-11  6.35e-11      12        0
 9	 1.8558049e+05  1.73e-03  1.14e+03  2.52e-08  -3.8  6.33e+01     -0.6	 1.00e+00  1.00e+00-b   1     - 	2.91e-11  0.00e+00   8.82e+04d  8.82e+04  2.19e-11  2.19e-11      13        0
 Iter	  Objective     Inf_pr	  Inf_du     Comp    lg(mu)   ||d||   lg(PrRg)	 alpha_du   alpha_pr    LS   lg(DuRg)	AugSysErr KKTSysErr    dWd0      dWd       thd0       thd      #RegFact   #KryIt
 10	 1.7702071e+05  3.52e-04  8.20e+02  5.86e-09  -3.8  3.06e+01     -0.2	 1.00e+00  1.00e+00-b   1     - 	5.09e-11  0.00e+00   2.67e+04d  2.67e+04  4.58e-12  4.58e-12      15        0
 11	 1.7335245e+05  5.99e-05  4.67e+01  7.02e-10  -3.8  1.06e+01     0.2	 1.00e+00  1.00e+00-b   1     - 	1.46e-11  0.00e+00   4.03e+03d  4.03e+03  4.16e-13  4.16e-13      17        0
 12	 1.5741831e+05  7.31e-03  6.38e+02  7.60e-08  -3.8  1.10e+02     -0.3	 1.00e+00  1.00e+00-o   1     - 	7.28e-12  0.00e+00   3.32e+04d  3.32e+04  2.79e-11  2.79e-11      18        0
 13	 1.4835923e+05  1.70e-03  1.18e+03  1.88e-08  -3.8  5.48e+01     0.2	 1.00e+00  1.00e+00-b   1     - 	4.03e-11  0.00e+00   5.64e+04d  5.64e+04  7.28e-12  7.28e-12      20        0
 14	 1.4880674e+05  5.96e-04  4.74e+02  2.38e-09  -3.8  1.95e+01     -0.3	 1.00e+00  1.00e+00-c   1     - 	3.62e-11  0.00e+00   8.54e+03d  8.54e+03  1.81e-12  1.81e-12      21        0
 15	 1.4727686e+05  2.10e-05  8.05e+00  2.28e-10  -3.8  6.05e+00     0.1	 1.00e+00  1.00e+00-b   1     - 	9.41e-12  0.00e+00   1.12e+03d  1.12e+03  1.26e-13  1.26e-13      23        0
 16	 1.4232759e+05  3.47e-04  3.96e+01  8.14e-09  -3.8  3.62e+01     -0.4	 1.00e+00  1.00e+00-o   1     - 	1.82e-12  0.00e+00   5.11e+03d  5.11e+03  3.04e-12  3.04e-12      24        0
 17	 1.3324314e+05  1.13e-03  5.11e+01  5.80e-09  -3.8  3.02e+01     0.1	 1.00e+00  1.00e+00-o   1     - 	3.64e-12  0.00e+00   8.84e+03d  8.84e+03  1.96e-12  1.96e-12      26        0
 18	 1.3023639e+05  1.83e-04  1.80e+01  1.90e-09  -3.8  1.77e+01     -0.4	 1.00e+00  1.00e+00-b   1     - 	3.64e-12  0.00e+00   7.58e+03d  7.58e+03  8.55e-13  8.55e-13      27        0
 19	 1.2435487e+05  1.90e-04  4.53e+00  7.43e-09  -3.8  3.49e+01     -0.9	 1.00e+00  1.00e+00-o   1     - 	2.32e-12  0.00e+00   6.28e+03d  6.28e+03  6.98e-12  6.98e-12      28        0
 Iter	  Objective     Inf_pr	  Inf_du     Comp    lg(mu)   ||d||   lg(PrRg)	 alpha_du   alpha_pr    LS   lg(DuRg)	AugSysErr KKTSysErr    dWd0      dWd       thd0       thd      #RegFact   #KryIt
 20	 1.1237090e+05  6.40e-03  3.13e+01  7.47e-08  -3.8  1.11e+02     -1.4	 1.00e+00  1.00e+00-o   1     - 	3.64e-12  0.00e+00   1.68e+04d  1.68e+04  6.42e-11  6.42e-11      29        0
 21	 1.0295064e+05  1.18e-03  2.69e+01  1.00e-08  -3.8  3.85e+01     -0.9	 1.00e+00  1.00e+00-b   1     - 	3.64e-12  0.00e+00   7.67e+03d  7.67e+03  8.43e-12  8.43e-12      31        0
 22	 9.1038452e+04  1.63e-03  4.11e+01  3.45e-08  -3.8  7.30e+01     -1.4	 1.00e+00  1.00e+00-o   1     - 	3.64e-12  0.00e+00   1.42e+04d  1.42e+04  5.07e-11  5.07e-11      32        0
 23	 7.4147128e+04  1.88e-02  2.71e+02  6.85e-07  -3.8  3.27e+02     -1.9	 1.00e+00  1.00e+00-o   1     - 	7.28e-12  0.00e+00   4.43e+04d  4.43e+04  6.86e-10  6.86e-10      33        0
 24	 4.4570901e+04  3.86e-03  7.12e+01  2.43e-08  -3.8  5.83e+01     -1.5	 1.00e+00  1.00e+00-b   1     - 	3.64e-12  0.00e+00   2.08e+04d  2.08e+04  3.64e-11  3.64e-11      35        0
 25	 3.1329756e+04  4.93e-04  4.80e+01  7.73e-08  -3.8  1.07e+02     -1.9	 1.00e+00  1.00e+00-b   1     - 	3.64e-12  0.00e+00   1.50e+04d  1.50e+04  1.35e-10  1.35e-10      36        0
 26	 1.8021776e+04  1.42e-03  2.78e+01  1.60e-07  -3.8  1.50e+02     -2.4	 1.00e+00  1.00e+00-o   1     - 	3.64e-12  0.00e+00   1.68e+04d  1.68e+04  3.55e-10  3.55e-10      37        0
 27	 1.4082167e+04  2.30e-02  2.17e+02  1.07e-04  -3.8  4.10e+03      - 	 1.00e+00  5.00e-01-o   2     - 	5.31e-11  0.00e+00   4.15e+04d  4.15e+04  4.10e-08  4.10e-08      37        0
 28	 4.3334992e+03  4.41e-03  2.89e+01  4.82e-06  -3.8  3.30e+02     -2.9	 1.00e+00  1.00e+00-b   1     - 	2.09e-12  0.00e+00   2.47e+04d  2.47e+04  4.41e-10  4.41e-10      38        0
 29	 7.0185882e+03  3.71e-03  3.12e+01  1.50e-04  -3.8  3.19e+04      - 	 2.35e-01  7.71e-02-C   1     - 	5.02e-12  0.00e+00   9.22e+03d  9.22e+03  7.84e-08  7.84e-08      38        0
 Iter	  Objective     Inf_pr	  Inf_du     Comp    lg(mu)   ||d||   lg(PrRg)	 alpha_du   alpha_pr    LS   lg(DuRg)	AugSysErr KKTSysErr    dWd0      dWd       thd0       thd      #RegFact   #KryIt
 30	 4.9497089e+03  1.58e-03  2.48e+01  1.50e-04  -3.8  2.10e+04      - 	 1.81e-05  1.19e-01rb   3     - 	2.93e-12  0.00e+00   2.48e+04d  2.48e+04  8.74e-07  8.74e-07      38        0
 31	 2.4294354e+03  3.50e-03  5.76e+01  1.58e-04  -3.8  5.27e+03      - 	 1.00e+00  5.00e-01ro   2     - 	1.82e-12  0.00e+00   9.98e+03d  9.98e+03  5.78e-08  5.78e-08      38        0
 32	 1.9108849e+03  2.24e-03  1.89e+01  1.97e-05  -3.8  1.09e+03      - 	 1.00e+00  1.00e+00-b   1     - 	9.09e-13  0.00e+00   3.66e+03d  3.66e+03  3.01e-09  3.01e-09      38        0
 33	 1.6351202e+03  1.39e-03  6.83e+00  4.83e-07  -3.8  1.44e+02      - 	 1.00e+00  1.00e+00-b   1     - 	1.82e-12  0.00e+00   7.79e+02d  7.79e+02  5.97e-11  5.97e-11      38        0
 34	 1.5908131e+03  1.12e-04  1.14e+00  3.17e-09  -3.8  2.09e+01      - 	 1.00e+00  1.00e+00-b   1     - 	5.62e-13  0.00e+00   9.96e+01d  9.96e+01  8.25e-13  8.25e-13      38        0
 35	 1.5902801e+03  5.42e-07  5.98e-03  1.15e-09  -3.8  1.07e+01      - 	 1.00e+00  1.00e+00-b   1     - 	2.84e-14  0.00e+00   5.94e-01d  5.94e-01  2.53e-13  2.53e-13      38        0
 36	 1.5902798e+03  4.79e-11  1.17e-06  4.49e-09  -5.7  1.18e-01      - 	 1.00e+00  1.00e+00-b   1     - 	6.13e-16  0.00e+00   1.10e-04d  1.10e-04  3.75e-19  3.75e-19      38        0
 37	 1.5902798e+03  9.09e-13  3.41e-13  1.00e-14  -7.0  2.22e-05      - 	 1.00e+00  1.00e+00-c   1     - 	1.60e-14  0.00e+00   1.12e-12d  1.12e-12  6.28e-28  6.28e-28      38        0


  Find Optimal solution! In Iter: 37
  Optimal solution is: 1.5902798e+03
  Addition Fact due to reg: 38 
  Iter is accecpted due to: 
							SWC and AC: 1 
							SRC __ Obj: 14 
							SRC __ Con: 3 
							SRC (both): 19 
init_x0  0.0
str_init_x0  0.0
eval_f  0.0061559039999999985
eval_g0  0.6197482870000002
eval_grad_f  0.010532296999999998
eval_jac  0.22324114299999978
str_eval_jac  0.0
eval_h  2.8850180919999997
str_eval_h 0.0017727519999999994
eval_write_solution  0.036548642
PIPS-NLP time:   31.794692168 (s)
