WARNING: using JuMP.getdual in module Main conflicts with an existing identifier.

******************************************************************************
This program contains Ipopt, a library for large-scale nonlinear optimization.
 Ipopt is released as open source code under the Eclipse Public License (EPL).
         For more information visit http://projects.coin-or.org/Ipopt
******************************************************************************

This is Ipopt version 3.12.4, running with linear solver ma57.

Number of nonzeros in equality constraint Jacobian...:    22000
Number of nonzeros in inequality constraint Jacobian.:   326000
Number of nonzeros in Lagrangian Hessian.............:   195000

Total number of variables............................:    32005
                     variables with only lower bounds:        0
                variables with lower and upper bounds:    32005
                     variables with only upper bounds:        0
Total number of equality constraints.................:     8000
Total number of inequality constraints...............:    16000
        inequality constraints with only lower bounds:        0
   inequality constraints with lower and upper bounds:        0
        inequality constraints with only upper bounds:    16000

iter    objective    inf_pr   inf_du lg(mu)  ||d||  lg(rg) alpha_du alpha_pr  ls
   0 -2.7064974e+03 9.60e-01 5.06e+00  -1.0 0.00e+00    -  0.00e+00 0.00e+00   0
   1 -1.5661727e+04 1.78e-01 2.05e+01  -1.0 1.84e+00    -  4.98e-02 1.00e+00f  1
   2 -1.7273933e+04 1.98e-01 4.97e+01  -1.0 1.30e+00   2.0 9.87e-01 3.82e-01f  1
   3 -1.9716997e+04 2.31e-01 4.32e+01  -1.0 9.17e-01   1.5 1.00e+00 2.45e-01f  1
   4 -2.0564019e+04 2.34e-01 1.03e+02  -1.0 5.93e-01   1.9 1.00e+00 2.01e-01f  1
   5 -2.2420750e+04 2.14e-01 5.10e+01  -1.0 7.03e-01   1.5 1.00e+00 2.03e-01f  1
   6 -2.3256755e+04 1.90e-01 1.02e+02  -1.0 5.08e-01   1.9 1.00e+00 2.20e-01f  1
   7 -2.6952634e+04 1.20e-01 2.50e+01  -1.0 5.50e-01   1.4 1.00e+00 4.18e-01f  1
   8 -2.7890140e+04 8.88e-02 2.88e+01  -1.0 2.82e-01   1.8 1.00e+00 3.03e-01f  1
   9 -3.2253946e+04 2.86e-02 1.09e+01  -1.0 2.76e-01   1.4 1.00e+00 6.75e-01f  1
iter    objective    inf_pr   inf_du lg(mu)  ||d||  lg(rg) alpha_du alpha_pr  ls
  10 -3.3878516e+04 2.25e-03 9.60e+00  -1.0 1.08e-01   1.8 1.00e+00 8.26e-01f  1
  11 -3.4362800e+04 8.58e-04 1.38e+02  -1.0 3.88e-02   2.2 1.00e+00 5.38e-01f  1
  12 -3.5702134e+04 3.31e-04 3.93e+02  -1.0 1.14e-01   1.7 1.00e+00 4.81e-01f  1
  13 -3.6472607e+04 1.16e-04 4.15e+02  -1.0 4.28e-02   2.2 1.00e+00 7.39e-01f  1
  14 -3.7771857e+04 5.11e-05 2.96e+03  -1.0 1.27e-01   1.7 1.00e+00 4.08e-01f  1
  15 -3.8665277e+04 1.73e-05 2.71e+03  -1.0 4.78e-02   2.1 1.00e+00 7.47e-01f  1
  16 -4.0122747e+04 7.71e-06 1.99e+04  -1.0 1.43e-01   1.6 1.00e+00 4.03e-01f  1
  17 -4.1141412e+04 2.58e-06 1.78e+04  -1.0 5.37e-02   2.1 1.00e+00 7.50e-01f  1
  18 -4.2790885e+04 1.14e-06 1.31e+05  -1.0 1.61e-01   1.6 1.00e+00 4.04e-01f  1
  19 -4.3957454e+04 3.70e-07 1.12e+05  -1.0 6.04e-02   2.0 1.00e+00 7.59e-01f  1
iter    objective    inf_pr   inf_du lg(mu)  ||d||  lg(rg) alpha_du alpha_pr  ls
  20 -4.5867058e+04 1.55e-07 8.20e+05  -1.0 1.81e-01   1.5 1.00e+00 4.14e-01f  1
  21 -4.7285402e+04 3.91e-08 5.04e+05  -1.0 6.80e-02   2.0 1.00e+00 8.18e-01f  1
  22 -4.9836988e+04 7.65e-09 3.48e+06  -1.0 2.04e-01   1.5 1.00e+00 4.93e-01f  1
  23 -5.1782666e+04 2.22e-16 4.25e+04  -1.0 7.67e-02   1.9 1.00e+00 1.00e+00f  1
  24 -5.7581498e+04 2.22e-16 1.38e+05  -1.0 2.30e-01   1.4 1.00e+00 1.00e+00f  1
  25 -5.9763915e+04 2.22e-16 3.75e+03  -1.0 8.66e-02   1.9 1.00e+00 1.00e+00f  1
  26 -6.6139966e+04 2.22e-16 4.07e+04  -1.0 2.58e-01   1.4 1.00e+00 9.75e-01f  1
  27 -6.8693835e+04 2.22e-16 6.06e+02  -1.0 9.73e-02   1.8 1.00e+00 1.00e+00f  1
  28 -7.5160711e+04 2.22e-16 2.64e+05  -1.0 2.90e-01   1.3 1.00e+00 8.48e-01f  1
  29 -7.8092679e+04 2.22e-16 1.72e+03  -1.0 1.09e-01   1.8 1.00e+00 1.00e+00f  1
iter    objective    inf_pr   inf_du lg(mu)  ||d||  lg(rg) alpha_du alpha_pr  ls
  30 -8.5306833e+04 2.22e-16 3.11e+05  -1.0 3.25e-01   1.3 1.00e+00 8.13e-01f  1
  31 -8.8672774e+04 2.22e-16 2.21e+03  -1.0 1.26e-01   1.7 1.00e+00 1.00e+00f  1
  32 -9.6663021e+04 2.22e-16 3.51e+05  -1.0 3.80e-01   1.2 1.00e+00 7.81e-01f  1
  33 -1.0904529e+05 2.22e-16 2.81e+06  -1.0 1.20e+00   0.8 9.89e-01 3.90e-01f  1
  34 -1.1889482e+05 2.22e-16 1.82e+05  -1.0 4.46e-01   1.2 1.00e+00 8.42e-01f  1
  35 -1.3376165e+05 2.22e-16 1.34e+06  -1.0 1.34e+00   0.7 9.76e-01 4.19e-01f  1
  36 -1.4447286e+05 2.22e-16 8.90e+04  -1.0 5.02e-01   1.1 1.00e+00 8.17e-01f  1
  37 -1.6109971e+05 2.22e-16 3.82e+05  -1.0 1.50e+00   0.7 1.00e+00 4.22e-01f  1
  38 -1.7265471e+05 2.22e-16 1.88e+04  -1.0 5.60e-01   1.1 1.00e+00 7.90e-01f  1
  39 -1.9039227e+05 2.22e-16 8.37e+04  -1.0 1.68e+00   0.6 1.00e+00 4.04e-01f  1
iter    objective    inf_pr   inf_du lg(mu)  ||d||  lg(rg) alpha_du alpha_pr  ls
  40 -2.0273735e+05 2.22e-16 1.10e+04  -1.0 6.28e-01   1.0 1.00e+00 7.54e-01f  1
  41 -2.2188818e+05 2.22e-16 6.84e+04  -1.0 1.88e+00   0.6 1.00e+00 3.90e-01f  1
  42 -2.3487856e+05 2.22e-16 1.03e+04  -1.0 7.06e-01   1.0 1.00e+00 7.08e-01f  1
  43 -2.5546043e+05 2.22e-16 5.57e+04  -1.0 2.12e+00   0.5 1.00e+00 3.74e-01f  1
  44 -2.6929946e+05 2.22e-16 9.38e+03  -1.0 7.94e-01   0.9 1.00e+00 6.72e-01f  1
  45 -2.7701816e+05 2.22e-16 1.04e+01  -1.0 2.98e-01   1.4 1.00e+00 1.00e+00f  1
  46 -2.9098406e+05 2.22e-16 1.18e+04  -1.0 8.93e-01   0.9 1.00e+00 6.04e-01f  1
  47 -2.9965098e+05 2.22e-16 1.08e+01  -1.0 3.35e-01   1.3 1.00e+00 1.00e+00f  1
  48 -3.1389333e+05 2.22e-16 1.66e+04  -1.0 1.00e+00   0.8 1.00e+00 5.48e-01f  1
  49 -3.2362360e+05 2.22e-16 8.87e+00  -1.0 3.77e-01   1.2 1.00e+00 1.00e+00f  1
iter    objective    inf_pr   inf_du lg(mu)  ||d||  lg(rg) alpha_du alpha_pr  ls
  50 -3.3831750e+05 2.22e-16 2.21e+04  -1.0 1.13e+00   0.8 1.00e+00 5.04e-01f  1
  51 -3.4889025e+05 2.22e-16 4.66e+02  -1.0 4.23e-01   1.2 1.00e+00 9.68e-01f  1
  52 -3.6435956e+05 2.22e-16 2.78e+04  -1.0 1.27e+00   0.7 1.00e+00 4.73e-01f  1
  53 -3.7538917e+05 2.22e-16 1.72e+03  -1.0 4.76e-01   1.1 1.00e+00 9.00e-01f  1
  54 -3.9185018e+05 2.22e-16 3.42e+04  -1.0 1.43e+00   0.7 1.00e+00 4.49e-01f  1
  55 -4.0348357e+05 2.22e-16 3.10e+03  -1.0 5.35e-01   1.1 1.00e+00 8.46e-01f  1
  56 -4.2100973e+05 2.22e-16 4.12e+04  -1.0 1.60e+00   0.6 1.00e+00 4.26e-01f  1
  57 -4.3323387e+05 2.22e-16 4.83e+03  -1.0 6.02e-01   1.0 1.00e+00 7.92e-01f  1
  58 -4.5197477e+05 2.22e-16 4.85e+04  -1.0 1.80e+00   0.6 1.00e+00 4.05e-01f  1
  59 -4.6497605e+05 2.22e-16 6.58e+03  -1.0 6.77e-01   1.0 1.00e+00 7.50e-01f  1
iter    objective    inf_pr   inf_du lg(mu)  ||d||  lg(rg) alpha_du alpha_pr  ls
  60 -4.7147332e+05 2.22e-16 6.67e+00  -1.0 2.54e-01   1.4 1.00e+00 1.00e+00f  1
  61 -4.8134934e+05 2.22e-16 7.35e+06  -1.7 7.69e-01   0.9 9.59e-01 4.90e-01f  1
  62 -4.8594620e+05 2.22e-16 3.21e+06  -1.7 2.90e-01   1.4 1.00e+00 5.98e-01f  1
  63 -4.9329055e+05 2.22e-16 2.15e+06  -1.7 8.60e-01   0.9 1.00e+00 3.30e-01f  1
  64 -4.9754741e+05 2.22e-16 1.07e+06  -1.7 3.23e-01   1.3 1.00e+00 5.09e-01f  1
  65 -5.0460924e+05 2.22e-16 7.62e+05  -1.7 9.63e-01   0.8 1.00e+00 2.85e-01f  1
  66 -5.0906985e+05 2.22e-16 3.99e+05  -1.7 3.62e-01   1.3 1.00e+00 4.80e-01f  1
  67 -5.1657501e+05 2.22e-16 2.91e+05  -1.7 1.08e+00   0.8 1.00e+00 2.71e-01f  1
  68 -5.2149480e+05 2.22e-16 1.55e+05  -1.7 4.06e-01   1.2 1.00e+00 4.73e-01f  1
  69 -5.2951659e+05 2.22e-16 1.15e+05  -1.7 1.22e+00   0.7 1.00e+00 2.58e-01f  1
iter    objective    inf_pr   inf_du lg(mu)  ||d||  lg(rg) alpha_du alpha_pr  ls
  70 -5.3466512e+05 2.22e-16 6.48e+04  -1.7 4.57e-01   1.2 1.00e+00 4.41e-01f  1
  71 -5.3781133e+05 2.22e-16 1.84e+04  -1.7 1.71e-01   1.6 1.00e+00 7.18e-01f  1
  72 -5.4252355e+05 2.22e-16 1.20e+04  -1.7 5.13e-01   1.1 1.00e+00 3.59e-01f  1
  73 -5.4560614e+05 2.22e-16 4.48e+03  -1.7 1.93e-01   1.5 1.00e+00 6.27e-01f  1
  74 -5.5063145e+05 2.22e-16 3.47e+03  -1.7 5.77e-01   1.1 1.00e+00 3.41e-01f  1
  75 -5.5389060e+05 2.22e-16 1.24e+03  -1.7 2.17e-01   1.5 1.00e+00 5.90e-01f  1
  76 -5.5937414e+05 2.22e-16 3.77e+03  -1.7 6.49e-01   1.0 1.00e+00 3.31e-01f  1
  77 -5.6283433e+05 2.22e-16 9.16e+02  -1.7 2.44e-01   1.4 1.00e+00 5.57e-01f  1
  78 -5.6864166e+05 2.22e-16 4.43e+03  -1.7 7.31e-01   1.0 1.00e+00 3.12e-01f  1
  79 -5.7236187e+05 2.22e-16 1.08e+03  -1.7 2.74e-01   1.4 1.00e+00 5.33e-01f  1
iter    objective    inf_pr   inf_du lg(mu)  ||d||  lg(rg) alpha_du alpha_pr  ls
  80 -5.7866708e+05 2.22e-16 5.38e+03  -1.7 8.22e-01   0.9 1.00e+00 3.01e-01f  1
  81 -5.8263460e+05 2.22e-16 1.33e+03  -1.7 3.08e-01   1.3 1.00e+00 5.05e-01f  1
  82 -5.8944171e+05 2.22e-16 7.15e+03  -1.7 9.24e-01   0.9 1.00e+00 2.89e-01f  1
  83 -5.9372052e+05 2.22e-16 1.72e+03  -1.7 3.47e-01   1.3 1.00e+00 4.85e-01f  1
  84 -6.0103857e+05 2.22e-16 1.23e+04  -1.7 1.04e+00   0.8 1.00e+00 2.77e-01f  1
  85 -6.0612688e+05 2.22e-16 2.37e+03  -1.7 3.90e-01   1.2 1.00e+00 5.14e-01f  1
  86 -6.1380770e+05 2.22e-16 4.93e+04  -1.7 1.17e+00   0.8 1.00e+00 2.59e-01f  1
  87 -6.1878273e+05 2.22e-16 6.87e+03  -1.7 4.38e-01   1.2 1.00e+00 4.47e-01f  1
  88 -6.2161316e+05 2.22e-16 3.46e+04  -1.7 1.48e+00   0.7 1.18e-01 8.46e-02f  1
  89 -6.2699322e+05 2.22e-16 1.76e+04  -1.7 4.93e-01   1.1 1.00e+00 4.29e-01f  1
iter    objective    inf_pr   inf_du lg(mu)  ||d||  lg(rg) alpha_du alpha_pr  ls
  90 -6.3560504e+05 2.22e-16 1.09e+05  -1.7 1.48e+00   0.7 6.66e-01 2.29e-01f  1
  91 -6.4051443e+05 2.22e-16 9.64e+04  -1.7 5.55e-01   1.1 1.00e+00 3.48e-01f  1
  92 -6.5041288e+05 2.22e-16 9.91e+04  -1.7 1.67e+00   0.6 6.49e-01 2.34e-01f  1
  93 -6.5570607e+05 2.22e-16 1.24e+05  -1.7 6.25e-01   1.0 1.00e+00 3.34e-01f  1
  94 -6.6648454e+05 2.22e-16 8.90e+04  -1.7 1.88e+00   0.6 6.18e-01 2.27e-01f  1
  95 -6.8407607e+05 2.22e-16 4.52e+04  -1.7 5.65e+00   0.1 1.17e-01 1.23e-01f  1
  96 -6.9031583e+05 7.14e-04 6.76e+05  -1.7 2.11e+00   0.5 2.87e-01 1.17e-01f  1
  97 -6.9613172e+05 1.02e-04 5.27e+05  -1.7 1.16e+01   0.0 1.92e-02 3.63e-02f  1
  98 -7.1238609e+05 1.06e-03 1.31e+06  -1.7 2.82e+01  -0.5 1.03e-02 3.37e-02f  1
  99 -7.1577192e+05 5.93e-04 8.13e+05  -1.7 8.93e-01   0.9 3.09e-01 1.51e-01f  1
iter    objective    inf_pr   inf_du lg(mu)  ||d||  lg(rg) alpha_du alpha_pr  ls
 100 -7.2380957e+05 1.55e-03 5.14e+06  -1.7 2.67e+00   0.4 3.55e-01 1.19e-01f  1
 101 -7.2413501e+05 1.34e-03 5.44e+06  -1.7 1.05e+00   0.8 2.77e-03 1.29e-02f  1
 102 -7.2621294e+05 2.22e-16 3.23e+06  -1.7 3.77e-01   1.2 4.28e-01 2.20e-01f  1
 103 -7.3310570e+05 7.20e-04 2.51e+06  -1.7 1.13e+00   0.8 6.51e-01 2.43e-01f  1
 104 -7.4593289e+05 1.61e-04 2.26e+06  -1.7 3.38e+00   0.3 8.74e-01 1.51e-01f  1
 105 -7.4956814e+05 2.22e-16 3.23e+06  -1.7 1.27e+00   0.7 6.36e-02 1.14e-01f  1
 106 -7.5043117e+05 3.61e-10 7.78e+05  -1.7 5.97e-02   2.0 8.48e-01 5.79e-01f  1
 107 -7.5310958e+05 5.49e-09 2.76e+06  -1.7 1.79e-01   1.6 9.45e-01 5.97e-01f  1
 108 -7.5795525e+05 2.45e-09 1.07e+06  -1.7 5.35e-01   1.1 1.00e+00 3.60e-01f  1
 109 -7.6660573e+05 4.74e-10 5.16e+05  -1.7 1.61e+00   0.6 1.00e+00 2.15e-01f  1
iter    objective    inf_pr   inf_du lg(mu)  ||d||  lg(rg) alpha_du alpha_pr  ls
 110 -7.7264026e+05 2.22e-16 1.05e+05  -1.7 6.03e-01   1.0 3.67e-01 3.99e-01f  1
 111 -7.7271158e+05 2.22e-16 1.00e+06  -1.7 5.89e-03   3.3 5.11e-01 7.98e-01f  1
 112 -7.7272532e+05 2.22e-16 2.73e+06  -1.7 9.81e-02   2.8 1.46e-02 5.15e-02f  1
 113 -7.7352243e+05 4.91e-09 4.64e+05  -1.7 3.18e-02   2.3 9.06e-01 1.00e+00f  1
 114 -7.7466529e+05 1.02e-08 1.12e+06  -1.7 9.53e-02   1.8 1.00e+00 4.78e-01f  1
 115 -7.7849119e+05 2.22e-16 1.45e+05  -1.7 2.86e-01   1.4 8.99e-01 5.34e-01f  1
 116 -7.8068377e+05 2.22e-16 3.53e+05  -1.7 1.07e-01   1.8 1.38e-01 8.16e-01f  1
 117 -7.8068586e+05 2.22e-16 5.12e+02  -1.7 6.97e-04   4.9 1.00e+00 1.00e+00f  1
 118 -7.8069175e+05 3.33e-16 1.87e+01  -1.7 6.38e-04   4.5 1.00e+00 1.00e+00f  1
 119 -7.8070945e+05 2.22e-16 1.35e+01  -1.7 1.42e-03   4.0 1.00e+00 1.00e+00f  1
iter    objective    inf_pr   inf_du lg(mu)  ||d||  lg(rg) alpha_du alpha_pr  ls
 120 -7.8076258e+05 2.22e-16 2.26e+01  -1.7 2.58e-03   3.5 1.00e+00 1.00e+00f  1
 121 -7.8092192e+05 2.22e-16 2.23e+01  -1.7 6.36e-03   3.0 1.00e+00 1.00e+00f  1
 122 -7.8139989e+05 3.33e-16 3.49e+01  -1.7 1.91e-02   2.5 1.00e+00 1.00e+00f  1
 123 -7.8283359e+05 3.33e-16 3.34e+01  -1.7 5.72e-02   2.1 1.00e+00 1.00e+00f  1
 124 -7.8566924e+05 2.22e-16 2.04e+02  -1.7 1.72e-01   1.6 1.00e+00 6.59e-01f  1
 125 -7.8991878e+05 2.22e-16 1.51e+02  -1.7 5.15e-01   1.1 5.14e-01 3.30e-01f  1
 126 -7.9714855e+05 2.22e-16 1.89e+02  -1.7 1.54e+00   0.6 3.06e-01 1.87e-01f  1
 127 -8.0108396e+05 2.22e-16 3.41e+01  -1.7 5.79e-01   1.1 1.00e+00 2.71e-01f  1
 128 -8.1065539e+05 2.22e-16 1.08e+02  -1.7 1.74e+00   0.6 5.15e-01 2.20e-01f  1
 129 -8.2626387e+05 2.22e-16 9.50e+01  -1.7 5.21e+00   0.1 8.88e-02 1.20e-01f  1
iter    objective    inf_pr   inf_du lg(mu)  ||d||  lg(rg) alpha_du alpha_pr  ls
 130 -8.3241826e+05 2.22e-16 7.37e+01  -1.7 1.95e+00   0.5 1.00e+00 1.26e-01f  1
 131 -9.0616347e+05 2.01e-03 1.29e+02  -1.7 5.86e+00   0.1 1.97e-01 5.04e-01f  1
 132 -9.7705383e+05 6.75e-03 1.12e+02  -1.7 1.75e+01  -0.4 2.76e-01 1.61e-01f  1
 133 -1.0219831e+06 5.42e-03 8.49e+01  -1.7 6.58e+00   0.0 1.00e+00 2.73e-01f  1
 134 -1.1391977e+06 1.82e-02 7.04e+01  -1.7 1.97e+01  -0.5 4.62e-01 2.37e-01f  1
 135 -1.1968161e+06 1.35e-02 5.05e+01  -1.7 7.40e+00  -0.0 1.00e+00 3.11e-01f  1
 136 -1.3326147e+06 2.71e-02 4.29e+01  -1.7 2.21e+01  -0.5 5.59e-01 2.45e-01f  1
 137 -1.4004161e+06 1.96e-02 3.01e+01  -1.7 8.31e+00  -0.1 1.00e+00 3.25e-01f  1
 138 -1.5552416e+06 3.52e-02 3.89e+01  -1.7 2.49e+01  -0.6 5.46e-01 2.48e-01f  1
 139 -1.6304291e+06 2.56e-02 2.54e+01  -1.7 9.34e+00  -0.1 1.00e+00 3.20e-01f  1
iter    objective    inf_pr   inf_du lg(mu)  ||d||  lg(rg) alpha_du alpha_pr  ls
 140 -1.8085856e+06 4.55e-02 4.09e+01  -1.7 2.79e+01  -0.6 5.06e-01 2.54e-01f  1
 141 -1.8910221e+06 3.34e-02 2.96e+01  -1.7 1.05e+01  -0.2 1.00e+00 3.12e-01f  1
 142 -2.0967704e+06 5.79e-02 4.14e+01  -1.7 3.14e+01  -0.7 4.53e-01 2.60e-01f  1
 143 -2.1866307e+06 4.27e-02 3.41e+01  -1.7 1.18e+01  -0.3 1.00e+00 3.02e-01f  1
 144 -2.4293270e+06 7.46e-02 4.07e+01  -1.7 3.52e+01  -0.7 4.06e-01 2.73e-01f  1
 145 -2.5242211e+06 5.59e-02 3.97e+01  -1.7 1.32e+01  -0.3 1.00e+00 2.84e-01f  1
 146 -2.5270597e+06 5.57e-02 5.83e+01  -1.7 3.76e+01  -0.8 2.17e-01 3.41e-03f  1
 147 -2.5412512e+06 5.27e-02 3.73e+01  -1.7 1.41e+01  -0.4 3.71e-01 5.67e-02f  1
 148 -2.6100237e+06 6.85e-02 3.22e+01  -1.7 4.18e+01  -0.8 3.58e-02 9.46e-02f  1
 149 -2.6324935e+06 6.35e-02 2.29e+01  -1.7 1.54e+01  -0.4 2.09e-01 8.33e-02f  1
iter    objective    inf_pr   inf_du lg(mu)  ||d||  lg(rg) alpha_du alpha_pr  ls
 150 -2.6366135e+06 6.30e-02 2.36e+01  -1.7 3.50e+01  -0.9 2.74e-02 9.76e-03f  1
 151 -2.6407994e+06 6.12e-02 2.26e+01  -1.7 1.30e+01  -0.5 2.19e-01 2.84e-02f  1
 152 -2.7095019e+06 1.36e-01 2.15e+01  -1.7 3.95e+01  -0.9 1.97e-02 1.53e-01f  1
 153 -2.7112049e+06 1.34e-01 2.78e+01  -1.7 1.45e+01  -0.5 9.51e-02 1.02e-02f  1
 154 -2.7272353e+06 1.33e-01 2.65e+01  -1.7 4.38e+01  -1.0 1.03e-02 3.17e-02f  1
 155 -2.7307687e+06 1.31e-01 3.13e+01  -1.7 1.63e+01  -0.6 7.81e-02 1.88e-02f  1
 156 -2.7451996e+06 1.30e-01 3.04e+01  -1.7 4.91e+01  -1.0 9.27e-03 2.54e-02f  1
 157 -2.7498369e+06 1.27e-01 3.64e+01  -1.7 1.83e+01  -0.6 6.80e-02 2.21e-02f  1
 158 -2.7654561e+06 1.27e-01 3.43e+01  -1.7 5.50e+01  -1.1 7.97e-03 2.46e-02f  1
 159 -2.7703735e+06 1.25e-01 4.05e+01  -1.7 2.06e+01  -0.7 6.12e-02 2.10e-02f  1
iter    objective    inf_pr   inf_du lg(mu)  ||d||  lg(rg) alpha_du alpha_pr  ls
 160 -2.7871129e+06 1.25e-01 3.77e+01  -1.7 6.16e+01  -1.1 7.06e-03 2.36e-02f  1
 161 -2.7923337e+06 1.23e-01 4.35e+01  -1.7 2.32e+01  -0.7 5.39e-02 2.00e-02f  1
 162 -2.8090824e+06 1.24e-01 4.03e+01  -1.7 6.93e+01  -1.2 7.16e-03 2.12e-02f  1
 163 -2.8144666e+06 1.21e-01 4.55e+01  -1.7 2.61e+01  -0.8 4.70e-02 1.85e-02f  1
 164 -2.8317925e+06 1.22e-01 4.21e+01  -1.7 7.79e+01  -1.2 7.03e-03 1.98e-02f  1
 165 -2.8374363e+06 1.20e-01 4.75e+01  -1.7 2.93e+01  -0.8 4.52e-02 1.74e-02f  1
 166 -2.8555728e+06 1.20e-01 4.50e+01  -1.7 8.77e+01  -1.3 1.04e-02 1.88e-02f  1
 167 -2.8772978e+06 1.22e-01 4.42e+01  -1.7 3.17e+02  -1.8 4.19e-03 7.49e-03f  1
 168 -2.9247211e+06 1.22e-01 4.35e+01  -1.7 7.58e+02  -2.2 1.33e-02 5.86e-03f  1
 169 -2.9455360e+06 1.21e-01 4.32e+01  -1.7 2.66e+02  -1.8 6.89e-03 7.30e-03f  1
iter    objective    inf_pr   inf_du lg(mu)  ||d||  lg(rg) alpha_du alpha_pr  ls
 170 -2.9476014e+06 1.21e-01 4.93e+01  -1.7 7.44e+01  -1.4 6.28e-02 2.69e-03f  1
 171 -2.9635909e+06 1.19e-01 4.83e+01  -1.7 2.52e+02  -1.9 4.88e-03 1.12e-02f  1
 172 -2.9758542e+06 1.16e-01 5.73e+01  -1.7 8.36e+01  -1.4 1.19e-01 2.28e-02f  1
 173 -2.9846801e+06 1.10e-01 1.02e+02  -1.7 3.13e+01  -1.0 3.95e-01 4.51e-02f  1
 174 -3.0331024e+06 9.99e-02 8.89e+01  -1.7 9.40e+01  -1.5 2.34e-02 8.53e-02f  1
 175 -3.0599537e+06 8.56e-02 1.09e+02  -1.7 3.52e+01  -1.1 5.02e-01 1.26e-01f  1
 176 -3.1450879e+06 7.24e-02 9.46e+01  -1.7 1.05e+02  -1.5 1.41e-01 1.34e-01f  1
 177 -3.1471757e+06 7.22e-02 9.41e+01  -1.7 2.18e+02  -2.0 3.77e-02 1.79e-03f  1
 178 -3.1535040e+06 7.01e-02 9.40e+01  -1.7 8.22e+01  -1.6 4.15e-01 2.54e-02f  1
 179 -3.2656796e+06 5.78e-02 1.23e+02  -1.7 2.40e+02  -2.1 4.00e-02 1.57e-01f  1
iter    objective    inf_pr   inf_du lg(mu)  ||d||  lg(rg) alpha_du alpha_pr  ls
 180 -3.5227372e+06 5.05e-02 1.07e+02  -1.7 7.25e+02  -2.6 3.77e-02 1.20e-01f  1
 181 -3.5253854e+06 5.03e-02 2.99e+02  -1.7 2.68e+02  -2.1 4.66e-01 3.33e-03f  1
 182 -3.5293917e+06 4.94e-02 2.61e+02  -1.7 9.97e+01  -1.7 9.89e-01 1.64e-02f  1
 183 -3.5365335e+06 4.71e-02 1.72e+02  -1.7 2.76e+02  -2.2 4.62e-01 4.12e-02f  1
 184 -3.5371956e+06 4.27e-02 9.60e+01  -1.7 5.37e+01  -1.8 3.78e-01 8.00e-02f  1
 185 -3.5378571e+06 3.27e-02 8.39e+01  -1.7 8.03e+00  -2.2 3.53e-01 2.05e-01f  1
 186 -3.5384222e+06 2.17e-02 8.60e+01  -1.7 2.50e+00  -2.7 6.66e-01 2.90e-01f  1
 187 -3.5385067e+06 1.99e-02 6.81e+01  -1.7 6.27e+00  -3.2 3.12e-01 6.91e-02f  1
 188 -3.5387502e+06 1.36e-02 5.68e+01  -1.7 3.53e+00  -2.8 5.45e-01 2.51e-01f  1
 189 -3.5388499e+06 1.10e-02 4.69e+01  -1.7 5.29e+00  -2.3 3.86e-01 1.39e-01f  1
iter    objective    inf_pr   inf_du lg(mu)  ||d||  lg(rg) alpha_du alpha_pr  ls
 190 -3.5390178e+06 6.50e-03 3.28e+01  -1.7 3.37e+00  -2.8 4.48e-01 2.99e-01f  1
 191 -3.5391667e+06 2.49e-03 2.03e+01  -1.7 1.86e+00  -2.4 4.67e-01 3.76e-01f  1
 192 -3.5393520e+06 2.22e-16 7.01e+00  -1.7 7.27e-01  -2.0 8.35e-01 6.86e-01f  1
 193 -3.5394678e+06 3.33e-16 3.40e+00  -1.7 1.48e+00  -2.4 1.00e+00 1.00e+00F  1
 194 -3.5394673e+06 2.22e-16 4.95e-01  -1.7 5.55e-01  -2.0 1.00e+00 1.00e+00F  1
 195 -3.5394673e+06 2.22e-16 2.61e-01  -1.7 1.37e+00  -2.5 1.00e+00 1.00e+00F  1
 196 -3.5394663e+06 2.22e-16 3.20e+01  -1.7 8.27e+00  -3.0 1.00e+00 6.99e-02f  3
 197 -3.5394673e+06 2.22e-16 3.27e-01  -1.7 1.49e+00  -2.5 1.00e+00 1.00e+00F  1
 198 -3.5394670e+06 2.22e-16 2.21e+01  -1.7 5.38e+00  -3.0 1.00e+00 4.46e-02f  5
 199 -3.5394673e+06 3.33e-16 3.95e-01  -1.7 1.62e+00  -2.6 1.00e+00 1.00e+00F  1
iter    objective    inf_pr   inf_du lg(mu)  ||d||  lg(rg) alpha_du alpha_pr  ls
 200 -3.5394578e+06 5.55e-16 3.38e+00  -1.7 5.31e+00  -3.1 1.00e+00 9.32e-01F  1
 201 -3.5394576e+06 5.55e-16 4.64e+01  -1.7 1.47e+01  -3.5 8.97e-01 3.74e-02f  4
 202 -3.5394693e+06 2.22e-16 4.06e+00  -1.7 4.47e+00  -3.1 1.00e+00 1.00e+00F  1
 203 -3.5394687e+06 2.22e-16 3.20e+01  -1.7 1.08e+01  -3.6 1.00e+00 4.30e-02h  5
 204 -3.5394696e+06 2.22e-16 4.53e+00  -1.7 4.28e+00  -3.2 1.00e+00 1.00e+00F  1
 205 -3.5394642e+06 4.44e-16 1.82e+01  -1.7 8.71e+00  -3.6 1.00e+00 9.69e-01F  1
 206 -3.5394639e+06 4.44e-16 4.24e+01  -1.7 6.67e+01  -4.1 3.01e-01 3.30e-02f  3
 207 -3.5394721e+06 4.44e-16 1.03e+01  -1.7 8.07e+00  -3.7 1.00e+00 1.00e+00F  1
 208 -3.5394826e+06 4.16e-02 9.32e+01  -1.7 8.31e+01  -4.2 1.00e+00 5.50e-01F  1
 209 -3.5394821e+06 3.49e-02 8.49e+01  -1.7 3.62e+01  -3.7 8.06e-01 1.14e-01f  3
iter    objective    inf_pr   inf_du lg(mu)  ||d||  lg(rg) alpha_du alpha_pr  ls
 210 -3.5394806e+06 3.37e-02 8.42e+01  -1.7 3.34e+02  -4.2 7.48e-02 5.41e-02f  1
 211 -3.5394838e+06 8.67e-02 4.31e+01  -1.7 3.69e+01  -3.8 1.00e+00 5.91e-01F  1
 212 -3.5394811e+06 2.66e-01 3.92e+01  -1.7 9.83e+01  -4.3 2.91e-01 2.08e-01F  1
 213 -3.5394849e+06 1.74e-01 8.26e+01  -1.7 6.46e-01  -0.2 1.51e-01 3.21e-01f  1
 214 -3.5394904e+06 2.85e-02 7.31e+01  -1.7 1.95e-01   0.2 3.71e-01 8.27e-01f  1
 215 -3.5394914e+06 2.22e-16 4.98e-01  -1.7 1.18e-01   0.6 1.00e+00 1.00e+00f  1
 216 -3.5394914e+06 2.22e-16 2.58e-01  -1.7 8.55e-02   0.1 1.00e+00 1.00e+00h  1
 217 -3.5396506e+06 8.42e-03 1.63e+01  -2.5 5.07e-01  -0.3 3.14e-01 4.54e-01f  1
 218 -3.5396640e+06 1.11e-02 9.58e+00  -2.5 4.42e+00  -0.8 1.20e-01 6.66e-02f  1
 219 -3.5397154e+06 7.82e-03 3.41e+01  -2.5 2.92e-01  -0.4 3.99e-01 2.78e-01f  1
iter    objective    inf_pr   inf_du lg(mu)  ||d||  lg(rg) alpha_du alpha_pr  ls
 220 -3.5397420e+06 6.20e-03 2.86e+01  -2.5 3.36e-01  -0.9 2.32e-01 1.94e-01f  1
 221 -3.5397499e+06 5.72e-03 2.82e+01  -2.5 2.02e+00  -1.3 1.08e-01 7.10e-02f  1
 222 -3.5397724e+06 4.37e-03 2.30e+01  -2.5 5.29e-01  -1.8 2.20e-01 2.16e-01f  1
 223 -3.5397886e+06 3.39e-03 1.83e+01  -2.5 2.36e+00  -2.3 2.28e-01 2.01e-01f  1
 224 -3.5398059e+06 2.36e-03 1.78e+01  -2.5 9.15e-01  -2.8 4.07e-01 2.65e-01f  1
 225 -3.5398177e+06 1.62e-03 5.39e+01  -2.5 2.11e+00  -3.3 3.92e-01 2.55e-01f  1
 226 -3.5398309e+06 8.01e-04 4.36e+01  -2.5 2.81e+00  -3.7 5.32e-01 3.85e-01f  1
 227 -3.5398353e+06 5.14e-04 6.80e+01  -2.5 9.18e+00  -4.2 4.82e-01 2.14e-01f  1
 228 -3.5398370e+06 2.24e-03 9.82e+01  -2.5 6.10e+01  -4.7 6.68e-01 1.11e-01f  1
 229 -3.5398371e+06 2.23e-03 9.72e+01  -2.5 6.38e+01  -5.2 4.57e-01 1.17e-02f  7
iter    objective    inf_pr   inf_du lg(mu)  ||d||  lg(rg) alpha_du alpha_pr  ls
 230 -3.5398483e+06 7.83e-03 2.74e+01  -2.5 3.02e+01  -4.7 1.00e+00 9.08e-01F  1
Reallocating memory for MA57: lfact (1814907)
 231 -3.5398483e+06 7.75e-03 3.85e+01  -2.5 4.07e+01  -5.2 6.76e-01 1.40e-02h  7
 232 -3.5398502e+06 3.98e-03 5.58e+01  -2.5 1.62e+01  -4.8 1.00e+00 1.00e+00F  1
 233 -3.5398498e+06 1.31e-14 1.42e+01  -2.5 3.25e+01  -5.3 1.00e+00 1.00e+00F  1
 234 -3.5398498e+06 1.31e-14 8.53e+01  -2.5 7.98e+01  -5.7 7.56e-01 1.39e-03h 10
 235 -3.5398490e+06 9.85e-04 3.65e+01  -2.5 3.26e+01  -5.3 1.00e+00 1.00e+00F  1
 236 -3.5398490e+06 9.82e-04 8.50e+01  -2.5 6.65e+01  -5.8 9.63e-01 1.69e-03h 10
 237 -3.5398490e+06 9.75e-04 5.78e+01  -2.5 2.79e+01  -5.4 1.00e+00 3.91e-03h  9
 238 -3.5398490e+06 9.73e-04 8.80e+01  -2.5 6.32e+01  -5.8 1.00e+00 9.77e-04h 11
 239 -3.5398490e+06 9.60e-04 4.34e+01  -2.5 2.45e+01  -5.4 1.00e+00 7.81e-03h  8
iter    objective    inf_pr   inf_du lg(mu)  ||d||  lg(rg) alpha_du alpha_pr  ls
 240 -3.5398490e+06 9.58e-04 1.03e+02  -2.5 7.66e+01  -5.9 9.01e-01 8.43e-04h 11
 241 -3.5398490e+06 9.52e-04 7.31e+01  -2.5 3.19e+01  -5.5 1.00e+00 3.91e-03h  9
 242 -3.5398490e+06 9.50e-04 9.98e+01  -2.5 7.25e+01  -5.9 9.52e-01 9.00e-04h 11
 243 -3.5398489e+06 9.44e-04 8.38e+01  -2.5 3.63e+01  -5.5 1.00e+00 3.91e-03h  9
 244 -3.5398489e+06 9.42e-04 1.01e+02  -2.5 7.39e+01  -6.0 9.28e-01 8.94e-04h 11
 245 -3.5398489e+06 9.39e-04 1.00e+02  -2.5 4.20e+01  -5.6 1.00e+00 1.95e-03h 10
 246 -3.5348480e+06 1.26e-01 2.06e+01  -2.5 7.18e+01  -6.0 9.49e-01 9.52e-01w  1
 247 -3.5351076e+06 1.11e-01 6.47e+01  -2.5 5.96e+01  -5.6 9.66e-01 3.43e-01w  1
Reallocating memory for MA57: lfact (3304778)
 248 -3.5331623e+06 6.82e-01 6.04e+01  -2.5 3.06e+02  -5.2 1.94e-02 8.11e-02w  1
 249 -3.5400797e+06 1.71e-01 7.99e+01  -2.5 3.44e+00  -3.9 2.46e-01 1.00e+00f  1
iter    objective    inf_pr   inf_du lg(mu)  ||d||  lg(rg) alpha_du alpha_pr  ls
 250 -3.5400766e+06 1.69e-01 7.88e+01  -2.5 1.44e+01  -1.6 1.21e-02 1.39e-02h  1
 251 -3.5400744e+06 1.67e-01 7.80e+01  -2.5 2.83e+00  -2.1 4.18e-03 9.74e-03h  1
 252 -3.5400737e+06 1.66e-01 7.77e+01  -2.5 2.02e+00  -2.6 9.36e-04 3.21e-03h  1
 253 -3.5400737e+06 1.66e-01 7.77e+01  -2.5 5.39e+01  -3.1 1.37e-05 1.21e-04h  1
 254 -3.5400737e+06 1.66e-01 7.77e+01  -2.5 7.30e+02  -3.5 4.04e-08 1.22e-06f  2
 255 -3.5400204e+06 1.26e-01 6.30e+01  -2.5 1.52e+00  -0.4 1.93e-03 2.41e-01h  1
 256 -3.5398517e+06 2.22e-16 1.06e+00  -2.5 2.31e-01   0.0 1.00e+00 1.00e+00h  1
 257 -3.5398517e+06 2.22e-16 4.17e+00  -2.5 1.26e+00  -0.5 2.45e-01 1.08e-01H  1
 258 -3.5398520e+06 2.22e-16 3.09e-02  -2.5 9.08e-02  -0.9 1.00e+00 1.00e+00f  1
 259 -3.5398520e+06 2.09e-04 3.46e-01  -2.5 1.01e+00  -1.4 3.91e-01 4.16e-01F  1
iter    objective    inf_pr   inf_du lg(mu)  ||d||  lg(rg) alpha_du alpha_pr  ls
 260 -3.5398520e+06 2.09e-04 2.39e+01  -2.5 1.80e+02    -  1.64e-01 1.29e-04h 12
 261 -3.5398521e+06 2.22e-16 8.95e-01  -2.5 3.41e-01  -1.0 9.63e-01 9.85e-01F  1
 262 -3.5398521e+06 3.33e-16 4.43e+01  -2.5 1.52e+02    -  3.32e-01 1.59e-04f 12
 263 -3.5398521e+06 2.22e-16 2.12e-02  -2.5 9.34e-03   0.3 1.00e+00 1.00e+00f  1
 264 -3.5398685e+06 2.22e-16 2.51e+01  -3.8 1.03e-01  -0.1 3.97e-01 3.03e-01f  1
 265 -3.5398766e+06 2.22e-16 6.22e+01  -3.8 1.42e-01  -0.6 1.38e-01 2.09e-01f  1
 266 -3.5399008e+06 2.22e-16 6.11e+02  -3.8 8.45e-02  -0.2 1.74e-01 8.03e-01f  1
 267 -3.5399019e+06 2.22e-16 5.19e+02  -3.8 1.76e-01  -0.7 2.19e-01 1.49e-01f  1
 268 -3.5399022e+06 2.22e-16 4.93e+02  -3.8 2.84e-02  -1.1 9.83e-02 5.03e-02f  1
 269 -3.5399041e+06 2.22e-16 5.80e+02  -3.8 4.02e-02  -1.6 7.88e-02 3.94e-01f  1
Reallocating memory for MA57: lfact (7560260)
iter    objective    inf_pr   inf_du lg(mu)  ||d||  lg(rg) alpha_du alpha_pr  ls
 270 -3.5399067e+06 2.22e-16 1.48e+03  -3.8 9.18e-02  -2.1 9.96e-02 8.84e-01f  1
 271 -3.5399068e+06 2.22e-16 1.41e+03  -3.8 2.41e-01  -2.6 7.66e-02 4.59e-02f  1
 272 -3.5399071e+06 2.22e-16 9.93e+02  -3.8 3.97e-01  -3.0 1.01e-01 6.88e-01f  1
 273 -3.5399077e+06 5.38e-04 7.52e+02  -3.8 1.12e+00  -3.5 2.79e-02 2.90e-01f  1
 274 -3.5399075e+06 3.33e-16 1.23e+03  -3.8 3.26e-01  -3.1 1.43e-01 1.00e+00h  1
 275 -3.5399081e+06 4.85e-04 7.31e+02  -3.8 6.84e-01  -3.6 3.97e-02 4.56e-01f  1
 276 -3.5399078e+06 3.33e-16 9.31e+02  -3.8 2.53e-01  -3.2 1.79e-01 1.00e+00h  1
 277 -3.5399081e+06 5.35e-04 9.30e+02  -3.8 6.92e+02    -  3.13e-03 2.53e-03h  1
 278 -3.5399084e+06 6.79e-04 4.42e+02  -3.8 4.76e-01  -3.6 3.41e-01 5.22e-01f  1
 279 -3.5399082e+06 5.68e-04 4.26e+02  -3.8 3.47e+02    -  1.31e-01 3.63e-02h  3
iter    objective    inf_pr   inf_du lg(mu)  ||d||  lg(rg) alpha_du alpha_pr  ls
 280 -3.5399082e+06 5.68e-04 4.36e+02  -3.8 1.47e+02    -  4.98e-01 4.01e-03h  7
 281 -3.5399082e+06 5.68e-04 4.45e+02  -3.8 5.71e+01    -  3.07e-01 1.50e-03h  9
 282 -3.5399082e+06 5.69e-04 4.49e+02  -3.8 2.80e+01    -  4.60e-02 6.99e-04h  8
 283 -3.5399082e+06 5.68e-04 4.53e+02  -3.8 3.99e+01    -  6.81e-02 2.67e-04h 12
 284 -3.5399078e+06 7.22e-04 4.52e+02  -3.8 2.79e+01    -  5.11e-02 9.17e-03h  5
 285 -3.5399078e+06 7.22e-04 4.57e+02  -3.8 3.86e+01    -  8.91e-02 3.01e-04h 12
 286 -3.5399078e+06 7.22e-04 4.64e+02  -3.8 3.15e+01    -  1.08e-01 2.55e-04h 12
 287 -3.5399078e+06 7.22e-04 4.68e+02  -3.8 3.83e+01    -  8.57e-02 3.31e-04h 12
 288 -3.5399078e+06 7.22e-04 4.76e+02  -3.8 3.10e+01    -  1.10e-01 2.77e-04h 12
 289 -3.5372556e+06 1.63e+00 1.22e+02  -3.8 3.81e+01    -  8.31e-02 7.30e-01w  1
iter    objective    inf_pr   inf_du lg(mu)  ||d||  lg(rg) alpha_du alpha_pr  ls
 290 -3.5384831e+06 9.98e-01 8.30e+01  -3.8 3.62e+01    -  5.33e-01 5.39e-01w  1
 291 -3.5392925e+06 9.11e-01 8.81e+01  -3.8 4.24e+01    -  7.64e-01 7.39e-01w  1

Number of Iterations....: 291

                                   (scaled)                 (unscaled)
Objective...............:  -3.5392925218723682e+06   -3.5392925218723682e+06
Dual infeasibility......:   8.8118563628969980e+01    8.8118563628969980e+01
Constraint violation....:   9.1108509233206447e-01    9.1108509233206447e-01
Complementarity.........:   3.5172670002053721e-04    3.5172670002053721e-04
Overall NLP error.......:   6.9000742286780991e+01    8.8118563628969980e+01


Number of objective function evaluations             = 633
Number of objective gradient evaluations             = 292
Number of equality constraint evaluations            = 633
Number of inequality constraint evaluations          = 633
Number of equality constraint Jacobian evaluations   = 292
Number of inequality constraint Jacobian evaluations = 292
Number of Lagrangian Hessian evaluations             = 291
Total CPU secs in IPOPT (w/o function evaluations)   =     87.878
Total CPU secs in NLP function evaluations           =     32.535

EXIT: Maximum CPU time exceeded.
Restoration phase is called at point that is almost feasible,
  with constraint violation 9.801188e-16. Abort.
Restoration phase is called at point that is almost feasible,
  with constraint violation 1.499654e-13. Abort.
