WARNING: using JuMP.getdual in module Main conflicts with an existing identifier.

******************************************************************************
This program contains Ipopt, a library for large-scale nonlinear optimization.
 Ipopt is released as open source code under the Eclipse Public License (EPL).
         For more information visit http://projects.coin-or.org/Ipopt
******************************************************************************

No. of first stage variables  5
No. of second stage variables 21
No. of second stage constraints 7
No. of scenarios  1000
No. of total variables 16005
No. of total constraints 11995
No. of binary variables 0
No. of continuous variables 16005
prime_status_trial   Optimal    -0.00390625
prime_status_trial   Optimal    -0.00390625
prime_status_trial   Optimal    -0.00390625
prime_status_trial   Optimal    -0.00390625
prime_status_trial   Optimal    -0.00390625
prime_status_trial   Optimal    -0.00390625
prime_status_trial   Optimal    -0.00390625
prime_status_trial   Optimal    -0.00390625
prime_status_trial   Optimal    -0.00390625
prime_status_trial   Optimal    -0.00390625
prime_status   Optimal   -0.00390625
U:   -0.00390625
first:  [1, 2, 3, 4, 5]
first:  [1, 2, 3, 4, 5]
first:  [1, 2, 3, 4, 5]
first:  [1, 2, 3, 4, 5]
first:  [1, 2, 3, 4, 5]
first:  [1, 2, 3, 4, 5]
first:  [1, 2, 3, 4, 5]
first:  [1, 2, 3, 4, 5]
first:  [1, 2, 3, 4, 5]
first:  [1, 2, 3, 4, 5]
first:  [1, 2, 3, 4, 5]
first:  [1, 2, 3, 4, 5]
first:  [1, 2, 3, 4, 5]
first:  [1, 2, 3, 4, 5]
first:  [1, 2, 3, 4, 5]
first:  [1, 2, 3, 4, 5]
first:  [1, 2, 3, 4, 5]
first:  [1, 2, 3, 4, 5]
first:  [1, 2, 3, 4, 5]
first:  [1, 2, 3, 4, 5]
first:  [1, 2, 3, 4, 5]
first:  [1, 2, 3, 4, 5]
first:  [1, 2, 3, 4, 5]
first:  [1, 2, 3, 4, 5]
first:  [1, 2, 3, 4, 5]
first:  [1, 2, 3, 4, 5]
first:  [1, 2, 3, 4, 5]
first:  [1, 2, 3, 4, 5]
first:  [1, 2, 3, 4, 5]
first:  [1, 2, 3, 4, 5]
first:  [1, 2, 3, 4, 5]
first:  [1, 2, 3, 4, 5]
first:  [1, 2, 3, 4, 5]
first:  [1, 2, 3, 4, 5]
first:  [1, 2, 3, 4, 5]
first:  [1, 2, 3, 4, 5]
first:  [1, 2, 3, 4, 5]
first:  [1, 2, 3, 4, 5]
first:  [1, 2, 3, 4, 5]
first:  [1, 2, 3, 4, 5]
first:  [1, 2, 3, 4, 5]
first:  [1, 2, 3, 4, 5]
first:  [1, 2, 3, 4, 5]
first:  [1, 2, 3, 4, 5]
first:  [1, 2, 3, 4, 5]
first:  [1, 2, 3, 4, 5]
first:  [1, 2, 3, 4, 5]
first:  [1, 2, 3, 4, 5]
first:  [1, 2, 3, 4, 5]
first:  [1, 2, 3, 4, 5]
first:  [1, 2, 3, 4, 5]
first:  [1, 2, 3, 4, 5]
first:  [1, 2, 3, 4, 5]
first:  [1, 2, 3, 4, 5]
first:  [1, 2, 3, 4, 5]
first:  [1, 2, 3, 4, 5]
first:  [1, 2, 3, 4, 5]
first:  [1, 2, 3, 4, 5]
first:  [1, 2, 3, 4, 5]
first:  [1, 2, 3, 4, 5]
first:  [1, 2, 3, 4, 5]
first:  [1, 2, 3, 4, 5]
first:  [1, 2, 3, 4, 5]
first:  [1, 2, 3, 4, 5]
first:  [1, 2, 3, 4, 5]
first:  [1, 2, 3, 4, 5]
first:  [1, 2, 3, 4, 5]
first:  [1, 2, 3, 4, 5]
first:  [1, 2, 3, 4, 5]
first:  [1, 2, 3, 4, 5]
first:  [1, 2, 3, 4, 5]
first:  [1, 2, 3, 4, 5]
first:  [1, 2, 3, 4, 5]
first:  [1, 2, 3, 4, 5]
first:  [1, 2, 3, 4, 5]
first:  [1, 2, 3, 4, 5]
first:  [1, 2, 3, 4, 5]
first:  [1, 2, 3, 4, 5]
first:  [1, 2, 3, 4, 5]
first:  [1, 2, 3, 4, 5]
first:  [1, 2, 3, 4, 5]
first:  [1, 2, 3, 4, 5]
first:  [1, 2, 3, 4, 5]
first:  [1, 2, 3, 4, 5]
first:  [1, 2, 3, 4, 5]
first:  [1, 2, 3, 4, 5]
first:  [1, 2, 3, 4, 5]
first:  [1, 2, 3, 4, 5]
first:  [1, 2, 3, 4, 5]
first:  [1, 2, 3, 4, 5]
first:  [1, 2, 3, 4, 5]
first:  [1, 2, 3, 4, 5]
first:  [1, 2, 3, 4, 5]
first:  [1, 2, 3, 4, 5]
first:  [1, 2, 3, 4, 5]
first:  [1, 2, 3, 4, 5]
first:  [1, 2, 3, 4, 5]
first:  [1, 2, 3, 4, 5]
first:  [1, 2, 3, 4, 5]
first:  [1, 2, 3, 4, 5]
first:  [1, 2, 3, 4, 5]
first:  [1, 2, 3, 4, 5]
first:  [1, 2, 3, 4, 5]
first:  [1, 2, 3, 4, 5]
first:  [1, 2, 3, 4, 5]
first:  [1, 2, 3, 4, 5]
first:  [1, 2, 3, 4, 5]
first:  [1, 2, 3, 4, 5]
first:  [1, 2, 3, 4, 5]
first:  [1, 2, 3, 4, 5]
first:  [1, 2, 3, 4, 5]
first:  [1, 2, 3, 4, 5]
first:  [1, 2, 3, 4, 5]
first:  [1, 2, 3, 4, 5]
first:  [1, 2, 3, 4, 5]
first:  [1, 2, 3, 4, 5]
first:  [1, 2, 3, 4, 5]
first:  [1, 2, 3, 4, 5]
first:  [1, 2, 3, 4, 5]
first:  [1, 2, 3, 4, 5]
first:  [1, 2, 3, 4, 5]
first:  [1, 2, 3, 4, 5]
first:  [1, 2, 3, 4, 5]
first:  [1, 2, 3, 4, 5]
first:  [1, 2, 3, 4, 5]
first:  [1, 2, 3, 4, 5]
first:  [1, 2, 3, 4, 5]
first:  [1, 2, 3, 4, 5]
first:  [1, 2, 3, 4, 5]
first:  [1, 2, 3, 4, 5]
first:  [1, 2, 3, 4, 5]
first:  [1, 2, 3, 4, 5]
first:  [1, 2, 3, 4, 5]
first:  [1, 2, 3, 4, 5]
first:  [1, 2, 3, 4, 5]
first:  [1, 2, 3, 4, 5]
first:  [1, 2, 3, 4, 5]
first:  [1, 2, 3, 4, 5]
first:  [1, 2, 3, 4, 5]
first:  [1, 2, 3, 4, 5]
first:  [1, 2, 3, 4, 5]
first:  [1, 2, 3, 4, 5]
first:  [1, 2, 3, 4, 5]
first:  [1, 2, 3, 4, 5]
first:  [1, 2, 3, 4, 5]
first:  [1, 2, 3, 4, 5]
first:  [1, 2, 3, 4, 5]
first:  [1, 2, 3, 4, 5]
first:  [1, 2, 3, 4, 5]
first:  [1, 2, 3, 4, 5]
first:  [1, 2, 3, 4, 5]
first:  [1, 2, 3, 4, 5]
first:  [1, 2, 3, 4, 5]
first:  [1, 2, 3, 4, 5]
first:  [1, 2, 3, 4, 5]
first:  [1, 2, 3, 4, 5]
first:  [1, 2, 3, 4, 5]
first:  [1, 2, 3, 4, 5]
first:  [1, 2, 3, 4, 5]
first:  [1, 2, 3, 4, 5]
first:  [1, 2, 3, 4, 5]
first:  [1, 2, 3, 4, 5]
first:  [1, 2, 3, 4, 5]
first:  [1, 2, 3, 4, 5]
first:  [1, 2, 3, 4, 5]
first:  [1, 2, 3, 4, 5]
first:  [1, 2, 3, 4, 5]
first:  [1, 2, 3, 4, 5]
first:  [1, 2, 3, 4, 5]
first:  [1, 2, 3, 4, 5]
first:  [1, 2, 3, 4, 5]
first:  [1, 2, 3, 4, 5]
first:  [1, 2, 3, 4, 5]
first:  [1, 2, 3, 4, 5]
first:  [1, 2, 3, 4, 5]
first:  [1, 2, 3, 4, 5]
first:  [1, 2, 3, 4, 5]
first:  [1, 2, 3, 4, 5]
first:  [1, 2, 3, 4, 5]
first:  [1, 2, 3, 4, 5]
first:  [1, 2, 3, 4, 5]
first:  [1, 2, 3, 4, 5]
first:  [1, 2, 3, 4, 5]
first:  [1, 2, 3, 4, 5]
first:  [1, 2, 3, 4, 5]
first:  [1, 2, 3, 4, 5]
first:  [1, 2, 3, 4, 5]
first:  [1, 2, 3, 4, 5]
first:  [1, 2, 3, 4, 5]
first:  [1, 2, 3, 4, 5]
first:  [1, 2, 3, 4, 5]
first:  [1, 2, 3, 4, 5]
first:  [1, 2, 3, 4, 5]
first:  [1, 2, 3, 4, 5]
first:  [1, 2, 3, 4, 5]
first:  [1, 2, 3, 4, 5]
first:  [1, 2, 3, 4, 5]
first:  [1, 2, 3, 4, 5]
first:  [1, 2, 3, 4, 5]
first:  [1, 2, 3, 4, 5]
first:  [1, 2, 3, 4, 5]
first:  [1, 2, 3, 4, 5]
first:  [1, 2, 3, 4, 5]
first:  [1, 2, 3, 4, 5]
first:  [1, 2, 3, 4, 5]
first:  [1, 2, 3, 4, 5]
first:  [1, 2, 3, 4, 5]
first:  [1, 2, 3, 4, 5]
first:  [1, 2, 3, 4, 5]
first:  [1, 2, 3, 4, 5]
first:  [1, 2, 3, 4, 5]
first:  [1, 2, 3, 4, 5]
first:  [1, 2, 3, 4, 5]
first:  [1, 2, 3, 4, 5]
first:  [1, 2, 3, 4, 5]
first:  [1, 2, 3, 4, 5]
first:  [1, 2, 3, 4, 5]
first:  [1, 2, 3, 4, 5]
first:  [1, 2, 3, 4, 5]
first:  [1, 2, 3, 4, 5]
first:  [1, 2, 3, 4, 5]
first:  [1, 2, 3, 4, 5]
first:  [1, 2, 3, 4, 5]
first:  [1, 2, 3, 4, 5]
first:  [1, 2, 3, 4, 5]
first:  [1, 2, 3, 4, 5]
first:  [1, 2, 3, 4, 5]
first:  [1, 2, 3, 4, 5]
first:  [1, 2, 3, 4, 5]
first:  [1, 2, 3, 4, 5]
first:  [1, 2, 3, 4, 5]
first:  [1, 2, 3, 4, 5]
first:  [1, 2, 3, 4, 5]
first:  [1, 2, 3, 4, 5]
first:  [1, 2, 3, 4, 5]
first:  [1, 2, 3, 4, 5]
first:  [1, 2, 3, 4, 5]
first:  [1, 2, 3, 4, 5]
first:  [1, 2, 3, 4, 5]
first:  [1, 2, 3, 4, 5]
first:  [1, 2, 3, 4, 5]
first:  [1, 2, 3, 4, 5]
first:  [1, 2, 3, 4, 5]
first:  [1, 2, 3, 4, 5]
first:  [1, 2, 3, 4, 5]
first:  [1, 2, 3, 4, 5]
first:  [1, 2, 3, 4, 5]
first:  [1, 2, 3, 4, 5]
first:  [1, 2, 3, 4, 5]
first:  [1, 2, 3, 4, 5]
first:  [1, 2, 3, 4, 5]
first:  [1, 2, 3, 4, 5]
first:  [1, 2, 3, 4, 5]
first:  [1, 2, 3, 4, 5]
first:  [1, 2, 3, 4, 5]
first:  [1, 2, 3, 4, 5]
first:  [1, 2, 3, 4, 5]
first:  [1, 2, 3, 4, 5]
first:  [1, 2, 3, 4, 5]
first:  [1, 2, 3, 4, 5]
first:  [1, 2, 3, 4, 5]
first:  [1, 2, 3, 4, 5]
first:  [1, 2, 3, 4, 5]
first:  [1, 2, 3, 4, 5]
first:  [1, 2, 3, 4, 5]
first:  [1, 2, 3, 4, 5]
first:  [1, 2, 3, 4, 5]
first:  [1, 2, 3, 4, 5]
first:  [1, 2, 3, 4, 5]
first:  [1, 2, 3, 4, 5]
first:  [1, 2, 3, 4, 5]
first:  [1, 2, 3, 4, 5]
first:  [1, 2, 3, 4, 5]
first:  [1, 2, 3, 4, 5]
first:  [1, 2, 3, 4, 5]
first:  [1, 2, 3, 4, 5]
first:  [1, 2, 3, 4, 5]
first:  [1, 2, 3, 4, 5]
first:  [1, 2, 3, 4, 5]
first:  [1, 2, 3, 4, 5]
first:  [1, 2, 3, 4, 5]
first:  [1, 2, 3, 4, 5]
first:  [1, 2, 3, 4, 5]
first:  [1, 2, 3, 4, 5]
first:  [1, 2, 3, 4, 5]
first:  [1, 2, 3, 4, 5]
first:  [1, 2, 3, 4, 5]
first:  [1, 2, 3, 4, 5]
first:  [1, 2, 3, 4, 5]
first:  [1, 2, 3, 4, 5]
first:  [1, 2, 3, 4, 5]
first:  [1, 2, 3, 4, 5]
first:  [1, 2, 3, 4, 5]
first:  [1, 2, 3, 4, 5]
first:  [1, 2, 3, 4, 5]
first:  [1, 2, 3, 4, 5]
first:  [1, 2, 3, 4, 5]
first:  [1, 2, 3, 4, 5]
first:  [1, 2, 3, 4, 5]
first:  [1, 2, 3, 4, 5]
first:  [1, 2, 3, 4, 5]
first:  [1, 2, 3, 4, 5]
first:  [1, 2, 3, 4, 5]
first:  [1, 2, 3, 4, 5]
first:  [1, 2, 3, 4, 5]
first:  [1, 2, 3, 4, 5]
first:  [1, 2, 3, 4, 5]
first:  [1, 2, 3, 4, 5]
first:  [1, 2, 3, 4, 5]
first:  [1, 2, 3, 4, 5]
first:  [1, 2, 3, 4, 5]
first:  [1, 2, 3, 4, 5]
first:  [1, 2, 3, 4, 5]
first:  [1, 2, 3, 4, 5]
first:  [1, 2, 3, 4, 5]
first:  [1, 2, 3, 4, 5]
first:  [1, 2, 3, 4, 5]
first:  [1, 2, 3, 4, 5]
first:  [1, 2, 3, 4, 5]
first:  [1, 2, 3, 4, 5]
first:  [1, 2, 3, 4, 5]
first:  [1, 2, 3, 4, 5]
first:  [1, 2, 3, 4, 5]
first:  [1, 2, 3, 4, 5]
first:  [1, 2, 3, 4, 5]
first:  [1, 2, 3, 4, 5]
first:  [1, 2, 3, 4, 5]
first:  [1, 2, 3, 4, 5]
first:  [1, 2, 3, 4, 5]
first:  [1, 2, 3, 4, 5]
first:  [1, 2, 3, 4, 5]
first:  [1, 2, 3, 4, 5]
first:  [1, 2, 3, 4, 5]
first:  [1, 2, 3, 4, 5]
first:  [1, 2, 3, 4, 5]
first:  [1, 2, 3, 4, 5]
first:  [1, 2, 3, 4, 5]
first:  [1, 2, 3, 4, 5]
first:  [1, 2, 3, 4, 5]
first:  [1, 2, 3, 4, 5]
first:  [1, 2, 3, 4, 5]
first:  [1, 2, 3, 4, 5]
first:  [1, 2, 3, 4, 5]
first:  [1, 2, 3, 4, 5]
first:  [1, 2, 3, 4, 5]
first:  [1, 2, 3, 4, 5]
first:  [1, 2, 3, 4, 5]
first:  [1, 2, 3, 4, 5]
first:  [1, 2, 3, 4, 5]
first:  [1, 2, 3, 4, 5]
first:  [1, 2, 3, 4, 5]
first:  [1, 2, 3, 4, 5]
first:  [1, 2, 3, 4, 5]
first:  [1, 2, 3, 4, 5]
first:  [1, 2, 3, 4, 5]
first:  [1, 2, 3, 4, 5]
first:  [1, 2, 3, 4, 5]
first:  [1, 2, 3, 4, 5]
first:  [1, 2, 3, 4, 5]
first:  [1, 2, 3, 4, 5]
first:  [1, 2, 3, 4, 5]
first:  [1, 2, 3, 4, 5]
first:  [1, 2, 3, 4, 5]
first:  [1, 2, 3, 4, 5]
first:  [1, 2, 3, 4, 5]
first:  [1, 2, 3, 4, 5]
first:  [1, 2, 3, 4, 5]
first:  [1, 2, 3, 4, 5]
first:  [1, 2, 3, 4, 5]
first:  [1, 2, 3, 4, 5]
first:  [1, 2, 3, 4, 5]
first:  [1, 2, 3, 4, 5]
first:  [1, 2, 3, 4, 5]
first:  [1, 2, 3, 4, 5]
first:  [1, 2, 3, 4, 5]
first:  [1, 2, 3, 4, 5]
first:  [1, 2, 3, 4, 5]
first:  [1, 2, 3, 4, 5]
first:  [1, 2, 3, 4, 5]
first:  [1, 2, 3, 4, 5]
first:  [1, 2, 3, 4, 5]
first:  [1, 2, 3, 4, 5]
first:  [1, 2, 3, 4, 5]
first:  [1, 2, 3, 4, 5]
first:  [1, 2, 3, 4, 5]
first:  [1, 2, 3, 4, 5]
first:  [1, 2, 3, 4, 5]
first:  [1, 2, 3, 4, 5]
first:  [1, 2, 3, 4, 5]
first:  [1, 2, 3, 4, 5]
first:  [1, 2, 3, 4, 5]
first:  [1, 2, 3, 4, 5]
first:  [1, 2, 3, 4, 5]
first:  [1, 2, 3, 4, 5]
first:  [1, 2, 3, 4, 5]
first:  [1, 2, 3, 4, 5]
first:  [1, 2, 3, 4, 5]
first:  [1, 2, 3, 4, 5]
first:  [1, 2, 3, 4, 5]
first:  [1, 2, 3, 4, 5]
first:  [1, 2, 3, 4, 5]
first:  [1, 2, 3, 4, 5]
first:  [1, 2, 3, 4, 5]
first:  [1, 2, 3, 4, 5]
first:  [1, 2, 3, 4, 5]
first:  [1, 2, 3, 4, 5]
first:  [1, 2, 3, 4, 5]
first:  [1, 2, 3, 4, 5]
first:  [1, 2, 3, 4, 5]
first:  [1, 2, 3, 4, 5]
first:  [1, 2, 3, 4, 5]
first:  [1, 2, 3, 4, 5]
first:  [1, 2, 3, 4, 5]
first:  [1, 2, 3, 4, 5]
first:  [1, 2, 3, 4, 5]
first:  [1, 2, 3, 4, 5]
first:  [1, 2, 3, 4, 5]
first:  [1, 2, 3, 4, 5]
first:  [1, 2, 3, 4, 5]
first:  [1, 2, 3, 4, 5]
first:  [1, 2, 3, 4, 5]
first:  [1, 2, 3, 4, 5]
first:  [1, 2, 3, 4, 5]
first:  [1, 2, 3, 4, 5]
first:  [1, 2, 3, 4, 5]
first:  [1, 2, 3, 4, 5]
first:  [1, 2, 3, 4, 5]
first:  [1, 2, 3, 4, 5]
first:  [1, 2, 3, 4, 5]
first:  [1, 2, 3, 4, 5]
first:  [1, 2, 3, 4, 5]
first:  [1, 2, 3, 4, 5]
first:  [1, 2, 3, 4, 5]
first:  [1, 2, 3, 4, 5]
first:  [1, 2, 3, 4, 5]
first:  [1, 2, 3, 4, 5]
first:  [1, 2, 3, 4, 5]
first:  [1, 2, 3, 4, 5]
first:  [1, 2, 3, 4, 5]
first:  [1, 2, 3, 4, 5]
first:  [1, 2, 3, 4, 5]
first:  [1, 2, 3, 4, 5]
first:  [1, 2, 3, 4, 5]
first:  [1, 2, 3, 4, 5]
first:  [1, 2, 3, 4, 5]
first:  [1, 2, 3, 4, 5]
first:  [1, 2, 3, 4, 5]
first:  [1, 2, 3, 4, 5]
first:  [1, 2, 3, 4, 5]
first:  [1, 2, 3, 4, 5]
first:  [1, 2, 3, 4, 5]
first:  [1, 2, 3, 4, 5]
first:  [1, 2, 3, 4, 5]
first:  [1, 2, 3, 4, 5]
first:  [1, 2, 3, 4, 5]
first:  [1, 2, 3, 4, 5]
first:  [1, 2, 3, 4, 5]
first:  [1, 2, 3, 4, 5]
first:  [1, 2, 3, 4, 5]
first:  [1, 2, 3, 4, 5]
first:  [1, 2, 3, 4, 5]
first:  [1, 2, 3, 4, 5]
first:  [1, 2, 3, 4, 5]
first:  [1, 2, 3, 4, 5]
first:  [1, 2, 3, 4, 5]
first:  [1, 2, 3, 4, 5]
first:  [1, 2, 3, 4, 5]
first:  [1, 2, 3, 4, 5]
first:  [1, 2, 3, 4, 5]
first:  [1, 2, 3, 4, 5]
first:  [1, 2, 3, 4, 5]
first:  [1, 2, 3, 4, 5]
first:  [1, 2, 3, 4, 5]
first:  [1, 2, 3, 4, 5]
first:  [1, 2, 3, 4, 5]
first:  [1, 2, 3, 4, 5]
first:  [1, 2, 3, 4, 5]
first:  [1, 2, 3, 4, 5]
first:  [1, 2, 3, 4, 5]
first:  [1, 2, 3, 4, 5]
first:  [1, 2, 3, 4, 5]
first:  [1, 2, 3, 4, 5]
first:  [1, 2, 3, 4, 5]
first:  [1, 2, 3, 4, 5]
first:  [1, 2, 3, 4, 5]
first:  [1, 2, 3, 4, 5]
first:  [1, 2, 3, 4, 5]
first:  [1, 2, 3, 4, 5]
first:  [1, 2, 3, 4, 5]
first:  [1, 2, 3, 4, 5]
first:  [1, 2, 3, 4, 5]
first:  [1, 2, 3, 4, 5]
first:  [1, 2, 3, 4, 5]
first:  [1, 2, 3, 4, 5]
first:  [1, 2, 3, 4, 5]
first:  [1, 2, 3, 4, 5]
first:  [1, 2, 3, 4, 5]
first:  [1, 2, 3, 4, 5]
first:  [1, 2, 3, 4, 5]
first:  [1, 2, 3, 4, 5]
first:  [1, 2, 3, 4, 5]
first:  [1, 2, 3, 4, 5]
first:  [1, 2, 3, 4, 5]
first:  [1, 2, 3, 4, 5]
first:  [1, 2, 3, 4, 5]
first:  [1, 2, 3, 4, 5]
first:  [1, 2, 3, 4, 5]
first:  [1, 2, 3, 4, 5]
first:  [1, 2, 3, 4, 5]
first:  [1, 2, 3, 4, 5]
first:  [1, 2, 3, 4, 5]
first:  [1, 2, 3, 4, 5]
first:  [1, 2, 3, 4, 5]
first:  [1, 2, 3, 4, 5]
first:  [1, 2, 3, 4, 5]
first:  [1, 2, 3, 4, 5]
first:  [1, 2, 3, 4, 5]
first:  [1, 2, 3, 4, 5]
first:  [1, 2, 3, 4, 5]
first:  [1, 2, 3, 4, 5]
first:  [1, 2, 3, 4, 5]
first:  [1, 2, 3, 4, 5]
first:  [1, 2, 3, 4, 5]
first:  [1, 2, 3, 4, 5]
first:  [1, 2, 3, 4, 5]
first:  [1, 2, 3, 4, 5]
first:  [1, 2, 3, 4, 5]
first:  [1, 2, 3, 4, 5]
first:  [1, 2, 3, 4, 5]
first:  [1, 2, 3, 4, 5]
first:  [1, 2, 3, 4, 5]
first:  [1, 2, 3, 4, 5]
first:  [1, 2, 3, 4, 5]
first:  [1, 2, 3, 4, 5]
first:  [1, 2, 3, 4, 5]
first:  [1, 2, 3, 4, 5]
first:  [1, 2, 3, 4, 5]
first:  [1, 2, 3, 4, 5]
first:  [1, 2, 3, 4, 5]
first:  [1, 2, 3, 4, 5]
first:  [1, 2, 3, 4, 5]
first:  [1, 2, 3, 4, 5]
first:  [1, 2, 3, 4, 5]
first:  [1, 2, 3, 4, 5]
first:  [1, 2, 3, 4, 5]
first:  [1, 2, 3, 4, 5]
first:  [1, 2, 3, 4, 5]
first:  [1, 2, 3, 4, 5]
first:  [1, 2, 3, 4, 5]
first:  [1, 2, 3, 4, 5]
first:  [1, 2, 3, 4, 5]
first:  [1, 2, 3, 4, 5]
first:  [1, 2, 3, 4, 5]
first:  [1, 2, 3, 4, 5]
first:  [1, 2, 3, 4, 5]
first:  [1, 2, 3, 4, 5]
first:  [1, 2, 3, 4, 5]
first:  [1, 2, 3, 4, 5]
first:  [1, 2, 3, 4, 5]
first:  [1, 2, 3, 4, 5]
first:  [1, 2, 3, 4, 5]
first:  [1, 2, 3, 4, 5]
first:  [1, 2, 3, 4, 5]
first:  [1, 2, 3, 4, 5]
first:  [1, 2, 3, 4, 5]
first:  [1, 2, 3, 4, 5]
first:  [1, 2, 3, 4, 5]
first:  [1, 2, 3, 4, 5]
first:  [1, 2, 3, 4, 5]
first:  [1, 2, 3, 4, 5]
first:  [1, 2, 3, 4, 5]
first:  [1, 2, 3, 4, 5]
first:  [1, 2, 3, 4, 5]
first:  [1, 2, 3, 4, 5]
first:  [1, 2, 3, 4, 5]
first:  [1, 2, 3, 4, 5]
first:  [1, 2, 3, 4, 5]
first:  [1, 2, 3, 4, 5]
first:  [1, 2, 3, 4, 5]
first:  [1, 2, 3, 4, 5]
first:  [1, 2, 3, 4, 5]
first:  [1, 2, 3, 4, 5]
first:  [1, 2, 3, 4, 5]
first:  [1, 2, 3, 4, 5]
first:  [1, 2, 3, 4, 5]
first:  [1, 2, 3, 4, 5]
first:  [1, 2, 3, 4, 5]
first:  [1, 2, 3, 4, 5]
first:  [1, 2, 3, 4, 5]
first:  [1, 2, 3, 4, 5]
first:  [1, 2, 3, 4, 5]
first:  [1, 2, 3, 4, 5]
first:  [1, 2, 3, 4, 5]
first:  [1, 2, 3, 4, 5]
first:  [1, 2, 3, 4, 5]
first:  [1, 2, 3, 4, 5]
first:  [1, 2, 3, 4, 5]
first:  [1, 2, 3, 4, 5]
first:  [1, 2, 3, 4, 5]
first:  [1, 2, 3, 4, 5]
first:  [1, 2, 3, 4, 5]
first:  [1, 2, 3, 4, 5]
first:  [1, 2, 3, 4, 5]
first:  [1, 2, 3, 4, 5]
first:  [1, 2, 3, 4, 5]
first:  [1, 2, 3, 4, 5]
first:  [1, 2, 3, 4, 5]
first:  [1, 2, 3, 4, 5]
first:  [1, 2, 3, 4, 5]
first:  [1, 2, 3, 4, 5]
first:  [1, 2, 3, 4, 5]
first:  [1, 2, 3, 4, 5]
first:  [1, 2, 3, 4, 5]
first:  [1, 2, 3, 4, 5]
first:  [1, 2, 3, 4, 5]
first:  [1, 2, 3, 4, 5]
first:  [1, 2, 3, 4, 5]
first:  [1, 2, 3, 4, 5]
first:  [1, 2, 3, 4, 5]
first:  [1, 2, 3, 4, 5]
first:  [1, 2, 3, 4, 5]
first:  [1, 2, 3, 4, 5]
first:  [1, 2, 3, 4, 5]
first:  [1, 2, 3, 4, 5]
first:  [1, 2, 3, 4, 5]
first:  [1, 2, 3, 4, 5]
first:  [1, 2, 3, 4, 5]
first:  [1, 2, 3, 4, 5]
first:  [1, 2, 3, 4, 5]
first:  [1, 2, 3, 4, 5]
first:  [1, 2, 3, 4, 5]
first:  [1, 2, 3, 4, 5]
first:  [1, 2, 3, 4, 5]
first:  [1, 2, 3, 4, 5]
first:  [1, 2, 3, 4, 5]
first:  [1, 2, 3, 4, 5]
first:  [1, 2, 3, 4, 5]
first:  [1, 2, 3, 4, 5]
first:  [1, 2, 3, 4, 5]
first:  [1, 2, 3, 4, 5]
first:  [1, 2, 3, 4, 5]
first:  [1, 2, 3, 4, 5]
first:  [1, 2, 3, 4, 5]
first:  [1, 2, 3, 4, 5]
first:  [1, 2, 3, 4, 5]
first:  [1, 2, 3, 4, 5]
first:  [1, 2, 3, 4, 5]
first:  [1, 2, 3, 4, 5]
first:  [1, 2, 3, 4, 5]
first:  [1, 2, 3, 4, 5]
first:  [1, 2, 3, 4, 5]
first:  [1, 2, 3, 4, 5]
first:  [1, 2, 3, 4, 5]
first:  [1, 2, 3, 4, 5]
first:  [1, 2, 3, 4, 5]
first:  [1, 2, 3, 4, 5]
first:  [1, 2, 3, 4, 5]
first:  [1, 2, 3, 4, 5]
first:  [1, 2, 3, 4, 5]
first:  [1, 2, 3, 4, 5]
first:  [1, 2, 3, 4, 5]
first:  [1, 2, 3, 4, 5]
first:  [1, 2, 3, 4, 5]
first:  [1, 2, 3, 4, 5]
first:  [1, 2, 3, 4, 5]
first:  [1, 2, 3, 4, 5]
first:  [1, 2, 3, 4, 5]
first:  [1, 2, 3, 4, 5]
first:  [1, 2, 3, 4, 5]
first:  [1, 2, 3, 4, 5]
first:  [1, 2, 3, 4, 5]
first:  [1, 2, 3, 4, 5]
first:  [1, 2, 3, 4, 5]
first:  [1, 2, 3, 4, 5]
first:  [1, 2, 3, 4, 5]
first:  [1, 2, 3, 4, 5]
first:  [1, 2, 3, 4, 5]
first:  [1, 2, 3, 4, 5]
first:  [1, 2, 3, 4, 5]
first:  [1, 2, 3, 4, 5]
first:  [1, 2, 3, 4, 5]
first:  [1, 2, 3, 4, 5]
first:  [1, 2, 3, 4, 5]
first:  [1, 2, 3, 4, 5]
first:  [1, 2, 3, 4, 5]
first:  [1, 2, 3, 4, 5]
first:  [1, 2, 3, 4, 5]
first:  [1, 2, 3, 4, 5]
first:  [1, 2, 3, 4, 5]
first:  [1, 2, 3, 4, 5]
first:  [1, 2, 3, 4, 5]
first:  [1, 2, 3, 4, 5]
first:  [1, 2, 3, 4, 5]
first:  [1, 2, 3, 4, 5]
first:  [1, 2, 3, 4, 5]
first:  [1, 2, 3, 4, 5]
first:  [1, 2, 3, 4, 5]
first:  [1, 2, 3, 4, 5]
first:  [1, 2, 3, 4, 5]
first:  [1, 2, 3, 4, 5]
first:  [1, 2, 3, 4, 5]
first:  [1, 2, 3, 4, 5]
first:  [1, 2, 3, 4, 5]
first:  [1, 2, 3, 4, 5]
first:  [1, 2, 3, 4, 5]
first:  [1, 2, 3, 4, 5]
first:  [1, 2, 3, 4, 5]
first:  [1, 2, 3, 4, 5]
first:  [1, 2, 3, 4, 5]
first:  [1, 2, 3, 4, 5]
first:  [1, 2, 3, 4, 5]
first:  [1, 2, 3, 4, 5]
first:  [1, 2, 3, 4, 5]
first:  [1, 2, 3, 4, 5]
first:  [1, 2, 3, 4, 5]
first:  [1, 2, 3, 4, 5]
first:  [1, 2, 3, 4, 5]
first:  [1, 2, 3, 4, 5]
first:  [1, 2, 3, 4, 5]
first:  [1, 2, 3, 4, 5]
first:  [1, 2, 3, 4, 5]
first:  [1, 2, 3, 4, 5]
first:  [1, 2, 3, 4, 5]
first:  [1, 2, 3, 4, 5]
first:  [1, 2, 3, 4, 5]
first:  [1, 2, 3, 4, 5]
first:  [1, 2, 3, 4, 5]
first:  [1, 2, 3, 4, 5]
first:  [1, 2, 3, 4, 5]
first:  [1, 2, 3, 4, 5]
first:  [1, 2, 3, 4, 5]
first:  [1, 2, 3, 4, 5]
first:  [1, 2, 3, 4, 5]
first:  [1, 2, 3, 4, 5]
first:  [1, 2, 3, 4, 5]
first:  [1, 2, 3, 4, 5]
first:  [1, 2, 3, 4, 5]
first:  [1, 2, 3, 4, 5]
first:  [1, 2, 3, 4, 5]
first:  [1, 2, 3, 4, 5]
first:  [1, 2, 3, 4, 5]
first:  [1, 2, 3, 4, 5]
first:  [1, 2, 3, 4, 5]
first:  [1, 2, 3, 4, 5]
first:  [1, 2, 3, 4, 5]
first:  [1, 2, 3, 4, 5]
first:  [1, 2, 3, 4, 5]
first:  [1, 2, 3, 4, 5]
first:  [1, 2, 3, 4, 5]
first:  [1, 2, 3, 4, 5]
first:  [1, 2, 3, 4, 5]
first:  [1, 2, 3, 4, 5]
first:  [1, 2, 3, 4, 5]
first:  [1, 2, 3, 4, 5]
first:  [1, 2, 3, 4, 5]
first:  [1, 2, 3, 4, 5]
first:  [1, 2, 3, 4, 5]
first:  [1, 2, 3, 4, 5]
first:  [1, 2, 3, 4, 5]
first:  [1, 2, 3, 4, 5]
first:  [1, 2, 3, 4, 5]
first:  [1, 2, 3, 4, 5]
first:  [1, 2, 3, 4, 5]
first:  [1, 2, 3, 4, 5]
first:  [1, 2, 3, 4, 5]
first:  [1, 2, 3, 4, 5]
first:  [1, 2, 3, 4, 5]
first:  [1, 2, 3, 4, 5]
first:  [1, 2, 3, 4, 5]
first:  [1, 2, 3, 4, 5]
first:  [1, 2, 3, 4, 5]
first:  [1, 2, 3, 4, 5]
first:  [1, 2, 3, 4, 5]
first:  [1, 2, 3, 4, 5]
first:  [1, 2, 3, 4, 5]
first:  [1, 2, 3, 4, 5]
first:  [1, 2, 3, 4, 5]
first:  [1, 2, 3, 4, 5]
first:  [1, 2, 3, 4, 5]
first:  [1, 2, 3, 4, 5]
first:  [1, 2, 3, 4, 5]
first:  [1, 2, 3, 4, 5]
first:  [1, 2, 3, 4, 5]
first:  [1, 2, 3, 4, 5]
first:  [1, 2, 3, 4, 5]
first:  [1, 2, 3, 4, 5]
first:  [1, 2, 3, 4, 5]
first:  [1, 2, 3, 4, 5]
first:  [1, 2, 3, 4, 5]
first:  [1, 2, 3, 4, 5]
first:  [1, 2, 3, 4, 5]
first:  [1, 2, 3, 4, 5]
first:  [1, 2, 3, 4, 5]
first:  [1, 2, 3, 4, 5]
first:  [1, 2, 3, 4, 5]
first:  [1, 2, 3, 4, 5]
first:  [1, 2, 3, 4, 5]
first:  [1, 2, 3, 4, 5]
first:  [1, 2, 3, 4, 5]
first:  [1, 2, 3, 4, 5]
first:  [1, 2, 3, 4, 5]
first:  [1, 2, 3, 4, 5]
first:  [1, 2, 3, 4, 5]
first:  [1, 2, 3, 4, 5]
first:  [1, 2, 3, 4, 5]
first:  [1, 2, 3, 4, 5]
first:  [1, 2, 3, 4, 5]
first:  [1, 2, 3, 4, 5]
first:  [1, 2, 3, 4, 5]
first:  [1, 2, 3, 4, 5]
first:  [1, 2, 3, 4, 5]
first:  [1, 2, 3, 4, 5]
first:  [1, 2, 3, 4, 5]
first:  [1, 2, 3, 4, 5]
first:  [1, 2, 3, 4, 5]
first:  [1, 2, 3, 4, 5]
first:  [1, 2, 3, 4, 5]
first:  [1, 2, 3, 4, 5]
first:  [1, 2, 3, 4, 5]
first:  [1, 2, 3, 4, 5]
first:  [1, 2, 3, 4, 5]
first:  [1, 2, 3, 4, 5]
first:  [1, 2, 3, 4, 5]
first:  [1, 2, 3, 4, 5]
first:  [1, 2, 3, 4, 5]
first:  [1, 2, 3, 4, 5]
first:  [1, 2, 3, 4, 5]
first:  [1, 2, 3, 4, 5]
first:  [1, 2, 3, 4, 5]
first:  [1, 2, 3, 4, 5]
first:  [1, 2, 3, 4, 5]
first:  [1, 2, 3, 4, 5]
first:  [1, 2, 3, 4, 5]
first:  [1, 2, 3, 4, 5]
first:  [1, 2, 3, 4, 5]
first:  [1, 2, 3, 4, 5]
first:  [1, 2, 3, 4, 5]
first:  [1, 2, 3, 4, 5]
first:  [1, 2, 3, 4, 5]
first:  [1, 2, 3, 4, 5]
first:  [1, 2, 3, 4, 5]
first:  [1, 2, 3, 4, 5]
first:  [1, 2, 3, 4, 5]
first:  [1, 2, 3, 4, 5]
first:  [1, 2, 3, 4, 5]
first:  [1, 2, 3, 4, 5]
first:  [1, 2, 3, 4, 5]
first:  [1, 2, 3, 4, 5]
first:  [1, 2, 3, 4, 5]
first:  [1, 2, 3, 4, 5]
first:  [1, 2, 3, 4, 5]
first:  [1, 2, 3, 4, 5]
first:  [1, 2, 3, 4, 5]
first:  [1, 2, 3, 4, 5]
first:  [1, 2, 3, 4, 5]
first:  [1, 2, 3, 4, 5]
first:  [1, 2, 3, 4, 5]
first:  [1, 2, 3, 4, 5]
first:  [1, 2, 3, 4, 5]
first:  [1, 2, 3, 4, 5]
first:  [1, 2, 3, 4, 5]
first:  [1, 2, 3, 4, 5]
first:  [1, 2, 3, 4, 5]
first:  [1, 2, 3, 4, 5]
first:  [1, 2, 3, 4, 5]
first:  [1, 2, 3, 4, 5]
first:  [1, 2, 3, 4, 5]
first:  [1, 2, 3, 4, 5]
first:  [1, 2, 3, 4, 5]
first:  [1, 2, 3, 4, 5]
first:  [1, 2, 3, 4, 5]
first:  [1, 2, 3, 4, 5]
first:  [1, 2, 3, 4, 5]
first:  [1, 2, 3, 4, 5]
first:  [1, 2, 3, 4, 5]
first:  [1, 2, 3, 4, 5]
first:  [1, 2, 3, 4, 5]
first:  [1, 2, 3, 4, 5]
first:  [1, 2, 3, 4, 5]
first:  [1, 2, 3, 4, 5]
first:  [1, 2, 3, 4, 5]
first:  [1, 2, 3, 4, 5]
first:  [1, 2, 3, 4, 5]
first:  [1, 2, 3, 4, 5]
first:  [1, 2, 3, 4, 5]
first:  [1, 2, 3, 4, 5]
first:  [1, 2, 3, 4, 5]
first:  [1, 2, 3, 4, 5]
first:  [1, 2, 3, 4, 5]
first:  [1, 2, 3, 4, 5]
first:  [1, 2, 3, 4, 5]
first:  [1, 2, 3, 4, 5]
first:  [1, 2, 3, 4, 5]
first:  [1, 2, 3, 4, 5]
first:  [1, 2, 3, 4, 5]
first:  [1, 2, 3, 4, 5]
first:  [1, 2, 3, 4, 5]
first:  [1, 2, 3, 4, 5]
first:  [1, 2, 3, 4, 5]
first:  [1, 2, 3, 4, 5]
first:  [1, 2, 3, 4, 5]
first:  [1, 2, 3, 4, 5]
first:  [1, 2, 3, 4, 5]
first:  [1, 2, 3, 4, 5]
first:  [1, 2, 3, 4, 5]
first:  [1, 2, 3, 4, 5]
first:  [1, 2, 3, 4, 5]
first:  [1, 2, 3, 4, 5]
first:  [1, 2, 3, 4, 5]
first:  [1, 2, 3, 4, 5]
first:  [1, 2, 3, 4, 5]
first:  [1, 2, 3, 4, 5]
first:  [1, 2, 3, 4, 5]
first:  [1, 2, 3, 4, 5]
first:  [1, 2, 3, 4, 5]
first:  [1, 2, 3, 4, 5]
first:  [1, 2, 3, 4, 5]
first:  [1, 2, 3, 4, 5]
first:  [1, 2, 3, 4, 5]
first:  [1, 2, 3, 4, 5]
first:  [1, 2, 3, 4, 5]
first:  [1, 2, 3, 4, 5]
first:  [1, 2, 3, 4, 5]
first:  [1, 2, 3, 4, 5]
first:  [1, 2, 3, 4, 5]
first:  [1, 2, 3, 4, 5]
first:  [1, 2, 3, 4, 5]
first:  [1, 2, 3, 4, 5]
first:  [1, 2, 3, 4, 5]
first:  [1, 2, 3, 4, 5]
first:  [1, 2, 3, 4, 5]
first:  [1, 2, 3, 4, 5]
first:  [1, 2, 3, 4, 5]
first:  [1, 2, 3, 4, 5]
first:  [1, 2, 3, 4, 5]
first:  [1, 2, 3, 4, 5]
first:  [1, 2, 3, 4, 5]
first:  [1, 2, 3, 4, 5]
first:  [1, 2, 3, 4, 5]
first:  [1, 2, 3, 4, 5]
first:  [1, 2, 3, 4, 5]
first:  [1, 2, 3, 4, 5]
first:  [1, 2, 3, 4, 5]
first:  [1, 2, 3, 4, 5]
first:  [1, 2, 3, 4, 5]
first:  [1, 2, 3, 4, 5]
first:  [1, 2, 3, 4, 5]
first:  [1, 2, 3, 4, 5]
first:  [1, 2, 3, 4, 5]
first:  [1, 2, 3, 4, 5]
first:  [1, 2, 3, 4, 5]
first:  [1, 2, 3, 4, 5]
first:  [1, 2, 3, 4, 5]
first:  [1, 2, 3, 4, 5]
first:  [1, 2, 3, 4, 5]
first:  [1, 2, 3, 4, 5]
first:  [1, 2, 3, 4, 5]
first:  [1, 2, 3, 4, 5]
first:  [1, 2, 3, 4, 5]
first:  [1, 2, 3, 4, 5]
first:  [1, 2, 3, 4, 5]
first:  [1, 2, 3, 4, 5]
first:  [1, 2, 3, 4, 5]
first:  [1, 2, 3, 4, 5]
first:  [1, 2, 3, 4, 5]
first:  [1, 2, 3, 4, 5]
first:  [1, 2, 3, 4, 5]
first:  [1, 2, 3, 4, 5]
first:  [1, 2, 3, 4, 5]
first:  [1, 2, 3, 4, 5]
first:  [1, 2, 3, 4, 5]
first:  [1, 2, 3, 4, 5]
first:  [1, 2, 3, 4, 5]
first:  [1, 2, 3, 4, 5]
first:  [1, 2, 3, 4, 5]
first:  [1, 2, 3, 4, 5]
first:  [1, 2, 3, 4, 5]
first:  [1, 2, 3, 4, 5]
first:  [1, 2, 3, 4, 5]
first:  [1, 2, 3, 4, 5]
first:  [1, 2, 3, 4, 5]
first:  [1, 2, 3, 4, 5]
first:  [1, 2, 3, 4, 5]
first:  [1, 2, 3, 4, 5]
first:  [1, 2, 3, 4, 5]
first:  [1, 2, 3, 4, 5]
first:  [1, 2, 3, 4, 5]
first:  [1, 2, 3, 4, 5]
first:  [1, 2, 3, 4, 5]
first:  [1, 2, 3, 4, 5]
first:  [1, 2, 3, 4, 5]
first:  [1, 2, 3, 4, 5]
first:  [1, 2, 3, 4, 5]
first:  [1, 2, 3, 4, 5]
first:  [1, 2, 3, 4, 5]
first:  [1, 2, 3, 4, 5]
first:  [1, 2, 3, 4, 5]
first:  [1, 2, 3, 4, 5]
first:  [1, 2, 3, 4, 5]
first:  [1, 2, 3, 4, 5]
preprocess:   16.575991276 (s)
extensive:   0.850046516 (s)
No. of nonlinear variables  6000
No. of nonlinear Terms  6000
preprocessex:   1.032552431 (s)
infeasible
Solution time:   202.777646408 (s)
relax_LB_time_total:   0 (s)
global_LB_time_total:   0 (s)
local_UB_time_total:   175.31493512 (s)
global_UB_time_total:   0 (s)
BT_time_total:   5.660463169 (s)
VS_time_total:   0 (s)
  -1.3906e-02    -3.9063e-03    256.0000 % 
first stage sol   [49005.1, 27.8854, 27.0007, 0.0682526, 0.103086]
WARNING: Solver does not appear to support hot-starts. Model will be built from scratch.
