WARNING: using JuMP.getdual in module Main conflicts with an existing identifier.

******************************************************************************
This program contains Ipopt, a library for large-scale nonlinear optimization.
 Ipopt is released as open source code under the Eclipse Public License (EPL).
         For more information visit http://projects.coin-or.org/Ipopt
******************************************************************************

WARNING: Not solved to optimality, status: UserLimit
WARNING: Not solved to optimality, status: UserLimit
No. of first stage variables  5
No. of second stage variables 32
No. of second stage constraints 23
No. of scenarios  1000
No. of total variables 27005
No. of total constraints 26996
No. of binary variables 0
No. of continuous variables 27005
prime_status_trial   UserLimit    0.0
prime_status_trial   Optimal    -3935.040214397872
prime_status_trial   Optimal    -3935.040214397872
prime_status_trial   Optimal    -3935.040214397872
prime_status_trial   Optimal    -3935.040214397872
prime_status_trial   Optimal    -3935.040214397872
prime_status_trial   Optimal    -3935.040214397872
prime_status_trial   Optimal    -3935.040214397872
prime_status_trial   Optimal    -3935.040214397872
prime_status_trial   Optimal    -3935.040214397872
prime_status   Optimal   -3935.040214397872
U:   -3935.040214397872
first:  [1, 2, 3, 4, 5]
first:  [1, 2, 3, 4, 5]
first:  [1, 2, 3, 4, 5]
first:  [1, 2, 3, 4, 5]
first:  [1, 2, 3, 4, 5]
first:  [1, 2, 3, 4, 5]
first:  [1, 2, 3, 4, 5]
first:  [1, 2, 3, 4, 5]
first:  [1, 2, 3, 4, 5]
first:  [1, 2, 3, 4, 5]
first:  [1, 2, 3, 4, 5]
first:  [1, 2, 3, 4, 5]
first:  [1, 2, 3, 4, 5]
first:  [1, 2, 3, 4, 5]
first:  [1, 2, 3, 4, 5]
first:  [1, 2, 3, 4, 5]
first:  [1, 2, 3, 4, 5]
first:  [1, 2, 3, 4, 5]
first:  [1, 2, 3, 4, 5]
first:  [1, 2, 3, 4, 5]
first:  [1, 2, 3, 4, 5]
first:  [1, 2, 3, 4, 5]
first:  [1, 2, 3, 4, 5]
first:  [1, 2, 3, 4, 5]
first:  [1, 2, 3, 4, 5]
first:  [1, 2, 3, 4, 5]
first:  [1, 2, 3, 4, 5]
first:  [1, 2, 3, 4, 5]
first:  [1, 2, 3, 4, 5]
first:  [1, 2, 3, 4, 5]
first:  [1, 2, 3, 4, 5]
first:  [1, 2, 3, 4, 5]
first:  [1, 2, 3, 4, 5]
first:  [1, 2, 3, 4, 5]
first:  [1, 2, 3, 4, 5]
first:  [1, 2, 3, 4, 5]
first:  [1, 2, 3, 4, 5]
first:  [1, 2, 3, 4, 5]
first:  [1, 2, 3, 4, 5]
first:  [1, 2, 3, 4, 5]
first:  [1, 2, 3, 4, 5]
first:  [1, 2, 3, 4, 5]
first:  [1, 2, 3, 4, 5]
first:  [1, 2, 3, 4, 5]
first:  [1, 2, 3, 4, 5]
first:  [1, 2, 3, 4, 5]
first:  [1, 2, 3, 4, 5]
first:  [1, 2, 3, 4, 5]
first:  [1, 2, 3, 4, 5]
first:  [1, 2, 3, 4, 5]
first:  [1, 2, 3, 4, 5]
first:  [1, 2, 3, 4, 5]
first:  [1, 2, 3, 4, 5]
first:  [1, 2, 3, 4, 5]
first:  [1, 2, 3, 4, 5]
first:  [1, 2, 3, 4, 5]
first:  [1, 2, 3, 4, 5]
first:  [1, 2, 3, 4, 5]
first:  [1, 2, 3, 4, 5]
first:  [1, 2, 3, 4, 5]
first:  [1, 2, 3, 4, 5]
first:  [1, 2, 3, 4, 5]
first:  [1, 2, 3, 4, 5]
first:  [1, 2, 3, 4, 5]
first:  [1, 2, 3, 4, 5]
first:  [1, 2, 3, 4, 5]
first:  [1, 2, 3, 4, 5]
first:  [1, 2, 3, 4, 5]
first:  [1, 2, 3, 4, 5]
first:  [1, 2, 3, 4, 5]
first:  [1, 2, 3, 4, 5]
first:  [1, 2, 3, 4, 5]
first:  [1, 2, 3, 4, 5]
first:  [1, 2, 3, 4, 5]
first:  [1, 2, 3, 4, 5]
first:  [1, 2, 3, 4, 5]
first:  [1, 2, 3, 4, 5]
first:  [1, 2, 3, 4, 5]
first:  [1, 2, 3, 4, 5]
first:  [1, 2, 3, 4, 5]
first:  [1, 2, 3, 4, 5]
first:  [1, 2, 3, 4, 5]
first:  [1, 2, 3, 4, 5]
first:  [1, 2, 3, 4, 5]
first:  [1, 2, 3, 4, 5]
first:  [1, 2, 3, 4, 5]
first:  [1, 2, 3, 4, 5]
first:  [1, 2, 3, 4, 5]
first:  [1, 2, 3, 4, 5]
first:  [1, 2, 3, 4, 5]
first:  [1, 2, 3, 4, 5]
first:  [1, 2, 3, 4, 5]
first:  [1, 2, 3, 4, 5]
first:  [1, 2, 3, 4, 5]
first:  [1, 2, 3, 4, 5]
first:  [1, 2, 3, 4, 5]
first:  [1, 2, 3, 4, 5]
first:  [1, 2, 3, 4, 5]
first:  [1, 2, 3, 4, 5]
first:  [1, 2, 3, 4, 5]
first:  [1, 2, 3, 4, 5]
first:  [1, 2, 3, 4, 5]
first:  [1, 2, 3, 4, 5]
first:  [1, 2, 3, 4, 5]
first:  [1, 2, 3, 4, 5]
first:  [1, 2, 3, 4, 5]
first:  [1, 2, 3, 4, 5]
first:  [1, 2, 3, 4, 5]
first:  [1, 2, 3, 4, 5]
first:  [1, 2, 3, 4, 5]
first:  [1, 2, 3, 4, 5]
first:  [1, 2, 3, 4, 5]
first:  [1, 2, 3, 4, 5]
first:  [1, 2, 3, 4, 5]
first:  [1, 2, 3, 4, 5]
first:  [1, 2, 3, 4, 5]
first:  [1, 2, 3, 4, 5]
first:  [1, 2, 3, 4, 5]
first:  [1, 2, 3, 4, 5]
first:  [1, 2, 3, 4, 5]
first:  [1, 2, 3, 4, 5]
first:  [1, 2, 3, 4, 5]
first:  [1, 2, 3, 4, 5]
first:  [1, 2, 3, 4, 5]
first:  [1, 2, 3, 4, 5]
first:  [1, 2, 3, 4, 5]
first:  [1, 2, 3, 4, 5]
first:  [1, 2, 3, 4, 5]
first:  [1, 2, 3, 4, 5]
first:  [1, 2, 3, 4, 5]
first:  [1, 2, 3, 4, 5]
first:  [1, 2, 3, 4, 5]
first:  [1, 2, 3, 4, 5]
first:  [1, 2, 3, 4, 5]
first:  [1, 2, 3, 4, 5]
first:  [1, 2, 3, 4, 5]
first:  [1, 2, 3, 4, 5]
first:  [1, 2, 3, 4, 5]
first:  [1, 2, 3, 4, 5]
first:  [1, 2, 3, 4, 5]
first:  [1, 2, 3, 4, 5]
first:  [1, 2, 3, 4, 5]
first:  [1, 2, 3, 4, 5]
first:  [1, 2, 3, 4, 5]
first:  [1, 2, 3, 4, 5]
first:  [1, 2, 3, 4, 5]
first:  [1, 2, 3, 4, 5]
first:  [1, 2, 3, 4, 5]
first:  [1, 2, 3, 4, 5]
first:  [1, 2, 3, 4, 5]
first:  [1, 2, 3, 4, 5]
first:  [1, 2, 3, 4, 5]
first:  [1, 2, 3, 4, 5]
first:  [1, 2, 3, 4, 5]
first:  [1, 2, 3, 4, 5]
first:  [1, 2, 3, 4, 5]
first:  [1, 2, 3, 4, 5]
first:  [1, 2, 3, 4, 5]
first:  [1, 2, 3, 4, 5]
first:  [1, 2, 3, 4, 5]
first:  [1, 2, 3, 4, 5]
first:  [1, 2, 3, 4, 5]
first:  [1, 2, 3, 4, 5]
first:  [1, 2, 3, 4, 5]
first:  [1, 2, 3, 4, 5]
first:  [1, 2, 3, 4, 5]
first:  [1, 2, 3, 4, 5]
first:  [1, 2, 3, 4, 5]
first:  [1, 2, 3, 4, 5]
first:  [1, 2, 3, 4, 5]
first:  [1, 2, 3, 4, 5]
first:  [1, 2, 3, 4, 5]
first:  [1, 2, 3, 4, 5]
first:  [1, 2, 3, 4, 5]
first:  [1, 2, 3, 4, 5]
first:  [1, 2, 3, 4, 5]
first:  [1, 2, 3, 4, 5]
first:  [1, 2, 3, 4, 5]
first:  [1, 2, 3, 4, 5]
first:  [1, 2, 3, 4, 5]
first:  [1, 2, 3, 4, 5]
first:  [1, 2, 3, 4, 5]
first:  [1, 2, 3, 4, 5]
first:  [1, 2, 3, 4, 5]
first:  [1, 2, 3, 4, 5]
first:  [1, 2, 3, 4, 5]
first:  [1, 2, 3, 4, 5]
first:  [1, 2, 3, 4, 5]
first:  [1, 2, 3, 4, 5]
first:  [1, 2, 3, 4, 5]
first:  [1, 2, 3, 4, 5]
first:  [1, 2, 3, 4, 5]
first:  [1, 2, 3, 4, 5]
first:  [1, 2, 3, 4, 5]
first:  [1, 2, 3, 4, 5]
first:  [1, 2, 3, 4, 5]
first:  [1, 2, 3, 4, 5]
first:  [1, 2, 3, 4, 5]
first:  [1, 2, 3, 4, 5]
first:  [1, 2, 3, 4, 5]
first:  [1, 2, 3, 4, 5]
first:  [1, 2, 3, 4, 5]
first:  [1, 2, 3, 4, 5]
first:  [1, 2, 3, 4, 5]
first:  [1, 2, 3, 4, 5]
first:  [1, 2, 3, 4, 5]
first:  [1, 2, 3, 4, 5]
first:  [1, 2, 3, 4, 5]
first:  [1, 2, 3, 4, 5]
first:  [1, 2, 3, 4, 5]
first:  [1, 2, 3, 4, 5]
first:  [1, 2, 3, 4, 5]
first:  [1, 2, 3, 4, 5]
first:  [1, 2, 3, 4, 5]
first:  [1, 2, 3, 4, 5]
first:  [1, 2, 3, 4, 5]
first:  [1, 2, 3, 4, 5]
first:  [1, 2, 3, 4, 5]
first:  [1, 2, 3, 4, 5]
first:  [1, 2, 3, 4, 5]
first:  [1, 2, 3, 4, 5]
first:  [1, 2, 3, 4, 5]
first:  [1, 2, 3, 4, 5]
first:  [1, 2, 3, 4, 5]
first:  [1, 2, 3, 4, 5]
first:  [1, 2, 3, 4, 5]
first:  [1, 2, 3, 4, 5]
first:  [1, 2, 3, 4, 5]
first:  [1, 2, 3, 4, 5]
first:  [1, 2, 3, 4, 5]
first:  [1, 2, 3, 4, 5]
first:  [1, 2, 3, 4, 5]
first:  [1, 2, 3, 4, 5]
first:  [1, 2, 3, 4, 5]
first:  [1, 2, 3, 4, 5]
first:  [1, 2, 3, 4, 5]
first:  [1, 2, 3, 4, 5]
first:  [1, 2, 3, 4, 5]
first:  [1, 2, 3, 4, 5]
first:  [1, 2, 3, 4, 5]
first:  [1, 2, 3, 4, 5]
first:  [1, 2, 3, 4, 5]
first:  [1, 2, 3, 4, 5]
first:  [1, 2, 3, 4, 5]
first:  [1, 2, 3, 4, 5]
first:  [1, 2, 3, 4, 5]
first:  [1, 2, 3, 4, 5]
first:  [1, 2, 3, 4, 5]
first:  [1, 2, 3, 4, 5]
first:  [1, 2, 3, 4, 5]
first:  [1, 2, 3, 4, 5]
first:  [1, 2, 3, 4, 5]
first:  [1, 2, 3, 4, 5]
first:  [1, 2, 3, 4, 5]
first:  [1, 2, 3, 4, 5]
first:  [1, 2, 3, 4, 5]
first:  [1, 2, 3, 4, 5]
first:  [1, 2, 3, 4, 5]
first:  [1, 2, 3, 4, 5]
first:  [1, 2, 3, 4, 5]
first:  [1, 2, 3, 4, 5]
first:  [1, 2, 3, 4, 5]
first:  [1, 2, 3, 4, 5]
first:  [1, 2, 3, 4, 5]
first:  [1, 2, 3, 4, 5]
first:  [1, 2, 3, 4, 5]
first:  [1, 2, 3, 4, 5]
first:  [1, 2, 3, 4, 5]
first:  [1, 2, 3, 4, 5]
first:  [1, 2, 3, 4, 5]
first:  [1, 2, 3, 4, 5]
first:  [1, 2, 3, 4, 5]
first:  [1, 2, 3, 4, 5]
first:  [1, 2, 3, 4, 5]
first:  [1, 2, 3, 4, 5]
first:  [1, 2, 3, 4, 5]
first:  [1, 2, 3, 4, 5]
first:  [1, 2, 3, 4, 5]
first:  [1, 2, 3, 4, 5]
first:  [1, 2, 3, 4, 5]
first:  [1, 2, 3, 4, 5]
first:  [1, 2, 3, 4, 5]
first:  [1, 2, 3, 4, 5]
first:  [1, 2, 3, 4, 5]
first:  [1, 2, 3, 4, 5]
first:  [1, 2, 3, 4, 5]
first:  [1, 2, 3, 4, 5]
first:  [1, 2, 3, 4, 5]
first:  [1, 2, 3, 4, 5]
first:  [1, 2, 3, 4, 5]
first:  [1, 2, 3, 4, 5]
first:  [1, 2, 3, 4, 5]
first:  [1, 2, 3, 4, 5]
first:  [1, 2, 3, 4, 5]
first:  [1, 2, 3, 4, 5]
first:  [1, 2, 3, 4, 5]
first:  [1, 2, 3, 4, 5]
first:  [1, 2, 3, 4, 5]
first:  [1, 2, 3, 4, 5]
first:  [1, 2, 3, 4, 5]
first:  [1, 2, 3, 4, 5]
first:  [1, 2, 3, 4, 5]
first:  [1, 2, 3, 4, 5]
first:  [1, 2, 3, 4, 5]
first:  [1, 2, 3, 4, 5]
first:  [1, 2, 3, 4, 5]
first:  [1, 2, 3, 4, 5]
first:  [1, 2, 3, 4, 5]
first:  [1, 2, 3, 4, 5]
first:  [1, 2, 3, 4, 5]
first:  [1, 2, 3, 4, 5]
first:  [1, 2, 3, 4, 5]
first:  [1, 2, 3, 4, 5]
first:  [1, 2, 3, 4, 5]
first:  [1, 2, 3, 4, 5]
first:  [1, 2, 3, 4, 5]
first:  [1, 2, 3, 4, 5]
first:  [1, 2, 3, 4, 5]
first:  [1, 2, 3, 4, 5]
first:  [1, 2, 3, 4, 5]
first:  [1, 2, 3, 4, 5]
first:  [1, 2, 3, 4, 5]
first:  [1, 2, 3, 4, 5]
first:  [1, 2, 3, 4, 5]
first:  [1, 2, 3, 4, 5]
first:  [1, 2, 3, 4, 5]
first:  [1, 2, 3, 4, 5]
first:  [1, 2, 3, 4, 5]
first:  [1, 2, 3, 4, 5]
first:  [1, 2, 3, 4, 5]
first:  [1, 2, 3, 4, 5]
first:  [1, 2, 3, 4, 5]
first:  [1, 2, 3, 4, 5]
first:  [1, 2, 3, 4, 5]
first:  [1, 2, 3, 4, 5]
first:  [1, 2, 3, 4, 5]
first:  [1, 2, 3, 4, 5]
first:  [1, 2, 3, 4, 5]
first:  [1, 2, 3, 4, 5]
first:  [1, 2, 3, 4, 5]
first:  [1, 2, 3, 4, 5]
first:  [1, 2, 3, 4, 5]
first:  [1, 2, 3, 4, 5]
first:  [1, 2, 3, 4, 5]
first:  [1, 2, 3, 4, 5]
first:  [1, 2, 3, 4, 5]
first:  [1, 2, 3, 4, 5]
first:  [1, 2, 3, 4, 5]
first:  [1, 2, 3, 4, 5]
first:  [1, 2, 3, 4, 5]
first:  [1, 2, 3, 4, 5]
first:  [1, 2, 3, 4, 5]
first:  [1, 2, 3, 4, 5]
first:  [1, 2, 3, 4, 5]
first:  [1, 2, 3, 4, 5]
first:  [1, 2, 3, 4, 5]
first:  [1, 2, 3, 4, 5]
first:  [1, 2, 3, 4, 5]
first:  [1, 2, 3, 4, 5]
first:  [1, 2, 3, 4, 5]
first:  [1, 2, 3, 4, 5]
first:  [1, 2, 3, 4, 5]
first:  [1, 2, 3, 4, 5]
first:  [1, 2, 3, 4, 5]
first:  [1, 2, 3, 4, 5]
first:  [1, 2, 3, 4, 5]
first:  [1, 2, 3, 4, 5]
first:  [1, 2, 3, 4, 5]
first:  [1, 2, 3, 4, 5]
first:  [1, 2, 3, 4, 5]
first:  [1, 2, 3, 4, 5]
first:  [1, 2, 3, 4, 5]
first:  [1, 2, 3, 4, 5]
first:  [1, 2, 3, 4, 5]
first:  [1, 2, 3, 4, 5]
first:  [1, 2, 3, 4, 5]
first:  [1, 2, 3, 4, 5]
first:  [1, 2, 3, 4, 5]
first:  [1, 2, 3, 4, 5]
first:  [1, 2, 3, 4, 5]
first:  [1, 2, 3, 4, 5]
first:  [1, 2, 3, 4, 5]
first:  [1, 2, 3, 4, 5]
first:  [1, 2, 3, 4, 5]
first:  [1, 2, 3, 4, 5]
first:  [1, 2, 3, 4, 5]
first:  [1, 2, 3, 4, 5]
first:  [1, 2, 3, 4, 5]
first:  [1, 2, 3, 4, 5]
first:  [1, 2, 3, 4, 5]
first:  [1, 2, 3, 4, 5]
first:  [1, 2, 3, 4, 5]
first:  [1, 2, 3, 4, 5]
first:  [1, 2, 3, 4, 5]
first:  [1, 2, 3, 4, 5]
first:  [1, 2, 3, 4, 5]
first:  [1, 2, 3, 4, 5]
first:  [1, 2, 3, 4, 5]
first:  [1, 2, 3, 4, 5]
first:  [1, 2, 3, 4, 5]
first:  [1, 2, 3, 4, 5]
first:  [1, 2, 3, 4, 5]
first:  [1, 2, 3, 4, 5]
first:  [1, 2, 3, 4, 5]
first:  [1, 2, 3, 4, 5]
first:  [1, 2, 3, 4, 5]
first:  [1, 2, 3, 4, 5]
first:  [1, 2, 3, 4, 5]
first:  [1, 2, 3, 4, 5]
first:  [1, 2, 3, 4, 5]
first:  [1, 2, 3, 4, 5]
first:  [1, 2, 3, 4, 5]
first:  [1, 2, 3, 4, 5]
first:  [1, 2, 3, 4, 5]
first:  [1, 2, 3, 4, 5]
first:  [1, 2, 3, 4, 5]
first:  [1, 2, 3, 4, 5]
first:  [1, 2, 3, 4, 5]
first:  [1, 2, 3, 4, 5]
first:  [1, 2, 3, 4, 5]
first:  [1, 2, 3, 4, 5]
first:  [1, 2, 3, 4, 5]
first:  [1, 2, 3, 4, 5]
first:  [1, 2, 3, 4, 5]
first:  [1, 2, 3, 4, 5]
first:  [1, 2, 3, 4, 5]
first:  [1, 2, 3, 4, 5]
first:  [1, 2, 3, 4, 5]
first:  [1, 2, 3, 4, 5]
first:  [1, 2, 3, 4, 5]
first:  [1, 2, 3, 4, 5]
first:  [1, 2, 3, 4, 5]
first:  [1, 2, 3, 4, 5]
first:  [1, 2, 3, 4, 5]
first:  [1, 2, 3, 4, 5]
first:  [1, 2, 3, 4, 5]
first:  [1, 2, 3, 4, 5]
first:  [1, 2, 3, 4, 5]
first:  [1, 2, 3, 4, 5]
first:  [1, 2, 3, 4, 5]
first:  [1, 2, 3, 4, 5]
first:  [1, 2, 3, 4, 5]
first:  [1, 2, 3, 4, 5]
first:  [1, 2, 3, 4, 5]
first:  [1, 2, 3, 4, 5]
first:  [1, 2, 3, 4, 5]
first:  [1, 2, 3, 4, 5]
first:  [1, 2, 3, 4, 5]
first:  [1, 2, 3, 4, 5]
first:  [1, 2, 3, 4, 5]
first:  [1, 2, 3, 4, 5]
first:  [1, 2, 3, 4, 5]
first:  [1, 2, 3, 4, 5]
first:  [1, 2, 3, 4, 5]
first:  [1, 2, 3, 4, 5]
first:  [1, 2, 3, 4, 5]
first:  [1, 2, 3, 4, 5]
first:  [1, 2, 3, 4, 5]
first:  [1, 2, 3, 4, 5]
first:  [1, 2, 3, 4, 5]
first:  [1, 2, 3, 4, 5]
first:  [1, 2, 3, 4, 5]
first:  [1, 2, 3, 4, 5]
first:  [1, 2, 3, 4, 5]
first:  [1, 2, 3, 4, 5]
first:  [1, 2, 3, 4, 5]
first:  [1, 2, 3, 4, 5]
first:  [1, 2, 3, 4, 5]
first:  [1, 2, 3, 4, 5]
first:  [1, 2, 3, 4, 5]
first:  [1, 2, 3, 4, 5]
first:  [1, 2, 3, 4, 5]
first:  [1, 2, 3, 4, 5]
first:  [1, 2, 3, 4, 5]
first:  [1, 2, 3, 4, 5]
first:  [1, 2, 3, 4, 5]
first:  [1, 2, 3, 4, 5]
first:  [1, 2, 3, 4, 5]
first:  [1, 2, 3, 4, 5]
first:  [1, 2, 3, 4, 5]
first:  [1, 2, 3, 4, 5]
first:  [1, 2, 3, 4, 5]
first:  [1, 2, 3, 4, 5]
first:  [1, 2, 3, 4, 5]
first:  [1, 2, 3, 4, 5]
first:  [1, 2, 3, 4, 5]
first:  [1, 2, 3, 4, 5]
first:  [1, 2, 3, 4, 5]
first:  [1, 2, 3, 4, 5]
first:  [1, 2, 3, 4, 5]
first:  [1, 2, 3, 4, 5]
first:  [1, 2, 3, 4, 5]
first:  [1, 2, 3, 4, 5]
first:  [1, 2, 3, 4, 5]
first:  [1, 2, 3, 4, 5]
first:  [1, 2, 3, 4, 5]
first:  [1, 2, 3, 4, 5]
first:  [1, 2, 3, 4, 5]
first:  [1, 2, 3, 4, 5]
first:  [1, 2, 3, 4, 5]
first:  [1, 2, 3, 4, 5]
first:  [1, 2, 3, 4, 5]
first:  [1, 2, 3, 4, 5]
first:  [1, 2, 3, 4, 5]
first:  [1, 2, 3, 4, 5]
first:  [1, 2, 3, 4, 5]
first:  [1, 2, 3, 4, 5]
first:  [1, 2, 3, 4, 5]
first:  [1, 2, 3, 4, 5]
first:  [1, 2, 3, 4, 5]
first:  [1, 2, 3, 4, 5]
first:  [1, 2, 3, 4, 5]
first:  [1, 2, 3, 4, 5]
first:  [1, 2, 3, 4, 5]
first:  [1, 2, 3, 4, 5]
first:  [1, 2, 3, 4, 5]
first:  [1, 2, 3, 4, 5]
first:  [1, 2, 3, 4, 5]
first:  [1, 2, 3, 4, 5]
first:  [1, 2, 3, 4, 5]
first:  [1, 2, 3, 4, 5]
first:  [1, 2, 3, 4, 5]
first:  [1, 2, 3, 4, 5]
first:  [1, 2, 3, 4, 5]
first:  [1, 2, 3, 4, 5]
first:  [1, 2, 3, 4, 5]
first:  [1, 2, 3, 4, 5]
first:  [1, 2, 3, 4, 5]
first:  [1, 2, 3, 4, 5]
first:  [1, 2, 3, 4, 5]
first:  [1, 2, 3, 4, 5]
first:  [1, 2, 3, 4, 5]
first:  [1, 2, 3, 4, 5]
first:  [1, 2, 3, 4, 5]
first:  [1, 2, 3, 4, 5]
first:  [1, 2, 3, 4, 5]
first:  [1, 2, 3, 4, 5]
first:  [1, 2, 3, 4, 5]
first:  [1, 2, 3, 4, 5]
first:  [1, 2, 3, 4, 5]
first:  [1, 2, 3, 4, 5]
first:  [1, 2, 3, 4, 5]
first:  [1, 2, 3, 4, 5]
first:  [1, 2, 3, 4, 5]
first:  [1, 2, 3, 4, 5]
first:  [1, 2, 3, 4, 5]
first:  [1, 2, 3, 4, 5]
first:  [1, 2, 3, 4, 5]
first:  [1, 2, 3, 4, 5]
first:  [1, 2, 3, 4, 5]
first:  [1, 2, 3, 4, 5]
first:  [1, 2, 3, 4, 5]
first:  [1, 2, 3, 4, 5]
first:  [1, 2, 3, 4, 5]
first:  [1, 2, 3, 4, 5]
first:  [1, 2, 3, 4, 5]
first:  [1, 2, 3, 4, 5]
first:  [1, 2, 3, 4, 5]
first:  [1, 2, 3, 4, 5]
first:  [1, 2, 3, 4, 5]
first:  [1, 2, 3, 4, 5]
first:  [1, 2, 3, 4, 5]
first:  [1, 2, 3, 4, 5]
first:  [1, 2, 3, 4, 5]
first:  [1, 2, 3, 4, 5]
first:  [1, 2, 3, 4, 5]
first:  [1, 2, 3, 4, 5]
first:  [1, 2, 3, 4, 5]
first:  [1, 2, 3, 4, 5]
first:  [1, 2, 3, 4, 5]
first:  [1, 2, 3, 4, 5]
first:  [1, 2, 3, 4, 5]
first:  [1, 2, 3, 4, 5]
first:  [1, 2, 3, 4, 5]
first:  [1, 2, 3, 4, 5]
first:  [1, 2, 3, 4, 5]
first:  [1, 2, 3, 4, 5]
first:  [1, 2, 3, 4, 5]
first:  [1, 2, 3, 4, 5]
first:  [1, 2, 3, 4, 5]
first:  [1, 2, 3, 4, 5]
first:  [1, 2, 3, 4, 5]
first:  [1, 2, 3, 4, 5]
first:  [1, 2, 3, 4, 5]
first:  [1, 2, 3, 4, 5]
first:  [1, 2, 3, 4, 5]
first:  [1, 2, 3, 4, 5]
first:  [1, 2, 3, 4, 5]
first:  [1, 2, 3, 4, 5]
first:  [1, 2, 3, 4, 5]
first:  [1, 2, 3, 4, 5]
first:  [1, 2, 3, 4, 5]
first:  [1, 2, 3, 4, 5]
first:  [1, 2, 3, 4, 5]
first:  [1, 2, 3, 4, 5]
first:  [1, 2, 3, 4, 5]
first:  [1, 2, 3, 4, 5]
first:  [1, 2, 3, 4, 5]
first:  [1, 2, 3, 4, 5]
first:  [1, 2, 3, 4, 5]
first:  [1, 2, 3, 4, 5]
first:  [1, 2, 3, 4, 5]
first:  [1, 2, 3, 4, 5]
first:  [1, 2, 3, 4, 5]
first:  [1, 2, 3, 4, 5]
first:  [1, 2, 3, 4, 5]
first:  [1, 2, 3, 4, 5]
first:  [1, 2, 3, 4, 5]
first:  [1, 2, 3, 4, 5]
first:  [1, 2, 3, 4, 5]
first:  [1, 2, 3, 4, 5]
first:  [1, 2, 3, 4, 5]
first:  [1, 2, 3, 4, 5]
first:  [1, 2, 3, 4, 5]
first:  [1, 2, 3, 4, 5]
first:  [1, 2, 3, 4, 5]
first:  [1, 2, 3, 4, 5]
first:  [1, 2, 3, 4, 5]
first:  [1, 2, 3, 4, 5]
first:  [1, 2, 3, 4, 5]
first:  [1, 2, 3, 4, 5]
first:  [1, 2, 3, 4, 5]
first:  [1, 2, 3, 4, 5]
first:  [1, 2, 3, 4, 5]
first:  [1, 2, 3, 4, 5]
first:  [1, 2, 3, 4, 5]
first:  [1, 2, 3, 4, 5]
first:  [1, 2, 3, 4, 5]
first:  [1, 2, 3, 4, 5]
first:  [1, 2, 3, 4, 5]
first:  [1, 2, 3, 4, 5]
first:  [1, 2, 3, 4, 5]
first:  [1, 2, 3, 4, 5]
first:  [1, 2, 3, 4, 5]
first:  [1, 2, 3, 4, 5]
first:  [1, 2, 3, 4, 5]
first:  [1, 2, 3, 4, 5]
first:  [1, 2, 3, 4, 5]
first:  [1, 2, 3, 4, 5]
first:  [1, 2, 3, 4, 5]
first:  [1, 2, 3, 4, 5]
first:  [1, 2, 3, 4, 5]
first:  [1, 2, 3, 4, 5]
first:  [1, 2, 3, 4, 5]
first:  [1, 2, 3, 4, 5]
first:  [1, 2, 3, 4, 5]
first:  [1, 2, 3, 4, 5]
first:  [1, 2, 3, 4, 5]
first:  [1, 2, 3, 4, 5]
first:  [1, 2, 3, 4, 5]
first:  [1, 2, 3, 4, 5]
first:  [1, 2, 3, 4, 5]
first:  [1, 2, 3, 4, 5]
first:  [1, 2, 3, 4, 5]
first:  [1, 2, 3, 4, 5]
first:  [1, 2, 3, 4, 5]
first:  [1, 2, 3, 4, 5]
first:  [1, 2, 3, 4, 5]
first:  [1, 2, 3, 4, 5]
first:  [1, 2, 3, 4, 5]
first:  [1, 2, 3, 4, 5]
first:  [1, 2, 3, 4, 5]
first:  [1, 2, 3, 4, 5]
first:  [1, 2, 3, 4, 5]
first:  [1, 2, 3, 4, 5]
first:  [1, 2, 3, 4, 5]
first:  [1, 2, 3, 4, 5]
first:  [1, 2, 3, 4, 5]
first:  [1, 2, 3, 4, 5]
first:  [1, 2, 3, 4, 5]
first:  [1, 2, 3, 4, 5]
first:  [1, 2, 3, 4, 5]
first:  [1, 2, 3, 4, 5]
first:  [1, 2, 3, 4, 5]
first:  [1, 2, 3, 4, 5]
first:  [1, 2, 3, 4, 5]
first:  [1, 2, 3, 4, 5]
first:  [1, 2, 3, 4, 5]
first:  [1, 2, 3, 4, 5]
first:  [1, 2, 3, 4, 5]
first:  [1, 2, 3, 4, 5]
first:  [1, 2, 3, 4, 5]
first:  [1, 2, 3, 4, 5]
first:  [1, 2, 3, 4, 5]
first:  [1, 2, 3, 4, 5]
first:  [1, 2, 3, 4, 5]
first:  [1, 2, 3, 4, 5]
first:  [1, 2, 3, 4, 5]
first:  [1, 2, 3, 4, 5]
first:  [1, 2, 3, 4, 5]
first:  [1, 2, 3, 4, 5]
first:  [1, 2, 3, 4, 5]
first:  [1, 2, 3, 4, 5]
first:  [1, 2, 3, 4, 5]
first:  [1, 2, 3, 4, 5]
first:  [1, 2, 3, 4, 5]
first:  [1, 2, 3, 4, 5]
first:  [1, 2, 3, 4, 5]
first:  [1, 2, 3, 4, 5]
first:  [1, 2, 3, 4, 5]
first:  [1, 2, 3, 4, 5]
first:  [1, 2, 3, 4, 5]
first:  [1, 2, 3, 4, 5]
first:  [1, 2, 3, 4, 5]
first:  [1, 2, 3, 4, 5]
first:  [1, 2, 3, 4, 5]
first:  [1, 2, 3, 4, 5]
first:  [1, 2, 3, 4, 5]
first:  [1, 2, 3, 4, 5]
first:  [1, 2, 3, 4, 5]
first:  [1, 2, 3, 4, 5]
first:  [1, 2, 3, 4, 5]
first:  [1, 2, 3, 4, 5]
first:  [1, 2, 3, 4, 5]
first:  [1, 2, 3, 4, 5]
first:  [1, 2, 3, 4, 5]
first:  [1, 2, 3, 4, 5]
first:  [1, 2, 3, 4, 5]
first:  [1, 2, 3, 4, 5]
first:  [1, 2, 3, 4, 5]
first:  [1, 2, 3, 4, 5]
first:  [1, 2, 3, 4, 5]
first:  [1, 2, 3, 4, 5]
first:  [1, 2, 3, 4, 5]
first:  [1, 2, 3, 4, 5]
first:  [1, 2, 3, 4, 5]
first:  [1, 2, 3, 4, 5]
first:  [1, 2, 3, 4, 5]
first:  [1, 2, 3, 4, 5]
first:  [1, 2, 3, 4, 5]
first:  [1, 2, 3, 4, 5]
first:  [1, 2, 3, 4, 5]
first:  [1, 2, 3, 4, 5]
first:  [1, 2, 3, 4, 5]
first:  [1, 2, 3, 4, 5]
first:  [1, 2, 3, 4, 5]
first:  [1, 2, 3, 4, 5]
first:  [1, 2, 3, 4, 5]
first:  [1, 2, 3, 4, 5]
first:  [1, 2, 3, 4, 5]
first:  [1, 2, 3, 4, 5]
first:  [1, 2, 3, 4, 5]
first:  [1, 2, 3, 4, 5]
first:  [1, 2, 3, 4, 5]
first:  [1, 2, 3, 4, 5]
first:  [1, 2, 3, 4, 5]
first:  [1, 2, 3, 4, 5]
first:  [1, 2, 3, 4, 5]
first:  [1, 2, 3, 4, 5]
first:  [1, 2, 3, 4, 5]
first:  [1, 2, 3, 4, 5]
first:  [1, 2, 3, 4, 5]
first:  [1, 2, 3, 4, 5]
first:  [1, 2, 3, 4, 5]
first:  [1, 2, 3, 4, 5]
first:  [1, 2, 3, 4, 5]
first:  [1, 2, 3, 4, 5]
first:  [1, 2, 3, 4, 5]
first:  [1, 2, 3, 4, 5]
first:  [1, 2, 3, 4, 5]
first:  [1, 2, 3, 4, 5]
first:  [1, 2, 3, 4, 5]
first:  [1, 2, 3, 4, 5]
first:  [1, 2, 3, 4, 5]
first:  [1, 2, 3, 4, 5]
first:  [1, 2, 3, 4, 5]
first:  [1, 2, 3, 4, 5]
first:  [1, 2, 3, 4, 5]
first:  [1, 2, 3, 4, 5]
first:  [1, 2, 3, 4, 5]
first:  [1, 2, 3, 4, 5]
first:  [1, 2, 3, 4, 5]
first:  [1, 2, 3, 4, 5]
first:  [1, 2, 3, 4, 5]
first:  [1, 2, 3, 4, 5]
first:  [1, 2, 3, 4, 5]
first:  [1, 2, 3, 4, 5]
first:  [1, 2, 3, 4, 5]
first:  [1, 2, 3, 4, 5]
first:  [1, 2, 3, 4, 5]
first:  [1, 2, 3, 4, 5]
first:  [1, 2, 3, 4, 5]
first:  [1, 2, 3, 4, 5]
first:  [1, 2, 3, 4, 5]
first:  [1, 2, 3, 4, 5]
first:  [1, 2, 3, 4, 5]
first:  [1, 2, 3, 4, 5]
first:  [1, 2, 3, 4, 5]
first:  [1, 2, 3, 4, 5]
first:  [1, 2, 3, 4, 5]
first:  [1, 2, 3, 4, 5]
first:  [1, 2, 3, 4, 5]
first:  [1, 2, 3, 4, 5]
first:  [1, 2, 3, 4, 5]
first:  [1, 2, 3, 4, 5]
first:  [1, 2, 3, 4, 5]
first:  [1, 2, 3, 4, 5]
first:  [1, 2, 3, 4, 5]
first:  [1, 2, 3, 4, 5]
first:  [1, 2, 3, 4, 5]
first:  [1, 2, 3, 4, 5]
first:  [1, 2, 3, 4, 5]
first:  [1, 2, 3, 4, 5]
first:  [1, 2, 3, 4, 5]
first:  [1, 2, 3, 4, 5]
first:  [1, 2, 3, 4, 5]
first:  [1, 2, 3, 4, 5]
first:  [1, 2, 3, 4, 5]
first:  [1, 2, 3, 4, 5]
first:  [1, 2, 3, 4, 5]
first:  [1, 2, 3, 4, 5]
first:  [1, 2, 3, 4, 5]
first:  [1, 2, 3, 4, 5]
first:  [1, 2, 3, 4, 5]
first:  [1, 2, 3, 4, 5]
first:  [1, 2, 3, 4, 5]
first:  [1, 2, 3, 4, 5]
first:  [1, 2, 3, 4, 5]
first:  [1, 2, 3, 4, 5]
first:  [1, 2, 3, 4, 5]
first:  [1, 2, 3, 4, 5]
first:  [1, 2, 3, 4, 5]
first:  [1, 2, 3, 4, 5]
first:  [1, 2, 3, 4, 5]
first:  [1, 2, 3, 4, 5]
first:  [1, 2, 3, 4, 5]
first:  [1, 2, 3, 4, 5]
first:  [1, 2, 3, 4, 5]
first:  [1, 2, 3, 4, 5]
first:  [1, 2, 3, 4, 5]
first:  [1, 2, 3, 4, 5]
first:  [1, 2, 3, 4, 5]
first:  [1, 2, 3, 4, 5]
first:  [1, 2, 3, 4, 5]
first:  [1, 2, 3, 4, 5]
first:  [1, 2, 3, 4, 5]
first:  [1, 2, 3, 4, 5]
first:  [1, 2, 3, 4, 5]
first:  [1, 2, 3, 4, 5]
first:  [1, 2, 3, 4, 5]
first:  [1, 2, 3, 4, 5]
first:  [1, 2, 3, 4, 5]
first:  [1, 2, 3, 4, 5]
first:  [1, 2, 3, 4, 5]
first:  [1, 2, 3, 4, 5]
first:  [1, 2, 3, 4, 5]
first:  [1, 2, 3, 4, 5]
first:  [1, 2, 3, 4, 5]
first:  [1, 2, 3, 4, 5]
first:  [1, 2, 3, 4, 5]
first:  [1, 2, 3, 4, 5]
first:  [1, 2, 3, 4, 5]
first:  [1, 2, 3, 4, 5]
first:  [1, 2, 3, 4, 5]
first:  [1, 2, 3, 4, 5]
first:  [1, 2, 3, 4, 5]
first:  [1, 2, 3, 4, 5]
first:  [1, 2, 3, 4, 5]
first:  [1, 2, 3, 4, 5]
first:  [1, 2, 3, 4, 5]
first:  [1, 2, 3, 4, 5]
first:  [1, 2, 3, 4, 5]
first:  [1, 2, 3, 4, 5]
first:  [1, 2, 3, 4, 5]
first:  [1, 2, 3, 4, 5]
first:  [1, 2, 3, 4, 5]
first:  [1, 2, 3, 4, 5]
first:  [1, 2, 3, 4, 5]
first:  [1, 2, 3, 4, 5]
first:  [1, 2, 3, 4, 5]
first:  [1, 2, 3, 4, 5]
first:  [1, 2, 3, 4, 5]
first:  [1, 2, 3, 4, 5]
first:  [1, 2, 3, 4, 5]
first:  [1, 2, 3, 4, 5]
first:  [1, 2, 3, 4, 5]
first:  [1, 2, 3, 4, 5]
first:  [1, 2, 3, 4, 5]
first:  [1, 2, 3, 4, 5]
first:  [1, 2, 3, 4, 5]
first:  [1, 2, 3, 4, 5]
first:  [1, 2, 3, 4, 5]
first:  [1, 2, 3, 4, 5]
first:  [1, 2, 3, 4, 5]
first:  [1, 2, 3, 4, 5]
first:  [1, 2, 3, 4, 5]
first:  [1, 2, 3, 4, 5]
first:  [1, 2, 3, 4, 5]
first:  [1, 2, 3, 4, 5]
first:  [1, 2, 3, 4, 5]
first:  [1, 2, 3, 4, 5]
first:  [1, 2, 3, 4, 5]
first:  [1, 2, 3, 4, 5]
first:  [1, 2, 3, 4, 5]
first:  [1, 2, 3, 4, 5]
first:  [1, 2, 3, 4, 5]
first:  [1, 2, 3, 4, 5]
first:  [1, 2, 3, 4, 5]
first:  [1, 2, 3, 4, 5]
first:  [1, 2, 3, 4, 5]
first:  [1, 2, 3, 4, 5]
first:  [1, 2, 3, 4, 5]
first:  [1, 2, 3, 4, 5]
first:  [1, 2, 3, 4, 5]
first:  [1, 2, 3, 4, 5]
first:  [1, 2, 3, 4, 5]
first:  [1, 2, 3, 4, 5]
first:  [1, 2, 3, 4, 5]
first:  [1, 2, 3, 4, 5]
first:  [1, 2, 3, 4, 5]
first:  [1, 2, 3, 4, 5]
first:  [1, 2, 3, 4, 5]
first:  [1, 2, 3, 4, 5]
first:  [1, 2, 3, 4, 5]
first:  [1, 2, 3, 4, 5]
first:  [1, 2, 3, 4, 5]
first:  [1, 2, 3, 4, 5]
first:  [1, 2, 3, 4, 5]
first:  [1, 2, 3, 4, 5]
first:  [1, 2, 3, 4, 5]
first:  [1, 2, 3, 4, 5]
first:  [1, 2, 3, 4, 5]
first:  [1, 2, 3, 4, 5]
first:  [1, 2, 3, 4, 5]
first:  [1, 2, 3, 4, 5]
first:  [1, 2, 3, 4, 5]
first:  [1, 2, 3, 4, 5]
first:  [1, 2, 3, 4, 5]
first:  [1, 2, 3, 4, 5]
first:  [1, 2, 3, 4, 5]
first:  [1, 2, 3, 4, 5]
first:  [1, 2, 3, 4, 5]
first:  [1, 2, 3, 4, 5]
first:  [1, 2, 3, 4, 5]
first:  [1, 2, 3, 4, 5]
first:  [1, 2, 3, 4, 5]
first:  [1, 2, 3, 4, 5]
first:  [1, 2, 3, 4, 5]
first:  [1, 2, 3, 4, 5]
first:  [1, 2, 3, 4, 5]
first:  [1, 2, 3, 4, 5]
first:  [1, 2, 3, 4, 5]
first:  [1, 2, 3, 4, 5]
first:  [1, 2, 3, 4, 5]
first:  [1, 2, 3, 4, 5]
first:  [1, 2, 3, 4, 5]
first:  [1, 2, 3, 4, 5]
first:  [1, 2, 3, 4, 5]
first:  [1, 2, 3, 4, 5]
first:  [1, 2, 3, 4, 5]
first:  [1, 2, 3, 4, 5]
first:  [1, 2, 3, 4, 5]
first:  [1, 2, 3, 4, 5]
first:  [1, 2, 3, 4, 5]
first:  [1, 2, 3, 4, 5]
first:  [1, 2, 3, 4, 5]
first:  [1, 2, 3, 4, 5]
first:  [1, 2, 3, 4, 5]
first:  [1, 2, 3, 4, 5]
first:  [1, 2, 3, 4, 5]
first:  [1, 2, 3, 4, 5]
first:  [1, 2, 3, 4, 5]
first:  [1, 2, 3, 4, 5]
first:  [1, 2, 3, 4, 5]
first:  [1, 2, 3, 4, 5]
first:  [1, 2, 3, 4, 5]
first:  [1, 2, 3, 4, 5]
first:  [1, 2, 3, 4, 5]
first:  [1, 2, 3, 4, 5]
first:  [1, 2, 3, 4, 5]
first:  [1, 2, 3, 4, 5]
first:  [1, 2, 3, 4, 5]
first:  [1, 2, 3, 4, 5]
first:  [1, 2, 3, 4, 5]
first:  [1, 2, 3, 4, 5]
first:  [1, 2, 3, 4, 5]
first:  [1, 2, 3, 4, 5]
first:  [1, 2, 3, 4, 5]
first:  [1, 2, 3, 4, 5]
first:  [1, 2, 3, 4, 5]
first:  [1, 2, 3, 4, 5]
first:  [1, 2, 3, 4, 5]
first:  [1, 2, 3, 4, 5]
first:  [1, 2, 3, 4, 5]
first:  [1, 2, 3, 4, 5]
first:  [1, 2, 3, 4, 5]
first:  [1, 2, 3, 4, 5]
first:  [1, 2, 3, 4, 5]
first:  [1, 2, 3, 4, 5]
first:  [1, 2, 3, 4, 5]
first:  [1, 2, 3, 4, 5]
first:  [1, 2, 3, 4, 5]
first:  [1, 2, 3, 4, 5]
first:  [1, 2, 3, 4, 5]
first:  [1, 2, 3, 4, 5]
first:  [1, 2, 3, 4, 5]
first:  [1, 2, 3, 4, 5]
first:  [1, 2, 3, 4, 5]
first:  [1, 2, 3, 4, 5]
first:  [1, 2, 3, 4, 5]
preprocess:   23.563558812 (s)
extensive:   6.647399967 (s)
No. of nonlinear variables  0
No. of nonlinear Terms  0
preprocessex:   2.43495368 (s)
prime_status_trial   UserLimit    0.0
prime_status_trial   Optimal    -3935.0400670932327
prime_status_trial   Optimal    -3935.04006709412
prime_status_trial   Optimal    -3935.0400670382637
prime_status_trial   Optimal    -3935.040067093496
prime_status_trial   Optimal    -3935.040067062644
prime_status_trial   Optimal    -3935.0400670935155
prime_status_trial   Optimal    -3935.0400670943295
prime_status_trial   Optimal    -3935.0400670614094
prime_status_trial   Optimal    -3935.040067093862
prime_status   NotOptimal   -3935.040214397872
U:   -3935.040214397872
additional  variables:  0
relax:   2.223751735 (s)
 iter  left  lev   bVarId       bvlb             bvub             LB              UB            gap   
remaining 1   -1.0e10
1      0      1                                        -10000000000.0000 -3.9350e+03    254126909.0052 % 
before feasibility reduction [3.05, 3.1, 3.15, 3.2, 3.25]   [3.05, 3.1075, 3.17362, 3.24967, 3.33712]
after initial feasibility reduction [3.05, 3.1, 3.15, 3.2, 3.25]   [3.05, 3.1075, 3.17362, 3.24967, 3.33712]     time:   18.697674796 (s)
all node solved
Solution time:   762.488284462 (s)
relax_LB_time_total:   0 (s)
global_LB_time_total:   0 (s)
local_UB_time_total:   672.293515748 (s)
global_UB_time_total:   0 (s)
BT_time_total:   30.591671618 (s)
VS_time_total:   0 (s)
solved nodes:  1
1                                                     -3.9744e+03    -3.9350e+03    1.0000  % 
first stage sol   [3.05, 3.1075, 3.17363, 3.24967, 3.33712]
LB_UB_list   Any[[-1.0e10, -3935.04, 1.0, 1.0]]
