WARNING: using JuMP.getdual in module Main conflicts with an existing identifier.
  [nonlinear] <nonlin>: ((1.000000 * <_var21_> * <_var0_>) + ((-1.000000) * <_var1_>) + (1.000000 * <_var20_>)) == 0;
violation: left hand side is violated by 1.80299734 (scaled: 1.80299734)
all 1 solutions given by solution candidate storage are infeasible

presolving:
(round 1, fast)       0 del vars, 0 del conss, 0 add conss, 0 chg bounds, 0 chg sides, 0 chg coeffs, 1496 upgd conss, 0 impls, 0 clqs
(round 2, fast)       0 del vars, 0 del conss, 0 add conss, 995 chg bounds, 0 chg sides, 0 chg coeffs, 1496 upgd conss, 0 impls, 0 clqs
(round 3, fast)       0 del vars, 0 del conss, 0 add conss, 1566 chg bounds, 0 chg sides, 0 chg coeffs, 1496 upgd conss, 0 impls, 0 clqs
(round 4, fast)       0 del vars, 0 del conss, 0 add conss, 1857 chg bounds, 0 chg sides, 0 chg coeffs, 1496 upgd conss, 0 impls, 0 clqs
(round 5, fast)       0 del vars, 0 del conss, 0 add conss, 2032 chg bounds, 0 chg sides, 0 chg coeffs, 1496 upgd conss, 0 impls, 0 clqs
(round 6, fast)       0 del vars, 0 del conss, 0 add conss, 2161 chg bounds, 0 chg sides, 0 chg coeffs, 1496 upgd conss, 0 impls, 0 clqs
presolving (7 rounds: 7 fast, 1 medium, 1 exhaustive):
 0 deleted vars, 0 deleted constraints, 0 added constraints, 2169 tightened bounds, 0 added holes, 0 changed sides, 0 changed coefficients
 0 implications, 0 cliques
presolved problem has 1706 variables (0 bin, 0 int, 0 impl, 1706 cont) and 1496 constraints
   1496 constraints of type <quadratic>
Presolving Time: 1.43

******************************************************************************
This program contains Ipopt, a library for large-scale nonlinear optimization.
 Ipopt is released as open source code under the Eclipse Public License (EPL).
         For more information visit http://projects.coin-or.org/Ipopt
******************************************************************************


  node  | left  |LP iter|LP it/n| mem |  dualbound   | primalbound  |  gap   
      1 |     0 |   769 |     - |  10M| 0.000000e+00 |      --      |    Inf 
q     1 |     0 |   769 |     - |  10M| 0.000000e+00 | 1.838989e+01 |    Inf 
y     1 |     0 |   769 |     - |  10M| 0.000000e+00 | 1.838989e+01 |    Inf 
      1 |     0 |  1087 |     - |  11M| 0.000000e+00 | 1.838989e+01 |    Inf 
      1 |     0 |  1087 |     - |  11M| 0.000000e+00 | 1.838989e+01 |    Inf 
      1 |     0 |  1767 |     - |  11M| 0.000000e+00 | 1.838989e+01 |    Inf 
      1 |     0 |  2283 |     - |  11M| 0.000000e+00 | 1.838989e+01 |    Inf 
      1 |     0 |  2838 |     - |  11M| 0.000000e+00 | 1.838989e+01 |    Inf 
      1 |     0 |  3315 |     - |  11M| 0.000000e+00 | 1.838989e+01 |    Inf 
      1 |     0 |  4089 |     - |  11M| 0.000000e+00 | 1.838989e+01 |    Inf 
      1 |     0 | 20980 |     - |  11M| 0.000000e+00 | 1.838989e+01 |    Inf 
      1 |     0 | 21787 |     - |  12M| 0.000000e+00 | 1.838989e+01 |    Inf 
      1 |     0 | 21787 |     - |  12M| 0.000000e+00 | 1.838989e+01 |    Inf 
      1 |     0 | 22570 |     - |  12M| 0.000000e+00 | 1.838989e+01 |    Inf 
      1 |     0 | 23567 |     - |  12M| 0.000000e+00 | 1.838989e+01 |    Inf 
  node  | left  |LP iter|LP it/n| mem |  dualbound   | primalbound  |  gap   
      1 |     0 | 24391 |     - |  12M| 0.000000e+00 | 1.838989e+01 |    Inf 
      1 |     0 | 25338 |     - |  11M| 0.000000e+00 | 1.838989e+01 |    Inf 
      1 |     0 | 26272 |     - |  11M| 0.000000e+00 | 1.838989e+01 |    Inf 
      1 |     0 | 27513 |     - |  11M| 0.000000e+00 | 1.838989e+01 |    Inf 
      1 |     0 | 28661 |     - |  11M| 0.000000e+00 | 1.838989e+01 |    Inf 
      1 |     0 | 30150 |     - |  11M| 0.000000e+00 | 1.838989e+01 |    Inf 
      1 |     0 | 31391 |     - |  11M| 0.000000e+00 | 1.838989e+01 |    Inf 
      1 |     0 | 32881 |     - |  11M| 0.000000e+00 | 1.838989e+01 |    Inf 
      1 |     0 | 34540 |     - |  11M| 0.000000e+00 | 1.838989e+01 |    Inf 
      1 |     0 | 36355 |     - |  11M| 0.000000e+00 | 1.838989e+01 |    Inf 
      1 |     0 | 38420 |     - |  11M| 0.000000e+00 | 1.838989e+01 |    Inf 
      1 |     0 | 40443 |     - |  11M| 0.000000e+00 | 1.838989e+01 |    Inf 
      1 |     0 | 42230 |     - |  11M| 0.000000e+00 | 1.838989e+01 |    Inf 
      1 |     0 | 44304 |     - |  11M| 0.000000e+00 | 1.838989e+01 |    Inf 
      1 |     0 | 45884 |     - |  11M| 0.000000e+00 | 1.838989e+01 |    Inf 
  node  | left  |LP iter|LP it/n| mem |  dualbound   | primalbound  |  gap   
      1 |     0 | 47980 |     - |  12M| 0.000000e+00 | 1.838989e+01 |    Inf 
      1 |     0 | 49572 |     - |  12M| 0.000000e+00 | 1.838989e+01 |    Inf 
      1 |     0 | 51823 |     - |  12M| 0.000000e+00 | 1.838989e+01 |    Inf 
      1 |     0 | 53722 |     - |  12M| 0.000000e+00 | 1.838989e+01 |    Inf 
      1 |     0 | 56221 |     - |  12M| 0.000000e+00 | 1.838989e+01 |    Inf 
      1 |     0 | 58241 |     - |  12M| 0.000000e+00 | 1.838989e+01 |    Inf 
      1 |     0 | 61535 |     - |  12M| 0.000000e+00 | 1.838989e+01 |    Inf 
      1 |     0 | 65034 |     - |  12M| 0.000000e+00 | 1.838989e+01 |    Inf 
      1 |     0 | 67484 |     - |  12M| 0.000000e+00 | 1.838989e+01 |    Inf 
      1 |     0 | 70317 |     - |  12M| 0.000000e+00 | 1.838989e+01 |    Inf 
      1 |     0 | 72592 |     - |  12M| 0.000000e+00 | 1.838989e+01 |    Inf 
      1 |     0 | 75335 |     - |  12M| 0.000000e+00 | 1.838989e+01 |    Inf 
      1 |     0 | 79078 |     - |  13M| 0.000000e+00 | 1.838989e+01 |    Inf 
      1 |     0 | 81853 |     - |  13M| 0.000000e+00 | 1.838989e+01 |    Inf 
      1 |     0 | 85178 |     - |  13M| 0.000000e+00 | 1.838989e+01 |    Inf 
  node  | left  |LP iter|LP it/n| mem |  dualbound   | primalbound  |  gap   
      1 |     0 | 88862 |     - |  13M| 0.000000e+00 | 1.838989e+01 |    Inf 
      1 |     0 | 91460 |     - |  13M| 0.000000e+00 | 1.838989e+01 |    Inf 
      1 |     0 | 94834 |     - |  13M| 0.000000e+00 | 1.838989e+01 |    Inf 
      1 |     0 | 98444 |     - |  13M| 0.000000e+00 | 1.838989e+01 |    Inf 
      1 |     0 |101963 |     - |  13M| 0.000000e+00 | 1.838989e+01 |    Inf 
      1 |     0 |106854 |     - |  13M| 0.000000e+00 | 1.838989e+01 |    Inf 
      1 |     0 |110631 |     - |  13M| 0.000000e+00 | 1.838989e+01 |    Inf 
      1 |     0 |115251 |     - |  13M| 0.000000e+00 | 1.838989e+01 |    Inf 
      1 |     0 |118431 |     - |  13M| 0.000000e+00 | 1.838989e+01 |    Inf 
      1 |     0 |122689 |     - |  14M| 0.000000e+00 | 1.838989e+01 |    Inf 
      1 |     0 |127636 |     - |  14M| 0.000000e+00 | 1.838989e+01 |    Inf 
      1 |     0 |132391 |     - |  14M| 0.000000e+00 | 1.838989e+01 |    Inf 
      1 |     0 |138439 |     - |  14M| 0.000000e+00 | 1.838989e+01 |    Inf 
      1 |     0 |144037 |     - |  14M| 0.000000e+00 | 1.838989e+01 |    Inf 
      1 |     0 |147611 |     - |  14M| 0.000000e+00 | 1.838989e+01 |    Inf 
  node  | left  |LP iter|LP it/n| mem |  dualbound   | primalbound  |  gap   
      1 |     0 |153683 |     - |  14M| 0.000000e+00 | 1.838989e+01 |    Inf 
      1 |     0 |159306 |     - |  14M| 0.000000e+00 | 1.838989e+01 |    Inf 
      1 |     0 |164211 |     - |  14M| 0.000000e+00 | 1.838989e+01 |    Inf 
      1 |     0 |169572 |     - |  14M| 0.000000e+00 | 1.838989e+01 |    Inf 
      1 |     0 |176227 |     - |  14M| 0.000000e+00 | 1.838989e+01 |    Inf 
      1 |     0 |181237 |     - |  14M| 0.000000e+00 | 1.838989e+01 |    Inf 
      1 |     0 |187379 |     - |  14M| 0.000000e+00 | 1.838989e+01 |    Inf 
      1 |     0 |193170 |     - |  15M| 0.000000e+00 | 1.838989e+01 |    Inf 
      1 |     0 |198631 |     - |  15M| 0.000000e+00 | 1.838989e+01 |    Inf 
      1 |     0 |203654 |     - |  15M| 0.000000e+00 | 1.838989e+01 |    Inf 
      1 |     0 |210239 |     - |  15M| 0.000000e+00 | 1.838989e+01 |    Inf 
      1 |     0 |217112 |     - |  15M| 0.000000e+00 | 1.838989e+01 |    Inf 
      1 |     0 |222235 |     - |  15M| 0.000000e+00 | 1.838989e+01 |    Inf 
      1 |     0 |229491 |     - |  15M| 0.000000e+00 | 1.838989e+01 |    Inf 
      1 |     0 |235976 |     - |  15M| 0.000000e+00 | 1.838989e+01 |    Inf 
  node  | left  |LP iter|LP it/n| mem |  dualbound   | primalbound  |  gap   
      1 |     0 |243161 |     - |  15M| 0.000000e+00 | 1.838989e+01 |    Inf 
      1 |     0 |250108 |     - |  15M| 0.000000e+00 | 1.838989e+01 |    Inf 
      1 |     0 |258920 |     - |  15M| 0.000000e+00 | 1.838989e+01 |    Inf 
      1 |     0 |266060 |     - |  15M| 0.000000e+00 | 1.838989e+01 |    Inf 
      1 |     0 |273781 |     - |  15M| 0.000000e+00 | 1.838989e+01 |    Inf 
      1 |     0 |280347 |     - |  16M| 0.000000e+00 | 1.838989e+01 |    Inf 
      1 |     0 |287417 |     - |  16M| 0.000000e+00 | 1.838989e+01 |    Inf 
      1 |     0 |295323 |     - |  16M| 0.000000e+00 | 1.838989e+01 |    Inf 
      1 |     0 |300218 |     - |  16M| 0.000000e+00 | 1.838989e+01 |    Inf 
      1 |     0 |309113 |     - |  16M| 0.000000e+00 | 1.838989e+01 |    Inf 
      1 |     0 |317513 |     - |  16M| 0.000000e+00 | 1.838989e+01 |    Inf 
      1 |     0 |326480 |     - |  16M| 0.000000e+00 | 1.838989e+01 |    Inf 
      1 |     0 |334214 |     - |  16M| 0.000000e+00 | 1.838989e+01 |    Inf 
      1 |     0 |343035 |     - |  16M| 0.000000e+00 | 1.838989e+01 |    Inf 
      1 |     0 |352564 |     - |  16M| 0.000000e+00 | 1.838989e+01 |    Inf 
  node  | left  |LP iter|LP it/n| mem |  dualbound   | primalbound  |  gap   
      1 |     0 |361725 |     - |  16M| 0.000000e+00 | 1.838989e+01 |    Inf 
      1 |     0 |370063 |     - |  16M| 0.000000e+00 | 1.838989e+01 |    Inf 
      1 |     0 |378734 |     - |  16M| 0.000000e+00 | 1.838989e+01 |    Inf 
      1 |     0 |388989 |     - |  16M| 0.000000e+00 | 1.838989e+01 |    Inf 
      1 |     0 |398344 |     - |  16M| 0.000000e+00 | 1.838989e+01 |    Inf 
      1 |     0 |407916 |     - |  16M| 0.000000e+00 | 1.838989e+01 |    Inf 
      1 |     0 |416934 |     - |  16M| 0.000000e+00 | 1.838989e+01 |    Inf 
      1 |     0 |425194 |     - |  16M| 0.000000e+00 | 1.838989e+01 |    Inf 
      1 |     0 |427712 |     - |  16M| 0.000000e+00 | 1.838989e+01 |    Inf 
      1 |     0 |429840 |     - |  17M| 0.000000e+00 | 1.838989e+01 |    Inf 
      1 |     0 |432215 |     - |  17M| 0.000000e+00 | 1.838989e+01 |    Inf 
      1 |     0 |434521 |     - |  17M| 0.000000e+00 | 1.838989e+01 |    Inf 
      1 |     0 |437551 |     - |  17M| 0.000000e+00 | 1.838989e+01 |    Inf 
      1 |     0 |440176 |     - |  17M| 0.000000e+00 | 1.838989e+01 |    Inf 
      1 |     0 |442547 |     - |  17M| 0.000000e+00 | 1.838989e+01 |    Inf 
  node  | left  |LP iter|LP it/n| mem |  dualbound   | primalbound  |  gap   
      1 |     0 |447402 |     - |  17M| 0.000000e+00 | 1.838989e+01 |    Inf 
      1 |     0 |450484 |     - |  17M| 0.000000e+00 | 1.838989e+01 |    Inf 
      1 |     0 |454866 |     - |  17M| 0.000000e+00 | 1.838989e+01 |    Inf 
      1 |     0 |458217 |     - |  17M| 0.000000e+00 | 1.838989e+01 |    Inf 
      1 |     0 |463163 |     - |  17M| 0.000000e+00 | 1.838989e+01 |    Inf 
      1 |     0 |468957 |     - |  17M| 0.000000e+00 | 1.838989e+01 |    Inf 
      1 |     0 |472338 |     - |  18M| 0.000000e+00 | 1.838989e+01 |    Inf 
      1 |     0 |478218 |     - |  18M| 0.000000e+00 | 1.838989e+01 |    Inf 
      1 |     0 |481932 |     - |  18M| 0.000000e+00 | 1.838989e+01 |    Inf 
      1 |     0 |487078 |     - |  18M| 0.000000e+00 | 1.838989e+01 |    Inf 
      1 |     0 |491593 |     - |  18M| 0.000000e+00 | 1.838989e+01 |    Inf 
      1 |     0 |496777 |     - |  18M| 0.000000e+00 | 1.838989e+01 |    Inf 
      1 |     0 |501392 |     - |  18M| 0.000000e+00 | 1.838989e+01 |    Inf 
      1 |     0 |506326 |     - |  18M| 0.000000e+00 | 1.838989e+01 |    Inf 
      1 |     0 |509362 |     - |  18M| 0.000000e+00 | 1.838989e+01 |    Inf 
  node  | left  |LP iter|LP it/n| mem |  dualbound   | primalbound  |  gap   
      1 |     0 |513281 |     - |  18M| 0.000000e+00 | 1.838989e+01 |    Inf 
      1 |     0 |519211 |     - |  18M| 0.000000e+00 | 1.838989e+01 |    Inf 
      1 |     0 |522903 |     - |  18M| 0.000000e+00 | 1.838989e+01 |    Inf 
      1 |     0 |528483 |     - |  18M| 0.000000e+00 | 1.838989e+01 |    Inf 
      1 |     0 |532908 |     - |  18M| 0.000000e+00 | 1.838989e+01 |    Inf 
      1 |     0 |537227 |     - |  18M| 0.000000e+00 | 1.838989e+01 |    Inf 
      1 |     0 |541564 |     - |  18M| 0.000000e+00 | 1.838989e+01 |    Inf 
      1 |     0 |547334 |     - |  18M| 0.000000e+00 | 1.838989e+01 |    Inf 
      1 |     0 |553182 |     - |  19M| 0.000000e+00 | 1.838989e+01 |    Inf 
      1 |     0 |558255 |     - |  19M| 0.000000e+00 | 1.838989e+01 |    Inf 
      1 |     0 |563987 |     - |  19M| 0.000000e+00 | 1.838989e+01 |    Inf 
      1 |     0 |568564 |     - |  19M| 0.000000e+00 | 1.838989e+01 |    Inf 
      1 |     0 |571741 |     - |  19M| 0.000000e+00 | 1.838989e+01 |    Inf 
      1 |     0 |576464 |     - |  19M| 0.000000e+00 | 1.838989e+01 |    Inf 
      1 |     0 |580247 |     - |  19M| 0.000000e+00 | 1.838989e+01 |    Inf 
  node  | left  |LP iter|LP it/n| mem |  dualbound   | primalbound  |  gap   
      1 |     0 |583907 |     - |  19M| 0.000000e+00 | 1.838989e+01 |    Inf 
      1 |     0 |588967 |     - |  19M| 0.000000e+00 | 1.838989e+01 |    Inf 
      1 |     0 |594004 |     - |  19M| 0.000000e+00 | 1.838989e+01 |    Inf 
      1 |     0 |598964 |     - |  19M| 0.000000e+00 | 1.838989e+01 |    Inf 
      1 |     0 |602624 |     - |  19M| 0.000000e+00 | 1.838989e+01 |    Inf 
      1 |     0 |607635 |     - |  19M| 0.000000e+00 | 1.838989e+01 |    Inf 
      1 |     0 |612690 |     - |  19M| 0.000000e+00 | 1.838989e+01 |    Inf 
      1 |     0 |618626 |     - |  19M| 0.000000e+00 | 1.838989e+01 |    Inf 
      1 |     0 |622435 |     - |  19M| 0.000000e+00 | 1.838989e+01 |    Inf 
      1 |     0 |628469 |     - |  19M| 0.000000e+00 | 1.838989e+01 |    Inf 
      1 |     0 |635362 |     - |  19M| 0.000000e+00 | 1.838989e+01 |    Inf 
      1 |     0 |641636 |     - |  19M| 0.000000e+00 | 1.838989e+01 |    Inf 
      1 |     0 |647447 |     - |  19M| 0.000000e+00 | 1.838989e+01 |    Inf 
      1 |     0 |652287 |     - |  19M| 0.000000e+00 | 1.838989e+01 |    Inf 
      1 |     0 |656996 |     - |  19M| 0.000000e+00 | 1.838989e+01 |    Inf 
  node  | left  |LP iter|LP it/n| mem |  dualbound   | primalbound  |  gap   
      1 |     0 |661777 |     - |  19M| 0.000000e+00 | 1.838989e+01 |    Inf 
      1 |     0 |666122 |     - |  19M| 0.000000e+00 | 1.838989e+01 |    Inf 
      1 |     0 |672255 |     - |  19M| 0.000000e+00 | 1.838989e+01 |    Inf 
      1 |     0 |682123 |     - |  20M| 0.000000e+00 | 1.838989e+01 |    Inf 
      1 |     0 |687512 |     - |  20M| 0.000000e+00 | 1.838989e+01 |    Inf 
      1 |     0 |693012 |     - |  20M| 0.000000e+00 | 1.838989e+01 |    Inf 
      1 |     0 |697849 |     - |  20M| 0.000000e+00 | 1.838989e+01 |    Inf 
      1 |     0 |703465 |     - |  20M| 0.000000e+00 | 1.838989e+01 |    Inf 
      1 |     0 |708861 |     - |  20M| 0.000000e+00 | 1.838989e+01 |    Inf 
      1 |     0 |715486 |     - |  20M| 0.000000e+00 | 1.838989e+01 |    Inf 
      1 |     0 |726528 |     - |  20M| 0.000000e+00 | 1.838989e+01 |    Inf 
      1 |     0 |730936 |     - |  20M| 0.000000e+00 | 1.838989e+01 |    Inf 
      1 |     0 |737171 |     - |  20M| 0.000000e+00 | 1.838989e+01 |    Inf 
      1 |     0 |741792 |     - |  20M| 0.000000e+00 | 1.838989e+01 |    Inf 
      1 |     0 |748177 |     - |  20M| 0.000000e+00 | 1.838989e+01 |    Inf 
  node  | left  |LP iter|LP it/n| mem |  dualbound   | primalbound  |  gap   
      1 |     0 |754664 |     - |  21M| 0.000000e+00 | 1.838989e+01 |    Inf 
      1 |     0 |761375 |     - |  21M| 0.000000e+00 | 1.838989e+01 |    Inf 
      1 |     0 |765326 |     - |  21M| 0.000000e+00 | 1.838989e+01 |    Inf 
      1 |     0 |770090 |     - |  21M| 0.000000e+00 | 1.838989e+01 |    Inf 
      1 |     0 |776039 |     - |  21M| 0.000000e+00 | 1.838989e+01 |    Inf 
      1 |     0 |781894 |     - |  21M| 0.000000e+00 | 1.838989e+01 |    Inf 
      1 |     0 |788244 |     - |  21M| 0.000000e+00 | 1.838989e+01 |    Inf 
      1 |     0 |795705 |     - |  21M| 0.000000e+00 | 1.838989e+01 |    Inf 
      1 |     0 |817625 |     - |  21M| 0.000000e+00 | 1.838989e+01 |    Inf 
      1 |     0 |822540 |     - |  21M| 0.000000e+00 | 1.838989e+01 |    Inf 
      1 |     0 |828859 |     - |  21M| 0.000000e+00 | 1.838989e+01 |    Inf 
      1 |     0 |833904 |     - |  21M| 0.000000e+00 | 1.838989e+01 |    Inf 
      1 |     0 |839081 |     - |  21M| 0.000000e+00 | 1.838989e+01 |    Inf 
      1 |     0 |845791 |     - |  21M| 0.000000e+00 | 1.838989e+01 |    Inf 
      1 |     0 |851356 |     - |  21M| 0.000000e+00 | 1.838989e+01 |    Inf 
  node  | left  |LP iter|LP it/n| mem |  dualbound   | primalbound  |  gap   
      1 |     0 |857836 |     - |  21M| 0.000000e+00 | 1.838989e+01 |    Inf 
      1 |     0 |862905 |     - |  21M| 0.000000e+00 | 1.838989e+01 |    Inf 
      1 |     0 |879222 |     - |  21M| 0.000000e+00 | 1.838989e+01 |    Inf 
      1 |     0 |887439 |     - |  21M| 0.000000e+00 | 1.838989e+01 |    Inf 
      1 |     0 |894179 |     - |  21M| 0.000000e+00 | 1.838989e+01 |    Inf 
      1 |     0 |902171 |     - |  22M| 0.000000e+00 | 1.838989e+01 |    Inf 
      1 |     0 |908836 |     - |  22M| 0.000000e+00 | 1.838989e+01 |    Inf 
      1 |     0 |918389 |     - |  22M| 0.000000e+00 | 1.838989e+01 |    Inf 
      1 |     0 |987400 |     - |  22M| 0.000000e+00 | 1.838989e+01 |    Inf 
      1 |     0 |994984 |     - |  22M| 0.000000e+00 | 1.838989e+01 |    Inf 
      1 |     0 |  1002k|     - |  22M| 0.000000e+00 | 1.838989e+01 |    Inf 
      1 |     0 |  1009k|     - |  22M| 0.000000e+00 | 1.838989e+01 |    Inf 
      1 |     0 |  1016k|     - |  22M| 0.000000e+00 | 1.838989e+01 |    Inf 
      1 |     0 |  1023k|     - |  22M| 0.000000e+00 | 1.838989e+01 |    Inf 
      1 |     0 |  1029k|     - |  22M| 0.000000e+00 | 1.838989e+01 |    Inf 
  node  | left  |LP iter|LP it/n| mem |  dualbound   | primalbound  |  gap   
      1 |     0 |  1043k|     - |  22M| 0.000000e+00 | 1.838989e+01 |    Inf 
      1 |     0 |  1051k|     - |  22M| 0.000000e+00 | 1.838989e+01 |    Inf 
      1 |     0 |  1058k|     - |  22M| 0.000000e+00 | 1.838989e+01 |    Inf 
      1 |     0 |  1068k|     - |  22M| 0.000000e+00 | 1.838989e+01 |    Inf 
      1 |     0 |  1076k|     - |  22M| 0.000000e+00 | 1.838989e+01 |    Inf 
      1 |     0 |  1086k|     - |  22M| 0.000000e+00 | 1.838989e+01 |    Inf 
      1 |     0 |  1094k|     - |  22M| 0.000000e+00 | 1.838989e+01 |    Inf 
      1 |     0 |  1101k|     - |  22M| 0.000000e+00 | 1.838989e+01 |    Inf 
      1 |     0 |  1107k|     - |  22M| 0.000000e+00 | 1.838989e+01 |    Inf 
      1 |     0 |  1115k|     - |  23M| 0.000000e+00 | 1.838989e+01 |    Inf 
      1 |     0 |  1121k|     - |  23M| 0.000000e+00 | 1.838989e+01 |    Inf 
      1 |     0 |  1129k|     - |  23M| 0.000000e+00 | 1.838989e+01 |    Inf 
      1 |     0 |  1140k|     - |  23M| 0.000000e+00 | 1.838989e+01 |    Inf 
      1 |     0 |  1148k|     - |  23M| 0.000000e+00 | 1.838989e+01 |    Inf 
      1 |     0 |  1156k|     - |  23M| 0.000000e+00 | 1.838989e+01 |    Inf 
  node  | left  |LP iter|LP it/n| mem |  dualbound   | primalbound  |  gap   
      1 |     0 |  1165k|     - |  23M| 0.000000e+00 | 1.838989e+01 |    Inf 
      1 |     0 |  1174k|     - |  23M| 0.000000e+00 | 1.838989e+01 |    Inf 
      1 |     0 |  1180k|     - |  24M| 0.000000e+00 | 1.838989e+01 |    Inf 
      1 |     0 |  1191k|     - |  24M| 0.000000e+00 | 1.838989e+01 |    Inf 
      1 |     0 |  1202k|     - |  24M| 0.000000e+00 | 1.838989e+01 |    Inf 
      1 |     0 |  1208k|     - |  24M| 0.000000e+00 | 1.838989e+01 |    Inf 
      1 |     0 |  1214k|     - |  24M| 0.000000e+00 | 1.838989e+01 |    Inf 
      1 |     0 |  1228k|     - |  24M| 0.000000e+00 | 1.838989e+01 |    Inf 
      1 |     0 |  1235k|     - |  24M| 0.000000e+00 | 1.838989e+01 |    Inf 
      1 |     0 |  1241k|     - |  24M| 0.000000e+00 | 1.838989e+01 |    Inf 
      1 |     0 |  1250k|     - |  24M| 0.000000e+00 | 1.838989e+01 |    Inf 
      1 |     0 |  1260k|     - |  24M| 0.000000e+00 | 1.838989e+01 |    Inf 
      1 |     0 |  1272k|     - |  24M| 0.000000e+00 | 1.838989e+01 |    Inf 
      1 |     0 |  1281k|     - |  24M| 0.000000e+00 | 1.838989e+01 |    Inf 
      1 |     0 |  1288k|     - |  24M| 0.000000e+00 | 1.838989e+01 |    Inf 
  node  | left  |LP iter|LP it/n| mem |  dualbound   | primalbound  |  gap   
      1 |     0 |  1298k|     - |  24M| 0.000000e+00 | 1.838989e+01 |    Inf 
      1 |     0 |  1316k|     - |  24M| 0.000000e+00 | 1.838989e+01 |    Inf 
      1 |     0 |  1324k|     - |  24M| 0.000000e+00 | 1.838989e+01 |    Inf 
      1 |     0 |  1331k|     - |  24M| 0.000000e+00 | 1.838989e+01 |    Inf 
      1 |     0 |  1342k|     - |  24M| 0.000000e+00 | 1.838989e+01 |    Inf 
      1 |     0 |  1350k|     - |  24M| 0.000000e+00 | 1.838989e+01 |    Inf 
      1 |     0 |  1360k|     - |  24M| 0.000000e+00 | 1.838989e+01 |    Inf 
      1 |     0 |  1370k|     - |  24M| 0.000000e+00 | 1.838989e+01 |    Inf 
      1 |     0 |  1381k|     - |  24M| 0.000000e+00 | 1.838989e+01 |    Inf 
      1 |     0 |  1392k|     - |  24M| 0.000000e+00 | 1.838989e+01 |    Inf 
      1 |     0 |  1399k|     - |  24M| 0.000000e+00 | 1.838989e+01 |    Inf 
      1 |     0 |  1408k|     - |  24M| 0.000000e+00 | 1.838989e+01 |    Inf 
      1 |     0 |  1419k|     - |  24M| 0.000000e+00 | 1.838989e+01 |    Inf 
      1 |     0 |  1430k|     - |  24M| 0.000000e+00 | 1.838989e+01 |    Inf 
      1 |     0 |  1441k|     - |  24M| 0.000000e+00 | 1.838989e+01 |    Inf 
  node  | left  |LP iter|LP it/n| mem |  dualbound   | primalbound  |  gap   
      1 |     0 |  1451k|     - |  24M| 0.000000e+00 | 1.838989e+01 |    Inf 
      1 |     0 |  1461k|     - |  24M| 0.000000e+00 | 1.838989e+01 |    Inf 
      1 |     0 |  1473k|     - |  24M| 0.000000e+00 | 1.838989e+01 |    Inf 
      1 |     0 |  1484k|     - |  24M| 0.000000e+00 | 1.838989e+01 |    Inf 
      1 |     0 |  1494k|     - |  24M| 0.000000e+00 | 1.838989e+01 |    Inf 
      1 |     0 |  1576k|     - |  24M| 0.000000e+00 | 1.838989e+01 |    Inf 
      1 |     0 |  1589k|     - |  24M| 0.000000e+00 | 1.838989e+01 |    Inf 
      1 |     0 |  1605k|     - |  24M| 0.000000e+00 | 1.838989e+01 |    Inf 
      1 |     0 |  1677k|     - |  24M| 0.000000e+00 | 1.838989e+01 |    Inf 
      1 |     0 |  1688k|     - |  24M| 0.000000e+00 | 1.838989e+01 |    Inf 
      1 |     0 |  1699k|     - |  24M| 0.000000e+00 | 1.838989e+01 |    Inf 
      1 |     0 |  1706k|     - |  24M| 0.000000e+00 | 1.838989e+01 |    Inf 
      1 |     0 |  1719k|     - |  24M| 0.000000e+00 | 1.838989e+01 |    Inf 
      1 |     0 |  1730k|     - |  25M| 0.000000e+00 | 1.838989e+01 |    Inf 
      1 |     0 |  1741k|     - |  25M| 0.000000e+00 | 1.838989e+01 |    Inf 
  node  | left  |LP iter|LP it/n| mem |  dualbound   | primalbound  |  gap   
      1 |     0 |  1752k|     - |  25M| 0.000000e+00 | 1.838989e+01 |    Inf 
      1 |     0 |  1763k|     - |  24M| 0.000000e+00 | 1.838989e+01 |    Inf 
      1 |     0 |  1771k|     - |  24M| 0.000000e+00 | 1.838989e+01 |    Inf 
      1 |     0 |  1783k|     - |  24M| 0.000000e+00 | 1.838989e+01 |    Inf 
      1 |     0 |  1797k|     - |  24M| 0.000000e+00 | 1.838989e+01 |    Inf 
      1 |     0 |  1806k|     - |  25M| 0.000000e+00 | 1.838989e+01 |    Inf 
      1 |     0 |  2118k|     - |  25M| 0.000000e+00 | 1.838989e+01 |    Inf 
      1 |     0 |  2130k|     - |  25M| 0.000000e+00 | 1.838989e+01 |    Inf 
      1 |     0 |  2140k|     - |  25M| 0.000000e+00 | 1.838989e+01 |    Inf 
      1 |     0 |  2153k|     - |  25M| 0.000000e+00 | 1.838989e+01 |    Inf 
      1 |     0 |  2165k|     - |  25M| 0.000000e+00 | 1.838989e+01 |    Inf 
      1 |     0 |  2175k|     - |  25M| 0.000000e+00 | 1.838989e+01 |    Inf 
      1 |     0 |  2186k|     - |  25M| 0.000000e+00 | 1.838989e+01 |    Inf 
      1 |     0 |  2197k|     - |  25M| 0.000000e+00 | 1.838989e+01 |    Inf 
      1 |     0 |  2209k|     - |  25M| 0.000000e+00 | 1.838989e+01 |    Inf 
  node  | left  |LP iter|LP it/n| mem |  dualbound   | primalbound  |  gap   
      1 |     0 |  2220k|     - |  25M| 0.000000e+00 | 1.838989e+01 |    Inf 
      1 |     0 |  2312k|     - |  25M| 0.000000e+00 | 1.838989e+01 |    Inf 
      1 |     0 |  2324k|     - |  25M| 0.000000e+00 | 1.838989e+01 |    Inf 
      1 |     0 |  2336k|     - |  25M| 0.000000e+00 | 1.838989e+01 |    Inf 
      1 |     0 |  2421k|     - |  25M| 0.000000e+00 | 1.838989e+01 |    Inf 
      1 |     0 |  2432k|     - |  25M| 0.000000e+00 | 1.838989e+01 |    Inf 
      1 |     0 |  2444k|     - |  25M| 0.000000e+00 | 1.838989e+01 |    Inf 
      1 |     0 |  2459k|     - |  26M| 0.000000e+00 | 1.838989e+01 |    Inf 
      1 |     0 |  2471k|     - |  26M| 0.000000e+00 | 1.838989e+01 |    Inf 
      1 |     0 |  2496k|     - |  26M| 0.000000e+00 | 1.838989e+01 |    Inf 
      1 |     0 |  2593k|     - |  26M| 0.000000e+00 | 1.838989e+01 |    Inf 
      1 |     0 |  2609k|     - |  26M| 0.000000e+00 | 1.838989e+01 |    Inf 
      1 |     0 |  2621k|     - |  26M| 0.000000e+00 | 1.838989e+01 |    Inf 
      1 |     0 |  2762k|     - |  26M| 0.000000e+00 | 1.838989e+01 |    Inf 
      1 |     0 |  2774k|     - |  26M| 0.000000e+00 | 1.838989e+01 |    Inf 
  node  | left  |LP iter|LP it/n| mem |  dualbound   | primalbound  |  gap   
      1 |     0 |  2875k|     - |  27M| 0.000000e+00 | 1.838989e+01 |    Inf 
      1 |     0 |  2889k|     - |  26M| 0.000000e+00 | 1.838989e+01 |    Inf 
      1 |     0 |  2898k|     - |  26M| 0.000000e+00 | 1.838989e+01 |    Inf 
      1 |     0 |  2911k|     - |  26M| 0.000000e+00 | 1.838989e+01 |    Inf 
      1 |     0 |  2922k|     - |  26M| 0.000000e+00 | 1.838989e+01 |    Inf 
      1 |     0 |  2935k|     - |  26M| 0.000000e+00 | 1.838989e+01 |    Inf 
      1 |     0 |  2948k|     - |  26M| 0.000000e+00 | 1.838989e+01 |    Inf 
      1 |     0 |  3033k|     - |  26M| 0.000000e+00 | 1.838989e+01 |    Inf 
      1 |     0 |  3044k|     - |  27M| 0.000000e+00 | 1.838989e+01 |    Inf 
      1 |     0 |  3055k|     - |  27M| 0.000000e+00 | 1.838989e+01 |    Inf 
      1 |     0 |  3067k|     - |  27M| 0.000000e+00 | 1.838989e+01 |    Inf 
      1 |     0 |  3082k|     - |  27M| 0.000000e+00 | 1.838989e+01 |    Inf 
      1 |     0 |  3095k|     - |  27M| 0.000000e+00 | 1.838989e+01 |    Inf 
      1 |     0 |  3107k|     - |  27M| 0.000000e+00 | 1.838989e+01 |    Inf 
      1 |     0 |  3120k|     - |  27M| 0.000000e+00 | 1.838989e+01 |    Inf 
  node  | left  |LP iter|LP it/n| mem |  dualbound   | primalbound  |  gap   
      1 |     0 |  3131k|     - |  27M| 0.000000e+00 | 1.838989e+01 |    Inf 
      1 |     0 |  3150k|     - |  27M| 0.000000e+00 | 1.838989e+01 |    Inf 
      1 |     0 |  3290k|     - |  27M| 0.000000e+00 | 1.838989e+01 |    Inf 
      1 |     0 |  3303k|     - |  27M| 0.000000e+00 | 1.838989e+01 |    Inf 
      1 |     0 |  3314k|     - |  27M| 0.000000e+00 | 1.838989e+01 |    Inf 
      1 |     0 |  3325k|     - |  27M| 0.000000e+00 | 1.838989e+01 |    Inf 
      1 |     0 |  3394k|     - |  27M| 0.000000e+00 | 1.838989e+01 |    Inf 
      1 |     0 |  3406k|     - |  27M| 0.000000e+00 | 1.838989e+01 |    Inf 
      1 |     0 |  3429k|     - |  27M| 0.000000e+00 | 1.838989e+01 |    Inf 
      1 |     0 |  3444k|     - |  27M| 0.000000e+00 | 1.838989e+01 |    Inf 
      1 |     0 |  3462k|     - |  27M| 0.000000e+00 | 1.838989e+01 |    Inf 
      1 |     0 |  3475k|     - |  27M| 0.000000e+00 | 1.838989e+01 |    Inf 
      1 |     0 |  3487k|     - |  27M| 0.000000e+00 | 1.838989e+01 |    Inf 
      1 |     0 |  3500k|     - |  27M| 0.000000e+00 | 1.838989e+01 |    Inf 
      1 |     0 |  3516k|     - |  27M| 0.000000e+00 | 1.838989e+01 |    Inf 
  node  | left  |LP iter|LP it/n| mem |  dualbound   | primalbound  |  gap   
      1 |     0 |  3630k|     - |  27M| 0.000000e+00 | 1.838989e+01 |    Inf 
      1 |     0 |  3734k|     - |  27M| 0.000000e+00 | 1.838989e+01 |    Inf 
      1 |     0 |  3807k|     - |  27M| 0.000000e+00 | 1.838989e+01 |    Inf 
      1 |     0 |  3819k|     - |  27M| 0.000000e+00 | 1.838989e+01 |    Inf 
      1 |     0 |  3832k|     - |  27M| 0.000000e+00 | 1.838989e+01 |    Inf 
      1 |     0 |  3937k|     - |  27M| 0.000000e+00 | 1.838989e+01 |    Inf 
      1 |     0 |  3951k|     - |  27M| 0.000000e+00 | 1.838989e+01 |    Inf 
      1 |     0 |  4041k|     - |  27M| 0.000000e+00 | 1.838989e+01 |    Inf 
      1 |     0 |  4052k|     - |  27M| 0.000000e+00 | 1.838989e+01 |    Inf 
      1 |     0 |  4065k|     - |  27M| 0.000000e+00 | 1.838989e+01 |    Inf 
      1 |     0 |  4078k|     - |  27M| 0.000000e+00 | 1.838989e+01 |    Inf 
      1 |     0 |  4090k|     - |  27M| 0.000000e+00 | 1.838989e+01 |    Inf 
      1 |     0 |  4102k|     - |  27M| 0.000000e+00 | 1.838989e+01 |    Inf 
      1 |     0 |  4115k|     - |  27M| 0.000000e+00 | 1.838989e+01 |    Inf 
      1 |     0 |  4242k|     - |  27M| 0.000000e+00 | 1.838989e+01 |    Inf 
  node  | left  |LP iter|LP it/n| mem |  dualbound   | primalbound  |  gap   
      1 |     0 |  4257k|     - |  27M| 0.000000e+00 | 1.838989e+01 |    Inf 
      1 |     0 |  4274k|     - |  27M| 0.000000e+00 | 1.838989e+01 |    Inf 
      1 |     0 |  4285k|     - |  28M| 0.000000e+00 | 1.838989e+01 |    Inf 
      1 |     0 |  4298k|     - |  28M| 0.000000e+00 | 1.838989e+01 |    Inf 
      1 |     0 |  4314k|     - |  27M| 0.000000e+00 | 1.838989e+01 |    Inf 
      1 |     0 |  4330k|     - |  28M| 0.000000e+00 | 1.838989e+01 |    Inf 
      1 |     0 |  4342k|     - |  28M| 0.000000e+00 | 1.838989e+01 |    Inf 
      1 |     0 |  4354k|     - |  28M| 0.000000e+00 | 1.838989e+01 |    Inf 
      1 |     0 |  4367k|     - |  28M| 0.000000e+00 | 1.838989e+01 |    Inf 
      1 |     0 |  4389k|     - |  28M| 0.000000e+00 | 1.838989e+01 |    Inf 
      1 |     0 |  4549k|     - |  28M| 0.000000e+00 | 1.838989e+01 |    Inf 
      1 |     0 |  4561k|     - |  28M| 0.000000e+00 | 1.838989e+01 |    Inf 
      1 |     0 |  4574k|     - |  28M| 0.000000e+00 | 1.838989e+01 |    Inf 
      1 |     0 |  4587k|     - |  28M| 0.000000e+00 | 1.838989e+01 |    Inf 
      1 |     0 |  4601k|     - |  28M| 0.000000e+00 | 1.838989e+01 |    Inf 
  node  | left  |LP iter|LP it/n| mem |  dualbound   | primalbound  |  gap   
      1 |     0 |  4615k|     - |  28M| 0.000000e+00 | 1.838989e+01 |    Inf 
      1 |     0 |  4905k|     - |  28M| 0.000000e+00 | 1.838989e+01 |    Inf 
      1 |     0 |  4918k|     - |  28M| 0.000000e+00 | 1.838989e+01 |    Inf 
      1 |     0 |  4938k|     - |  28M| 0.000000e+00 | 1.838989e+01 |    Inf 
      1 |     0 |  4952k|     - |  28M| 0.000000e+00 | 1.838989e+01 |    Inf 
      1 |     0 |  4966k|     - |  28M| 0.000000e+00 | 1.838989e+01 |    Inf 
      1 |     0 |  4980k|     - |  28M| 0.000000e+00 | 1.838989e+01 |    Inf 
      1 |     0 |  4992k|     - |  28M| 0.000000e+00 | 1.838989e+01 |    Inf 
      1 |     0 |  5004k|     - |  28M| 0.000000e+00 | 1.838989e+01 |    Inf 
      1 |     0 |  5017k|     - |  28M| 0.000000e+00 | 1.838989e+01 |    Inf 
      1 |     0 |  5035k|     - |  28M| 0.000000e+00 | 1.838989e+01 |    Inf 
      1 |     0 |  5051k|     - |  28M| 0.000000e+00 | 1.838989e+01 |    Inf 
      1 |     0 |  5065k|     - |  28M| 0.000000e+00 | 1.838989e+01 |    Inf 
      1 |     0 |  5078k|     - |  28M| 0.000000e+00 | 1.838989e+01 |    Inf 
      1 |     0 |  5204k|     - |  28M| 0.000000e+00 | 1.838989e+01 |    Inf 
  node  | left  |LP iter|LP it/n| mem |  dualbound   | primalbound  |  gap   
      1 |     0 |  5217k|     - |  28M| 0.000000e+00 | 1.838989e+01 |    Inf 
      1 |     0 |  5237k|     - |  28M| 0.000000e+00 | 1.838989e+01 |    Inf 
      1 |     0 |  5252k|     - |  28M| 0.000000e+00 | 1.838989e+01 |    Inf 
      1 |     0 |  5269k|     - |  28M| 0.000000e+00 | 1.838989e+01 |    Inf 
      1 |     0 |  5283k|     - |  28M| 0.000000e+00 | 1.838989e+01 |    Inf 
      1 |     0 |  5300k|     - |  28M| 0.000000e+00 | 1.838989e+01 |    Inf 
      1 |     0 |  5333k|     - |  28M| 0.000000e+00 | 1.838989e+01 |    Inf 
      1 |     0 |  5347k|     - |  28M| 0.000000e+00 | 1.838989e+01 |    Inf 
      1 |     0 |  5447k|     - |  28M| 0.000000e+00 | 1.838989e+01 |    Inf 
      1 |     0 |  5463k|     - |  28M| 0.000000e+00 | 1.838989e+01 |    Inf 
      1 |     0 |  5477k|     - |  28M| 0.000000e+00 | 1.838989e+01 |    Inf 
      1 |     0 |  5490k|     - |  28M| 0.000000e+00 | 1.838989e+01 |    Inf 
      1 |     0 |  5504k|     - |  28M| 0.000000e+00 | 1.838989e+01 |    Inf 
      1 |     0 |  5517k|     - |  28M| 0.000000e+00 | 1.838989e+01 |    Inf 
      1 |     0 |  5533k|     - |  28M| 0.000000e+00 | 1.838989e+01 |    Inf 
  node  | left  |LP iter|LP it/n| mem |  dualbound   | primalbound  |  gap   
      1 |     0 |  5546k|     - |  28M| 0.000000e+00 | 1.838989e+01 |    Inf 
      1 |     0 |  5560k|     - |  28M| 0.000000e+00 | 1.838989e+01 |    Inf 
      1 |     0 |  5682k|     - |  28M| 0.000000e+00 | 1.838989e+01 |    Inf 
      1 |     0 |  6161k|     - |  29M| 0.000000e+00 | 1.838989e+01 |    Inf 
      1 |     0 |  6161k|     - |  29M| 0.000000e+00 | 1.838989e+01 |    Inf 
      1 |     0 |  6161k|     - |  26M| 0.000000e+00 | 1.838989e+01 |    Inf 
      1 |     0 |  6170k|     - |  26M| 0.000000e+00 | 1.838989e+01 |    Inf 
      1 |     0 |  6176k|     - |  26M| 0.000000e+00 | 1.838989e+01 |    Inf 
      1 |     0 |  6182k|     - |  27M| 0.000000e+00 | 1.838989e+01 |    Inf 
      1 |     0 |  6192k|     - |  27M| 0.000000e+00 | 1.838989e+01 |    Inf 
      1 |     0 |  6203k|     - |  27M| 0.000000e+00 | 1.838989e+01 |    Inf 
      1 |     0 |  6293k|     - |  27M| 0.000000e+00 | 1.838989e+01 |    Inf 
      1 |     0 |  6303k|     - |  27M| 0.000000e+00 | 1.838989e+01 |    Inf 
      1 |     0 |  6316k|     - |  27M| 0.000000e+00 | 1.838989e+01 |    Inf 
      1 |     0 |  6327k|     - |  27M| 0.000000e+00 | 1.838989e+01 |    Inf 
  node  | left  |LP iter|LP it/n| mem |  dualbound   | primalbound  |  gap   
      1 |     0 |  6351k|     - |  27M| 0.000000e+00 | 1.838989e+01 |    Inf 
      1 |     0 |  6364k|     - |  27M| 0.000000e+00 | 1.838989e+01 |    Inf 
      1 |     0 |  6376k|     - |  27M| 0.000000e+00 | 1.838989e+01 |    Inf 
      1 |     0 |  6398k|     - |  27M| 0.000000e+00 | 1.838989e+01 |    Inf 
      1 |     0 |  6411k|     - |  27M| 0.000000e+00 | 1.838989e+01 |    Inf 
      1 |     0 |  6424k|     - |  27M| 0.000000e+00 | 1.838989e+01 |    Inf 
      1 |     0 |  6437k|     - |  27M| 0.000000e+00 | 1.838989e+01 |    Inf 
      1 |     0 |  6567k|     - |  27M| 0.000000e+00 | 1.838989e+01 |    Inf 
      1 |     0 |  6581k|     - |  27M| 0.000000e+00 | 1.838989e+01 |    Inf 
      1 |     0 |  6593k|     - |  27M| 0.000000e+00 | 1.838989e+01 |    Inf 
      1 |     0 |  6605k|     - |  27M| 0.000000e+00 | 1.838989e+01 |    Inf 
      1 |     0 |  6624k|     - |  27M| 0.000000e+00 | 1.838989e+01 |    Inf 
      1 |     0 |  7071k|     - |  27M| 0.000000e+00 | 1.838989e+01 |    Inf 
      1 |     0 |  7084k|     - |  27M| 0.000000e+00 | 1.838989e+01 |    Inf 
      1 |     0 |  7100k|     - |  27M| 0.000000e+00 | 1.838989e+01 |    Inf 
  node  | left  |LP iter|LP it/n| mem |  dualbound   | primalbound  |  gap   
      1 |     0 |  7113k|     - |  27M| 0.000000e+00 | 1.838989e+01 |    Inf 
      1 |     0 |  7126k|     - |  27M| 0.000000e+00 | 1.838989e+01 |    Inf 
      1 |     0 |  7199k|     - |  27M| 0.000000e+00 | 1.838989e+01 |    Inf 
      1 |     0 |  7211k|     - |  28M| 0.000000e+00 | 1.838989e+01 |    Inf 
      1 |     0 |  7225k|     - |  28M| 0.000000e+00 | 1.838989e+01 |    Inf 
      1 |     0 |  7241k|     - |  28M| 0.000000e+00 | 1.838989e+01 |    Inf 
      1 |     0 |  7256k|     - |  28M| 0.000000e+00 | 1.838989e+01 |    Inf 
      1 |     0 |  7277k|     - |  28M| 0.000000e+00 | 1.838989e+01 |    Inf 
      1 |     0 |  7291k|     - |  28M| 0.000000e+00 | 1.838989e+01 |    Inf 
      1 |     0 |  7603k|     - |  27M| 0.000000e+00 | 1.838989e+01 |    Inf 
      1 |     0 |  7613k|     - |  27M| 0.000000e+00 | 1.838989e+01 |    Inf 
      1 |     0 |  7624k|     - |  27M| 0.000000e+00 | 1.838989e+01 |    Inf 
      1 |     0 |  7636k|     - |  27M| 0.000000e+00 | 1.838989e+01 |    Inf 
      1 |     0 |  7649k|     - |  27M| 0.000000e+00 | 1.838989e+01 |    Inf 
      1 |     0 |  7660k|     - |  27M| 0.000000e+00 | 1.838989e+01 |    Inf 
  node  | left  |LP iter|LP it/n| mem |  dualbound   | primalbound  |  gap   
      1 |     0 |  7673k|     - |  27M| 0.000000e+00 | 1.838989e+01 |    Inf 
      1 |     0 |  7688k|     - |  27M| 0.000000e+00 | 1.838989e+01 |    Inf 
      1 |     0 |  7701k|     - |  27M| 0.000000e+00 | 1.838989e+01 |    Inf 
      1 |     0 |  7714k|     - |  27M| 0.000000e+00 | 1.838989e+01 |    Inf 
      1 |     0 |  7833k|     - |  28M| 0.000000e+00 | 1.838989e+01 |    Inf 
      1 |     0 |  7846k|     - |  28M| 0.000000e+00 | 1.838989e+01 |    Inf 
      1 |     0 |  7949k|     - |  28M| 0.000000e+00 | 1.838989e+01 |    Inf 
      1 |     0 |  7962k|     - |  28M| 0.000000e+00 | 1.838989e+01 |    Inf 
      1 |     0 |  7975k|     - |  28M| 0.000000e+00 | 1.838989e+01 |    Inf 
      1 |     0 |  7987k|     - |  28M| 0.000000e+00 | 1.838989e+01 |    Inf 
      1 |     0 |  8000k|     - |  28M| 0.000000e+00 | 1.838989e+01 |    Inf 
      1 |     0 |  8129k|     - |  28M| 0.000000e+00 | 1.838989e+01 |    Inf 
      1 |     0 |  8142k|     - |  28M| 0.000000e+00 | 1.838989e+01 |    Inf 
      1 |     0 |  8454k|     - |  28M| 0.000000e+00 | 1.838989e+01 |    Inf 
      1 |     0 |  8473k|     - |  28M| 0.000000e+00 | 1.838989e+01 |    Inf 
  node  | left  |LP iter|LP it/n| mem |  dualbound   | primalbound  |  gap   
      1 |     0 |  8592k|     - |  28M| 0.000000e+00 | 1.838989e+01 |    Inf 
      1 |     0 |  8612k|     - |  28M| 0.000000e+00 | 1.838989e+01 |    Inf 
      1 |     0 |  8853k|     - |  28M| 0.000000e+00 | 1.838989e+01 |    Inf 
      1 |     0 |  8867k|     - |  28M| 0.000000e+00 | 1.838989e+01 |    Inf 
      1 |     0 |  8881k|     - |  28M| 0.000000e+00 | 1.838989e+01 |    Inf 
      1 |     0 |  8895k|     - |  28M| 0.000000e+00 | 1.838989e+01 |    Inf 
      1 |     0 |  8908k|     - |  28M| 0.000000e+00 | 1.838989e+01 |    Inf 
      1 |     0 |  8923k|     - |  28M| 0.000000e+00 | 1.838989e+01 |    Inf 
      1 |     0 |  9057k|     - |  28M| 0.000000e+00 | 1.838989e+01 |    Inf 
      1 |     0 |  9155k|     - |  28M| 0.000000e+00 | 1.838989e+01 |    Inf 
      1 |     0 |  9174k|     - |  28M| 0.000000e+00 | 1.838989e+01 |    Inf 
      1 |     0 |  9272k|     - |  28M| 0.000000e+00 | 1.838989e+01 |    Inf 
      1 |     0 |  9285k|     - |  28M| 0.000000e+00 | 1.838989e+01 |    Inf 
      1 |     0 |  9299k|     - |  28M| 0.000000e+00 | 1.838989e+01 |    Inf 
      1 |     0 |  9313k|     - |  28M| 0.000000e+00 | 1.838989e+01 |    Inf 
  node  | left  |LP iter|LP it/n| mem |  dualbound   | primalbound  |  gap   
      1 |     0 |  9436k|     - |  29M| 0.000000e+00 | 1.838989e+01 |    Inf 
      1 |     0 |  9842k|     - |  29M| 0.000000e+00 | 1.838989e+01 |    Inf 
      1 |     0 |  9857k|     - |  29M| 0.000000e+00 | 1.838989e+01 |    Inf 
      1 |     0 |  9958k|     - |  29M| 0.000000e+00 | 1.838989e+01 |    Inf 
      1 |     0 |  9970k|     - |  29M| 0.000000e+00 | 1.838989e+01 |    Inf 
      1 |     0 |  9984k|     - |  29M| 0.000000e+00 | 1.838989e+01 |    Inf 
      1 |     0 | 10227k|     - |  29M| 0.000000e+00 | 1.838989e+01 |    Inf 
      1 |     0 | 10243k|     - |  29M| 0.000000e+00 | 1.838989e+01 |    Inf 
      1 |     0 | 10422k|     - |  29M| 0.000000e+00 | 1.838989e+01 |    Inf 
      1 |     0 | 11564k|     - |  29M| 0.000000e+00 | 1.838989e+01 |    Inf 
      1 |     0 | 11734k|     - |  29M| 0.000000e+00 | 1.838989e+01 |    Inf 
      1 |     0 | 11748k|     - |  29M| 0.000000e+00 | 1.838989e+01 |    Inf 
      1 |     0 | 11761k|     - |  29M| 0.000000e+00 | 1.838989e+01 |    Inf 
      1 |     0 | 11776k|     - |  29M| 0.000000e+00 | 1.838989e+01 |    Inf 
      1 |     0 | 11790k|     - |  30M| 0.000000e+00 | 1.838989e+01 |    Inf 
  node  | left  |LP iter|LP it/n| mem |  dualbound   | primalbound  |  gap   
      1 |     0 | 11808k|     - |  30M| 0.000000e+00 | 1.838989e+01 |    Inf 
      1 |     0 | 11822k|     - |  30M| 0.000000e+00 | 1.838989e+01 |    Inf 
      1 |     0 | 11962k|     - |  30M| 0.000000e+00 | 1.838989e+01 |    Inf 
      1 |     0 | 12350k|     - |  30M| 0.000000e+00 | 1.838989e+01 |    Inf 
      1 |     0 | 12364k|     - |  30M| 0.000000e+00 | 1.838989e+01 |    Inf 
      1 |     0 | 12613k|     - |  30M| 0.000000e+00 | 1.838989e+01 |    Inf 
      1 |     0 | 12757k|     - |  30M| 0.000000e+00 | 1.838989e+01 |    Inf 
      1 |     0 | 12893k|     - |  31M| 0.000000e+00 | 1.838989e+01 |    Inf 
      1 |     0 | 12908k|     - |  31M| 0.000000e+00 | 1.838989e+01 |    Inf 
      1 |     0 | 13111k|     - |  31M| 0.000000e+00 | 1.838989e+01 |    Inf 
      1 |     0 | 13224k|     - |  31M| 0.000000e+00 | 1.838989e+01 |    Inf 
      1 |     0 | 13331k|     - |  31M| 0.000000e+00 | 1.838989e+01 |    Inf 
      1 |     0 | 13345k|     - |  31M| 0.000000e+00 | 1.838989e+01 |    Inf 
      1 |     0 | 13362k|     - |  31M| 0.000000e+00 | 1.838989e+01 |    Inf 
      1 |     0 | 13377k|     - |  31M| 0.000000e+00 | 1.838989e+01 |    Inf 
  node  | left  |LP iter|LP it/n| mem |  dualbound   | primalbound  |  gap   
      1 |     0 | 13390k|     - |  31M| 0.000000e+00 | 1.838989e+01 |    Inf 
      1 |     0 | 13550k|     - |  31M| 0.000000e+00 | 1.838989e+01 |    Inf 
      1 |     0 | 13564k|     - |  31M| 0.000000e+00 | 1.838989e+01 |    Inf 
      1 |     0 | 13663k|     - |  31M| 0.000000e+00 | 1.838989e+01 |    Inf 
      1 |     0 | 13808k|     - |  31M| 0.000000e+00 | 1.838989e+01 |    Inf 
      1 |     0 | 13823k|     - |  31M| 0.000000e+00 | 1.838989e+01 |    Inf 
      1 |     0 | 13956k|     - |  31M| 0.000000e+00 | 1.838989e+01 |    Inf 
      1 |     0 | 14085k|     - |  31M| 0.000000e+00 | 1.838989e+01 |    Inf 
      1 |     0 | 14099k|     - |  31M| 0.000000e+00 | 1.838989e+01 |    Inf 
      1 |     0 | 14114k|     - |  31M| 0.000000e+00 | 1.838989e+01 |    Inf 
      1 |     0 | 14287k|     - |  31M| 0.000000e+00 | 1.838989e+01 |    Inf 
      1 |     0 | 14302k|     - |  31M| 0.000000e+00 | 1.838989e+01 |    Inf 
      1 |     0 | 14516k|     - |  31M| 0.000000e+00 | 1.838989e+01 |    Inf 
      1 |     0 | 14618k|     - |  31M| 0.000000e+00 | 1.838989e+01 |    Inf 
      1 |     0 | 14632k|     - |  31M| 0.000000e+00 | 1.838989e+01 |    Inf 
  node  | left  |LP iter|LP it/n| mem |  dualbound   | primalbound  |  gap   
      1 |     0 | 14646k|     - |  31M| 0.000000e+00 | 1.838989e+01 |    Inf 
      1 |     0 | 14660k|     - |  31M| 0.000000e+00 | 1.838989e+01 |    Inf 
      1 |     0 | 14878k|     - |  31M| 0.000000e+00 | 1.838989e+01 |    Inf 
      1 |     0 | 14893k|     - |  31M| 0.000000e+00 | 1.838989e+01 |    Inf 
      1 |     0 | 14907k|     - |  31M| 0.000000e+00 | 1.838989e+01 |    Inf 
      1 |     0 | 14922k|     - |  31M| 0.000000e+00 | 1.838989e+01 |    Inf 
      1 |     0 | 14937k|     - |  31M| 0.000000e+00 | 1.838989e+01 |    Inf 
      1 |     0 | 15114k|     - |  31M| 0.000000e+00 | 1.838989e+01 |    Inf 
      1 |     0 | 15128k|     - |  31M| 0.000000e+00 | 1.838989e+01 |    Inf 
      1 |     0 | 15142k|     - |  32M| 0.000000e+00 | 1.838989e+01 |    Inf 
      1 |     0 | 15250k|     - |  32M| 0.000000e+00 | 1.838989e+01 |    Inf 
      1 |     0 | 15265k|     - |  32M| 0.000000e+00 | 1.838989e+01 |    Inf 
      1 |     0 | 15279k|     - |  32M| 0.000000e+00 | 1.838989e+01 |    Inf 
      1 |     0 | 15293k|     - |  32M| 0.000000e+00 | 1.838989e+01 |    Inf 
      1 |     0 | 15313k|     - |  32M| 0.000000e+00 | 1.838989e+01 |    Inf 
  node  | left  |LP iter|LP it/n| mem |  dualbound   | primalbound  |  gap   
      1 |     0 | 15435k|     - |  32M| 0.000000e+00 | 1.838989e+01 |    Inf 
      1 |     0 | 15449k|     - |  32M| 0.000000e+00 | 1.838989e+01 |    Inf 
      1 |     0 | 15463k|     - |  32M| 0.000000e+00 | 1.838989e+01 |    Inf 
      1 |     0 | 15730k|     - |  32M| 0.000000e+00 | 1.838989e+01 |    Inf 
      1 |     0 | 15744k|     - |  32M| 0.000000e+00 | 1.838989e+01 |    Inf 
      1 |     0 | 15762k|     - |  32M| 0.000000e+00 | 1.838989e+01 |    Inf 
      1 |     0 | 15776k|     - |  32M| 0.000000e+00 | 1.838989e+01 |    Inf 
      1 |     0 | 15791k|     - |  32M| 0.000000e+00 | 1.838989e+01 |    Inf 
      1 |     0 | 15895k|     - |  32M| 0.000000e+00 | 1.838989e+01 |    Inf 
      1 |     0 | 15911k|     - |  32M| 0.000000e+00 | 1.838989e+01 |    Inf 
      1 |     0 | 15926k|     - |  32M| 0.000000e+00 | 1.838989e+01 |    Inf 
      1 |     0 | 16078k|     - |  32M| 0.000000e+00 | 1.838989e+01 |    Inf 
      1 |     0 | 16413k|     - |  31M| 0.000000e+00 | 1.838989e+01 |    Inf 
      1 |     0 | 16425k|     - |  31M| 0.000000e+00 | 1.838989e+01 |    Inf 
      1 |     0 | 16437k|     - |  31M| 0.000000e+00 | 1.838989e+01 |    Inf 
  node  | left  |LP iter|LP it/n| mem |  dualbound   | primalbound  |  gap   
      1 |     0 | 16451k|     - |  31M| 0.000000e+00 | 1.838989e+01 |    Inf 
      1 |     0 | 16466k|     - |  31M| 0.000000e+00 | 1.838989e+01 |    Inf 
      1 |     0 | 16581k|     - |  31M| 0.000000e+00 | 1.838989e+01 |    Inf 
      1 |     0 | 16595k|     - |  31M| 0.000000e+00 | 1.838989e+01 |    Inf 
      1 |     0 | 16610k|     - |  31M| 0.000000e+00 | 1.838989e+01 |    Inf 
      1 |     0 | 16624k|     - |  31M| 0.000000e+00 | 1.838989e+01 |    Inf 
      1 |     0 | 16639k|     - |  31M| 0.000000e+00 | 1.838989e+01 |    Inf 
      1 |     0 | 16653k|     - |  31M| 0.000000e+00 | 1.838989e+01 |    Inf 
      1 |     0 | 16667k|     - |  31M| 0.000000e+00 | 1.838989e+01 |    Inf 
      1 |     0 | 16682k|     - |  31M| 0.000000e+00 | 1.838989e+01 |    Inf 
      1 |     0 | 16913k|     - |  31M| 0.000000e+00 | 1.838989e+01 |    Inf 
      1 |     0 | 16926k|     - |  31M| 0.000000e+00 | 1.838989e+01 |    Inf 
      1 |     0 | 16941k|     - |  31M| 0.000000e+00 | 1.838989e+01 |    Inf 
      1 |     0 | 16955k|     - |  31M| 0.000000e+00 | 1.838989e+01 |    Inf 
      1 |     0 | 17271k|     - |  31M| 0.000000e+00 | 1.838989e+01 |    Inf 
  node  | left  |LP iter|LP it/n| mem |  dualbound   | primalbound  |  gap   
      1 |     0 | 17362k|     - |  31M| 0.000000e+00 | 1.838989e+01 |    Inf 
      1 |     0 | 17377k|     - |  31M| 0.000000e+00 | 1.838989e+01 |    Inf 
      1 |     0 | 17392k|     - |  31M| 0.000000e+00 | 1.838989e+01 |    Inf 
      1 |     0 | 17409k|     - |  32M| 0.000000e+00 | 1.838989e+01 |    Inf 
      1 |     0 | 17423k|     - |  32M| 0.000000e+00 | 1.838989e+01 |    Inf 
      1 |     0 | 17438k|     - |  32M| 0.000000e+00 | 1.838989e+01 |    Inf 
      1 |     0 | 17453k|     - |  32M| 0.000000e+00 | 1.838989e+01 |    Inf 
      1 |     0 | 17470k|     - |  32M| 0.000000e+00 | 1.838989e+01 |    Inf 
      1 |     0 | 17692k|     - |  32M| 0.000000e+00 | 1.838989e+01 |    Inf 
      1 |     0 | 18027k|     - |  32M| 0.000000e+00 | 1.838989e+01 |    Inf 
      1 |     0 | 18041k|     - |  32M| 0.000000e+00 | 1.838989e+01 |    Inf 
      1 |     0 | 18056k|     - |  32M| 0.000000e+00 | 1.838989e+01 |    Inf 
      1 |     0 | 18070k|     - |  32M| 0.000000e+00 | 1.838989e+01 |    Inf 
      1 |     0 | 18085k|     - |  32M| 0.000000e+00 | 1.838989e+01 |    Inf 
      1 |     0 | 18100k|     - |  32M| 0.000000e+00 | 1.838989e+01 |    Inf 
  node  | left  |LP iter|LP it/n| mem |  dualbound   | primalbound  |  gap   
      1 |     0 | 18114k|     - |  32M| 0.000000e+00 | 1.838989e+01 |    Inf 
      1 |     0 | 18130k|     - |  32M| 0.000000e+00 | 1.838989e+01 |    Inf 
      1 |     0 | 18458k|     - |  32M| 0.000000e+00 | 1.838989e+01 |    Inf 
(node 1) LP solver hit time limit in LP 1935 -- using pseudo solution instead
      1 |     2 | 18458k|     - |  32M| 0.000000e+00 | 1.838989e+01 |    Inf 

SCIP Status        : solving was interrupted [time limit reached]
Solving Time (sec) : 43200.07
Solving Nodes      : 1
Primal Bound       : +1.83898921599303e+01 (2 solutions)
Dual Bound         : +0.00000000000000e+00
Gap                : infinite
WARNING: Not solved to optimality, status: UserLimit
